[0.211s] Invoking command in '/home/xplore/chienpanze/xre-legged-dog/xre_chienpanze/build/chienpanze_hw_interface': CMAKE_PREFIX_PATH=${CMAKE_PREFIX_PATH}:/opt/ros/humble /usr/bin/cmake /home/xplore/chienpanze/xre-legged-dog/xre_chienpanze/src/chienpanze_hw_interface -DCMAKE_INSTALL_PREFIX=/home/xplore/chienpanze/xre-legged-dog/xre_chienpanze/install/chienpanze_hw_interface
[1.000s] -- The C compiler identification is GNU 11.4.0
[1.797s] -- The CXX compiler identification is GNU 11.4.0
[1.872s] -- Detecting C compiler ABI info
[2.546s] -- Detecting C compiler ABI info - done
[2.614s] -- Check for working C compiler: /usr/bin/cc - skipped
[2.620s] -- Detecting C compile features
[2.622s] -- Detecting C compile features - done
[2.651s] -- Detecting CXX compiler ABI info
[3.685s] -- Detecting CXX compiler ABI info - done
[3.749s] -- Check for working CXX compiler: /usr/bin/c++ - skipped
[3.751s] -- Detecting CXX compile features
[3.756s] -- Detecting CXX compile features - done
[3.814s] -- Found ament_cmake: 1.3.8 (/opt/ros/humble/share/ament_cmake/cmake)
[5.487s] -- Found Python3: /usr/bin/python3 (found version "3.10.12") found components: Interpreter 
[7.249s] -- Found rclcpp: 16.0.8 (/opt/ros/humble/share/rclcpp/cmake)
[7.851s] -- Found rosidl_generator_c: 3.1.5 (/opt/ros/humble/share/rosidl_generator_c/cmake)
[7.922s] -- Found rosidl_adapter: 3.1.5 (/opt/ros/humble/share/rosidl_adapter/cmake)
[8.037s] -- Found rosidl_generator_cpp: 3.1.5 (/opt/ros/humble/share/rosidl_generator_cpp/cmake)
[8.317s] -- Using all available rosidl_typesupport_c: rosidl_typesupport_fastrtps_c;rosidl_typesupport_introspection_c
[8.653s] -- Using all available rosidl_typesupport_cpp: rosidl_typesupport_fastrtps_cpp;rosidl_typesupport_introspection_cpp
[9.462s] -- Found rmw_implementation_cmake: 6.1.1 (/opt/ros/humble/share/rmw_implementation_cmake/cmake)
[9.498s] -- Found rmw_fastrtps_cpp: 6.2.6 (/opt/ros/humble/share/rmw_fastrtps_cpp/cmake)
[10.773s] -- Found OpenSSL: /usr/lib/aarch64-linux-gnu/libcrypto.so (found version "3.0.2")  
[11.282s] -- Found FastRTPS: /opt/ros/humble/include  
[12.106s] -- Using RMW implementation 'rmw_fastrtps_cpp' as default
[12.312s] -- Looking for pthread.h
[12.991s] -- Looking for pthread.h - found
[12.993s] -- Performing Test CMAKE_HAVE_LIBC_PTHREAD
[13.668s] -- Performing Test CMAKE_HAVE_LIBC_PTHREAD - Success
[13.678s] -- Found Threads: TRUE  
[15.071s] -- Found hardware_interface: 2.40.0 (/opt/ros/humble/share/hardware_interface/cmake)
[20.350s] -- Configuring done
[20.593s] -- Generating done
[20.616s] -- Build files have been written to: /home/xplore/chienpanze/xre-legged-dog/xre_chienpanze/build/chienpanze_hw_interface
[20.698s] Invoked command in '/home/xplore/chienpanze/xre-legged-dog/xre_chienpanze/build/chienpanze_hw_interface' returned '0': CMAKE_PREFIX_PATH=${CMAKE_PREFIX_PATH}:/opt/ros/humble /usr/bin/cmake /home/xplore/chienpanze/xre-legged-dog/xre_chienpanze/src/chienpanze_hw_interface -DCMAKE_INSTALL_PREFIX=/home/xplore/chienpanze/xre-legged-dog/xre_chienpanze/install/chienpanze_hw_interface
[20.710s] Invoking command in '/home/xplore/chienpanze/xre-legged-dog/xre_chienpanze/build/chienpanze_hw_interface': CMAKE_PREFIX_PATH=${CMAKE_PREFIX_PATH}:/opt/ros/humble /usr/bin/cmake --build /home/xplore/chienpanze/xre-legged-dog/xre_chienpanze/build/chienpanze_hw_interface -- -j4 -l4
[21.167s] [ 50%] [32mBuilding CXX object CMakeFiles/chienpanze_hw_interface.dir/include/pi3hat/pi3hat.cc.o[0m
[27.841s] [100%] [32m[1mLinking CXX shared library libchienpanze_hw_interface.so[0m
[29.786s] [100%] Built target chienpanze_hw_interface
[29.871s] Invoked command in '/home/xplore/chienpanze/xre-legged-dog/xre_chienpanze/build/chienpanze_hw_interface' returned '0': CMAKE_PREFIX_PATH=${CMAKE_PREFIX_PATH}:/opt/ros/humble /usr/bin/cmake --build /home/xplore/chienpanze/xre-legged-dog/xre_chienpanze/build/chienpanze_hw_interface -- -j4 -l4
[30.141s] Invoking command in '/home/xplore/chienpanze/xre-legged-dog/xre_chienpanze/build/chienpanze_hw_interface': CMAKE_PREFIX_PATH=${CMAKE_PREFIX_PATH}:/opt/ros/humble /usr/bin/cmake --install /home/xplore/chienpanze/xre-legged-dog/xre_chienpanze/build/chienpanze_hw_interface
[30.192s] -- Install configuration: ""
[30.193s] -- Installing: /home/xplore/chienpanze/xre-legged-dog/xre_chienpanze/install/chienpanze_hw_interface/share/chienpanze_hw_interface/chienpanze_hw_interface.xml
[30.197s] -- Installing: /home/xplore/chienpanze/xre-legged-dog/xre_chienpanze/install/chienpanze_hw_interface/include
[30.198s] -- Installing: /home/xplore/chienpanze/xre-legged-dog/xre_chienpanze/install/chienpanze_hw_interface/include/chienpanze_hw_interface
[30.200s] -- Installing: /home/xplore/chienpanze/xre-legged-dog/xre_chienpanze/install/chienpanze_hw_interface/include/chienpanze_hw_interface/chienpanze_hw_interface.hpp
[30.203s] -- Installing: /home/xplore/chienpanze/xre-legged-dog/xre_chienpanze/install/chienpanze_hw_interface/include/pi3hat
[30.205s] -- Installing: /home/xplore/chienpanze/xre-legged-dog/xre_chienpanze/install/chienpanze_hw_interface/include/pi3hat/pi3hat.cc
[30.209s] -- Installing: /home/xplore/chienpanze/xre-legged-dog/xre_chienpanze/install/chienpanze_hw_interface/include/pi3hat/pi3hat.h
[30.214s] -- Installing: /home/xplore/chienpanze/xre-legged-dog/xre_chienpanze/install/chienpanze_hw_interface/lib/libchienpanze_hw_interface.so
[30.229s] -- Set runtime path of "/home/xplore/chienpanze/xre-legged-dog/xre_chienpanze/install/chienpanze_hw_interface/lib/libchienpanze_hw_interface.so" to ""
[30.230s] -- Installing: /home/xplore/chienpanze/xre-legged-dog/xre_chienpanze/install/chienpanze_hw_interface/share/ament_index/resource_index/package_run_dependencies/chienpanze_hw_interface
[30.231s] -- Installing: /home/xplore/chienpanze/xre-legged-dog/xre_chienpanze/install/chienpanze_hw_interface/share/ament_index/resource_index/parent_prefix_path/chienpanze_hw_interface
[30.239s] -- Installing: /home/xplore/chienpanze/xre-legged-dog/xre_chienpanze/install/chienpanze_hw_interface/share/chienpanze_hw_interface/environment/ament_prefix_path.sh
[30.243s] -- Installing: /home/xplore/chienpanze/xre-legged-dog/xre_chienpanze/install/chienpanze_hw_interface/share/chienpanze_hw_interface/environment/ament_prefix_path.dsv
[30.248s] -- Installing: /home/xplore/chienpanze/xre-legged-dog/xre_chienpanze/install/chienpanze_hw_interface/share/chienpanze_hw_interface/environment/path.sh
[30.251s] -- Installing: /home/xplore/chienpanze/xre-legged-dog/xre_chienpanze/install/chienpanze_hw_interface/share/chienpanze_hw_interface/environment/path.dsv
[30.258s] -- Installing: /home/xplore/chienpanze/xre-legged-dog/xre_chienpanze/install/chienpanze_hw_interface/share/chienpanze_hw_interface/local_setup.bash
[30.260s] -- Installing: /home/xplore/chienpanze/xre-legged-dog/xre_chienpanze/install/chienpanze_hw_interface/share/chienpanze_hw_interface/local_setup.sh
[30.261s] -- Installing: /home/xplore/chienpanze/xre-legged-dog/xre_chienpanze/install/chienpanze_hw_interface/share/chienpanze_hw_interface/local_setup.zsh
[30.268s] -- Installing: /home/xplore/chienpanze/xre-legged-dog/xre_chienpanze/install/chienpanze_hw_interface/share/chienpanze_hw_interface/local_setup.dsv
[30.276s] -- Installing: /home/xplore/chienpanze/xre-legged-dog/xre_chienpanze/install/chienpanze_hw_interface/share/chienpanze_hw_interface/package.dsv
[30.278s] -- Installing: /home/xplore/chienpanze/xre-legged-dog/xre_chienpanze/install/chienpanze_hw_interface/share/ament_index/resource_index/packages/chienpanze_hw_interface
[30.282s] -- Installing: /home/xplore/chienpanze/xre-legged-dog/xre_chienpanze/install/chienpanze_hw_interface/share/ament_index/resource_index/hardware_interface__pluginlib__plugin/chienpanze_hw_interface
[30.283s] -- Installing: /home/xplore/chienpanze/xre-legged-dog/xre_chienpanze/install/chienpanze_hw_interface/share/chienpanze_hw_interface/cmake/chienpanze_hw_interfaceConfig.cmake
[30.284s] -- Installing: /home/xplore/chienpanze/xre-legged-dog/xre_chienpanze/install/chienpanze_hw_interface/share/chienpanze_hw_interface/cmake/chienpanze_hw_interfaceConfig-version.cmake
[30.295s] -- Installing: /home/xplore/chienpanze/xre-legged-dog/xre_chienpanze/install/chienpanze_hw_interface/share/chienpanze_hw_interface/package.xml
[30.296s] Invoked command in '/home/xplore/chienpanze/xre-legged-dog/xre_chienpanze/build/chienpanze_hw_interface' returned '0': CMAKE_PREFIX_PATH=${CMAKE_PREFIX_PATH}:/opt/ros/humble /usr/bin/cmake --install /home/xplore/chienpanze/xre-legged-dog/xre_chienpanze/build/chienpanze_hw_interface
