[15.147s] DEBUG:colcon:Command line arguments: ['/usr/bin/colcon', 'build']
[15.147s] DEBUG:colcon:Parsed command line arguments: Namespace(log_base=None, log_level=None, verb_name='build', build_base='build', install_base='install', merge_install=False, symlink_install=False, test_result_base=None, continue_on_error=False, executor='parallel', parallel_workers=4, event_handlers=None, ignore_user_meta=False, metas=['./colcon.meta'], base_paths=['.'], packages_ignore=None, packages_ignore_regex=None, paths=None, packages_up_to=None, packages_up_to_regex=None, packages_above=None, packages_above_and_dependencies=None, packages_above_depth=None, packages_select_by_dep=None, packages_skip_by_dep=None, packages_skip_up_to=None, packages_select_build_failed=False, packages_skip_build_finished=False, packages_select_test_failures=False, packages_skip_test_passed=False, packages_select=None, packages_skip=None, packages_select_regex=None, packages_skip_regex=None, packages_start=None, packages_end=None, allow_overriding=[], cmake_args=None, cmake_target=None, cmake_target_skip_unavailable=False, cmake_clean_cache=False, cmake_clean_first=False, cmake_force_configure=False, ament_cmake_args=None, catkin_cmake_args=None, catkin_skip_building_tests=False, verb_parser=<colcon_defaults.argument_parser.defaults.DefaultArgumentsDecorator object at 0xffff9df6d1b0>, verb_extension=<colcon_core.verb.build.BuildVerb object at 0xffff9e2f50c0>, main=<bound method BuildVerb.main of <colcon_core.verb.build.BuildVerb object at 0xffff9e2f50c0>>)
[37.007s] Level 1:colcon.colcon_core.package_discovery:discover_packages(colcon_meta) check parameters
[37.007s] Level 1:colcon.colcon_core.package_discovery:discover_packages(recursive) check parameters
[37.008s] Level 1:colcon.colcon_core.package_discovery:discover_packages(ignore) check parameters
[37.008s] Level 1:colcon.colcon_core.package_discovery:discover_packages(path) check parameters
[37.008s] Level 1:colcon.colcon_core.package_discovery:discover_packages(colcon_meta) discover
[37.008s] Level 1:colcon.colcon_core.package_discovery:discover_packages(recursive) discover
[37.009s] INFO:colcon.colcon_core.package_discovery:Crawling recursively for packages in '/home/xplore/chienpanze/xre-legged-dog/xre_chienpanze'
[37.013s] Level 1:colcon.colcon_core.package_identification:_identify(.) by extensions ['ignore', 'ignore_ament_install']
[37.014s] Level 1:colcon.colcon_core.package_identification:_identify(.) by extension 'ignore'
[37.014s] Level 1:colcon.colcon_core.package_identification:_identify(.) by extension 'ignore_ament_install'
[37.015s] Level 1:colcon.colcon_core.package_identification:_identify(.) by extensions ['colcon_pkg']
[37.015s] Level 1:colcon.colcon_core.package_identification:_identify(.) by extension 'colcon_pkg'
[37.016s] Level 1:colcon.colcon_core.package_identification:_identify(.) by extensions ['colcon_meta']
[37.016s] Level 1:colcon.colcon_core.package_identification:_identify(.) by extension 'colcon_meta'
[37.016s] Level 1:colcon.colcon_core.package_identification:_identify(.) by extensions ['ros']
[37.017s] Level 1:colcon.colcon_core.package_identification:_identify(.) by extension 'ros'
[37.227s] Level 1:colcon.colcon_core.package_identification:_identify(.) by extensions ['cmake', 'python']
[37.227s] Level 1:colcon.colcon_core.package_identification:_identify(.) by extension 'cmake'
[37.227s] Level 1:colcon.colcon_core.package_identification:_identify(.) by extension 'python'
[37.228s] Level 1:colcon.colcon_core.package_identification:_identify(.) by extensions ['python_setup_py']
[37.228s] Level 1:colcon.colcon_core.package_identification:_identify(.) by extension 'python_setup_py'
[37.229s] Level 1:colcon.colcon_core.package_identification:_identify(build) by extensions ['ignore', 'ignore_ament_install']
[37.230s] Level 1:colcon.colcon_core.package_identification:_identify(build) by extension 'ignore'
[37.230s] Level 1:colcon.colcon_core.package_identification:_identify(build) ignored
[37.231s] Level 1:colcon.colcon_core.package_identification:_identify(install) by extensions ['ignore', 'ignore_ament_install']
[37.232s] Level 1:colcon.colcon_core.package_identification:_identify(install) by extension 'ignore'
[37.233s] Level 1:colcon.colcon_core.package_identification:_identify(install) ignored
[37.234s] Level 1:colcon.colcon_core.package_identification:_identify(log) by extensions ['ignore', 'ignore_ament_install']
[37.235s] Level 1:colcon.colcon_core.package_identification:_identify(log) by extension 'ignore'
[37.235s] Level 1:colcon.colcon_core.package_identification:_identify(log) ignored
[37.236s] Level 1:colcon.colcon_core.package_identification:_identify(src) by extensions ['ignore', 'ignore_ament_install']
[37.238s] Level 1:colcon.colcon_core.package_identification:_identify(src) by extension 'ignore'
[37.240s] Level 1:colcon.colcon_core.package_identification:_identify(src) by extension 'ignore_ament_install'
[37.242s] Level 1:colcon.colcon_core.package_identification:_identify(src) by extensions ['colcon_pkg']
[37.243s] Level 1:colcon.colcon_core.package_identification:_identify(src) by extension 'colcon_pkg'
[37.243s] Level 1:colcon.colcon_core.package_identification:_identify(src) by extensions ['colcon_meta']
[37.244s] Level 1:colcon.colcon_core.package_identification:_identify(src) by extension 'colcon_meta'
[37.245s] Level 1:colcon.colcon_core.package_identification:_identify(src) by extensions ['ros']
[37.245s] Level 1:colcon.colcon_core.package_identification:_identify(src) by extension 'ros'
[37.248s] Level 1:colcon.colcon_core.package_identification:_identify(src) by extensions ['cmake', 'python']
[37.249s] Level 1:colcon.colcon_core.package_identification:_identify(src) by extension 'cmake'
[37.251s] Level 1:colcon.colcon_core.package_identification:_identify(src) by extension 'python'
[37.253s] Level 1:colcon.colcon_core.package_identification:_identify(src) by extensions ['python_setup_py']
[37.254s] Level 1:colcon.colcon_core.package_identification:_identify(src) by extension 'python_setup_py'
[37.256s] Level 1:colcon.colcon_core.package_identification:_identify(src/chienpanze_bringup) by extensions ['ignore', 'ignore_ament_install']
[37.257s] Level 1:colcon.colcon_core.package_identification:_identify(src/chienpanze_bringup) by extension 'ignore'
[37.258s] Level 1:colcon.colcon_core.package_identification:_identify(src/chienpanze_bringup) by extension 'ignore_ament_install'
[37.258s] Level 1:colcon.colcon_core.package_identification:_identify(src/chienpanze_bringup) by extensions ['colcon_pkg']
[37.259s] Level 1:colcon.colcon_core.package_identification:_identify(src/chienpanze_bringup) by extension 'colcon_pkg'
[37.259s] Level 1:colcon.colcon_core.package_identification:_identify(src/chienpanze_bringup) by extensions ['colcon_meta']
[37.260s] Level 1:colcon.colcon_core.package_identification:_identify(src/chienpanze_bringup) by extension 'colcon_meta'
[37.260s] Level 1:colcon.colcon_core.package_identification:_identify(src/chienpanze_bringup) by extensions ['ros']
[37.260s] Level 1:colcon.colcon_core.package_identification:_identify(src/chienpanze_bringup) by extension 'ros'
[37.631s] DEBUG:colcon.colcon_core.package_identification:Package 'src/chienpanze_bringup' with type 'ros.ament_cmake' and name 'chienpanze_bringup'
[37.632s] Level 1:colcon.colcon_core.package_identification:_identify(src/chienpanze_controllers) by extensions ['ignore', 'ignore_ament_install']
[37.632s] Level 1:colcon.colcon_core.package_identification:_identify(src/chienpanze_controllers) by extension 'ignore'
[37.633s] Level 1:colcon.colcon_core.package_identification:_identify(src/chienpanze_controllers) by extension 'ignore_ament_install'
[37.634s] Level 1:colcon.colcon_core.package_identification:_identify(src/chienpanze_controllers) by extensions ['colcon_pkg']
[37.634s] Level 1:colcon.colcon_core.package_identification:_identify(src/chienpanze_controllers) by extension 'colcon_pkg'
[37.634s] Level 1:colcon.colcon_core.package_identification:_identify(src/chienpanze_controllers) by extensions ['colcon_meta']
[37.635s] Level 1:colcon.colcon_core.package_identification:_identify(src/chienpanze_controllers) by extension 'colcon_meta'
[37.635s] Level 1:colcon.colcon_core.package_identification:_identify(src/chienpanze_controllers) by extensions ['ros']
[37.636s] Level 1:colcon.colcon_core.package_identification:_identify(src/chienpanze_controllers) by extension 'ros'
[37.725s] DEBUG:colcon.colcon_core.package_identification:Package 'src/chienpanze_controllers' with type 'ros.ament_cmake' and name 'chienpanze_controller_interface'
[37.726s] Level 1:colcon.colcon_core.package_identification:_identify(src/chienpanze_description) by extensions ['ignore', 'ignore_ament_install']
[37.726s] Level 1:colcon.colcon_core.package_identification:_identify(src/chienpanze_description) by extension 'ignore'
[37.727s] Level 1:colcon.colcon_core.package_identification:_identify(src/chienpanze_description) by extension 'ignore_ament_install'
[37.727s] Level 1:colcon.colcon_core.package_identification:_identify(src/chienpanze_description) by extensions ['colcon_pkg']
[37.728s] Level 1:colcon.colcon_core.package_identification:_identify(src/chienpanze_description) by extension 'colcon_pkg'
[37.728s] Level 1:colcon.colcon_core.package_identification:_identify(src/chienpanze_description) by extensions ['colcon_meta']
[37.728s] Level 1:colcon.colcon_core.package_identification:_identify(src/chienpanze_description) by extension 'colcon_meta'
[37.729s] Level 1:colcon.colcon_core.package_identification:_identify(src/chienpanze_description) by extensions ['ros']
[37.729s] Level 1:colcon.colcon_core.package_identification:_identify(src/chienpanze_description) by extension 'ros'
[37.815s] DEBUG:colcon.colcon_core.package_identification:Package 'src/chienpanze_description' with type 'ros.ament_cmake' and name 'chienpanze_description'
[37.816s] Level 1:colcon.colcon_core.package_identification:_identify(src/chienpanze_hw_interface) by extensions ['ignore', 'ignore_ament_install']
[37.817s] Level 1:colcon.colcon_core.package_identification:_identify(src/chienpanze_hw_interface) by extension 'ignore'
[37.818s] Level 1:colcon.colcon_core.package_identification:_identify(src/chienpanze_hw_interface) by extension 'ignore_ament_install'
[37.819s] Level 1:colcon.colcon_core.package_identification:_identify(src/chienpanze_hw_interface) by extensions ['colcon_pkg']
[37.819s] Level 1:colcon.colcon_core.package_identification:_identify(src/chienpanze_hw_interface) by extension 'colcon_pkg'
[37.820s] Level 1:colcon.colcon_core.package_identification:_identify(src/chienpanze_hw_interface) by extensions ['colcon_meta']
[37.820s] Level 1:colcon.colcon_core.package_identification:_identify(src/chienpanze_hw_interface) by extension 'colcon_meta'
[37.821s] Level 1:colcon.colcon_core.package_identification:_identify(src/chienpanze_hw_interface) by extensions ['ros']
[37.822s] Level 1:colcon.colcon_core.package_identification:_identify(src/chienpanze_hw_interface) by extension 'ros'
[37.906s] DEBUG:colcon.colcon_core.package_identification:Package 'src/chienpanze_hw_interface' with type 'ros.ament_cmake' and name 'chienpanze_hw_interface'
[37.906s] Level 1:colcon.colcon_core.package_discovery:discover_packages(recursive) using defaults
[37.907s] Level 1:colcon.colcon_core.package_discovery:discover_packages(ignore) discover
[37.908s] Level 1:colcon.colcon_core.package_discovery:discover_packages(ignore) using defaults
[37.908s] Level 1:colcon.colcon_core.package_discovery:discover_packages(path) discover
[37.909s] Level 1:colcon.colcon_core.package_discovery:discover_packages(path) using defaults
[39.979s] Level 1:colcon.colcon_core.package_discovery:discover_packages(prefix_path) check parameters
[39.980s] Level 1:colcon.colcon_core.package_discovery:discover_packages(prefix_path) discover
[40.024s] DEBUG:colcon.colcon_installed_package_information.package_discovery:Found 5 installed packages in /home/xplore/chienpanze/xre-legged-dog/install
[40.038s] DEBUG:colcon.colcon_installed_package_information.package_discovery:Found 311 installed packages in /opt/ros/humble
[40.049s] Level 1:colcon.colcon_core.package_discovery:discover_packages(prefix_path) using defaults
[40.783s] Level 5:colcon.colcon_core.verb:set package 'chienpanze_bringup' build argument 'cmake_args' from command line to 'None'
[40.784s] Level 5:colcon.colcon_core.verb:set package 'chienpanze_bringup' build argument 'cmake_target' from command line to 'None'
[40.784s] Level 5:colcon.colcon_core.verb:set package 'chienpanze_bringup' build argument 'cmake_target_skip_unavailable' from command line to 'False'
[40.784s] Level 5:colcon.colcon_core.verb:set package 'chienpanze_bringup' build argument 'cmake_clean_cache' from command line to 'False'
[40.784s] Level 5:colcon.colcon_core.verb:set package 'chienpanze_bringup' build argument 'cmake_clean_first' from command line to 'False'
[40.785s] Level 5:colcon.colcon_core.verb:set package 'chienpanze_bringup' build argument 'cmake_force_configure' from command line to 'False'
[40.785s] Level 5:colcon.colcon_core.verb:set package 'chienpanze_bringup' build argument 'ament_cmake_args' from command line to 'None'
[40.786s] Level 5:colcon.colcon_core.verb:set package 'chienpanze_bringup' build argument 'catkin_cmake_args' from command line to 'None'
[40.787s] Level 5:colcon.colcon_core.verb:set package 'chienpanze_bringup' build argument 'catkin_skip_building_tests' from command line to 'False'
[40.787s] DEBUG:colcon.colcon_core.verb:Building package 'chienpanze_bringup' with the following arguments: {'ament_cmake_args': None, 'build_base': '/home/xplore/chienpanze/xre-legged-dog/xre_chienpanze/build/chienpanze_bringup', 'catkin_cmake_args': None, 'catkin_skip_building_tests': False, 'cmake_args': None, 'cmake_clean_cache': False, 'cmake_clean_first': False, 'cmake_force_configure': False, 'cmake_target': None, 'cmake_target_skip_unavailable': False, 'install_base': '/home/xplore/chienpanze/xre-legged-dog/xre_chienpanze/install/chienpanze_bringup', 'merge_install': False, 'path': '/home/xplore/chienpanze/xre-legged-dog/xre_chienpanze/src/chienpanze_bringup', 'symlink_install': False, 'test_result_base': None}
[40.792s] Level 5:colcon.colcon_core.verb:set package 'chienpanze_controller_interface' build argument 'cmake_args' from command line to 'None'
[40.793s] Level 5:colcon.colcon_core.verb:set package 'chienpanze_controller_interface' build argument 'cmake_target' from command line to 'None'
[40.793s] Level 5:colcon.colcon_core.verb:set package 'chienpanze_controller_interface' build argument 'cmake_target_skip_unavailable' from command line to 'False'
[40.793s] Level 5:colcon.colcon_core.verb:set package 'chienpanze_controller_interface' build argument 'cmake_clean_cache' from command line to 'False'
[40.793s] Level 5:colcon.colcon_core.verb:set package 'chienpanze_controller_interface' build argument 'cmake_clean_first' from command line to 'False'
[40.793s] Level 5:colcon.colcon_core.verb:set package 'chienpanze_controller_interface' build argument 'cmake_force_configure' from command line to 'False'
[40.794s] Level 5:colcon.colcon_core.verb:set package 'chienpanze_controller_interface' build argument 'ament_cmake_args' from command line to 'None'
[40.794s] Level 5:colcon.colcon_core.verb:set package 'chienpanze_controller_interface' build argument 'catkin_cmake_args' from command line to 'None'
[40.794s] Level 5:colcon.colcon_core.verb:set package 'chienpanze_controller_interface' build argument 'catkin_skip_building_tests' from command line to 'False'
[40.794s] DEBUG:colcon.colcon_core.verb:Building package 'chienpanze_controller_interface' with the following arguments: {'ament_cmake_args': None, 'build_base': '/home/xplore/chienpanze/xre-legged-dog/xre_chienpanze/build/chienpanze_controller_interface', 'catkin_cmake_args': None, 'catkin_skip_building_tests': False, 'cmake_args': None, 'cmake_clean_cache': False, 'cmake_clean_first': False, 'cmake_force_configure': False, 'cmake_target': None, 'cmake_target_skip_unavailable': False, 'install_base': '/home/xplore/chienpanze/xre-legged-dog/xre_chienpanze/install/chienpanze_controller_interface', 'merge_install': False, 'path': '/home/xplore/chienpanze/xre-legged-dog/xre_chienpanze/src/chienpanze_controllers', 'symlink_install': False, 'test_result_base': None}
[40.802s] Level 5:colcon.colcon_core.verb:set package 'chienpanze_description' build argument 'cmake_args' from command line to 'None'
[40.803s] Level 5:colcon.colcon_core.verb:set package 'chienpanze_description' build argument 'cmake_target' from command line to 'None'
[40.804s] Level 5:colcon.colcon_core.verb:set package 'chienpanze_description' build argument 'cmake_target_skip_unavailable' from command line to 'False'
[40.805s] Level 5:colcon.colcon_core.verb:set package 'chienpanze_description' build argument 'cmake_clean_cache' from command line to 'False'
[40.806s] Level 5:colcon.colcon_core.verb:set package 'chienpanze_description' build argument 'cmake_clean_first' from command line to 'False'
[40.807s] Level 5:colcon.colcon_core.verb:set package 'chienpanze_description' build argument 'cmake_force_configure' from command line to 'False'
[40.808s] Level 5:colcon.colcon_core.verb:set package 'chienpanze_description' build argument 'ament_cmake_args' from command line to 'None'
[40.809s] Level 5:colcon.colcon_core.verb:set package 'chienpanze_description' build argument 'catkin_cmake_args' from command line to 'None'
[40.809s] Level 5:colcon.colcon_core.verb:set package 'chienpanze_description' build argument 'catkin_skip_building_tests' from command line to 'False'
[40.810s] DEBUG:colcon.colcon_core.verb:Building package 'chienpanze_description' with the following arguments: {'ament_cmake_args': None, 'build_base': '/home/xplore/chienpanze/xre-legged-dog/xre_chienpanze/build/chienpanze_description', 'catkin_cmake_args': None, 'catkin_skip_building_tests': False, 'cmake_args': None, 'cmake_clean_cache': False, 'cmake_clean_first': False, 'cmake_force_configure': False, 'cmake_target': None, 'cmake_target_skip_unavailable': False, 'install_base': '/home/xplore/chienpanze/xre-legged-dog/xre_chienpanze/install/chienpanze_description', 'merge_install': False, 'path': '/home/xplore/chienpanze/xre-legged-dog/xre_chienpanze/src/chienpanze_description', 'symlink_install': False, 'test_result_base': None}
[40.812s] Level 5:colcon.colcon_core.verb:set package 'chienpanze_hw_interface' build argument 'cmake_args' from command line to 'None'
[40.813s] Level 5:colcon.colcon_core.verb:set package 'chienpanze_hw_interface' build argument 'cmake_target' from command line to 'None'
[40.813s] Level 5:colcon.colcon_core.verb:set package 'chienpanze_hw_interface' build argument 'cmake_target_skip_unavailable' from command line to 'False'
[40.813s] Level 5:colcon.colcon_core.verb:set package 'chienpanze_hw_interface' build argument 'cmake_clean_cache' from command line to 'False'
[40.813s] Level 5:colcon.colcon_core.verb:set package 'chienpanze_hw_interface' build argument 'cmake_clean_first' from command line to 'False'
[40.814s] Level 5:colcon.colcon_core.verb:set package 'chienpanze_hw_interface' build argument 'cmake_force_configure' from command line to 'False'
[40.814s] Level 5:colcon.colcon_core.verb:set package 'chienpanze_hw_interface' build argument 'ament_cmake_args' from command line to 'None'
[40.814s] Level 5:colcon.colcon_core.verb:set package 'chienpanze_hw_interface' build argument 'catkin_cmake_args' from command line to 'None'
[40.814s] Level 5:colcon.colcon_core.verb:set package 'chienpanze_hw_interface' build argument 'catkin_skip_building_tests' from command line to 'False'
[40.814s] DEBUG:colcon.colcon_core.verb:Building package 'chienpanze_hw_interface' with the following arguments: {'ament_cmake_args': None, 'build_base': '/home/xplore/chienpanze/xre-legged-dog/xre_chienpanze/build/chienpanze_hw_interface', 'catkin_cmake_args': None, 'catkin_skip_building_tests': False, 'cmake_args': None, 'cmake_clean_cache': False, 'cmake_clean_first': False, 'cmake_force_configure': False, 'cmake_target': None, 'cmake_target_skip_unavailable': False, 'install_base': '/home/xplore/chienpanze/xre-legged-dog/xre_chienpanze/install/chienpanze_hw_interface', 'merge_install': False, 'path': '/home/xplore/chienpanze/xre-legged-dog/xre_chienpanze/src/chienpanze_hw_interface', 'symlink_install': False, 'test_result_base': None}
[40.816s] INFO:colcon.colcon_core.executor:Executing jobs using 'parallel' executor
[40.822s] DEBUG:colcon.colcon_parallel_executor.executor.parallel:run_until_complete
[40.824s] INFO:colcon.colcon_ros.task.ament_cmake.build:Building ROS package in '/home/xplore/chienpanze/xre-legged-dog/xre_chienpanze/src/chienpanze_bringup' with build type 'ament_cmake'
[40.825s] INFO:colcon.colcon_cmake.task.cmake.build:Building CMake package in '/home/xplore/chienpanze/xre-legged-dog/xre_chienpanze/src/chienpanze_bringup'
[41.028s] INFO:colcon.colcon_core.plugin_system:Skipping extension 'colcon_core.shell.bat': Not used on non-Windows systems
[41.030s] INFO:colcon.colcon_core.shell:Skip shell extension 'powershell' for command environment: Not usable outside of PowerShell
[41.030s] DEBUG:colcon.colcon_core.shell:Skip shell extension 'dsv' for command environment
[41.071s] INFO:colcon.colcon_ros.task.ament_cmake.build:Building ROS package in '/home/xplore/chienpanze/xre-legged-dog/xre_chienpanze/src/chienpanze_controllers' with build type 'ament_cmake'
[41.072s] INFO:colcon.colcon_cmake.task.cmake.build:Building CMake package in '/home/xplore/chienpanze/xre-legged-dog/xre_chienpanze/src/chienpanze_controllers'
[41.075s] INFO:colcon.colcon_core.shell:Skip shell extension 'powershell' for command environment: Not usable outside of PowerShell
[41.077s] DEBUG:colcon.colcon_core.shell:Skip shell extension 'dsv' for command environment
[41.124s] INFO:colcon.colcon_ros.task.ament_cmake.build:Building ROS package in '/home/xplore/chienpanze/xre-legged-dog/xre_chienpanze/src/chienpanze_description' with build type 'ament_cmake'
[41.125s] INFO:colcon.colcon_cmake.task.cmake.build:Building CMake package in '/home/xplore/chienpanze/xre-legged-dog/xre_chienpanze/src/chienpanze_description'
[41.132s] INFO:colcon.colcon_core.shell:Skip shell extension 'powershell' for command environment: Not usable outside of PowerShell
[41.132s] DEBUG:colcon.colcon_core.shell:Skip shell extension 'dsv' for command environment
[41.169s] INFO:colcon.colcon_ros.task.ament_cmake.build:Building ROS package in '/home/xplore/chienpanze/xre-legged-dog/xre_chienpanze/src/chienpanze_hw_interface' with build type 'ament_cmake'
[41.170s] INFO:colcon.colcon_cmake.task.cmake.build:Building CMake package in '/home/xplore/chienpanze/xre-legged-dog/xre_chienpanze/src/chienpanze_hw_interface'
[41.172s] INFO:colcon.colcon_core.shell:Skip shell extension 'powershell' for command environment: Not usable outside of PowerShell
[41.175s] DEBUG:colcon.colcon_core.shell:Skip shell extension 'dsv' for command environment
[41.281s] DEBUG:colcon.colcon_core.event_handler.log_command:Invoking command in '/home/xplore/chienpanze/xre-legged-dog/xre_chienpanze/build/chienpanze_bringup': CMAKE_PREFIX_PATH=${CMAKE_PREFIX_PATH}:/opt/ros/humble /usr/bin/cmake --build /home/xplore/chienpanze/xre-legged-dog/xre_chienpanze/build/chienpanze_bringup -- -j4 -l4
[41.300s] DEBUG:colcon.colcon_core.event_handler.log_command:Invoking command in '/home/xplore/chienpanze/xre-legged-dog/xre_chienpanze/build/chienpanze_controller_interface': CMAKE_PREFIX_PATH=${CMAKE_PREFIX_PATH}:/opt/ros/humble /usr/bin/cmake /home/xplore/chienpanze/xre-legged-dog/xre_chienpanze/src/chienpanze_controllers -DCMAKE_INSTALL_PREFIX=/home/xplore/chienpanze/xre-legged-dog/xre_chienpanze/install/chienpanze_controller_interface
[41.375s] DEBUG:colcon.colcon_core.event_handler.log_command:Invoking command in '/home/xplore/chienpanze/xre-legged-dog/xre_chienpanze/build/chienpanze_description': CMAKE_PREFIX_PATH=${CMAKE_PREFIX_PATH}:/opt/ros/humble /usr/bin/cmake --build /home/xplore/chienpanze/xre-legged-dog/xre_chienpanze/build/chienpanze_description -- -j4 -l4
[41.608s] DEBUG:colcon.colcon_core.event_handler.log_command:Invoking command in '/home/xplore/chienpanze/xre-legged-dog/xre_chienpanze/build/chienpanze_hw_interface': CMAKE_PREFIX_PATH=${CMAKE_PREFIX_PATH}:/opt/ros/humble /usr/bin/cmake --build /home/xplore/chienpanze/xre-legged-dog/xre_chienpanze/build/chienpanze_hw_interface -- -j4 -l4
[41.874s] DEBUG:colcon.colcon_core.event_handler.log_command:Invoked command in '/home/xplore/chienpanze/xre-legged-dog/xre_chienpanze/build/chienpanze_bringup' returned '2': CMAKE_PREFIX_PATH=${CMAKE_PREFIX_PATH}:/opt/ros/humble /usr/bin/cmake --build /home/xplore/chienpanze/xre-legged-dog/xre_chienpanze/build/chienpanze_bringup -- -j4 -l4
[41.892s] DEBUG:colcon.colcon_core.event_handler.log_command:Invoked command in '/home/xplore/chienpanze/xre-legged-dog/xre_chienpanze/build/chienpanze_description' returned '2': CMAKE_PREFIX_PATH=${CMAKE_PREFIX_PATH}:/opt/ros/humble /usr/bin/cmake --build /home/xplore/chienpanze/xre-legged-dog/xre_chienpanze/build/chienpanze_description -- -j4 -l4
[42.073s] DEBUG:colcon.colcon_core.event_handler.log_command:Invoked command in '/home/xplore/chienpanze/xre-legged-dog/xre_chienpanze/build/chienpanze_hw_interface' returned '2': CMAKE_PREFIX_PATH=${CMAKE_PREFIX_PATH}:/opt/ros/humble /usr/bin/cmake --build /home/xplore/chienpanze/xre-legged-dog/xre_chienpanze/build/chienpanze_hw_interface -- -j4 -l4
[42.113s] Level 1:colcon.colcon_core.environment:create_environment_scripts_only(chienpanze_description)
[42.844s] Level 1:colcon.colcon_core.environment:checking '/home/xplore/chienpanze/xre-legged-dog/xre_chienpanze/install/chienpanze_description' for CMake module files
[42.875s] Level 1:colcon.colcon_core.environment:checking '/home/xplore/chienpanze/xre-legged-dog/xre_chienpanze/install/chienpanze_description' for CMake config files
[42.901s] Level 1:colcon.colcon_core.shell:create_environment_hook('chienpanze_description', 'cmake_prefix_path')
[42.903s] INFO:colcon.colcon_core.shell:Creating environment hook '/home/xplore/chienpanze/xre-legged-dog/xre_chienpanze/install/chienpanze_description/share/chienpanze_description/hook/cmake_prefix_path.ps1'
[42.915s] INFO:colcon.colcon_core.shell:Creating environment descriptor '/home/xplore/chienpanze/xre-legged-dog/xre_chienpanze/install/chienpanze_description/share/chienpanze_description/hook/cmake_prefix_path.dsv'
[42.930s] INFO:colcon.colcon_core.shell:Creating environment hook '/home/xplore/chienpanze/xre-legged-dog/xre_chienpanze/install/chienpanze_description/share/chienpanze_description/hook/cmake_prefix_path.sh'
[42.947s] Level 1:colcon.colcon_core.environment:checking '/home/xplore/chienpanze/xre-legged-dog/xre_chienpanze/install/chienpanze_description/bin'
[42.951s] Level 1:colcon.colcon_core.environment:checking '/home/xplore/chienpanze/xre-legged-dog/xre_chienpanze/install/chienpanze_description/lib/pkgconfig/chienpanze_description.pc'
[42.953s] Level 1:colcon.colcon_core.environment:checking '/home/xplore/chienpanze/xre-legged-dog/xre_chienpanze/install/chienpanze_description/lib/python3.10/site-packages'
[42.959s] Level 1:colcon.colcon_core.environment:checking '/home/xplore/chienpanze/xre-legged-dog/xre_chienpanze/install/chienpanze_description/bin'
[42.964s] INFO:colcon.colcon_core.shell:Creating package script '/home/xplore/chienpanze/xre-legged-dog/xre_chienpanze/install/chienpanze_description/share/chienpanze_description/package.ps1'
[42.973s] INFO:colcon.colcon_core.shell:Creating package descriptor '/home/xplore/chienpanze/xre-legged-dog/xre_chienpanze/install/chienpanze_description/share/chienpanze_description/package.dsv'
[42.983s] INFO:colcon.colcon_core.shell:Creating package script '/home/xplore/chienpanze/xre-legged-dog/xre_chienpanze/install/chienpanze_description/share/chienpanze_description/package.sh'
[42.997s] INFO:colcon.colcon_core.shell:Creating package script '/home/xplore/chienpanze/xre-legged-dog/xre_chienpanze/install/chienpanze_description/share/chienpanze_description/package.bash'
[43.016s] INFO:colcon.colcon_core.shell:Creating package script '/home/xplore/chienpanze/xre-legged-dog/xre_chienpanze/install/chienpanze_description/share/chienpanze_description/package.zsh'
[43.117s] Level 1:colcon.colcon_core.environment:create_file_with_runtime_dependencies(/home/xplore/chienpanze/xre-legged-dog/xre_chienpanze/install/chienpanze_description/share/colcon-core/packages/chienpanze_description)
[43.290s] Level 1:colcon.colcon_core.environment:create_environment_scripts_only(chienpanze_bringup)
[43.293s] Level 1:colcon.colcon_core.environment:checking '/home/xplore/chienpanze/xre-legged-dog/xre_chienpanze/install/chienpanze_bringup' for CMake module files
[43.412s] Level 1:colcon.colcon_core.environment:checking '/home/xplore/chienpanze/xre-legged-dog/xre_chienpanze/install/chienpanze_bringup' for CMake config files
[43.552s] Level 1:colcon.colcon_core.shell:create_environment_hook('chienpanze_bringup', 'cmake_prefix_path')
[43.554s] INFO:colcon.colcon_core.shell:Creating environment hook '/home/xplore/chienpanze/xre-legged-dog/xre_chienpanze/install/chienpanze_bringup/share/chienpanze_bringup/hook/cmake_prefix_path.ps1'
[43.561s] INFO:colcon.colcon_core.shell:Creating environment descriptor '/home/xplore/chienpanze/xre-legged-dog/xre_chienpanze/install/chienpanze_bringup/share/chienpanze_bringup/hook/cmake_prefix_path.dsv'
[43.566s] INFO:colcon.colcon_core.shell:Creating environment hook '/home/xplore/chienpanze/xre-legged-dog/xre_chienpanze/install/chienpanze_bringup/share/chienpanze_bringup/hook/cmake_prefix_path.sh'
[43.580s] Level 1:colcon.colcon_core.environment:checking '/home/xplore/chienpanze/xre-legged-dog/xre_chienpanze/install/chienpanze_bringup/bin'
[43.583s] Level 1:colcon.colcon_core.environment:checking '/home/xplore/chienpanze/xre-legged-dog/xre_chienpanze/install/chienpanze_bringup/lib/pkgconfig/chienpanze_bringup.pc'
[43.585s] Level 1:colcon.colcon_core.environment:checking '/home/xplore/chienpanze/xre-legged-dog/xre_chienpanze/install/chienpanze_bringup/lib/python3.10/site-packages'
[43.589s] Level 1:colcon.colcon_core.environment:checking '/home/xplore/chienpanze/xre-legged-dog/xre_chienpanze/install/chienpanze_bringup/bin'
[43.595s] INFO:colcon.colcon_core.shell:Creating package script '/home/xplore/chienpanze/xre-legged-dog/xre_chienpanze/install/chienpanze_bringup/share/chienpanze_bringup/package.ps1'
[43.605s] INFO:colcon.colcon_core.shell:Creating package descriptor '/home/xplore/chienpanze/xre-legged-dog/xre_chienpanze/install/chienpanze_bringup/share/chienpanze_bringup/package.dsv'
[43.611s] INFO:colcon.colcon_core.shell:Creating package script '/home/xplore/chienpanze/xre-legged-dog/xre_chienpanze/install/chienpanze_bringup/share/chienpanze_bringup/package.sh'
[43.616s] INFO:colcon.colcon_core.shell:Creating package script '/home/xplore/chienpanze/xre-legged-dog/xre_chienpanze/install/chienpanze_bringup/share/chienpanze_bringup/package.bash'
[43.623s] INFO:colcon.colcon_core.shell:Creating package script '/home/xplore/chienpanze/xre-legged-dog/xre_chienpanze/install/chienpanze_bringup/share/chienpanze_bringup/package.zsh'
[43.628s] Level 1:colcon.colcon_core.environment:create_file_with_runtime_dependencies(/home/xplore/chienpanze/xre-legged-dog/xre_chienpanze/install/chienpanze_bringup/share/colcon-core/packages/chienpanze_bringup)
[87.010s] DEBUG:colcon.colcon_parallel_executor.executor.parallel:closing loop
[87.011s] DEBUG:colcon.colcon_parallel_executor.executor.parallel:loop closed
[87.012s] DEBUG:colcon.colcon_parallel_executor.executor.parallel:run_until_complete finished with '2'
[87.012s] DEBUG:colcon.colcon_core.event_reactor:joining thread
[87.445s] INFO:colcon.colcon_core.plugin_system:Skipping extension 'colcon_notification.desktop_notification.terminal_notifier': Not used on non-Darwin systems
[87.446s] INFO:colcon.colcon_core.plugin_system:Skipping extension 'colcon_notification.desktop_notification.win32': Not used on non-Windows systems
[87.446s] INFO:colcon.colcon_notification.desktop_notification:Sending desktop notification using 'notify2'
[87.546s] DEBUG:colcon.colcon_core.event_reactor:joined thread
[87.548s] INFO:colcon.colcon_core.shell:Creating prefix script '/home/xplore/chienpanze/xre-legged-dog/xre_chienpanze/install/local_setup.ps1'
[87.589s] INFO:colcon.colcon_core.shell:Creating prefix util module '/home/xplore/chienpanze/xre-legged-dog/xre_chienpanze/install/_local_setup_util_ps1.py'
[87.677s] INFO:colcon.colcon_core.shell:Creating prefix chain script '/home/xplore/chienpanze/xre-legged-dog/xre_chienpanze/install/setup.ps1'
[87.761s] INFO:colcon.colcon_core.shell:Creating prefix script '/home/xplore/chienpanze/xre-legged-dog/xre_chienpanze/install/local_setup.sh'
[87.847s] INFO:colcon.colcon_core.shell:Creating prefix util module '/home/xplore/chienpanze/xre-legged-dog/xre_chienpanze/install/_local_setup_util_sh.py'
[87.850s] INFO:colcon.colcon_core.shell:Creating prefix chain script '/home/xplore/chienpanze/xre-legged-dog/xre_chienpanze/install/setup.sh'
[87.940s] INFO:colcon.colcon_core.shell:Creating prefix script '/home/xplore/chienpanze/xre-legged-dog/xre_chienpanze/install/local_setup.bash'
[88.027s] INFO:colcon.colcon_core.shell:Creating prefix chain script '/home/xplore/chienpanze/xre-legged-dog/xre_chienpanze/install/setup.bash'
[88.198s] INFO:colcon.colcon_core.shell:Creating prefix script '/home/xplore/chienpanze/xre-legged-dog/xre_chienpanze/install/local_setup.zsh'
[88.214s] INFO:colcon.colcon_core.shell:Creating prefix chain script '/home/xplore/chienpanze/xre-legged-dog/xre_chienpanze/install/setup.zsh'
