[0.018s] Invoking command in '/home/arno/xre/xre_chienpanze/build/chienpanze_bringup': CMAKE_PREFIX_PATH=/opt/ros/humble /usr/bin/cmake --build /home/arno/xre/xre_chienpanze/build/chienpanze_bringup -- -j8 -l8
[0.065s] Invoked command in '/home/arno/xre/xre_chienpanze/build/chienpanze_bringup' returned '0': CMAKE_PREFIX_PATH=/opt/ros/humble /usr/bin/cmake --build /home/arno/xre/xre_chienpanze/build/chienpanze_bringup -- -j8 -l8
[0.101s] Invoking command in '/home/arno/xre/xre_chienpanze/build/chienpanze_bringup': CMAKE_PREFIX_PATH=/opt/ros/humble /usr/bin/cmake --install /home/arno/xre/xre_chienpanze/build/chienpanze_bringup
[0.110s] -- Install configuration: ""
[0.111s] -- Execute custom install script
[0.111s] -- Up-to-date symlink: /home/arno/xre/xre_chienpanze/install/chienpanze_bringup/share/ament_index/resource_index/package_run_dependencies/chienpanze_bringup
[0.111s] -- Up-to-date symlink: /home/arno/xre/xre_chienpanze/install/chienpanze_bringup/share/ament_index/resource_index/parent_prefix_path/chienpanze_bringup
[0.112s] -- Up-to-date symlink: /home/arno/xre/xre_chienpanze/install/chienpanze_bringup/share/chienpanze_bringup/environment/ament_prefix_path.sh
[0.112s] -- Up-to-date symlink: /home/arno/xre/xre_chienpanze/install/chienpanze_bringup/share/chienpanze_bringup/environment/ament_prefix_path.dsv
[0.113s] -- Up-to-date symlink: /home/arno/xre/xre_chienpanze/install/chienpanze_bringup/share/chienpanze_bringup/environment/path.sh
[0.113s] -- Up-to-date symlink: /home/arno/xre/xre_chienpanze/install/chienpanze_bringup/share/chienpanze_bringup/environment/path.dsv
[0.113s] -- Up-to-date symlink: /home/arno/xre/xre_chienpanze/install/chienpanze_bringup/share/chienpanze_bringup/local_setup.bash
[0.113s] -- Up-to-date symlink: /home/arno/xre/xre_chienpanze/install/chienpanze_bringup/share/chienpanze_bringup/local_setup.sh
[0.114s] -- Up-to-date symlink: /home/arno/xre/xre_chienpanze/install/chienpanze_bringup/share/chienpanze_bringup/local_setup.zsh
[0.114s] -- Up-to-date symlink: /home/arno/xre/xre_chienpanze/install/chienpanze_bringup/share/chienpanze_bringup/local_setup.dsv
[0.115s] -- Symlinking: /home/arno/xre/xre_chienpanze/install/chienpanze_bringup/share/chienpanze_bringup/package.dsv
[0.128s] -- Up-to-date symlink: /home/arno/xre/xre_chienpanze/install/chienpanze_bringup/share/ament_index/resource_index/packages/chienpanze_bringup
[0.128s] -- Up-to-date symlink: /home/arno/xre/xre_chienpanze/install/chienpanze_bringup/share/chienpanze_bringup/cmake/chienpanze_bringupConfig.cmake
[0.129s] -- Up-to-date symlink: /home/arno/xre/xre_chienpanze/install/chienpanze_bringup/share/chienpanze_bringup/cmake/chienpanze_bringupConfig-version.cmake
[0.129s] -- Up-to-date symlink: /home/arno/xre/xre_chienpanze/install/chienpanze_bringup/share/chienpanze_bringup/package.xml
[0.135s] Invoked command in '/home/arno/xre/xre_chienpanze/build/chienpanze_bringup' returned '0': CMAKE_PREFIX_PATH=/opt/ros/humble /usr/bin/cmake --install /home/arno/xre/xre_chienpanze/build/chienpanze_bringup
