[0.178s] Invoking command in '/home/xplore/chienpanze/xre-legged-dog/build/chienpanze_description': CMAKE_PREFIX_PATH=/opt/ros/humble /usr/bin/cmake --build /home/xplore/chienpanze/xre-legged-dog/build/chienpanze_description -- -j4 -l4
[0.645s] Invoked command in '/home/xplore/chienpanze/xre-legged-dog/build/chienpanze_description' returned '0': CMAKE_PREFIX_PATH=/opt/ros/humble /usr/bin/cmake --build /home/xplore/chienpanze/xre-legged-dog/build/chienpanze_description -- -j4 -l4
[0.911s] Invoking command in '/home/xplore/chienpanze/xre-legged-dog/build/chienpanze_description': CMAKE_PREFIX_PATH=/opt/ros/humble /usr/bin/cmake --install /home/xplore/chienpanze/xre-legged-dog/build/chienpanze_description
[1.001s] -- Install configuration: ""
[1.005s] -- Up-to-date: /home/xplore/chienpanze/xre-legged-dog/install/chienpanze_description/share/chienpanze_description/launch
[1.008s] -- Up-to-date: /home/xplore/chienpanze/xre-legged-dog/install/chienpanze_description/share/chienpanze_description/launch/view_chienpanze.launch.py
[1.011s] -- Up-to-date: /home/xplore/chienpanze/xre-legged-dog/install/chienpanze_description/share/chienpanze_description/urdf
[1.015s] -- Up-to-date: /home/xplore/chienpanze/xre-legged-dog/install/chienpanze_description/share/chienpanze_description/urdf/chienpanze.urdf.xacro
[1.019s] -- Up-to-date: /home/xplore/chienpanze/xre-legged-dog/install/chienpanze_description/share/ament_index/resource_index/package_run_dependencies/chienpanze_description
[1.022s] -- Up-to-date: /home/xplore/chienpanze/xre-legged-dog/install/chienpanze_description/share/ament_index/resource_index/parent_prefix_path/chienpanze_description
[1.023s] -- Up-to-date: /home/xplore/chienpanze/xre-legged-dog/install/chienpanze_description/share/chienpanze_description/environment/ament_prefix_path.sh
[1.029s] -- Up-to-date: /home/xplore/chienpanze/xre-legged-dog/install/chienpanze_description/share/chienpanze_description/environment/ament_prefix_path.dsv
[1.030s] -- Up-to-date: /home/xplore/chienpanze/xre-legged-dog/install/chienpanze_description/share/chienpanze_description/environment/path.sh
[1.031s] -- Up-to-date: /home/xplore/chienpanze/xre-legged-dog/install/chienpanze_description/share/chienpanze_description/environment/path.dsv
[1.031s] -- Up-to-date: /home/xplore/chienpanze/xre-legged-dog/install/chienpanze_description/share/chienpanze_description/local_setup.bash
[1.038s] -- Up-to-date: /home/xplore/chienpanze/xre-legged-dog/install/chienpanze_description/share/chienpanze_description/local_setup.sh
[1.038s] -- Up-to-date: /home/xplore/chienpanze/xre-legged-dog/install/chienpanze_description/share/chienpanze_description/local_setup.zsh
[1.039s] -- Up-to-date: /home/xplore/chienpanze/xre-legged-dog/install/chienpanze_description/share/chienpanze_description/local_setup.dsv
[1.040s] -- Installing: /home/xplore/chienpanze/xre-legged-dog/install/chienpanze_description/share/chienpanze_description/package.dsv
[1.041s] -- Up-to-date: /home/xplore/chienpanze/xre-legged-dog/install/chienpanze_description/share/ament_index/resource_index/packages/chienpanze_description
[1.042s] -- Up-to-date: /home/xplore/chienpanze/xre-legged-dog/install/chienpanze_description/share/chienpanze_description/cmake/chienpanze_descriptionConfig.cmake
[1.047s] -- Up-to-date: /home/xplore/chienpanze/xre-legged-dog/install/chienpanze_description/share/chienpanze_description/cmake/chienpanze_descriptionConfig-version.cmake
[1.048s] -- Up-to-date: /home/xplore/chienpanze/xre-legged-dog/install/chienpanze_description/share/chienpanze_description/package.xml
[1.218s] Invoked command in '/home/xplore/chienpanze/xre-legged-dog/build/chienpanze_description' returned '0': CMAKE_PREFIX_PATH=/opt/ros/humble /usr/bin/cmake --install /home/xplore/chienpanze/xre-legged-dog/build/chienpanze_description
