[0.198s] Invoking command in '/home/xplore/chienpanze/xre-legged-dog/build/chienpanze_controller_manager': CMAKE_PREFIX_PATH=/opt/ros/humble /usr/bin/cmake /home/xplore/chienpanze/xre-legged-dog/xre_chienpanze/src/chienpanze_controller_manager -DCMAKE_INSTALL_PREFIX=/home/xplore/chienpanze/xre-legged-dog/install/chienpanze_controller_manager
[1.437s] -- The C compiler identification is GNU 11.4.0
[2.824s] -- The CXX compiler identification is GNU 11.4.0
[3.135s] -- Detecting C compiler ABI info
[4.087s] -- Detecting C compiler ABI info - done
[4.124s] -- Check for working C compiler: /usr/bin/cc - skipped
[4.226s] -- Detecting C compile features
[4.312s] -- Detecting C compile features - done
[4.402s] -- Detecting CXX compiler ABI info
[5.105s] -- Detecting CXX compiler ABI info - done
[5.151s] -- Check for working CXX compiler: /usr/bin/c++ - skipped
[5.153s] -- Detecting CXX compile features
[5.157s] -- Detecting CXX compile features - done
[5.190s] -- Found ament_cmake: 1.3.8 (/opt/ros/humble/share/ament_cmake/cmake)
[6.385s] -- Found Python3: /usr/bin/python3 (found version "3.10.12") found components: Interpreter 
[7.352s] [31mCMake Error at /opt/ros/humble/share/ament_cmake_target_dependencies/cmake/ament_target_dependencies.cmake:42 (message):
[7.356s]   ament_target_dependencies() the first argument must be a valid target name
[7.356s] Call Stack (most recent call first):
[7.360s]   CMakeLists.txt:15 (ament_target_dependencies)
[7.366s] 
[7.375s] [0m
[7.384s] -- Configuring incomplete, errors occurred!
[7.398s] See also "/home/xplore/chienpanze/xre-legged-dog/build/chienpanze_controller_manager/CMakeFiles/CMakeOutput.log".
[7.430s] Invoked command in '/home/xplore/chienpanze/xre-legged-dog/build/chienpanze_controller_manager' returned '1': CMAKE_PREFIX_PATH=/opt/ros/humble /usr/bin/cmake /home/xplore/chienpanze/xre-legged-dog/xre_chienpanze/src/chienpanze_controller_manager -DCMAKE_INSTALL_PREFIX=/home/xplore/chienpanze/xre-legged-dog/install/chienpanze_controller_manager
