[0.020s] Invoking command in '/home/arno/xre/xre_chienpanze/build/chienpanze_bringup': CMAKE_PREFIX_PATH=/opt/ros/humble /usr/bin/cmake --build /home/arno/xre/xre_chienpanze/build/chienpanze_bringup -- -j8 -l8
[0.089s] Invoked command in '/home/arno/xre/xre_chienpanze/build/chienpanze_bringup' returned '0': CMAKE_PREFIX_PATH=/opt/ros/humble /usr/bin/cmake --build /home/arno/xre/xre_chienpanze/build/chienpanze_bringup -- -j8 -l8
[0.122s] Invoking command in '/home/arno/xre/xre_chienpanze/build/chienpanze_bringup': CMAKE_PREFIX_PATH=/opt/ros/humble /usr/bin/cmake --install /home/arno/xre/xre_chienpanze/build/chienpanze_bringup
[0.131s] -- Install configuration: ""
[0.132s] -- Execute custom install script
[0.133s] -- Up-to-date symlink: /home/arno/xre/xre_chienpanze/install/chienpanze_bringup/share/ament_index/resource_index/package_run_dependencies/chienpanze_bringup
[0.134s] -- Up-to-date symlink: /home/arno/xre/xre_chienpanze/install/chienpanze_bringup/share/ament_index/resource_index/parent_prefix_path/chienpanze_bringup
[0.134s] -- Up-to-date symlink: /home/arno/xre/xre_chienpanze/install/chienpanze_bringup/share/chienpanze_bringup/environment/ament_prefix_path.sh
[0.135s] -- Up-to-date symlink: /home/arno/xre/xre_chienpanze/install/chienpanze_bringup/share/chienpanze_bringup/environment/ament_prefix_path.dsv
[0.135s] -- Up-to-date symlink: /home/arno/xre/xre_chienpanze/install/chienpanze_bringup/share/chienpanze_bringup/environment/path.sh
[0.136s] -- Up-to-date symlink: /home/arno/xre/xre_chienpanze/install/chienpanze_bringup/share/chienpanze_bringup/environment/path.dsv
[0.136s] -- Up-to-date symlink: /home/arno/xre/xre_chienpanze/install/chienpanze_bringup/share/chienpanze_bringup/local_setup.bash
[0.137s] -- Up-to-date symlink: /home/arno/xre/xre_chienpanze/install/chienpanze_bringup/share/chienpanze_bringup/local_setup.sh
[0.137s] -- Up-to-date symlink: /home/arno/xre/xre_chienpanze/install/chienpanze_bringup/share/chienpanze_bringup/local_setup.zsh
[0.137s] -- Up-to-date symlink: /home/arno/xre/xre_chienpanze/install/chienpanze_bringup/share/chienpanze_bringup/local_setup.dsv
[0.137s] -- Symlinking: /home/arno/xre/xre_chienpanze/install/chienpanze_bringup/share/chienpanze_bringup/package.dsv
[0.148s] -- Up-to-date symlink: /home/arno/xre/xre_chienpanze/install/chienpanze_bringup/share/ament_index/resource_index/packages/chienpanze_bringup
[0.149s] -- Up-to-date symlink: /home/arno/xre/xre_chienpanze/install/chienpanze_bringup/share/chienpanze_bringup/cmake/chienpanze_bringupConfig.cmake
[0.149s] -- Up-to-date symlink: /home/arno/xre/xre_chienpanze/install/chienpanze_bringup/share/chienpanze_bringup/cmake/chienpanze_bringupConfig-version.cmake
[0.150s] -- Up-to-date symlink: /home/arno/xre/xre_chienpanze/install/chienpanze_bringup/share/chienpanze_bringup/package.xml
[0.166s] Invoked command in '/home/arno/xre/xre_chienpanze/build/chienpanze_bringup' returned '0': CMAKE_PREFIX_PATH=/opt/ros/humble /usr/bin/cmake --install /home/arno/xre/xre_chienpanze/build/chienpanze_bringup
