[0.381s] Invoking command in '/home/xplore/chienpanze/xre-legged-dog/xre_chienpanze/build/chienpanze_bringup': CMAKE_PREFIX_PATH=/home/xplore/chienpanze/xre-legged-dog/xre_chienpanze/install/chienpanze_description:/home/xplore/chienpanze/xre-legged-dog/xre_chienpanze/install/chienpanze_hw_interface:/home/xplore/chienpanze/xre-legged-dog/xre_chienpanze/install/chienpanze_bringup:/home/xplore/chienpanze/xre-legged-dog/xre_chienpanze/install/chienpanze_controller_manager:/home/xplore/chienpanze/xre-legged-dog/xre_chienpanze/install/chienpanze_controller_interface:/opt/ros/humble /usr/bin/cmake --build /home/xplore/chienpanze/xre-legged-dog/xre_chienpanze/build/chienpanze_bringup -- -j4 -l4
[0.546s] -- Found ament_cmake: 1.3.8 (/opt/ros/humble/share/ament_cmake/cmake)
[1.498s] -- Found rclcpp: 16.0.8 (/opt/ros/humble/share/rclcpp/cmake)
[1.764s] -- Found rosidl_generator_c: 3.1.5 (/opt/ros/humble/share/rosidl_generator_c/cmake)
[1.777s] -- Found rosidl_adapter: 3.1.5 (/opt/ros/humble/share/rosidl_adapter/cmake)
[1.810s] -- Found rosidl_generator_cpp: 3.1.5 (/opt/ros/humble/share/rosidl_generator_cpp/cmake)
[1.878s] -- Using all available rosidl_typesupport_c: rosidl_typesupport_fastrtps_c;rosidl_typesupport_introspection_c
[1.970s] -- Using all available rosidl_typesupport_cpp: rosidl_typesupport_fastrtps_cpp;rosidl_typesupport_introspection_cpp
[2.293s] -- Found rmw_implementation_cmake: 6.1.1 (/opt/ros/humble/share/rmw_implementation_cmake/cmake)
[2.301s] -- Found rmw_fastrtps_cpp: 6.2.6 (/opt/ros/humble/share/rmw_fastrtps_cpp/cmake)
[3.684s] -- Using RMW implementation 'rmw_fastrtps_cpp' as default
[4.503s] -- Found ament_lint_auto: 0.12.10 (/opt/ros/humble/share/ament_lint_auto/cmake)
[4.985s] -- Added test 'copyright' to check source files copyright and LICENSE
[4.999s] -- Added test 'cppcheck' to perform static code analysis on C / C++ code
[4.999s] -- Configured cppcheck include dirs: 
[5.000s] -- Configured cppcheck exclude dirs and/or files: 
[5.002s] -- Added test 'flake8' to check Python code syntax and style conventions
[5.006s] -- Added test 'lint_cmake' to check CMake code style
[5.009s] -- Added test 'pep257' to check Python code against some of the docstring style conventions in PEP 257
[5.019s] -- Added test 'uncrustify' to check C / C++ code style
[5.020s] -- Configured uncrustify additional arguments: 
[5.022s] -- Added test 'xmllint' to check XML markup files
[5.027s] -- Configuring done
[5.101s] -- Generating done
[5.112s] -- Build files have been written to: /home/xplore/chienpanze/xre-legged-dog/xre_chienpanze/build/chienpanze_bringup
[5.274s] [35m[1mConsolidate compiler generated dependencies of target position_publisher[0m
[5.393s] [ 50%] [32m[1mLinking CXX executable position_publisher[0m
[6.576s] [100%] Built target position_publisher
[6.632s] Invoked command in '/home/xplore/chienpanze/xre-legged-dog/xre_chienpanze/build/chienpanze_bringup' returned '0': CMAKE_PREFIX_PATH=/home/xplore/chienpanze/xre-legged-dog/xre_chienpanze/install/chienpanze_description:/home/xplore/chienpanze/xre-legged-dog/xre_chienpanze/install/chienpanze_hw_interface:/home/xplore/chienpanze/xre-legged-dog/xre_chienpanze/install/chienpanze_bringup:/home/xplore/chienpanze/xre-legged-dog/xre_chienpanze/install/chienpanze_controller_manager:/home/xplore/chienpanze/xre-legged-dog/xre_chienpanze/install/chienpanze_controller_interface:/opt/ros/humble /usr/bin/cmake --build /home/xplore/chienpanze/xre-legged-dog/xre_chienpanze/build/chienpanze_bringup -- -j4 -l4
[6.819s] Invoking command in '/home/xplore/chienpanze/xre-legged-dog/xre_chienpanze/build/chienpanze_bringup': CMAKE_PREFIX_PATH=/home/xplore/chienpanze/xre-legged-dog/xre_chienpanze/install/chienpanze_description:/home/xplore/chienpanze/xre-legged-dog/xre_chienpanze/install/chienpanze_hw_interface:/home/xplore/chienpanze/xre-legged-dog/xre_chienpanze/install/chienpanze_bringup:/home/xplore/chienpanze/xre-legged-dog/xre_chienpanze/install/chienpanze_controller_manager:/home/xplore/chienpanze/xre-legged-dog/xre_chienpanze/install/chienpanze_controller_interface:/opt/ros/humble /usr/bin/cmake --install /home/xplore/chienpanze/xre-legged-dog/xre_chienpanze/build/chienpanze_bringup
[6.854s] -- Install configuration: ""
[6.857s] -- Installing: /home/xplore/chienpanze/xre-legged-dog/xre_chienpanze/install/chienpanze_bringup/lib/chienpanze_bringup/position_publisher
[6.874s] -- Set runtime path of "/home/xplore/chienpanze/xre-legged-dog/xre_chienpanze/install/chienpanze_bringup/lib/chienpanze_bringup/position_publisher" to ""
[6.874s] -- Up-to-date: /home/xplore/chienpanze/xre-legged-dog/xre_chienpanze/install/chienpanze_bringup/share/chienpanze_bringup/config
[6.875s] -- Up-to-date: /home/xplore/chienpanze/xre-legged-dog/xre_chienpanze/install/chienpanze_bringup/share/chienpanze_bringup/config/test_goal_publishers_config.yaml
[6.876s] -- Up-to-date: /home/xplore/chienpanze/xre-legged-dog/xre_chienpanze/install/chienpanze_bringup/share/chienpanze_bringup/config/chienpanze_controllers.yaml
[6.876s] -- Installing: /home/xplore/chienpanze/xre-legged-dog/xre_chienpanze/install/chienpanze_bringup/share/chienpanze_bringup/launch
[6.877s] -- Installing: /home/xplore/chienpanze/xre-legged-dog/xre_chienpanze/install/chienpanze_bringup/share/chienpanze_bringup/launch/test_joint_trajectory_controller.launch.py
[6.878s] -- Installing: /home/xplore/chienpanze/xre-legged-dog/xre_chienpanze/install/chienpanze_bringup/share/chienpanze_bringup/launch/chienpanze.launch.py
[6.881s] -- Installing: /home/xplore/chienpanze/xre-legged-dog/xre_chienpanze/install/chienpanze_bringup/share/chienpanze_bringup/launch/test_forward_position_controller.launch.py
[6.883s] -- Up-to-date: /home/xplore/chienpanze/xre-legged-dog/xre_chienpanze/install/chienpanze_bringup/share/ament_index/resource_index/package_run_dependencies/chienpanze_bringup
[6.884s] -- Up-to-date: /home/xplore/chienpanze/xre-legged-dog/xre_chienpanze/install/chienpanze_bringup/share/ament_index/resource_index/parent_prefix_path/chienpanze_bringup
[6.885s] -- Up-to-date: /home/xplore/chienpanze/xre-legged-dog/xre_chienpanze/install/chienpanze_bringup/share/chienpanze_bringup/environment/ament_prefix_path.sh
[6.886s] -- Installing: /home/xplore/chienpanze/xre-legged-dog/xre_chienpanze/install/chienpanze_bringup/share/chienpanze_bringup/environment/ament_prefix_path.dsv
[6.887s] -- Up-to-date: /home/xplore/chienpanze/xre-legged-dog/xre_chienpanze/install/chienpanze_bringup/share/chienpanze_bringup/environment/path.sh
[6.892s] -- Installing: /home/xplore/chienpanze/xre-legged-dog/xre_chienpanze/install/chienpanze_bringup/share/chienpanze_bringup/environment/path.dsv
[6.893s] -- Up-to-date: /home/xplore/chienpanze/xre-legged-dog/xre_chienpanze/install/chienpanze_bringup/share/chienpanze_bringup/local_setup.bash
[6.893s] -- Up-to-date: /home/xplore/chienpanze/xre-legged-dog/xre_chienpanze/install/chienpanze_bringup/share/chienpanze_bringup/local_setup.sh
[6.897s] -- Up-to-date: /home/xplore/chienpanze/xre-legged-dog/xre_chienpanze/install/chienpanze_bringup/share/chienpanze_bringup/local_setup.zsh
[6.899s] -- Installing: /home/xplore/chienpanze/xre-legged-dog/xre_chienpanze/install/chienpanze_bringup/share/chienpanze_bringup/local_setup.dsv
[6.900s] -- Installing: /home/xplore/chienpanze/xre-legged-dog/xre_chienpanze/install/chienpanze_bringup/share/chienpanze_bringup/package.dsv
[6.901s] -- Up-to-date: /home/xplore/chienpanze/xre-legged-dog/xre_chienpanze/install/chienpanze_bringup/share/ament_index/resource_index/packages/chienpanze_bringup
[6.901s] -- Up-to-date: /home/xplore/chienpanze/xre-legged-dog/xre_chienpanze/install/chienpanze_bringup/share/chienpanze_bringup/cmake/chienpanze_bringupConfig.cmake
[6.902s] -- Up-to-date: /home/xplore/chienpanze/xre-legged-dog/xre_chienpanze/install/chienpanze_bringup/share/chienpanze_bringup/cmake/chienpanze_bringupConfig-version.cmake
[6.902s] -- Up-to-date: /home/xplore/chienpanze/xre-legged-dog/xre_chienpanze/install/chienpanze_bringup/share/chienpanze_bringup/package.xml
[6.908s] Invoked command in '/home/xplore/chienpanze/xre-legged-dog/xre_chienpanze/build/chienpanze_bringup' returned '0': CMAKE_PREFIX_PATH=/home/xplore/chienpanze/xre-legged-dog/xre_chienpanze/install/chienpanze_description:/home/xplore/chienpanze/xre-legged-dog/xre_chienpanze/install/chienpanze_hw_interface:/home/xplore/chienpanze/xre-legged-dog/xre_chienpanze/install/chienpanze_bringup:/home/xplore/chienpanze/xre-legged-dog/xre_chienpanze/install/chienpanze_controller_manager:/home/xplore/chienpanze/xre-legged-dog/xre_chienpanze/install/chienpanze_controller_interface:/opt/ros/humble /usr/bin/cmake --install /home/xplore/chienpanze/xre-legged-dog/xre_chienpanze/build/chienpanze_bringup
