[0.185s] Invoking command in '/home/xplore/chienpanze/xre-legged-dog/build/chienpanze_controller_manager': CMAKE_PREFIX_PATH=/opt/ros/humble /usr/bin/cmake --build /home/xplore/chienpanze/xre-legged-dog/build/chienpanze_controller_manager -- -j4 -l4
[0.615s] Invoked command in '/home/xplore/chienpanze/xre-legged-dog/build/chienpanze_controller_manager' returned '0': CMAKE_PREFIX_PATH=/opt/ros/humble /usr/bin/cmake --build /home/xplore/chienpanze/xre-legged-dog/build/chienpanze_controller_manager -- -j4 -l4
[0.956s] Invoking command in '/home/xplore/chienpanze/xre-legged-dog/build/chienpanze_controller_manager': CMAKE_PREFIX_PATH=/opt/ros/humble /usr/bin/cmake --install /home/xplore/chienpanze/xre-legged-dog/build/chienpanze_controller_manager
[1.020s] -- Install configuration: ""
[1.023s] -- Up-to-date: /home/xplore/chienpanze/xre-legged-dog/install/chienpanze_controller_manager/share/ament_index/resource_index/package_run_dependencies/chienpanze_controller_manager
[1.044s] -- Up-to-date: /home/xplore/chienpanze/xre-legged-dog/install/chienpanze_controller_manager/share/ament_index/resource_index/parent_prefix_path/chienpanze_controller_manager
[1.047s] -- Up-to-date: /home/xplore/chienpanze/xre-legged-dog/install/chienpanze_controller_manager/share/chienpanze_controller_manager/environment/ament_prefix_path.sh
[1.052s] -- Up-to-date: /home/xplore/chienpanze/xre-legged-dog/install/chienpanze_controller_manager/share/chienpanze_controller_manager/environment/ament_prefix_path.dsv
[1.052s] -- Up-to-date: /home/xplore/chienpanze/xre-legged-dog/install/chienpanze_controller_manager/share/chienpanze_controller_manager/environment/path.sh
[1.055s] -- Up-to-date: /home/xplore/chienpanze/xre-legged-dog/install/chienpanze_controller_manager/share/chienpanze_controller_manager/environment/path.dsv
[1.059s] -- Up-to-date: /home/xplore/chienpanze/xre-legged-dog/install/chienpanze_controller_manager/share/chienpanze_controller_manager/local_setup.bash
[1.072s] -- Up-to-date: /home/xplore/chienpanze/xre-legged-dog/install/chienpanze_controller_manager/share/chienpanze_controller_manager/local_setup.sh
[1.075s] -- Up-to-date: /home/xplore/chienpanze/xre-legged-dog/install/chienpanze_controller_manager/share/chienpanze_controller_manager/local_setup.zsh
[1.076s] -- Up-to-date: /home/xplore/chienpanze/xre-legged-dog/install/chienpanze_controller_manager/share/chienpanze_controller_manager/local_setup.dsv
[1.077s] -- Installing: /home/xplore/chienpanze/xre-legged-dog/install/chienpanze_controller_manager/share/chienpanze_controller_manager/package.dsv
[1.078s] -- Up-to-date: /home/xplore/chienpanze/xre-legged-dog/install/chienpanze_controller_manager/share/ament_index/resource_index/packages/chienpanze_controller_manager
[1.078s] -- Up-to-date: /home/xplore/chienpanze/xre-legged-dog/install/chienpanze_controller_manager/share/chienpanze_controller_manager/cmake/chienpanze_controller_managerConfig.cmake
[1.081s] -- Up-to-date: /home/xplore/chienpanze/xre-legged-dog/install/chienpanze_controller_manager/share/chienpanze_controller_manager/cmake/chienpanze_controller_managerConfig-version.cmake
[1.082s] -- Up-to-date: /home/xplore/chienpanze/xre-legged-dog/install/chienpanze_controller_manager/share/chienpanze_controller_manager/package.xml
[1.095s] Invoked command in '/home/xplore/chienpanze/xre-legged-dog/build/chienpanze_controller_manager' returned '0': CMAKE_PREFIX_PATH=/opt/ros/humble /usr/bin/cmake --install /home/xplore/chienpanze/xre-legged-dog/build/chienpanze_controller_manager
