[0.019s] Invoking command in '/home/arno/xre/xre_chienpanze/build/chienpanze_controllers': CMAKE_PREFIX_PATH=${CMAKE_PREFIX_PATH}:/opt/ros/humble /usr/bin/cmake /home/arno/xre/xre_chienpanze/src/chienpanze_controllers -DAMENT_CMAKE_SYMLINK_INSTALL=1 -DCMAKE_INSTALL_PREFIX=/home/arno/xre/xre_chienpanze/install/chienpanze_controllers
[0.035s] -- Found ament_cmake: 1.3.8 (/opt/ros/humble/share/ament_cmake/cmake)
[0.202s] -- Override CMake install command with custom implementation using symlinks instead of copying resources
[0.212s] -- Found ament_lint_auto: 0.12.10 (/opt/ros/humble/share/ament_lint_auto/cmake)
[0.315s] -- Added test 'lint_cmake' to check CMake code style
[0.316s] -- Added test 'xmllint' to check XML markup files
[0.318s] -- Configuring done
[0.322s] -- Generating done
[0.325s] -- Build files have been written to: /home/arno/xre/xre_chienpanze/build/chienpanze_controllers
[0.330s] Invoked command in '/home/arno/xre/xre_chienpanze/build/chienpanze_controllers' returned '0': CMAKE_PREFIX_PATH=${CMAKE_PREFIX_PATH}:/opt/ros/humble /usr/bin/cmake /home/arno/xre/xre_chienpanze/src/chienpanze_controllers -DAMENT_CMAKE_SYMLINK_INSTALL=1 -DCMAKE_INSTALL_PREFIX=/home/arno/xre/xre_chienpanze/install/chienpanze_controllers
[0.335s] Invoking command in '/home/arno/xre/xre_chienpanze/build/chienpanze_controllers': CMAKE_PREFIX_PATH=${CMAKE_PREFIX_PATH}:/opt/ros/humble /usr/bin/cmake --build /home/arno/xre/xre_chienpanze/build/chienpanze_controllers -- -j8 -l8
[0.378s] Invoked command in '/home/arno/xre/xre_chienpanze/build/chienpanze_controllers' returned '0': CMAKE_PREFIX_PATH=${CMAKE_PREFIX_PATH}:/opt/ros/humble /usr/bin/cmake --build /home/arno/xre/xre_chienpanze/build/chienpanze_controllers -- -j8 -l8
[0.414s] Invoking command in '/home/arno/xre/xre_chienpanze/build/chienpanze_controllers': CMAKE_PREFIX_PATH=${CMAKE_PREFIX_PATH}:/opt/ros/humble /usr/bin/cmake --install /home/arno/xre/xre_chienpanze/build/chienpanze_controllers
[0.422s] -- Install configuration: ""
[0.423s] -- Execute custom install script
[0.423s] -- Up-to-date symlink: /home/arno/xre/xre_chienpanze/install/chienpanze_controllers/share/ament_index/resource_index/package_run_dependencies/chienpanze_controllers
[0.423s] -- Up-to-date symlink: /home/arno/xre/xre_chienpanze/install/chienpanze_controllers/share/ament_index/resource_index/parent_prefix_path/chienpanze_controllers
[0.424s] -- Up-to-date symlink: /home/arno/xre/xre_chienpanze/install/chienpanze_controllers/share/chienpanze_controllers/environment/ament_prefix_path.sh
[0.424s] -- Up-to-date symlink: /home/arno/xre/xre_chienpanze/install/chienpanze_controllers/share/chienpanze_controllers/environment/ament_prefix_path.dsv
[0.424s] -- Up-to-date symlink: /home/arno/xre/xre_chienpanze/install/chienpanze_controllers/share/chienpanze_controllers/environment/path.sh
[0.424s] -- Up-to-date symlink: /home/arno/xre/xre_chienpanze/install/chienpanze_controllers/share/chienpanze_controllers/environment/path.dsv
[0.425s] -- Up-to-date symlink: /home/arno/xre/xre_chienpanze/install/chienpanze_controllers/share/chienpanze_controllers/local_setup.bash
[0.425s] -- Up-to-date symlink: /home/arno/xre/xre_chienpanze/install/chienpanze_controllers/share/chienpanze_controllers/local_setup.sh
[0.425s] -- Up-to-date symlink: /home/arno/xre/xre_chienpanze/install/chienpanze_controllers/share/chienpanze_controllers/local_setup.zsh
[0.426s] -- Up-to-date symlink: /home/arno/xre/xre_chienpanze/install/chienpanze_controllers/share/chienpanze_controllers/local_setup.dsv
[0.426s] -- Symlinking: /home/arno/xre/xre_chienpanze/install/chienpanze_controllers/share/chienpanze_controllers/package.dsv
[0.437s] -- Up-to-date symlink: /home/arno/xre/xre_chienpanze/install/chienpanze_controllers/share/ament_index/resource_index/packages/chienpanze_controllers
[0.438s] -- Up-to-date symlink: /home/arno/xre/xre_chienpanze/install/chienpanze_controllers/share/chienpanze_controllers/cmake/chienpanze_controllersConfig.cmake
[0.438s] -- Up-to-date symlink: /home/arno/xre/xre_chienpanze/install/chienpanze_controllers/share/chienpanze_controllers/cmake/chienpanze_controllersConfig-version.cmake
[0.438s] -- Up-to-date symlink: /home/arno/xre/xre_chienpanze/install/chienpanze_controllers/share/chienpanze_controllers/package.xml
[0.441s] Invoked command in '/home/arno/xre/xre_chienpanze/build/chienpanze_controllers' returned '0': CMAKE_PREFIX_PATH=${CMAKE_PREFIX_PATH}:/opt/ros/humble /usr/bin/cmake --install /home/arno/xre/xre_chienpanze/build/chienpanze_controllers
