[0.246s] Invoking command in '/home/xplore/chienpanze/xre-legged-dog/build/chienpanze_hw_interface': CMAKE_PREFIX_PATH=/opt/ros/humble /usr/bin/cmake --build /home/xplore/chienpanze/xre-legged-dog/build/chienpanze_hw_interface -- -j4 -l4
[0.535s] -- Found ament_cmake: 1.3.8 (/opt/ros/humble/share/ament_cmake/cmake)
[1.654s] -- Found rclcpp: 16.0.8 (/opt/ros/humble/share/rclcpp/cmake)
[1.919s] -- Found rosidl_generator_c: 3.1.5 (/opt/ros/humble/share/rosidl_generator_c/cmake)
[1.934s] -- Found rosidl_adapter: 3.1.5 (/opt/ros/humble/share/rosidl_adapter/cmake)
[1.967s] -- Found rosidl_generator_cpp: 3.1.5 (/opt/ros/humble/share/rosidl_generator_cpp/cmake)
[2.030s] -- Using all available rosidl_typesupport_c: rosidl_typesupport_fastrtps_c;rosidl_typesupport_introspection_c
[2.112s] -- Using all available rosidl_typesupport_cpp: rosidl_typesupport_fastrtps_cpp;rosidl_typesupport_introspection_cpp
[2.415s] -- Found rmw_implementation_cmake: 6.1.1 (/opt/ros/humble/share/rmw_implementation_cmake/cmake)
[2.425s] -- Found rmw_fastrtps_cpp: 6.2.6 (/opt/ros/humble/share/rmw_fastrtps_cpp/cmake)
[3.743s] -- Using RMW implementation 'rmw_fastrtps_cpp' as default
[4.588s] -- Found hardware_interface: 2.40.0 (/opt/ros/humble/share/hardware_interface/cmake)
[7.591s] [31mCMake Error at CMakeLists.txt:28 (add_library):
[7.594s]   add_library cannot create target "chienpanze_hw_interface" because another
[7.598s]   target with the same name already exists.  The existing target is a shared
[7.601s]   library created in source directory
[7.612s]   "/home/xplore/chienpanze/xre-legged-dog/xre_chienpanze/src/chienpanze_hw_interface".
[7.614s]   See documentation for policy CMP0002 for more details.
[7.617s] 
[7.618s] [0m
[8.556s] -- Configuring incomplete, errors occurred!
[8.557s] See also "/home/xplore/chienpanze/xre-legged-dog/build/chienpanze_hw_interface/CMakeFiles/CMakeOutput.log".
[8.627s] gmake: *** [Makefile:294: cmake_check_build_system] Error 1
[8.648s] Invoked command in '/home/xplore/chienpanze/xre-legged-dog/build/chienpanze_hw_interface' returned '2': CMAKE_PREFIX_PATH=/opt/ros/humble /usr/bin/cmake --build /home/xplore/chienpanze/xre-legged-dog/build/chienpanze_hw_interface -- -j4 -l4
