[0.019s] Invoking command in '/home/arno/xre/xre_chienpanze/build/chienpanze_description': CMAKE_PREFIX_PATH=/opt/ros/humble /usr/bin/cmake /home/arno/xre/xre_chienpanze/src/chienpanze_description -DAMENT_CMAKE_SYMLINK_INSTALL=1 -DCMAKE_INSTALL_PREFIX=/home/arno/xre/xre_chienpanze/install/chienpanze_description
[0.095s] -- The C compiler identification is GNU 11.4.0
[0.170s] -- The CXX compiler identification is GNU 11.4.0
[0.179s] -- Detecting C compiler ABI info
[0.268s] -- Detecting C compiler ABI info - done
[0.290s] -- Check for working C compiler: /usr/bin/cc - skipped
[0.290s] -- Detecting C compile features
[0.291s] -- Detecting C compile features - done
[0.296s] -- Detecting CXX compiler ABI info
[0.400s] -- Detecting CXX compiler ABI info - done
[0.420s] -- Check for working CXX compiler: /usr/bin/c++ - skipped
[0.421s] -- Detecting CXX compile features
[0.422s] -- Detecting CXX compile features - done
[0.427s] -- Found ament_cmake: 1.3.8 (/opt/ros/humble/share/ament_cmake/cmake)
[0.642s] -- Found Python3: /usr/bin/python3 (found version "3.10.12") found components: Interpreter 
[0.728s] -- Override CMake install command with custom implementation using symlinks instead of copying resources
[0.763s] -- Found ament_lint_auto: 0.12.10 (/opt/ros/humble/share/ament_lint_auto/cmake)
[0.888s] -- Added test 'lint_cmake' to check CMake code style
[0.889s] -- Added test 'xmllint' to check XML markup files
[0.891s] -- Configuring done
[0.895s] -- Generating done
[0.899s] -- Build files have been written to: /home/arno/xre/xre_chienpanze/build/chienpanze_description
[0.902s] Invoked command in '/home/arno/xre/xre_chienpanze/build/chienpanze_description' returned '0': CMAKE_PREFIX_PATH=/opt/ros/humble /usr/bin/cmake /home/arno/xre/xre_chienpanze/src/chienpanze_description -DAMENT_CMAKE_SYMLINK_INSTALL=1 -DCMAKE_INSTALL_PREFIX=/home/arno/xre/xre_chienpanze/install/chienpanze_description
[0.905s] Invoking command in '/home/arno/xre/xre_chienpanze/build/chienpanze_description': CMAKE_PREFIX_PATH=/opt/ros/humble /usr/bin/cmake --build /home/arno/xre/xre_chienpanze/build/chienpanze_description -- -j8 -l8
[0.956s] Invoked command in '/home/arno/xre/xre_chienpanze/build/chienpanze_description' returned '0': CMAKE_PREFIX_PATH=/opt/ros/humble /usr/bin/cmake --build /home/arno/xre/xre_chienpanze/build/chienpanze_description -- -j8 -l8
[0.991s] Invoking command in '/home/arno/xre/xre_chienpanze/build/chienpanze_description': CMAKE_PREFIX_PATH=/opt/ros/humble /usr/bin/cmake --install /home/arno/xre/xre_chienpanze/build/chienpanze_description
[1.001s] -- Install configuration: ""
[1.002s] -- Execute custom install script
[1.002s] -- Symlinking: /home/arno/xre/xre_chienpanze/install/chienpanze_description/share/ament_index/resource_index/package_run_dependencies/chienpanze_description
[1.013s] -- Symlinking: /home/arno/xre/xre_chienpanze/install/chienpanze_description/share/ament_index/resource_index/parent_prefix_path/chienpanze_description
[1.025s] -- Symlinking: /home/arno/xre/xre_chienpanze/install/chienpanze_description/share/chienpanze_description/environment/ament_prefix_path.sh
[1.038s] -- Symlinking: /home/arno/xre/xre_chienpanze/install/chienpanze_description/share/chienpanze_description/environment/ament_prefix_path.dsv
[1.050s] -- Symlinking: /home/arno/xre/xre_chienpanze/install/chienpanze_description/share/chienpanze_description/environment/path.sh
[1.064s] -- Symlinking: /home/arno/xre/xre_chienpanze/install/chienpanze_description/share/chienpanze_description/environment/path.dsv
[1.076s] -- Symlinking: /home/arno/xre/xre_chienpanze/install/chienpanze_description/share/chienpanze_description/local_setup.bash
[1.088s] -- Symlinking: /home/arno/xre/xre_chienpanze/install/chienpanze_description/share/chienpanze_description/local_setup.sh
[1.104s] -- Symlinking: /home/arno/xre/xre_chienpanze/install/chienpanze_description/share/chienpanze_description/local_setup.zsh
[1.122s] -- Symlinking: /home/arno/xre/xre_chienpanze/install/chienpanze_description/share/chienpanze_description/local_setup.dsv
[1.138s] -- Symlinking: /home/arno/xre/xre_chienpanze/install/chienpanze_description/share/chienpanze_description/package.dsv
[1.153s] -- Symlinking: /home/arno/xre/xre_chienpanze/install/chienpanze_description/share/ament_index/resource_index/packages/chienpanze_description
[1.167s] -- Symlinking: /home/arno/xre/xre_chienpanze/install/chienpanze_description/share/chienpanze_description/cmake/chienpanze_descriptionConfig.cmake
[1.180s] -- Symlinking: /home/arno/xre/xre_chienpanze/install/chienpanze_description/share/chienpanze_description/cmake/chienpanze_descriptionConfig-version.cmake
[1.193s] -- Symlinking: /home/arno/xre/xre_chienpanze/install/chienpanze_description/share/chienpanze_description/package.xml
[1.216s] Invoked command in '/home/arno/xre/xre_chienpanze/build/chienpanze_description' returned '0': CMAKE_PREFIX_PATH=/opt/ros/humble /usr/bin/cmake --install /home/arno/xre/xre_chienpanze/build/chienpanze_description
