[0.559s] DEBUG:colcon:Command line arguments: ['/usr/bin/colcon', 'build']
[0.559s] DEBUG:colcon:Parsed command line arguments: Namespace(log_base=None, log_level=None, verb_name='build', build_base='build', install_base='install', merge_install=False, symlink_install=False, test_result_base=None, continue_on_error=False, executor='parallel', parallel_workers=4, event_handlers=None, ignore_user_meta=False, metas=['./colcon.meta'], base_paths=['.'], packages_ignore=None, packages_ignore_regex=None, paths=None, packages_up_to=None, packages_up_to_regex=None, packages_above=None, packages_above_and_dependencies=None, packages_above_depth=None, packages_select_by_dep=None, packages_skip_by_dep=None, packages_skip_up_to=None, packages_select_build_failed=False, packages_skip_build_finished=False, packages_select_test_failures=False, packages_skip_test_passed=False, packages_select=None, packages_skip=None, packages_select_regex=None, packages_skip_regex=None, packages_start=None, packages_end=None, allow_overriding=[], cmake_args=None, cmake_target=None, cmake_target_skip_unavailable=False, cmake_clean_cache=False, cmake_clean_first=False, cmake_force_configure=False, ament_cmake_args=None, catkin_cmake_args=None, catkin_skip_building_tests=False, verb_parser=<colcon_defaults.argument_parser.defaults.DefaultArgumentsDecorator object at 0xffffa8c9d1b0>, verb_extension=<colcon_core.verb.build.BuildVerb object at 0xffffa90290c0>, main=<bound method BuildVerb.main of <colcon_core.verb.build.BuildVerb object at 0xffffa90290c0>>)
[1.818s] Level 1:colcon.colcon_core.package_discovery:discover_packages(colcon_meta) check parameters
[1.818s] Level 1:colcon.colcon_core.package_discovery:discover_packages(recursive) check parameters
[1.818s] Level 1:colcon.colcon_core.package_discovery:discover_packages(ignore) check parameters
[1.819s] Level 1:colcon.colcon_core.package_discovery:discover_packages(path) check parameters
[1.819s] Level 1:colcon.colcon_core.package_discovery:discover_packages(colcon_meta) discover
[1.819s] Level 1:colcon.colcon_core.package_discovery:discover_packages(recursive) discover
[1.819s] INFO:colcon.colcon_core.package_discovery:Crawling recursively for packages in '/home/xplore/chienpanze/xre-legged-dog'
[1.823s] Level 1:colcon.colcon_core.package_identification:_identify(.) by extensions ['ignore', 'ignore_ament_install']
[1.824s] Level 1:colcon.colcon_core.package_identification:_identify(.) by extension 'ignore'
[1.824s] Level 1:colcon.colcon_core.package_identification:_identify(.) by extension 'ignore_ament_install'
[1.824s] Level 1:colcon.colcon_core.package_identification:_identify(.) by extensions ['colcon_pkg']
[1.824s] Level 1:colcon.colcon_core.package_identification:_identify(.) by extension 'colcon_pkg'
[1.824s] Level 1:colcon.colcon_core.package_identification:_identify(.) by extensions ['colcon_meta']
[1.825s] Level 1:colcon.colcon_core.package_identification:_identify(.) by extension 'colcon_meta'
[1.825s] Level 1:colcon.colcon_core.package_identification:_identify(.) by extensions ['ros']
[1.825s] Level 1:colcon.colcon_core.package_identification:_identify(.) by extension 'ros'
[1.878s] Level 1:colcon.colcon_core.package_identification:_identify(.) by extensions ['cmake', 'python']
[1.878s] Level 1:colcon.colcon_core.package_identification:_identify(.) by extension 'cmake'
[1.879s] Level 1:colcon.colcon_core.package_identification:_identify(.) by extension 'python'
[1.879s] Level 1:colcon.colcon_core.package_identification:_identify(.) by extensions ['python_setup_py']
[1.879s] Level 1:colcon.colcon_core.package_identification:_identify(.) by extension 'python_setup_py'
[1.880s] Level 1:colcon.colcon_core.package_identification:_identify(build) by extensions ['ignore', 'ignore_ament_install']
[1.880s] Level 1:colcon.colcon_core.package_identification:_identify(build) by extension 'ignore'
[1.880s] Level 1:colcon.colcon_core.package_identification:_identify(build) ignored
[1.881s] Level 1:colcon.colcon_core.package_identification:_identify(install) by extensions ['ignore', 'ignore_ament_install']
[1.882s] Level 1:colcon.colcon_core.package_identification:_identify(install) by extension 'ignore'
[1.882s] Level 1:colcon.colcon_core.package_identification:_identify(install) ignored
[1.883s] Level 1:colcon.colcon_core.package_identification:_identify(log) by extensions ['ignore', 'ignore_ament_install']
[1.884s] Level 1:colcon.colcon_core.package_identification:_identify(log) by extension 'ignore'
[1.884s] Level 1:colcon.colcon_core.package_identification:_identify(log) ignored
[1.885s] Level 1:colcon.colcon_core.package_identification:_identify(xre_chienpanze) by extensions ['ignore', 'ignore_ament_install']
[1.885s] Level 1:colcon.colcon_core.package_identification:_identify(xre_chienpanze) by extension 'ignore'
[1.885s] Level 1:colcon.colcon_core.package_identification:_identify(xre_chienpanze) by extension 'ignore_ament_install'
[1.886s] Level 1:colcon.colcon_core.package_identification:_identify(xre_chienpanze) by extensions ['colcon_pkg']
[1.886s] Level 1:colcon.colcon_core.package_identification:_identify(xre_chienpanze) by extension 'colcon_pkg'
[1.886s] Level 1:colcon.colcon_core.package_identification:_identify(xre_chienpanze) by extensions ['colcon_meta']
[1.886s] Level 1:colcon.colcon_core.package_identification:_identify(xre_chienpanze) by extension 'colcon_meta'
[1.887s] Level 1:colcon.colcon_core.package_identification:_identify(xre_chienpanze) by extensions ['ros']
[1.887s] Level 1:colcon.colcon_core.package_identification:_identify(xre_chienpanze) by extension 'ros'
[1.887s] Level 1:colcon.colcon_core.package_identification:_identify(xre_chienpanze) by extensions ['cmake', 'python']
[1.887s] Level 1:colcon.colcon_core.package_identification:_identify(xre_chienpanze) by extension 'cmake'
[1.888s] Level 1:colcon.colcon_core.package_identification:_identify(xre_chienpanze) by extension 'python'
[1.888s] Level 1:colcon.colcon_core.package_identification:_identify(xre_chienpanze) by extensions ['python_setup_py']
[1.888s] Level 1:colcon.colcon_core.package_identification:_identify(xre_chienpanze) by extension 'python_setup_py'
[1.888s] Level 1:colcon.colcon_core.package_identification:_identify(xre_chienpanze/build) by extensions ['ignore', 'ignore_ament_install']
[1.889s] Level 1:colcon.colcon_core.package_identification:_identify(xre_chienpanze/build) by extension 'ignore'
[1.889s] Level 1:colcon.colcon_core.package_identification:_identify(xre_chienpanze/build) ignored
[1.890s] Level 1:colcon.colcon_core.package_identification:_identify(xre_chienpanze/install) by extensions ['ignore', 'ignore_ament_install']
[1.890s] Level 1:colcon.colcon_core.package_identification:_identify(xre_chienpanze/install) by extension 'ignore'
[1.890s] Level 1:colcon.colcon_core.package_identification:_identify(xre_chienpanze/install) ignored
[1.892s] Level 1:colcon.colcon_core.package_identification:_identify(xre_chienpanze/log) by extensions ['ignore', 'ignore_ament_install']
[1.892s] Level 1:colcon.colcon_core.package_identification:_identify(xre_chienpanze/log) by extension 'ignore'
[1.892s] Level 1:colcon.colcon_core.package_identification:_identify(xre_chienpanze/log) ignored
[1.893s] Level 1:colcon.colcon_core.package_identification:_identify(xre_chienpanze/src) by extensions ['ignore', 'ignore_ament_install']
[1.893s] Level 1:colcon.colcon_core.package_identification:_identify(xre_chienpanze/src) by extension 'ignore'
[1.893s] Level 1:colcon.colcon_core.package_identification:_identify(xre_chienpanze/src) by extension 'ignore_ament_install'
[1.894s] Level 1:colcon.colcon_core.package_identification:_identify(xre_chienpanze/src) by extensions ['colcon_pkg']
[1.894s] Level 1:colcon.colcon_core.package_identification:_identify(xre_chienpanze/src) by extension 'colcon_pkg'
[1.894s] Level 1:colcon.colcon_core.package_identification:_identify(xre_chienpanze/src) by extensions ['colcon_meta']
[1.894s] Level 1:colcon.colcon_core.package_identification:_identify(xre_chienpanze/src) by extension 'colcon_meta'
[1.894s] Level 1:colcon.colcon_core.package_identification:_identify(xre_chienpanze/src) by extensions ['ros']
[1.895s] Level 1:colcon.colcon_core.package_identification:_identify(xre_chienpanze/src) by extension 'ros'
[1.895s] Level 1:colcon.colcon_core.package_identification:_identify(xre_chienpanze/src) by extensions ['cmake', 'python']
[1.895s] Level 1:colcon.colcon_core.package_identification:_identify(xre_chienpanze/src) by extension 'cmake'
[1.896s] Level 1:colcon.colcon_core.package_identification:_identify(xre_chienpanze/src) by extension 'python'
[1.896s] Level 1:colcon.colcon_core.package_identification:_identify(xre_chienpanze/src) by extensions ['python_setup_py']
[1.896s] Level 1:colcon.colcon_core.package_identification:_identify(xre_chienpanze/src) by extension 'python_setup_py'
[1.897s] Level 1:colcon.colcon_core.package_identification:_identify(xre_chienpanze/src/chienpanze_bringup) by extensions ['ignore', 'ignore_ament_install']
[1.897s] Level 1:colcon.colcon_core.package_identification:_identify(xre_chienpanze/src/chienpanze_bringup) by extension 'ignore'
[1.897s] Level 1:colcon.colcon_core.package_identification:_identify(xre_chienpanze/src/chienpanze_bringup) by extension 'ignore_ament_install'
[1.898s] Level 1:colcon.colcon_core.package_identification:_identify(xre_chienpanze/src/chienpanze_bringup) by extensions ['colcon_pkg']
[1.898s] Level 1:colcon.colcon_core.package_identification:_identify(xre_chienpanze/src/chienpanze_bringup) by extension 'colcon_pkg'
[1.898s] Level 1:colcon.colcon_core.package_identification:_identify(xre_chienpanze/src/chienpanze_bringup) by extensions ['colcon_meta']
[1.898s] Level 1:colcon.colcon_core.package_identification:_identify(xre_chienpanze/src/chienpanze_bringup) by extension 'colcon_meta'
[1.898s] Level 1:colcon.colcon_core.package_identification:_identify(xre_chienpanze/src/chienpanze_bringup) by extensions ['ros']
[1.899s] Level 1:colcon.colcon_core.package_identification:_identify(xre_chienpanze/src/chienpanze_bringup) by extension 'ros'
[1.909s] DEBUG:colcon.colcon_core.package_identification:Package 'xre_chienpanze/src/chienpanze_bringup' with type 'ros.ament_cmake' and name 'chienpanze_bringup'
[1.910s] Level 1:colcon.colcon_core.package_identification:_identify(xre_chienpanze/src/chienpanze_controller_manager) by extensions ['ignore', 'ignore_ament_install']
[1.911s] Level 1:colcon.colcon_core.package_identification:_identify(xre_chienpanze/src/chienpanze_controller_manager) by extension 'ignore'
[1.911s] Level 1:colcon.colcon_core.package_identification:_identify(xre_chienpanze/src/chienpanze_controller_manager) by extension 'ignore_ament_install'
[1.911s] Level 1:colcon.colcon_core.package_identification:_identify(xre_chienpanze/src/chienpanze_controller_manager) by extensions ['colcon_pkg']
[1.912s] Level 1:colcon.colcon_core.package_identification:_identify(xre_chienpanze/src/chienpanze_controller_manager) by extension 'colcon_pkg'
[1.912s] Level 1:colcon.colcon_core.package_identification:_identify(xre_chienpanze/src/chienpanze_controller_manager) by extensions ['colcon_meta']
[1.912s] Level 1:colcon.colcon_core.package_identification:_identify(xre_chienpanze/src/chienpanze_controller_manager) by extension 'colcon_meta'
[1.912s] Level 1:colcon.colcon_core.package_identification:_identify(xre_chienpanze/src/chienpanze_controller_manager) by extensions ['ros']
[1.912s] Level 1:colcon.colcon_core.package_identification:_identify(xre_chienpanze/src/chienpanze_controller_manager) by extension 'ros'
[1.915s] DEBUG:colcon.colcon_core.package_identification:Package 'xre_chienpanze/src/chienpanze_controller_manager' with type 'ros.ament_cmake' and name 'chienpanze_controller_manager'
[1.916s] Level 1:colcon.colcon_core.package_identification:_identify(xre_chienpanze/src/chienpanze_controllers) by extensions ['ignore', 'ignore_ament_install']
[1.917s] Level 1:colcon.colcon_core.package_identification:_identify(xre_chienpanze/src/chienpanze_controllers) by extension 'ignore'
[1.917s] Level 1:colcon.colcon_core.package_identification:_identify(xre_chienpanze/src/chienpanze_controllers) by extension 'ignore_ament_install'
[1.917s] Level 1:colcon.colcon_core.package_identification:_identify(xre_chienpanze/src/chienpanze_controllers) by extensions ['colcon_pkg']
[1.918s] Level 1:colcon.colcon_core.package_identification:_identify(xre_chienpanze/src/chienpanze_controllers) by extension 'colcon_pkg'
[1.918s] Level 1:colcon.colcon_core.package_identification:_identify(xre_chienpanze/src/chienpanze_controllers) by extensions ['colcon_meta']
[1.918s] Level 1:colcon.colcon_core.package_identification:_identify(xre_chienpanze/src/chienpanze_controllers) by extension 'colcon_meta'
[1.918s] Level 1:colcon.colcon_core.package_identification:_identify(xre_chienpanze/src/chienpanze_controllers) by extensions ['ros']
[1.919s] Level 1:colcon.colcon_core.package_identification:_identify(xre_chienpanze/src/chienpanze_controllers) by extension 'ros'
[1.921s] DEBUG:colcon.colcon_core.package_identification:Package 'xre_chienpanze/src/chienpanze_controllers' with type 'ros.ament_cmake' and name 'chienpanze_controller_interface'
[1.922s] Level 1:colcon.colcon_core.package_identification:_identify(xre_chienpanze/src/chienpanze_description) by extensions ['ignore', 'ignore_ament_install']
[1.922s] Level 1:colcon.colcon_core.package_identification:_identify(xre_chienpanze/src/chienpanze_description) by extension 'ignore'
[1.923s] Level 1:colcon.colcon_core.package_identification:_identify(xre_chienpanze/src/chienpanze_description) by extension 'ignore_ament_install'
[1.923s] Level 1:colcon.colcon_core.package_identification:_identify(xre_chienpanze/src/chienpanze_description) by extensions ['colcon_pkg']
[1.923s] Level 1:colcon.colcon_core.package_identification:_identify(xre_chienpanze/src/chienpanze_description) by extension 'colcon_pkg'
[1.923s] Level 1:colcon.colcon_core.package_identification:_identify(xre_chienpanze/src/chienpanze_description) by extensions ['colcon_meta']
[1.924s] Level 1:colcon.colcon_core.package_identification:_identify(xre_chienpanze/src/chienpanze_description) by extension 'colcon_meta'
[1.924s] Level 1:colcon.colcon_core.package_identification:_identify(xre_chienpanze/src/chienpanze_description) by extensions ['ros']
[1.924s] Level 1:colcon.colcon_core.package_identification:_identify(xre_chienpanze/src/chienpanze_description) by extension 'ros'
[1.927s] DEBUG:colcon.colcon_core.package_identification:Package 'xre_chienpanze/src/chienpanze_description' with type 'ros.ament_cmake' and name 'chienpanze_description'
[1.928s] Level 1:colcon.colcon_core.package_identification:_identify(xre_chienpanze/src/chienpanze_hw_interface) by extensions ['ignore', 'ignore_ament_install']
[1.928s] Level 1:colcon.colcon_core.package_identification:_identify(xre_chienpanze/src/chienpanze_hw_interface) by extension 'ignore'
[1.928s] Level 1:colcon.colcon_core.package_identification:_identify(xre_chienpanze/src/chienpanze_hw_interface) by extension 'ignore_ament_install'
[1.929s] Level 1:colcon.colcon_core.package_identification:_identify(xre_chienpanze/src/chienpanze_hw_interface) by extensions ['colcon_pkg']
[1.929s] Level 1:colcon.colcon_core.package_identification:_identify(xre_chienpanze/src/chienpanze_hw_interface) by extension 'colcon_pkg'
[1.929s] Level 1:colcon.colcon_core.package_identification:_identify(xre_chienpanze/src/chienpanze_hw_interface) by extensions ['colcon_meta']
[1.929s] Level 1:colcon.colcon_core.package_identification:_identify(xre_chienpanze/src/chienpanze_hw_interface) by extension 'colcon_meta'
[1.929s] Level 1:colcon.colcon_core.package_identification:_identify(xre_chienpanze/src/chienpanze_hw_interface) by extensions ['ros']
[1.929s] Level 1:colcon.colcon_core.package_identification:_identify(xre_chienpanze/src/chienpanze_hw_interface) by extension 'ros'
[1.932s] DEBUG:colcon.colcon_core.package_identification:Package 'xre_chienpanze/src/chienpanze_hw_interface' with type 'ros.ament_cmake' and name 'chienpanze_hw_interface'
[1.932s] Level 1:colcon.colcon_core.package_discovery:discover_packages(recursive) using defaults
[1.932s] Level 1:colcon.colcon_core.package_discovery:discover_packages(ignore) discover
[1.933s] Level 1:colcon.colcon_core.package_discovery:discover_packages(ignore) using defaults
[1.933s] Level 1:colcon.colcon_core.package_discovery:discover_packages(path) discover
[1.933s] Level 1:colcon.colcon_core.package_discovery:discover_packages(path) using defaults
[2.080s] Level 1:colcon.colcon_core.package_discovery:discover_packages(prefix_path) check parameters
[2.081s] Level 1:colcon.colcon_core.package_discovery:discover_packages(prefix_path) discover
[2.094s] DEBUG:colcon.colcon_installed_package_information.package_discovery:Found 6 installed packages in /home/xplore/chienpanze/xre-legged-dog/install
[2.106s] DEBUG:colcon.colcon_installed_package_information.package_discovery:Found 311 installed packages in /opt/ros/humble
[2.115s] Level 1:colcon.colcon_core.package_discovery:discover_packages(prefix_path) using defaults
[2.347s] Level 5:colcon.colcon_core.verb:set package 'chienpanze_controller_interface' build argument 'cmake_args' from command line to 'None'
[2.347s] Level 5:colcon.colcon_core.verb:set package 'chienpanze_controller_interface' build argument 'cmake_target' from command line to 'None'
[2.347s] Level 5:colcon.colcon_core.verb:set package 'chienpanze_controller_interface' build argument 'cmake_target_skip_unavailable' from command line to 'False'
[2.347s] Level 5:colcon.colcon_core.verb:set package 'chienpanze_controller_interface' build argument 'cmake_clean_cache' from command line to 'False'
[2.347s] Level 5:colcon.colcon_core.verb:set package 'chienpanze_controller_interface' build argument 'cmake_clean_first' from command line to 'False'
[2.348s] Level 5:colcon.colcon_core.verb:set package 'chienpanze_controller_interface' build argument 'cmake_force_configure' from command line to 'False'
[2.348s] Level 5:colcon.colcon_core.verb:set package 'chienpanze_controller_interface' build argument 'ament_cmake_args' from command line to 'None'
[2.348s] Level 5:colcon.colcon_core.verb:set package 'chienpanze_controller_interface' build argument 'catkin_cmake_args' from command line to 'None'
[2.348s] Level 5:colcon.colcon_core.verb:set package 'chienpanze_controller_interface' build argument 'catkin_skip_building_tests' from command line to 'False'
[2.348s] DEBUG:colcon.colcon_core.verb:Building package 'chienpanze_controller_interface' with the following arguments: {'ament_cmake_args': None, 'build_base': '/home/xplore/chienpanze/xre-legged-dog/build/chienpanze_controller_interface', 'catkin_cmake_args': None, 'catkin_skip_building_tests': False, 'cmake_args': None, 'cmake_clean_cache': False, 'cmake_clean_first': False, 'cmake_force_configure': False, 'cmake_target': None, 'cmake_target_skip_unavailable': False, 'install_base': '/home/xplore/chienpanze/xre-legged-dog/install/chienpanze_controller_interface', 'merge_install': False, 'path': '/home/xplore/chienpanze/xre-legged-dog/xre_chienpanze/src/chienpanze_controllers', 'symlink_install': False, 'test_result_base': None}
[2.350s] Level 5:colcon.colcon_core.verb:set package 'chienpanze_controller_manager' build argument 'cmake_args' from command line to 'None'
[2.350s] Level 5:colcon.colcon_core.verb:set package 'chienpanze_controller_manager' build argument 'cmake_target' from command line to 'None'
[2.350s] Level 5:colcon.colcon_core.verb:set package 'chienpanze_controller_manager' build argument 'cmake_target_skip_unavailable' from command line to 'False'
[2.350s] Level 5:colcon.colcon_core.verb:set package 'chienpanze_controller_manager' build argument 'cmake_clean_cache' from command line to 'False'
[2.350s] Level 5:colcon.colcon_core.verb:set package 'chienpanze_controller_manager' build argument 'cmake_clean_first' from command line to 'False'
[2.351s] Level 5:colcon.colcon_core.verb:set package 'chienpanze_controller_manager' build argument 'cmake_force_configure' from command line to 'False'
[2.351s] Level 5:colcon.colcon_core.verb:set package 'chienpanze_controller_manager' build argument 'ament_cmake_args' from command line to 'None'
[2.351s] Level 5:colcon.colcon_core.verb:set package 'chienpanze_controller_manager' build argument 'catkin_cmake_args' from command line to 'None'
[2.351s] Level 5:colcon.colcon_core.verb:set package 'chienpanze_controller_manager' build argument 'catkin_skip_building_tests' from command line to 'False'
[2.351s] DEBUG:colcon.colcon_core.verb:Building package 'chienpanze_controller_manager' with the following arguments: {'ament_cmake_args': None, 'build_base': '/home/xplore/chienpanze/xre-legged-dog/build/chienpanze_controller_manager', 'catkin_cmake_args': None, 'catkin_skip_building_tests': False, 'cmake_args': None, 'cmake_clean_cache': False, 'cmake_clean_first': False, 'cmake_force_configure': False, 'cmake_target': None, 'cmake_target_skip_unavailable': False, 'install_base': '/home/xplore/chienpanze/xre-legged-dog/install/chienpanze_controller_manager', 'merge_install': False, 'path': '/home/xplore/chienpanze/xre-legged-dog/xre_chienpanze/src/chienpanze_controller_manager', 'symlink_install': False, 'test_result_base': None}
[2.353s] Level 5:colcon.colcon_core.verb:set package 'chienpanze_description' build argument 'cmake_args' from command line to 'None'
[2.353s] Level 5:colcon.colcon_core.verb:set package 'chienpanze_description' build argument 'cmake_target' from command line to 'None'
[2.353s] Level 5:colcon.colcon_core.verb:set package 'chienpanze_description' build argument 'cmake_target_skip_unavailable' from command line to 'False'
[2.353s] Level 5:colcon.colcon_core.verb:set package 'chienpanze_description' build argument 'cmake_clean_cache' from command line to 'False'
[2.354s] Level 5:colcon.colcon_core.verb:set package 'chienpanze_description' build argument 'cmake_clean_first' from command line to 'False'
[2.354s] Level 5:colcon.colcon_core.verb:set package 'chienpanze_description' build argument 'cmake_force_configure' from command line to 'False'
[2.354s] Level 5:colcon.colcon_core.verb:set package 'chienpanze_description' build argument 'ament_cmake_args' from command line to 'None'
[2.354s] Level 5:colcon.colcon_core.verb:set package 'chienpanze_description' build argument 'catkin_cmake_args' from command line to 'None'
[2.354s] Level 5:colcon.colcon_core.verb:set package 'chienpanze_description' build argument 'catkin_skip_building_tests' from command line to 'False'
[2.354s] DEBUG:colcon.colcon_core.verb:Building package 'chienpanze_description' with the following arguments: {'ament_cmake_args': None, 'build_base': '/home/xplore/chienpanze/xre-legged-dog/build/chienpanze_description', 'catkin_cmake_args': None, 'catkin_skip_building_tests': False, 'cmake_args': None, 'cmake_clean_cache': False, 'cmake_clean_first': False, 'cmake_force_configure': False, 'cmake_target': None, 'cmake_target_skip_unavailable': False, 'install_base': '/home/xplore/chienpanze/xre-legged-dog/install/chienpanze_description', 'merge_install': False, 'path': '/home/xplore/chienpanze/xre-legged-dog/xre_chienpanze/src/chienpanze_description', 'symlink_install': False, 'test_result_base': None}
[2.356s] Level 5:colcon.colcon_core.verb:set package 'chienpanze_hw_interface' build argument 'cmake_args' from command line to 'None'
[2.356s] Level 5:colcon.colcon_core.verb:set package 'chienpanze_hw_interface' build argument 'cmake_target' from command line to 'None'
[2.356s] Level 5:colcon.colcon_core.verb:set package 'chienpanze_hw_interface' build argument 'cmake_target_skip_unavailable' from command line to 'False'
[2.356s] Level 5:colcon.colcon_core.verb:set package 'chienpanze_hw_interface' build argument 'cmake_clean_cache' from command line to 'False'
[2.357s] Level 5:colcon.colcon_core.verb:set package 'chienpanze_hw_interface' build argument 'cmake_clean_first' from command line to 'False'
[2.357s] Level 5:colcon.colcon_core.verb:set package 'chienpanze_hw_interface' build argument 'cmake_force_configure' from command line to 'False'
[2.357s] Level 5:colcon.colcon_core.verb:set package 'chienpanze_hw_interface' build argument 'ament_cmake_args' from command line to 'None'
[2.357s] Level 5:colcon.colcon_core.verb:set package 'chienpanze_hw_interface' build argument 'catkin_cmake_args' from command line to 'None'
[2.357s] Level 5:colcon.colcon_core.verb:set package 'chienpanze_hw_interface' build argument 'catkin_skip_building_tests' from command line to 'False'
[2.357s] DEBUG:colcon.colcon_core.verb:Building package 'chienpanze_hw_interface' with the following arguments: {'ament_cmake_args': None, 'build_base': '/home/xplore/chienpanze/xre-legged-dog/build/chienpanze_hw_interface', 'catkin_cmake_args': None, 'catkin_skip_building_tests': False, 'cmake_args': None, 'cmake_clean_cache': False, 'cmake_clean_first': False, 'cmake_force_configure': False, 'cmake_target': None, 'cmake_target_skip_unavailable': False, 'install_base': '/home/xplore/chienpanze/xre-legged-dog/install/chienpanze_hw_interface', 'merge_install': False, 'path': '/home/xplore/chienpanze/xre-legged-dog/xre_chienpanze/src/chienpanze_hw_interface', 'symlink_install': False, 'test_result_base': None}
[2.359s] Level 5:colcon.colcon_core.verb:set package 'chienpanze_bringup' build argument 'cmake_args' from command line to 'None'
[2.359s] Level 5:colcon.colcon_core.verb:set package 'chienpanze_bringup' build argument 'cmake_target' from command line to 'None'
[2.359s] Level 5:colcon.colcon_core.verb:set package 'chienpanze_bringup' build argument 'cmake_target_skip_unavailable' from command line to 'False'
[2.359s] Level 5:colcon.colcon_core.verb:set package 'chienpanze_bringup' build argument 'cmake_clean_cache' from command line to 'False'
[2.359s] Level 5:colcon.colcon_core.verb:set package 'chienpanze_bringup' build argument 'cmake_clean_first' from command line to 'False'
[2.360s] Level 5:colcon.colcon_core.verb:set package 'chienpanze_bringup' build argument 'cmake_force_configure' from command line to 'False'
[2.360s] Level 5:colcon.colcon_core.verb:set package 'chienpanze_bringup' build argument 'ament_cmake_args' from command line to 'None'
[2.360s] Level 5:colcon.colcon_core.verb:set package 'chienpanze_bringup' build argument 'catkin_cmake_args' from command line to 'None'
[2.360s] Level 5:colcon.colcon_core.verb:set package 'chienpanze_bringup' build argument 'catkin_skip_building_tests' from command line to 'False'
[2.360s] DEBUG:colcon.colcon_core.verb:Building package 'chienpanze_bringup' with the following arguments: {'ament_cmake_args': None, 'build_base': '/home/xplore/chienpanze/xre-legged-dog/build/chienpanze_bringup', 'catkin_cmake_args': None, 'catkin_skip_building_tests': False, 'cmake_args': None, 'cmake_clean_cache': False, 'cmake_clean_first': False, 'cmake_force_configure': False, 'cmake_target': None, 'cmake_target_skip_unavailable': False, 'install_base': '/home/xplore/chienpanze/xre-legged-dog/install/chienpanze_bringup', 'merge_install': False, 'path': '/home/xplore/chienpanze/xre-legged-dog/xre_chienpanze/src/chienpanze_bringup', 'symlink_install': False, 'test_result_base': None}
[2.361s] INFO:colcon.colcon_core.executor:Executing jobs using 'parallel' executor
[2.365s] DEBUG:colcon.colcon_parallel_executor.executor.parallel:run_until_complete
[2.366s] INFO:colcon.colcon_ros.task.ament_cmake.build:Building ROS package in '/home/xplore/chienpanze/xre-legged-dog/xre_chienpanze/src/chienpanze_description' with build type 'ament_cmake'
[2.367s] INFO:colcon.colcon_cmake.task.cmake.build:Building CMake package in '/home/xplore/chienpanze/xre-legged-dog/xre_chienpanze/src/chienpanze_description'
[2.379s] INFO:colcon.colcon_core.plugin_system:Skipping extension 'colcon_core.shell.bat': Not used on non-Windows systems
[2.380s] INFO:colcon.colcon_core.shell:Skip shell extension 'powershell' for command environment: Not usable outside of PowerShell
[2.380s] DEBUG:colcon.colcon_core.shell:Skip shell extension 'dsv' for command environment
[2.420s] INFO:colcon.colcon_ros.task.ament_cmake.build:Building ROS package in '/home/xplore/chienpanze/xre-legged-dog/xre_chienpanze/src/chienpanze_controllers' with build type 'ament_cmake'
[2.422s] INFO:colcon.colcon_cmake.task.cmake.build:Building CMake package in '/home/xplore/chienpanze/xre-legged-dog/xre_chienpanze/src/chienpanze_controllers'
[2.425s] INFO:colcon.colcon_core.shell:Skip shell extension 'powershell' for command environment: Not usable outside of PowerShell
[2.425s] DEBUG:colcon.colcon_core.shell:Skip shell extension 'dsv' for command environment
[2.462s] INFO:colcon.colcon_ros.task.ament_cmake.build:Building ROS package in '/home/xplore/chienpanze/xre-legged-dog/xre_chienpanze/src/chienpanze_controller_manager' with build type 'ament_cmake'
[2.463s] INFO:colcon.colcon_cmake.task.cmake.build:Building CMake package in '/home/xplore/chienpanze/xre-legged-dog/xre_chienpanze/src/chienpanze_controller_manager'
[2.464s] INFO:colcon.colcon_core.shell:Skip shell extension 'powershell' for command environment: Not usable outside of PowerShell
[2.465s] DEBUG:colcon.colcon_core.shell:Skip shell extension 'dsv' for command environment
[2.501s] INFO:colcon.colcon_ros.task.ament_cmake.build:Building ROS package in '/home/xplore/chienpanze/xre-legged-dog/xre_chienpanze/src/chienpanze_hw_interface' with build type 'ament_cmake'
[2.502s] INFO:colcon.colcon_cmake.task.cmake.build:Building CMake package in '/home/xplore/chienpanze/xre-legged-dog/xre_chienpanze/src/chienpanze_hw_interface'
[2.504s] INFO:colcon.colcon_core.shell:Skip shell extension 'powershell' for command environment: Not usable outside of PowerShell
[2.505s] DEBUG:colcon.colcon_core.shell:Skip shell extension 'dsv' for command environment
[2.594s] DEBUG:colcon.colcon_core.event_handler.log_command:Invoking command in '/home/xplore/chienpanze/xre-legged-dog/build/chienpanze_description': CMAKE_PREFIX_PATH=${CMAKE_PREFIX_PATH}:/opt/ros/humble /usr/bin/cmake --build /home/xplore/chienpanze/xre-legged-dog/build/chienpanze_description -- -j4 -l4
[2.630s] DEBUG:colcon.colcon_core.event_handler.log_command:Invoking command in '/home/xplore/chienpanze/xre-legged-dog/build/chienpanze_controller_interface': CMAKE_PREFIX_PATH=${CMAKE_PREFIX_PATH}:/opt/ros/humble /usr/bin/cmake --build /home/xplore/chienpanze/xre-legged-dog/build/chienpanze_controller_interface -- -j4 -l4
[2.683s] DEBUG:colcon.colcon_core.event_handler.log_command:Invoking command in '/home/xplore/chienpanze/xre-legged-dog/build/chienpanze_controller_manager': CMAKE_PREFIX_PATH=${CMAKE_PREFIX_PATH}:/opt/ros/humble /usr/bin/cmake --build /home/xplore/chienpanze/xre-legged-dog/build/chienpanze_controller_manager -- -j4 -l4
[2.775s] DEBUG:colcon.colcon_core.event_handler.log_command:Invoking command in '/home/xplore/chienpanze/xre-legged-dog/build/chienpanze_hw_interface': CMAKE_PREFIX_PATH=${CMAKE_PREFIX_PATH}:/opt/ros/humble /usr/bin/cmake --build /home/xplore/chienpanze/xre-legged-dog/build/chienpanze_hw_interface -- -j4 -l4
[2.923s] DEBUG:colcon.colcon_core.event_handler.log_command:Invoked command in '/home/xplore/chienpanze/xre-legged-dog/build/chienpanze_description' returned '0': CMAKE_PREFIX_PATH=${CMAKE_PREFIX_PATH}:/opt/ros/humble /usr/bin/cmake --build /home/xplore/chienpanze/xre-legged-dog/build/chienpanze_description -- -j4 -l4
[3.111s] DEBUG:colcon.colcon_core.event_handler.log_command:Invoked command in '/home/xplore/chienpanze/xre-legged-dog/build/chienpanze_controller_manager' returned '0': CMAKE_PREFIX_PATH=${CMAKE_PREFIX_PATH}:/opt/ros/humble /usr/bin/cmake --build /home/xplore/chienpanze/xre-legged-dog/build/chienpanze_controller_manager -- -j4 -l4
[3.311s] DEBUG:colcon.colcon_core.event_handler.log_command:Invoked command in '/home/xplore/chienpanze/xre-legged-dog/build/chienpanze_controller_interface' returned '0': CMAKE_PREFIX_PATH=${CMAKE_PREFIX_PATH}:/opt/ros/humble /usr/bin/cmake --build /home/xplore/chienpanze/xre-legged-dog/build/chienpanze_controller_interface -- -j4 -l4
[3.431s] DEBUG:colcon.colcon_core.event_handler.log_command:Invoking command in '/home/xplore/chienpanze/xre-legged-dog/build/chienpanze_description': CMAKE_PREFIX_PATH=${CMAKE_PREFIX_PATH}:/opt/ros/humble /usr/bin/cmake --install /home/xplore/chienpanze/xre-legged-dog/build/chienpanze_description
[3.484s] DEBUG:colcon.colcon_core.event_handler.log_command:Invoking command in '/home/xplore/chienpanze/xre-legged-dog/build/chienpanze_controller_manager': CMAKE_PREFIX_PATH=${CMAKE_PREFIX_PATH}:/opt/ros/humble /usr/bin/cmake --install /home/xplore/chienpanze/xre-legged-dog/build/chienpanze_controller_manager
[3.486s] DEBUG:colcon.colcon_core.event_handler.log_command:Invoked command in '/home/xplore/chienpanze/xre-legged-dog/build/chienpanze_hw_interface' returned '0': CMAKE_PREFIX_PATH=${CMAKE_PREFIX_PATH}:/opt/ros/humble /usr/bin/cmake --build /home/xplore/chienpanze/xre-legged-dog/build/chienpanze_hw_interface -- -j4 -l4
[3.574s] Level 1:colcon.colcon_core.environment:create_environment_scripts_only(chienpanze_controller_manager)
[3.611s] DEBUG:colcon.colcon_core.event_handler.log_command:Invoked command in '/home/xplore/chienpanze/xre-legged-dog/build/chienpanze_controller_manager' returned '0': CMAKE_PREFIX_PATH=${CMAKE_PREFIX_PATH}:/opt/ros/humble /usr/bin/cmake --install /home/xplore/chienpanze/xre-legged-dog/build/chienpanze_controller_manager
[3.620s] Level 1:colcon.colcon_core.environment:checking '/home/xplore/chienpanze/xre-legged-dog/install/chienpanze_controller_manager' for CMake module files
[3.624s] Level 1:colcon.colcon_core.environment:checking '/home/xplore/chienpanze/xre-legged-dog/install/chienpanze_controller_manager' for CMake config files
[3.626s] Level 1:colcon.colcon_core.shell:create_environment_hook('chienpanze_controller_manager', 'cmake_prefix_path')
[3.628s] INFO:colcon.colcon_core.shell:Creating environment hook '/home/xplore/chienpanze/xre-legged-dog/install/chienpanze_controller_manager/share/chienpanze_controller_manager/hook/cmake_prefix_path.ps1'
[3.632s] INFO:colcon.colcon_core.shell:Creating environment descriptor '/home/xplore/chienpanze/xre-legged-dog/install/chienpanze_controller_manager/share/chienpanze_controller_manager/hook/cmake_prefix_path.dsv'
[3.636s] INFO:colcon.colcon_core.shell:Creating environment hook '/home/xplore/chienpanze/xre-legged-dog/install/chienpanze_controller_manager/share/chienpanze_controller_manager/hook/cmake_prefix_path.sh'
[3.655s] Level 1:colcon.colcon_core.environment:checking '/home/xplore/chienpanze/xre-legged-dog/install/chienpanze_controller_manager/bin'
[3.656s] Level 1:colcon.colcon_core.environment:checking '/home/xplore/chienpanze/xre-legged-dog/install/chienpanze_controller_manager/lib/pkgconfig/chienpanze_controller_manager.pc'
[3.658s] Level 1:colcon.colcon_core.environment:checking '/home/xplore/chienpanze/xre-legged-dog/install/chienpanze_controller_manager/lib/python3.10/site-packages'
[3.661s] Level 1:colcon.colcon_core.environment:checking '/home/xplore/chienpanze/xre-legged-dog/install/chienpanze_controller_manager/bin'
[3.664s] INFO:colcon.colcon_core.shell:Creating package script '/home/xplore/chienpanze/xre-legged-dog/install/chienpanze_controller_manager/share/chienpanze_controller_manager/package.ps1'
[3.672s] INFO:colcon.colcon_core.shell:Creating package descriptor '/home/xplore/chienpanze/xre-legged-dog/install/chienpanze_controller_manager/share/chienpanze_controller_manager/package.dsv'
[3.677s] INFO:colcon.colcon_core.shell:Creating package script '/home/xplore/chienpanze/xre-legged-dog/install/chienpanze_controller_manager/share/chienpanze_controller_manager/package.sh'
[3.682s] INFO:colcon.colcon_core.shell:Creating package script '/home/xplore/chienpanze/xre-legged-dog/install/chienpanze_controller_manager/share/chienpanze_controller_manager/package.bash'
[3.696s] INFO:colcon.colcon_core.shell:Creating package script '/home/xplore/chienpanze/xre-legged-dog/install/chienpanze_controller_manager/share/chienpanze_controller_manager/package.zsh'
[3.717s] Level 1:colcon.colcon_core.environment:create_file_with_runtime_dependencies(/home/xplore/chienpanze/xre-legged-dog/install/chienpanze_controller_manager/share/colcon-core/packages/chienpanze_controller_manager)
[3.786s] DEBUG:colcon.colcon_core.event_handler.log_command:Invoking command in '/home/xplore/chienpanze/xre-legged-dog/build/chienpanze_controller_interface': CMAKE_PREFIX_PATH=${CMAKE_PREFIX_PATH}:/opt/ros/humble /usr/bin/cmake --install /home/xplore/chienpanze/xre-legged-dog/build/chienpanze_controller_interface
[3.804s] Level 1:colcon.colcon_core.environment:create_environment_scripts_only(chienpanze_description)
[3.807s] Level 1:colcon.colcon_core.environment:checking '/home/xplore/chienpanze/xre-legged-dog/install/chienpanze_description' for CMake module files
[3.813s] DEBUG:colcon.colcon_core.event_handler.log_command:Invoked command in '/home/xplore/chienpanze/xre-legged-dog/build/chienpanze_description' returned '0': CMAKE_PREFIX_PATH=${CMAKE_PREFIX_PATH}:/opt/ros/humble /usr/bin/cmake --install /home/xplore/chienpanze/xre-legged-dog/build/chienpanze_description
[3.825s] Level 1:colcon.colcon_core.environment:checking '/home/xplore/chienpanze/xre-legged-dog/install/chienpanze_description' for CMake config files
[3.834s] Level 1:colcon.colcon_core.shell:create_environment_hook('chienpanze_description', 'cmake_prefix_path')
[3.836s] INFO:colcon.colcon_core.shell:Creating environment hook '/home/xplore/chienpanze/xre-legged-dog/install/chienpanze_description/share/chienpanze_description/hook/cmake_prefix_path.ps1'
[3.842s] INFO:colcon.colcon_core.shell:Creating environment descriptor '/home/xplore/chienpanze/xre-legged-dog/install/chienpanze_description/share/chienpanze_description/hook/cmake_prefix_path.dsv'
[3.847s] INFO:colcon.colcon_core.shell:Creating environment hook '/home/xplore/chienpanze/xre-legged-dog/install/chienpanze_description/share/chienpanze_description/hook/cmake_prefix_path.sh'
[3.855s] Level 1:colcon.colcon_core.environment:checking '/home/xplore/chienpanze/xre-legged-dog/install/chienpanze_description/bin'
[3.859s] Level 1:colcon.colcon_core.environment:checking '/home/xplore/chienpanze/xre-legged-dog/install/chienpanze_description/lib/pkgconfig/chienpanze_description.pc'
[3.861s] Level 1:colcon.colcon_core.environment:checking '/home/xplore/chienpanze/xre-legged-dog/install/chienpanze_description/lib/python3.10/site-packages'
[3.863s] Level 1:colcon.colcon_core.environment:checking '/home/xplore/chienpanze/xre-legged-dog/install/chienpanze_description/bin'
[3.865s] INFO:colcon.colcon_core.shell:Creating package script '/home/xplore/chienpanze/xre-legged-dog/install/chienpanze_description/share/chienpanze_description/package.ps1'
[3.872s] INFO:colcon.colcon_core.shell:Creating package descriptor '/home/xplore/chienpanze/xre-legged-dog/install/chienpanze_description/share/chienpanze_description/package.dsv'
[3.876s] INFO:colcon.colcon_core.shell:Creating package script '/home/xplore/chienpanze/xre-legged-dog/install/chienpanze_description/share/chienpanze_description/package.sh'
[3.879s] INFO:colcon.colcon_core.shell:Creating package script '/home/xplore/chienpanze/xre-legged-dog/install/chienpanze_description/share/chienpanze_description/package.bash'
[3.883s] INFO:colcon.colcon_core.shell:Creating package script '/home/xplore/chienpanze/xre-legged-dog/install/chienpanze_description/share/chienpanze_description/package.zsh'
[3.889s] Level 1:colcon.colcon_core.environment:create_file_with_runtime_dependencies(/home/xplore/chienpanze/xre-legged-dog/install/chienpanze_description/share/colcon-core/packages/chienpanze_description)
[3.947s] DEBUG:colcon.colcon_core.event_handler.log_command:Invoking command in '/home/xplore/chienpanze/xre-legged-dog/build/chienpanze_hw_interface': CMAKE_PREFIX_PATH=${CMAKE_PREFIX_PATH}:/opt/ros/humble /usr/bin/cmake --install /home/xplore/chienpanze/xre-legged-dog/build/chienpanze_hw_interface
[3.986s] Level 1:colcon.colcon_core.environment:create_environment_scripts_only(chienpanze_controller_interface)
[3.988s] Level 1:colcon.colcon_core.environment:checking '/home/xplore/chienpanze/xre-legged-dog/install/chienpanze_controller_interface' for CMake module files
[3.993s] DEBUG:colcon.colcon_core.event_handler.log_command:Invoked command in '/home/xplore/chienpanze/xre-legged-dog/build/chienpanze_controller_interface' returned '0': CMAKE_PREFIX_PATH=${CMAKE_PREFIX_PATH}:/opt/ros/humble /usr/bin/cmake --install /home/xplore/chienpanze/xre-legged-dog/build/chienpanze_controller_interface
[3.999s] Level 1:colcon.colcon_core.environment:checking '/home/xplore/chienpanze/xre-legged-dog/install/chienpanze_controller_interface' for CMake config files
[4.013s] Level 1:colcon.colcon_core.shell:create_environment_hook('chienpanze_controller_interface', 'cmake_prefix_path')
[4.016s] INFO:colcon.colcon_core.shell:Creating environment hook '/home/xplore/chienpanze/xre-legged-dog/install/chienpanze_controller_interface/share/chienpanze_controller_interface/hook/cmake_prefix_path.ps1'
[4.029s] INFO:colcon.colcon_core.shell:Creating environment descriptor '/home/xplore/chienpanze/xre-legged-dog/install/chienpanze_controller_interface/share/chienpanze_controller_interface/hook/cmake_prefix_path.dsv'
[4.046s] INFO:colcon.colcon_core.shell:Creating environment hook '/home/xplore/chienpanze/xre-legged-dog/install/chienpanze_controller_interface/share/chienpanze_controller_interface/hook/cmake_prefix_path.sh'
[4.060s] Level 1:colcon.colcon_core.environment:checking '/home/xplore/chienpanze/xre-legged-dog/install/chienpanze_controller_interface/lib'
[4.062s] Level 1:colcon.colcon_core.shell:create_environment_hook('chienpanze_controller_interface', 'ld_library_path_lib')
[4.064s] INFO:colcon.colcon_core.shell:Creating environment hook '/home/xplore/chienpanze/xre-legged-dog/install/chienpanze_controller_interface/share/chienpanze_controller_interface/hook/ld_library_path_lib.ps1'
[4.067s] INFO:colcon.colcon_core.shell:Creating environment descriptor '/home/xplore/chienpanze/xre-legged-dog/install/chienpanze_controller_interface/share/chienpanze_controller_interface/hook/ld_library_path_lib.dsv'
[4.071s] INFO:colcon.colcon_core.shell:Creating environment hook '/home/xplore/chienpanze/xre-legged-dog/install/chienpanze_controller_interface/share/chienpanze_controller_interface/hook/ld_library_path_lib.sh'
[4.074s] Level 1:colcon.colcon_core.environment:checking '/home/xplore/chienpanze/xre-legged-dog/install/chienpanze_controller_interface/bin'
[4.075s] Level 1:colcon.colcon_core.environment:checking '/home/xplore/chienpanze/xre-legged-dog/install/chienpanze_controller_interface/lib/pkgconfig/chienpanze_controller_interface.pc'
[4.077s] Level 1:colcon.colcon_core.environment:checking '/home/xplore/chienpanze/xre-legged-dog/install/chienpanze_controller_interface/lib/python3.10/site-packages'
[4.079s] Level 1:colcon.colcon_core.environment:checking '/home/xplore/chienpanze/xre-legged-dog/install/chienpanze_controller_interface/bin'
[4.081s] INFO:colcon.colcon_core.shell:Creating package script '/home/xplore/chienpanze/xre-legged-dog/install/chienpanze_controller_interface/share/chienpanze_controller_interface/package.ps1'
[4.085s] INFO:colcon.colcon_core.shell:Creating package descriptor '/home/xplore/chienpanze/xre-legged-dog/install/chienpanze_controller_interface/share/chienpanze_controller_interface/package.dsv'
[4.088s] INFO:colcon.colcon_core.shell:Creating package script '/home/xplore/chienpanze/xre-legged-dog/install/chienpanze_controller_interface/share/chienpanze_controller_interface/package.sh'
[4.092s] INFO:colcon.colcon_core.shell:Creating package script '/home/xplore/chienpanze/xre-legged-dog/install/chienpanze_controller_interface/share/chienpanze_controller_interface/package.bash'
[4.095s] INFO:colcon.colcon_core.shell:Creating package script '/home/xplore/chienpanze/xre-legged-dog/install/chienpanze_controller_interface/share/chienpanze_controller_interface/package.zsh'
[4.098s] Level 1:colcon.colcon_core.environment:create_file_with_runtime_dependencies(/home/xplore/chienpanze/xre-legged-dog/install/chienpanze_controller_interface/share/colcon-core/packages/chienpanze_controller_interface)
[4.121s] Level 1:colcon.colcon_core.environment:create_environment_scripts_only(chienpanze_controller_manager)
[4.128s] Level 1:colcon.colcon_core.environment:checking '/home/xplore/chienpanze/xre-legged-dog/install/chienpanze_controller_manager' for CMake module files
[4.132s] Level 1:colcon.colcon_core.environment:checking '/home/xplore/chienpanze/xre-legged-dog/install/chienpanze_controller_manager' for CMake config files
[4.140s] Level 1:colcon.colcon_core.shell:create_environment_hook('chienpanze_controller_manager', 'cmake_prefix_path')
[4.143s] INFO:colcon.colcon_core.shell:Creating environment hook '/home/xplore/chienpanze/xre-legged-dog/install/chienpanze_controller_manager/share/chienpanze_controller_manager/hook/cmake_prefix_path.ps1'
[4.147s] INFO:colcon.colcon_core.shell:Creating environment descriptor '/home/xplore/chienpanze/xre-legged-dog/install/chienpanze_controller_manager/share/chienpanze_controller_manager/hook/cmake_prefix_path.dsv'
[4.151s] INFO:colcon.colcon_core.shell:Creating environment hook '/home/xplore/chienpanze/xre-legged-dog/install/chienpanze_controller_manager/share/chienpanze_controller_manager/hook/cmake_prefix_path.sh'
[4.156s] Level 1:colcon.colcon_core.environment:checking '/home/xplore/chienpanze/xre-legged-dog/install/chienpanze_controller_manager/bin'
[4.157s] Level 1:colcon.colcon_core.environment:checking '/home/xplore/chienpanze/xre-legged-dog/install/chienpanze_controller_manager/lib/pkgconfig/chienpanze_controller_manager.pc'
[4.158s] Level 1:colcon.colcon_core.environment:checking '/home/xplore/chienpanze/xre-legged-dog/install/chienpanze_controller_manager/lib/python3.10/site-packages'
[4.160s] Level 1:colcon.colcon_core.environment:checking '/home/xplore/chienpanze/xre-legged-dog/install/chienpanze_controller_manager/bin'
[4.163s] INFO:colcon.colcon_core.shell:Creating package script '/home/xplore/chienpanze/xre-legged-dog/install/chienpanze_controller_manager/share/chienpanze_controller_manager/package.ps1'
[4.168s] INFO:colcon.colcon_core.shell:Creating package descriptor '/home/xplore/chienpanze/xre-legged-dog/install/chienpanze_controller_manager/share/chienpanze_controller_manager/package.dsv'
[4.177s] INFO:colcon.colcon_core.shell:Creating package script '/home/xplore/chienpanze/xre-legged-dog/install/chienpanze_controller_manager/share/chienpanze_controller_manager/package.sh'
[4.181s] INFO:colcon.colcon_core.shell:Creating package script '/home/xplore/chienpanze/xre-legged-dog/install/chienpanze_controller_manager/share/chienpanze_controller_manager/package.bash'
[4.184s] INFO:colcon.colcon_core.shell:Creating package script '/home/xplore/chienpanze/xre-legged-dog/install/chienpanze_controller_manager/share/chienpanze_controller_manager/package.zsh'
[4.187s] Level 1:colcon.colcon_core.environment:create_file_with_runtime_dependencies(/home/xplore/chienpanze/xre-legged-dog/install/chienpanze_controller_manager/share/colcon-core/packages/chienpanze_controller_manager)
[4.195s] Level 1:colcon.colcon_core.environment:create_environment_scripts_only(chienpanze_hw_interface)
[4.197s] Level 1:colcon.colcon_core.environment:checking '/home/xplore/chienpanze/xre-legged-dog/install/chienpanze_hw_interface' for CMake module files
[4.202s] DEBUG:colcon.colcon_core.event_handler.log_command:Invoked command in '/home/xplore/chienpanze/xre-legged-dog/build/chienpanze_hw_interface' returned '0': CMAKE_PREFIX_PATH=${CMAKE_PREFIX_PATH}:/opt/ros/humble /usr/bin/cmake --install /home/xplore/chienpanze/xre-legged-dog/build/chienpanze_hw_interface
[4.206s] Level 1:colcon.colcon_core.environment:checking '/home/xplore/chienpanze/xre-legged-dog/install/chienpanze_hw_interface' for CMake config files
[4.211s] Level 1:colcon.colcon_core.shell:create_environment_hook('chienpanze_hw_interface', 'cmake_prefix_path')
[4.213s] INFO:colcon.colcon_core.shell:Creating environment hook '/home/xplore/chienpanze/xre-legged-dog/install/chienpanze_hw_interface/share/chienpanze_hw_interface/hook/cmake_prefix_path.ps1'
[4.216s] INFO:colcon.colcon_core.shell:Creating environment descriptor '/home/xplore/chienpanze/xre-legged-dog/install/chienpanze_hw_interface/share/chienpanze_hw_interface/hook/cmake_prefix_path.dsv'
[4.219s] INFO:colcon.colcon_core.shell:Creating environment hook '/home/xplore/chienpanze/xre-legged-dog/install/chienpanze_hw_interface/share/chienpanze_hw_interface/hook/cmake_prefix_path.sh'
[4.223s] Level 1:colcon.colcon_core.environment:checking '/home/xplore/chienpanze/xre-legged-dog/install/chienpanze_hw_interface/lib'
[4.224s] Level 1:colcon.colcon_core.shell:create_environment_hook('chienpanze_hw_interface', 'ld_library_path_lib')
[4.226s] INFO:colcon.colcon_core.shell:Creating environment hook '/home/xplore/chienpanze/xre-legged-dog/install/chienpanze_hw_interface/share/chienpanze_hw_interface/hook/ld_library_path_lib.ps1'
[4.228s] INFO:colcon.colcon_core.shell:Creating environment descriptor '/home/xplore/chienpanze/xre-legged-dog/install/chienpanze_hw_interface/share/chienpanze_hw_interface/hook/ld_library_path_lib.dsv'
[4.232s] INFO:colcon.colcon_core.shell:Creating environment hook '/home/xplore/chienpanze/xre-legged-dog/install/chienpanze_hw_interface/share/chienpanze_hw_interface/hook/ld_library_path_lib.sh'
[4.235s] Level 1:colcon.colcon_core.environment:checking '/home/xplore/chienpanze/xre-legged-dog/install/chienpanze_hw_interface/bin'
[4.236s] Level 1:colcon.colcon_core.environment:checking '/home/xplore/chienpanze/xre-legged-dog/install/chienpanze_hw_interface/lib/pkgconfig/chienpanze_hw_interface.pc'
[4.238s] Level 1:colcon.colcon_core.environment:checking '/home/xplore/chienpanze/xre-legged-dog/install/chienpanze_hw_interface/lib/python3.10/site-packages'
[4.242s] Level 1:colcon.colcon_core.environment:checking '/home/xplore/chienpanze/xre-legged-dog/install/chienpanze_hw_interface/bin'
[4.246s] INFO:colcon.colcon_core.shell:Creating package script '/home/xplore/chienpanze/xre-legged-dog/install/chienpanze_hw_interface/share/chienpanze_hw_interface/package.ps1'
[4.251s] INFO:colcon.colcon_core.shell:Creating package descriptor '/home/xplore/chienpanze/xre-legged-dog/install/chienpanze_hw_interface/share/chienpanze_hw_interface/package.dsv'
[4.255s] INFO:colcon.colcon_core.shell:Creating package script '/home/xplore/chienpanze/xre-legged-dog/install/chienpanze_hw_interface/share/chienpanze_hw_interface/package.sh'
[4.259s] INFO:colcon.colcon_core.shell:Creating package script '/home/xplore/chienpanze/xre-legged-dog/install/chienpanze_hw_interface/share/chienpanze_hw_interface/package.bash'
[4.266s] INFO:colcon.colcon_core.shell:Creating package script '/home/xplore/chienpanze/xre-legged-dog/install/chienpanze_hw_interface/share/chienpanze_hw_interface/package.zsh'
[4.270s] Level 1:colcon.colcon_core.environment:create_file_with_runtime_dependencies(/home/xplore/chienpanze/xre-legged-dog/install/chienpanze_hw_interface/share/colcon-core/packages/chienpanze_hw_interface)
[4.284s] Level 1:colcon.colcon_core.environment:create_environment_scripts_only(chienpanze_description)
[4.286s] Level 1:colcon.colcon_core.environment:checking '/home/xplore/chienpanze/xre-legged-dog/install/chienpanze_description' for CMake module files
[4.290s] Level 1:colcon.colcon_core.environment:checking '/home/xplore/chienpanze/xre-legged-dog/install/chienpanze_description' for CMake config files
[4.295s] Level 1:colcon.colcon_core.shell:create_environment_hook('chienpanze_description', 'cmake_prefix_path')
[4.299s] INFO:colcon.colcon_core.shell:Creating environment hook '/home/xplore/chienpanze/xre-legged-dog/install/chienpanze_description/share/chienpanze_description/hook/cmake_prefix_path.ps1'
[4.308s] INFO:colcon.colcon_core.shell:Creating environment descriptor '/home/xplore/chienpanze/xre-legged-dog/install/chienpanze_description/share/chienpanze_description/hook/cmake_prefix_path.dsv'
[4.323s] INFO:colcon.colcon_core.shell:Creating environment hook '/home/xplore/chienpanze/xre-legged-dog/install/chienpanze_description/share/chienpanze_description/hook/cmake_prefix_path.sh'
[4.336s] Level 1:colcon.colcon_core.environment:checking '/home/xplore/chienpanze/xre-legged-dog/install/chienpanze_description/bin'
[4.336s] Level 1:colcon.colcon_core.environment:checking '/home/xplore/chienpanze/xre-legged-dog/install/chienpanze_description/lib/pkgconfig/chienpanze_description.pc'
[4.339s] Level 1:colcon.colcon_core.environment:checking '/home/xplore/chienpanze/xre-legged-dog/install/chienpanze_description/lib/python3.10/site-packages'
[4.345s] Level 1:colcon.colcon_core.environment:checking '/home/xplore/chienpanze/xre-legged-dog/install/chienpanze_description/bin'
[4.348s] INFO:colcon.colcon_core.shell:Creating package script '/home/xplore/chienpanze/xre-legged-dog/install/chienpanze_description/share/chienpanze_description/package.ps1'
[4.367s] INFO:colcon.colcon_core.shell:Creating package descriptor '/home/xplore/chienpanze/xre-legged-dog/install/chienpanze_description/share/chienpanze_description/package.dsv'
[4.378s] INFO:colcon.colcon_core.shell:Creating package script '/home/xplore/chienpanze/xre-legged-dog/install/chienpanze_description/share/chienpanze_description/package.sh'
[4.387s] INFO:colcon.colcon_core.shell:Creating package script '/home/xplore/chienpanze/xre-legged-dog/install/chienpanze_description/share/chienpanze_description/package.bash'
[4.393s] INFO:colcon.colcon_core.shell:Creating package script '/home/xplore/chienpanze/xre-legged-dog/install/chienpanze_description/share/chienpanze_description/package.zsh'
[4.399s] Level 1:colcon.colcon_core.environment:create_file_with_runtime_dependencies(/home/xplore/chienpanze/xre-legged-dog/install/chienpanze_description/share/colcon-core/packages/chienpanze_description)
[4.402s] INFO:colcon.colcon_ros.task.ament_cmake.build:Building ROS package in '/home/xplore/chienpanze/xre-legged-dog/xre_chienpanze/src/chienpanze_bringup' with build type 'ament_cmake'
[4.403s] INFO:colcon.colcon_cmake.task.cmake.build:Building CMake package in '/home/xplore/chienpanze/xre-legged-dog/xre_chienpanze/src/chienpanze_bringup'
[4.404s] INFO:colcon.colcon_core.shell:Skip shell extension 'powershell' for command environment: Not usable outside of PowerShell
[4.404s] DEBUG:colcon.colcon_core.shell:Skip shell extension 'dsv' for command environment
[4.450s] Level 1:colcon.colcon_core.environment:create_environment_scripts_only(chienpanze_controller_interface)
[4.452s] Level 1:colcon.colcon_core.environment:checking '/home/xplore/chienpanze/xre-legged-dog/install/chienpanze_controller_interface' for CMake module files
[4.460s] Level 1:colcon.colcon_core.environment:checking '/home/xplore/chienpanze/xre-legged-dog/install/chienpanze_controller_interface' for CMake config files
[4.468s] Level 1:colcon.colcon_core.shell:create_environment_hook('chienpanze_controller_interface', 'cmake_prefix_path')
[4.471s] INFO:colcon.colcon_core.shell:Creating environment hook '/home/xplore/chienpanze/xre-legged-dog/install/chienpanze_controller_interface/share/chienpanze_controller_interface/hook/cmake_prefix_path.ps1'
[4.476s] INFO:colcon.colcon_core.shell:Creating environment descriptor '/home/xplore/chienpanze/xre-legged-dog/install/chienpanze_controller_interface/share/chienpanze_controller_interface/hook/cmake_prefix_path.dsv'
[4.491s] INFO:colcon.colcon_core.shell:Creating environment hook '/home/xplore/chienpanze/xre-legged-dog/install/chienpanze_controller_interface/share/chienpanze_controller_interface/hook/cmake_prefix_path.sh'
[4.496s] Level 1:colcon.colcon_core.environment:checking '/home/xplore/chienpanze/xre-legged-dog/install/chienpanze_controller_interface/lib'
[4.497s] Level 1:colcon.colcon_core.shell:create_environment_hook('chienpanze_controller_interface', 'ld_library_path_lib')
[4.499s] INFO:colcon.colcon_core.shell:Creating environment hook '/home/xplore/chienpanze/xre-legged-dog/install/chienpanze_controller_interface/share/chienpanze_controller_interface/hook/ld_library_path_lib.ps1'
[4.503s] INFO:colcon.colcon_core.shell:Creating environment descriptor '/home/xplore/chienpanze/xre-legged-dog/install/chienpanze_controller_interface/share/chienpanze_controller_interface/hook/ld_library_path_lib.dsv'
[4.506s] INFO:colcon.colcon_core.shell:Creating environment hook '/home/xplore/chienpanze/xre-legged-dog/install/chienpanze_controller_interface/share/chienpanze_controller_interface/hook/ld_library_path_lib.sh'
[4.510s] Level 1:colcon.colcon_core.environment:checking '/home/xplore/chienpanze/xre-legged-dog/install/chienpanze_controller_interface/bin'
[4.511s] Level 1:colcon.colcon_core.environment:checking '/home/xplore/chienpanze/xre-legged-dog/install/chienpanze_controller_interface/lib/pkgconfig/chienpanze_controller_interface.pc'
[4.513s] Level 1:colcon.colcon_core.environment:checking '/home/xplore/chienpanze/xre-legged-dog/install/chienpanze_controller_interface/lib/python3.10/site-packages'
[4.515s] Level 1:colcon.colcon_core.environment:checking '/home/xplore/chienpanze/xre-legged-dog/install/chienpanze_controller_interface/bin'
[4.517s] INFO:colcon.colcon_core.shell:Creating package script '/home/xplore/chienpanze/xre-legged-dog/install/chienpanze_controller_interface/share/chienpanze_controller_interface/package.ps1'
[4.521s] INFO:colcon.colcon_core.shell:Creating package descriptor '/home/xplore/chienpanze/xre-legged-dog/install/chienpanze_controller_interface/share/chienpanze_controller_interface/package.dsv'
[4.530s] INFO:colcon.colcon_core.shell:Creating package script '/home/xplore/chienpanze/xre-legged-dog/install/chienpanze_controller_interface/share/chienpanze_controller_interface/package.sh'
[4.533s] INFO:colcon.colcon_core.shell:Creating package script '/home/xplore/chienpanze/xre-legged-dog/install/chienpanze_controller_interface/share/chienpanze_controller_interface/package.bash'
[4.536s] INFO:colcon.colcon_core.shell:Creating package script '/home/xplore/chienpanze/xre-legged-dog/install/chienpanze_controller_interface/share/chienpanze_controller_interface/package.zsh'
[4.539s] Level 1:colcon.colcon_core.environment:create_file_with_runtime_dependencies(/home/xplore/chienpanze/xre-legged-dog/install/chienpanze_controller_interface/share/colcon-core/packages/chienpanze_controller_interface)
[4.546s] Level 1:colcon.colcon_core.environment:create_environment_scripts_only(chienpanze_hw_interface)
[4.548s] Level 1:colcon.colcon_core.environment:checking '/home/xplore/chienpanze/xre-legged-dog/install/chienpanze_hw_interface' for CMake module files
[4.553s] Level 1:colcon.colcon_core.environment:checking '/home/xplore/chienpanze/xre-legged-dog/install/chienpanze_hw_interface' for CMake config files
[4.560s] Level 1:colcon.colcon_core.shell:create_environment_hook('chienpanze_hw_interface', 'cmake_prefix_path')
[4.561s] INFO:colcon.colcon_core.shell:Creating environment hook '/home/xplore/chienpanze/xre-legged-dog/install/chienpanze_hw_interface/share/chienpanze_hw_interface/hook/cmake_prefix_path.ps1'
[4.564s] INFO:colcon.colcon_core.shell:Creating environment descriptor '/home/xplore/chienpanze/xre-legged-dog/install/chienpanze_hw_interface/share/chienpanze_hw_interface/hook/cmake_prefix_path.dsv'
[4.566s] INFO:colcon.colcon_core.shell:Creating environment hook '/home/xplore/chienpanze/xre-legged-dog/install/chienpanze_hw_interface/share/chienpanze_hw_interface/hook/cmake_prefix_path.sh'
[4.570s] Level 1:colcon.colcon_core.environment:checking '/home/xplore/chienpanze/xre-legged-dog/install/chienpanze_hw_interface/lib'
[4.571s] Level 1:colcon.colcon_core.shell:create_environment_hook('chienpanze_hw_interface', 'ld_library_path_lib')
[4.572s] INFO:colcon.colcon_core.shell:Creating environment hook '/home/xplore/chienpanze/xre-legged-dog/install/chienpanze_hw_interface/share/chienpanze_hw_interface/hook/ld_library_path_lib.ps1'
[4.575s] INFO:colcon.colcon_core.shell:Creating environment descriptor '/home/xplore/chienpanze/xre-legged-dog/install/chienpanze_hw_interface/share/chienpanze_hw_interface/hook/ld_library_path_lib.dsv'
[4.578s] INFO:colcon.colcon_core.shell:Creating environment hook '/home/xplore/chienpanze/xre-legged-dog/install/chienpanze_hw_interface/share/chienpanze_hw_interface/hook/ld_library_path_lib.sh'
[4.580s] Level 1:colcon.colcon_core.environment:checking '/home/xplore/chienpanze/xre-legged-dog/install/chienpanze_hw_interface/bin'
[4.581s] Level 1:colcon.colcon_core.environment:checking '/home/xplore/chienpanze/xre-legged-dog/install/chienpanze_hw_interface/lib/pkgconfig/chienpanze_hw_interface.pc'
[4.582s] Level 1:colcon.colcon_core.environment:checking '/home/xplore/chienpanze/xre-legged-dog/install/chienpanze_hw_interface/lib/python3.10/site-packages'
[4.584s] Level 1:colcon.colcon_core.environment:checking '/home/xplore/chienpanze/xre-legged-dog/install/chienpanze_hw_interface/bin'
[4.588s] INFO:colcon.colcon_core.shell:Creating package script '/home/xplore/chienpanze/xre-legged-dog/install/chienpanze_hw_interface/share/chienpanze_hw_interface/package.ps1'
[4.596s] INFO:colcon.colcon_core.shell:Creating package descriptor '/home/xplore/chienpanze/xre-legged-dog/install/chienpanze_hw_interface/share/chienpanze_hw_interface/package.dsv'
[4.604s] INFO:colcon.colcon_core.shell:Creating package script '/home/xplore/chienpanze/xre-legged-dog/install/chienpanze_hw_interface/share/chienpanze_hw_interface/package.sh'
[4.607s] INFO:colcon.colcon_core.shell:Creating package script '/home/xplore/chienpanze/xre-legged-dog/install/chienpanze_hw_interface/share/chienpanze_hw_interface/package.bash'
[4.610s] INFO:colcon.colcon_core.shell:Creating package script '/home/xplore/chienpanze/xre-legged-dog/install/chienpanze_hw_interface/share/chienpanze_hw_interface/package.zsh'
[4.613s] Level 1:colcon.colcon_core.environment:create_file_with_runtime_dependencies(/home/xplore/chienpanze/xre-legged-dog/install/chienpanze_hw_interface/share/colcon-core/packages/chienpanze_hw_interface)
[4.635s] DEBUG:colcon.colcon_core.event_handler.log_command:Invoking command in '/home/xplore/chienpanze/xre-legged-dog/build/chienpanze_bringup': CMAKE_PREFIX_PATH=/home/xplore/chienpanze/xre-legged-dog/install/chienpanze_description:/home/xplore/chienpanze/xre-legged-dog/install/chienpanze_hw_interface:/home/xplore/chienpanze/xre-legged-dog/install/chienpanze_bringup:/home/xplore/chienpanze/xre-legged-dog/install/chienpanze_controllers:/home/xplore/chienpanze/xre-legged-dog/install/chienpanze_controller_manager:/home/xplore/chienpanze/xre-legged-dog/install/chienpanze_controller_interface:/opt/ros/humble /usr/bin/cmake --build /home/xplore/chienpanze/xre-legged-dog/build/chienpanze_bringup -- -j4 -l4
[4.864s] DEBUG:colcon.colcon_core.event_handler.log_command:Invoked command in '/home/xplore/chienpanze/xre-legged-dog/build/chienpanze_bringup' returned '0': CMAKE_PREFIX_PATH=/home/xplore/chienpanze/xre-legged-dog/install/chienpanze_description:/home/xplore/chienpanze/xre-legged-dog/install/chienpanze_hw_interface:/home/xplore/chienpanze/xre-legged-dog/install/chienpanze_bringup:/home/xplore/chienpanze/xre-legged-dog/install/chienpanze_controllers:/home/xplore/chienpanze/xre-legged-dog/install/chienpanze_controller_manager:/home/xplore/chienpanze/xre-legged-dog/install/chienpanze_controller_interface:/opt/ros/humble /usr/bin/cmake --build /home/xplore/chienpanze/xre-legged-dog/build/chienpanze_bringup -- -j4 -l4
[5.048s] DEBUG:colcon.colcon_core.event_handler.log_command:Invoking command in '/home/xplore/chienpanze/xre-legged-dog/build/chienpanze_bringup': CMAKE_PREFIX_PATH=/home/xplore/chienpanze/xre-legged-dog/install/chienpanze_description:/home/xplore/chienpanze/xre-legged-dog/install/chienpanze_hw_interface:/home/xplore/chienpanze/xre-legged-dog/install/chienpanze_bringup:/home/xplore/chienpanze/xre-legged-dog/install/chienpanze_controllers:/home/xplore/chienpanze/xre-legged-dog/install/chienpanze_controller_manager:/home/xplore/chienpanze/xre-legged-dog/install/chienpanze_controller_interface:/opt/ros/humble /usr/bin/cmake --install /home/xplore/chienpanze/xre-legged-dog/build/chienpanze_bringup
[5.192s] Level 1:colcon.colcon_core.environment:create_environment_scripts_only(chienpanze_bringup)
[5.193s] Level 1:colcon.colcon_core.environment:checking '/home/xplore/chienpanze/xre-legged-dog/install/chienpanze_bringup' for CMake module files
[5.196s] DEBUG:colcon.colcon_core.event_handler.log_command:Invoked command in '/home/xplore/chienpanze/xre-legged-dog/build/chienpanze_bringup' returned '0': CMAKE_PREFIX_PATH=/home/xplore/chienpanze/xre-legged-dog/install/chienpanze_description:/home/xplore/chienpanze/xre-legged-dog/install/chienpanze_hw_interface:/home/xplore/chienpanze/xre-legged-dog/install/chienpanze_bringup:/home/xplore/chienpanze/xre-legged-dog/install/chienpanze_controllers:/home/xplore/chienpanze/xre-legged-dog/install/chienpanze_controller_manager:/home/xplore/chienpanze/xre-legged-dog/install/chienpanze_controller_interface:/opt/ros/humble /usr/bin/cmake --install /home/xplore/chienpanze/xre-legged-dog/build/chienpanze_bringup
[5.199s] Level 1:colcon.colcon_core.environment:checking '/home/xplore/chienpanze/xre-legged-dog/install/chienpanze_bringup' for CMake config files
[5.203s] Level 1:colcon.colcon_core.shell:create_environment_hook('chienpanze_bringup', 'cmake_prefix_path')
[5.205s] INFO:colcon.colcon_core.shell:Creating environment hook '/home/xplore/chienpanze/xre-legged-dog/install/chienpanze_bringup/share/chienpanze_bringup/hook/cmake_prefix_path.ps1'
[5.209s] INFO:colcon.colcon_core.shell:Creating environment descriptor '/home/xplore/chienpanze/xre-legged-dog/install/chienpanze_bringup/share/chienpanze_bringup/hook/cmake_prefix_path.dsv'
[5.217s] INFO:colcon.colcon_core.shell:Creating environment hook '/home/xplore/chienpanze/xre-legged-dog/install/chienpanze_bringup/share/chienpanze_bringup/hook/cmake_prefix_path.sh'
[5.231s] Level 1:colcon.colcon_core.environment:checking '/home/xplore/chienpanze/xre-legged-dog/install/chienpanze_bringup/bin'
[5.232s] Level 1:colcon.colcon_core.environment:checking '/home/xplore/chienpanze/xre-legged-dog/install/chienpanze_bringup/lib/pkgconfig/chienpanze_bringup.pc'
[5.234s] Level 1:colcon.colcon_core.environment:checking '/home/xplore/chienpanze/xre-legged-dog/install/chienpanze_bringup/lib/python3.10/site-packages'
[5.235s] Level 1:colcon.colcon_core.environment:checking '/home/xplore/chienpanze/xre-legged-dog/install/chienpanze_bringup/bin'
[5.237s] INFO:colcon.colcon_core.shell:Creating package script '/home/xplore/chienpanze/xre-legged-dog/install/chienpanze_bringup/share/chienpanze_bringup/package.ps1'
[5.241s] INFO:colcon.colcon_core.shell:Creating package descriptor '/home/xplore/chienpanze/xre-legged-dog/install/chienpanze_bringup/share/chienpanze_bringup/package.dsv'
[5.245s] INFO:colcon.colcon_core.shell:Creating package script '/home/xplore/chienpanze/xre-legged-dog/install/chienpanze_bringup/share/chienpanze_bringup/package.sh'
[5.250s] INFO:colcon.colcon_core.shell:Creating package script '/home/xplore/chienpanze/xre-legged-dog/install/chienpanze_bringup/share/chienpanze_bringup/package.bash'
[5.254s] INFO:colcon.colcon_core.shell:Creating package script '/home/xplore/chienpanze/xre-legged-dog/install/chienpanze_bringup/share/chienpanze_bringup/package.zsh'
[5.258s] Level 1:colcon.colcon_core.environment:create_file_with_runtime_dependencies(/home/xplore/chienpanze/xre-legged-dog/install/chienpanze_bringup/share/colcon-core/packages/chienpanze_bringup)
[5.421s] Level 1:colcon.colcon_core.environment:create_environment_scripts_only(chienpanze_bringup)
[5.424s] Level 1:colcon.colcon_core.environment:checking '/home/xplore/chienpanze/xre-legged-dog/install/chienpanze_bringup' for CMake module files
[5.437s] Level 1:colcon.colcon_core.environment:checking '/home/xplore/chienpanze/xre-legged-dog/install/chienpanze_bringup' for CMake config files
[5.444s] Level 1:colcon.colcon_core.shell:create_environment_hook('chienpanze_bringup', 'cmake_prefix_path')
[5.447s] INFO:colcon.colcon_core.shell:Creating environment hook '/home/xplore/chienpanze/xre-legged-dog/install/chienpanze_bringup/share/chienpanze_bringup/hook/cmake_prefix_path.ps1'
[5.451s] INFO:colcon.colcon_core.shell:Creating environment descriptor '/home/xplore/chienpanze/xre-legged-dog/install/chienpanze_bringup/share/chienpanze_bringup/hook/cmake_prefix_path.dsv'
[5.454s] INFO:colcon.colcon_core.shell:Creating environment hook '/home/xplore/chienpanze/xre-legged-dog/install/chienpanze_bringup/share/chienpanze_bringup/hook/cmake_prefix_path.sh'
[5.462s] Level 1:colcon.colcon_core.environment:checking '/home/xplore/chienpanze/xre-legged-dog/install/chienpanze_bringup/bin'
[5.464s] Level 1:colcon.colcon_core.environment:checking '/home/xplore/chienpanze/xre-legged-dog/install/chienpanze_bringup/lib/pkgconfig/chienpanze_bringup.pc'
[5.467s] Level 1:colcon.colcon_core.environment:checking '/home/xplore/chienpanze/xre-legged-dog/install/chienpanze_bringup/lib/python3.10/site-packages'
[5.470s] Level 1:colcon.colcon_core.environment:checking '/home/xplore/chienpanze/xre-legged-dog/install/chienpanze_bringup/bin'
[5.471s] INFO:colcon.colcon_core.shell:Creating package script '/home/xplore/chienpanze/xre-legged-dog/install/chienpanze_bringup/share/chienpanze_bringup/package.ps1'
[5.475s] INFO:colcon.colcon_core.shell:Creating package descriptor '/home/xplore/chienpanze/xre-legged-dog/install/chienpanze_bringup/share/chienpanze_bringup/package.dsv'
[5.477s] INFO:colcon.colcon_core.shell:Creating package script '/home/xplore/chienpanze/xre-legged-dog/install/chienpanze_bringup/share/chienpanze_bringup/package.sh'
[5.480s] INFO:colcon.colcon_core.shell:Creating package script '/home/xplore/chienpanze/xre-legged-dog/install/chienpanze_bringup/share/chienpanze_bringup/package.bash'
[5.483s] INFO:colcon.colcon_core.shell:Creating package script '/home/xplore/chienpanze/xre-legged-dog/install/chienpanze_bringup/share/chienpanze_bringup/package.zsh'
[5.485s] Level 1:colcon.colcon_core.environment:create_file_with_runtime_dependencies(/home/xplore/chienpanze/xre-legged-dog/install/chienpanze_bringup/share/colcon-core/packages/chienpanze_bringup)
[5.487s] DEBUG:colcon.colcon_parallel_executor.executor.parallel:closing loop
[5.488s] DEBUG:colcon.colcon_parallel_executor.executor.parallel:loop closed
[5.488s] DEBUG:colcon.colcon_parallel_executor.executor.parallel:run_until_complete finished with '0'
[5.489s] DEBUG:colcon.colcon_core.event_reactor:joining thread
[5.523s] INFO:colcon.colcon_core.plugin_system:Skipping extension 'colcon_notification.desktop_notification.terminal_notifier': Not used on non-Darwin systems
[5.523s] INFO:colcon.colcon_core.plugin_system:Skipping extension 'colcon_notification.desktop_notification.win32': Not used on non-Windows systems
[5.524s] INFO:colcon.colcon_notification.desktop_notification:Sending desktop notification using 'notify2'
[5.627s] DEBUG:colcon.colcon_core.event_reactor:joined thread
[5.629s] INFO:colcon.colcon_core.shell:Creating prefix script '/home/xplore/chienpanze/xre-legged-dog/install/local_setup.ps1'
[5.634s] INFO:colcon.colcon_core.shell:Creating prefix util module '/home/xplore/chienpanze/xre-legged-dog/install/_local_setup_util_ps1.py'
[5.642s] INFO:colcon.colcon_core.shell:Creating prefix chain script '/home/xplore/chienpanze/xre-legged-dog/install/setup.ps1'
[5.650s] INFO:colcon.colcon_core.shell:Creating prefix script '/home/xplore/chienpanze/xre-legged-dog/install/local_setup.sh'
[5.654s] INFO:colcon.colcon_core.shell:Creating prefix util module '/home/xplore/chienpanze/xre-legged-dog/install/_local_setup_util_sh.py'
[5.657s] INFO:colcon.colcon_core.shell:Creating prefix chain script '/home/xplore/chienpanze/xre-legged-dog/install/setup.sh'
[5.666s] INFO:colcon.colcon_core.shell:Creating prefix script '/home/xplore/chienpanze/xre-legged-dog/install/local_setup.bash'
[5.670s] INFO:colcon.colcon_core.shell:Creating prefix chain script '/home/xplore/chienpanze/xre-legged-dog/install/setup.bash'
[5.677s] INFO:colcon.colcon_core.shell:Creating prefix script '/home/xplore/chienpanze/xre-legged-dog/install/local_setup.zsh'
[5.681s] INFO:colcon.colcon_core.shell:Creating prefix chain script '/home/xplore/chienpanze/xre-legged-dog/install/setup.zsh'
