[1.297s] DEBUG:colcon:Command line arguments: ['/usr/bin/colcon', 'build']
[1.297s] DEBUG:colcon:Parsed command line arguments: Namespace(log_base=None, log_level=None, verb_name='build', build_base='build', install_base='install', merge_install=False, symlink_install=False, test_result_base=None, continue_on_error=False, executor='parallel', parallel_workers=4, event_handlers=None, ignore_user_meta=False, metas=['./colcon.meta'], base_paths=['.'], packages_ignore=None, packages_ignore_regex=None, paths=None, packages_up_to=None, packages_up_to_regex=None, packages_above=None, packages_above_and_dependencies=None, packages_above_depth=None, packages_select_by_dep=None, packages_skip_by_dep=None, packages_skip_up_to=None, packages_select_build_failed=False, packages_skip_build_finished=False, packages_select_test_failures=False, packages_skip_test_passed=False, packages_select=None, packages_skip=None, packages_select_regex=None, packages_skip_regex=None, packages_start=None, packages_end=None, allow_overriding=[], cmake_args=None, cmake_target=None, cmake_target_skip_unavailable=False, cmake_clean_cache=False, cmake_clean_first=False, cmake_force_configure=False, ament_cmake_args=None, catkin_cmake_args=None, catkin_skip_building_tests=False, verb_parser=<colcon_defaults.argument_parser.defaults.DefaultArgumentsDecorator object at 0xffffb7f5d1b0>, verb_extension=<colcon_core.verb.build.BuildVerb object at 0xffffb82e90c0>, main=<bound method BuildVerb.main of <colcon_core.verb.build.BuildVerb object at 0xffffb82e90c0>>)
[3.588s] Level 1:colcon.colcon_core.package_discovery:discover_packages(colcon_meta) check parameters
[3.589s] Level 1:colcon.colcon_core.package_discovery:discover_packages(recursive) check parameters
[3.589s] Level 1:colcon.colcon_core.package_discovery:discover_packages(ignore) check parameters
[3.589s] Level 1:colcon.colcon_core.package_discovery:discover_packages(path) check parameters
[3.590s] Level 1:colcon.colcon_core.package_discovery:discover_packages(colcon_meta) discover
[3.590s] Level 1:colcon.colcon_core.package_discovery:discover_packages(recursive) discover
[3.591s] INFO:colcon.colcon_core.package_discovery:Crawling recursively for packages in '/home/xplore/chienpanze/xre-legged-dog/xre_chienpanze'
[3.596s] Level 1:colcon.colcon_core.package_identification:_identify(.) by extensions ['ignore', 'ignore_ament_install']
[3.596s] Level 1:colcon.colcon_core.package_identification:_identify(.) by extension 'ignore'
[3.597s] Level 1:colcon.colcon_core.package_identification:_identify(.) by extension 'ignore_ament_install'
[3.597s] Level 1:colcon.colcon_core.package_identification:_identify(.) by extensions ['colcon_pkg']
[3.598s] Level 1:colcon.colcon_core.package_identification:_identify(.) by extension 'colcon_pkg'
[3.598s] Level 1:colcon.colcon_core.package_identification:_identify(.) by extensions ['colcon_meta']
[3.599s] Level 1:colcon.colcon_core.package_identification:_identify(.) by extension 'colcon_meta'
[3.599s] Level 1:colcon.colcon_core.package_identification:_identify(.) by extensions ['ros']
[3.599s] Level 1:colcon.colcon_core.package_identification:_identify(.) by extension 'ros'
[3.672s] Level 1:colcon.colcon_core.package_identification:_identify(.) by extensions ['cmake', 'python']
[3.673s] Level 1:colcon.colcon_core.package_identification:_identify(.) by extension 'cmake'
[3.673s] Level 1:colcon.colcon_core.package_identification:_identify(.) by extension 'python'
[3.674s] Level 1:colcon.colcon_core.package_identification:_identify(.) by extensions ['python_setup_py']
[3.674s] Level 1:colcon.colcon_core.package_identification:_identify(.) by extension 'python_setup_py'
[3.675s] Level 1:colcon.colcon_core.package_identification:_identify(build) by extensions ['ignore', 'ignore_ament_install']
[3.676s] Level 1:colcon.colcon_core.package_identification:_identify(build) by extension 'ignore'
[3.677s] Level 1:colcon.colcon_core.package_identification:_identify(build) ignored
[3.678s] Level 1:colcon.colcon_core.package_identification:_identify(install) by extensions ['ignore', 'ignore_ament_install']
[3.679s] Level 1:colcon.colcon_core.package_identification:_identify(install) by extension 'ignore'
[3.679s] Level 1:colcon.colcon_core.package_identification:_identify(install) ignored
[3.681s] Level 1:colcon.colcon_core.package_identification:_identify(log) by extensions ['ignore', 'ignore_ament_install']
[3.682s] Level 1:colcon.colcon_core.package_identification:_identify(log) by extension 'ignore'
[3.683s] Level 1:colcon.colcon_core.package_identification:_identify(log) ignored
[3.686s] Level 1:colcon.colcon_core.package_identification:_identify(src) by extensions ['ignore', 'ignore_ament_install']
[3.689s] Level 1:colcon.colcon_core.package_identification:_identify(src) by extension 'ignore'
[3.689s] Level 1:colcon.colcon_core.package_identification:_identify(src) by extension 'ignore_ament_install'
[3.690s] Level 1:colcon.colcon_core.package_identification:_identify(src) by extensions ['colcon_pkg']
[3.691s] Level 1:colcon.colcon_core.package_identification:_identify(src) by extension 'colcon_pkg'
[3.692s] Level 1:colcon.colcon_core.package_identification:_identify(src) by extensions ['colcon_meta']
[3.692s] Level 1:colcon.colcon_core.package_identification:_identify(src) by extension 'colcon_meta'
[3.693s] Level 1:colcon.colcon_core.package_identification:_identify(src) by extensions ['ros']
[3.693s] Level 1:colcon.colcon_core.package_identification:_identify(src) by extension 'ros'
[3.694s] Level 1:colcon.colcon_core.package_identification:_identify(src) by extensions ['cmake', 'python']
[3.695s] Level 1:colcon.colcon_core.package_identification:_identify(src) by extension 'cmake'
[3.695s] Level 1:colcon.colcon_core.package_identification:_identify(src) by extension 'python'
[3.696s] Level 1:colcon.colcon_core.package_identification:_identify(src) by extensions ['python_setup_py']
[3.696s] Level 1:colcon.colcon_core.package_identification:_identify(src) by extension 'python_setup_py'
[3.698s] Level 1:colcon.colcon_core.package_identification:_identify(src/chienpanze_bringup) by extensions ['ignore', 'ignore_ament_install']
[3.699s] Level 1:colcon.colcon_core.package_identification:_identify(src/chienpanze_bringup) by extension 'ignore'
[3.700s] Level 1:colcon.colcon_core.package_identification:_identify(src/chienpanze_bringup) by extension 'ignore_ament_install'
[3.700s] Level 1:colcon.colcon_core.package_identification:_identify(src/chienpanze_bringup) by extensions ['colcon_pkg']
[3.701s] Level 1:colcon.colcon_core.package_identification:_identify(src/chienpanze_bringup) by extension 'colcon_pkg'
[3.702s] Level 1:colcon.colcon_core.package_identification:_identify(src/chienpanze_bringup) by extensions ['colcon_meta']
[3.702s] Level 1:colcon.colcon_core.package_identification:_identify(src/chienpanze_bringup) by extension 'colcon_meta'
[3.703s] Level 1:colcon.colcon_core.package_identification:_identify(src/chienpanze_bringup) by extensions ['ros']
[3.703s] Level 1:colcon.colcon_core.package_identification:_identify(src/chienpanze_bringup) by extension 'ros'
[3.728s] DEBUG:colcon.colcon_core.package_identification:Package 'src/chienpanze_bringup' with type 'ros.ament_cmake' and name 'chienpanze_bringup'
[3.729s] Level 1:colcon.colcon_core.package_identification:_identify(src/chienpanze_controllers) by extensions ['ignore', 'ignore_ament_install']
[3.730s] Level 1:colcon.colcon_core.package_identification:_identify(src/chienpanze_controllers) by extension 'ignore'
[3.731s] Level 1:colcon.colcon_core.package_identification:_identify(src/chienpanze_controllers) by extension 'ignore_ament_install'
[3.732s] Level 1:colcon.colcon_core.package_identification:_identify(src/chienpanze_controllers) by extensions ['colcon_pkg']
[3.732s] Level 1:colcon.colcon_core.package_identification:_identify(src/chienpanze_controllers) by extension 'colcon_pkg'
[3.733s] Level 1:colcon.colcon_core.package_identification:_identify(src/chienpanze_controllers) by extensions ['colcon_meta']
[3.733s] Level 1:colcon.colcon_core.package_identification:_identify(src/chienpanze_controllers) by extension 'colcon_meta'
[3.733s] Level 1:colcon.colcon_core.package_identification:_identify(src/chienpanze_controllers) by extensions ['ros']
[3.734s] Level 1:colcon.colcon_core.package_identification:_identify(src/chienpanze_controllers) by extension 'ros'
[3.737s] DEBUG:colcon.colcon_core.package_identification:Package 'src/chienpanze_controllers' with type 'ros.ament_cmake' and name 'chienpanze_controller_interface'
[3.738s] Level 1:colcon.colcon_core.package_identification:_identify(src/chienpanze_description) by extensions ['ignore', 'ignore_ament_install']
[3.739s] Level 1:colcon.colcon_core.package_identification:_identify(src/chienpanze_description) by extension 'ignore'
[3.740s] Level 1:colcon.colcon_core.package_identification:_identify(src/chienpanze_description) by extension 'ignore_ament_install'
[3.741s] Level 1:colcon.colcon_core.package_identification:_identify(src/chienpanze_description) by extensions ['colcon_pkg']
[3.741s] Level 1:colcon.colcon_core.package_identification:_identify(src/chienpanze_description) by extension 'colcon_pkg'
[3.742s] Level 1:colcon.colcon_core.package_identification:_identify(src/chienpanze_description) by extensions ['colcon_meta']
[3.743s] Level 1:colcon.colcon_core.package_identification:_identify(src/chienpanze_description) by extension 'colcon_meta'
[3.743s] Level 1:colcon.colcon_core.package_identification:_identify(src/chienpanze_description) by extensions ['ros']
[3.744s] Level 1:colcon.colcon_core.package_identification:_identify(src/chienpanze_description) by extension 'ros'
[3.748s] DEBUG:colcon.colcon_core.package_identification:Package 'src/chienpanze_description' with type 'ros.ament_cmake' and name 'chienpanze_description'
[3.749s] Level 1:colcon.colcon_core.package_identification:_identify(src/chienpanze_hw_interface) by extensions ['ignore', 'ignore_ament_install']
[3.750s] Level 1:colcon.colcon_core.package_identification:_identify(src/chienpanze_hw_interface) by extension 'ignore'
[3.751s] Level 1:colcon.colcon_core.package_identification:_identify(src/chienpanze_hw_interface) by extension 'ignore_ament_install'
[3.752s] Level 1:colcon.colcon_core.package_identification:_identify(src/chienpanze_hw_interface) by extensions ['colcon_pkg']
[3.752s] Level 1:colcon.colcon_core.package_identification:_identify(src/chienpanze_hw_interface) by extension 'colcon_pkg'
[3.752s] Level 1:colcon.colcon_core.package_identification:_identify(src/chienpanze_hw_interface) by extensions ['colcon_meta']
[3.753s] Level 1:colcon.colcon_core.package_identification:_identify(src/chienpanze_hw_interface) by extension 'colcon_meta'
[3.753s] Level 1:colcon.colcon_core.package_identification:_identify(src/chienpanze_hw_interface) by extensions ['ros']
[3.754s] Level 1:colcon.colcon_core.package_identification:_identify(src/chienpanze_hw_interface) by extension 'ros'
[3.757s] DEBUG:colcon.colcon_core.package_identification:Package 'src/chienpanze_hw_interface' with type 'ros.ament_cmake' and name 'chienpanze_hw_interface'
[3.758s] Level 1:colcon.colcon_core.package_discovery:discover_packages(recursive) using defaults
[3.758s] Level 1:colcon.colcon_core.package_discovery:discover_packages(ignore) discover
[3.759s] Level 1:colcon.colcon_core.package_discovery:discover_packages(ignore) using defaults
[3.759s] Level 1:colcon.colcon_core.package_discovery:discover_packages(path) discover
[3.759s] Level 1:colcon.colcon_core.package_discovery:discover_packages(path) using defaults
[3.971s] Level 1:colcon.colcon_core.package_discovery:discover_packages(prefix_path) check parameters
[3.971s] Level 1:colcon.colcon_core.package_discovery:discover_packages(prefix_path) discover
[3.989s] DEBUG:colcon.colcon_installed_package_information.package_discovery:Found 5 installed packages in /home/xplore/chienpanze/xre-legged-dog/install
[4.003s] DEBUG:colcon.colcon_installed_package_information.package_discovery:Found 311 installed packages in /opt/ros/humble
[4.013s] Level 1:colcon.colcon_core.package_discovery:discover_packages(prefix_path) using defaults
[4.451s] Level 5:colcon.colcon_core.verb:set package 'chienpanze_bringup' build argument 'cmake_args' from command line to 'None'
[4.452s] Level 5:colcon.colcon_core.verb:set package 'chienpanze_bringup' build argument 'cmake_target' from command line to 'None'
[4.452s] Level 5:colcon.colcon_core.verb:set package 'chienpanze_bringup' build argument 'cmake_target_skip_unavailable' from command line to 'False'
[4.452s] Level 5:colcon.colcon_core.verb:set package 'chienpanze_bringup' build argument 'cmake_clean_cache' from command line to 'False'
[4.453s] Level 5:colcon.colcon_core.verb:set package 'chienpanze_bringup' build argument 'cmake_clean_first' from command line to 'False'
[4.453s] Level 5:colcon.colcon_core.verb:set package 'chienpanze_bringup' build argument 'cmake_force_configure' from command line to 'False'
[4.453s] Level 5:colcon.colcon_core.verb:set package 'chienpanze_bringup' build argument 'ament_cmake_args' from command line to 'None'
[4.454s] Level 5:colcon.colcon_core.verb:set package 'chienpanze_bringup' build argument 'catkin_cmake_args' from command line to 'None'
[4.454s] Level 5:colcon.colcon_core.verb:set package 'chienpanze_bringup' build argument 'catkin_skip_building_tests' from command line to 'False'
[4.455s] DEBUG:colcon.colcon_core.verb:Building package 'chienpanze_bringup' with the following arguments: {'ament_cmake_args': None, 'build_base': '/home/xplore/chienpanze/xre-legged-dog/xre_chienpanze/build/chienpanze_bringup', 'catkin_cmake_args': None, 'catkin_skip_building_tests': False, 'cmake_args': None, 'cmake_clean_cache': False, 'cmake_clean_first': False, 'cmake_force_configure': False, 'cmake_target': None, 'cmake_target_skip_unavailable': False, 'install_base': '/home/xplore/chienpanze/xre-legged-dog/xre_chienpanze/install/chienpanze_bringup', 'merge_install': False, 'path': '/home/xplore/chienpanze/xre-legged-dog/xre_chienpanze/src/chienpanze_bringup', 'symlink_install': False, 'test_result_base': None}
[4.460s] Level 5:colcon.colcon_core.verb:set package 'chienpanze_controller_interface' build argument 'cmake_args' from command line to 'None'
[4.461s] Level 5:colcon.colcon_core.verb:set package 'chienpanze_controller_interface' build argument 'cmake_target' from command line to 'None'
[4.462s] Level 5:colcon.colcon_core.verb:set package 'chienpanze_controller_interface' build argument 'cmake_target_skip_unavailable' from command line to 'False'
[4.463s] Level 5:colcon.colcon_core.verb:set package 'chienpanze_controller_interface' build argument 'cmake_clean_cache' from command line to 'False'
[4.463s] Level 5:colcon.colcon_core.verb:set package 'chienpanze_controller_interface' build argument 'cmake_clean_first' from command line to 'False'
[4.464s] Level 5:colcon.colcon_core.verb:set package 'chienpanze_controller_interface' build argument 'cmake_force_configure' from command line to 'False'
[4.464s] Level 5:colcon.colcon_core.verb:set package 'chienpanze_controller_interface' build argument 'ament_cmake_args' from command line to 'None'
[4.464s] Level 5:colcon.colcon_core.verb:set package 'chienpanze_controller_interface' build argument 'catkin_cmake_args' from command line to 'None'
[4.464s] Level 5:colcon.colcon_core.verb:set package 'chienpanze_controller_interface' build argument 'catkin_skip_building_tests' from command line to 'False'
[4.465s] DEBUG:colcon.colcon_core.verb:Building package 'chienpanze_controller_interface' with the following arguments: {'ament_cmake_args': None, 'build_base': '/home/xplore/chienpanze/xre-legged-dog/xre_chienpanze/build/chienpanze_controller_interface', 'catkin_cmake_args': None, 'catkin_skip_building_tests': False, 'cmake_args': None, 'cmake_clean_cache': False, 'cmake_clean_first': False, 'cmake_force_configure': False, 'cmake_target': None, 'cmake_target_skip_unavailable': False, 'install_base': '/home/xplore/chienpanze/xre-legged-dog/xre_chienpanze/install/chienpanze_controller_interface', 'merge_install': False, 'path': '/home/xplore/chienpanze/xre-legged-dog/xre_chienpanze/src/chienpanze_controllers', 'symlink_install': False, 'test_result_base': None}
[4.467s] Level 5:colcon.colcon_core.verb:set package 'chienpanze_description' build argument 'cmake_args' from command line to 'None'
[4.468s] Level 5:colcon.colcon_core.verb:set package 'chienpanze_description' build argument 'cmake_target' from command line to 'None'
[4.468s] Level 5:colcon.colcon_core.verb:set package 'chienpanze_description' build argument 'cmake_target_skip_unavailable' from command line to 'False'
[4.468s] Level 5:colcon.colcon_core.verb:set package 'chienpanze_description' build argument 'cmake_clean_cache' from command line to 'False'
[4.468s] Level 5:colcon.colcon_core.verb:set package 'chienpanze_description' build argument 'cmake_clean_first' from command line to 'False'
[4.469s] Level 5:colcon.colcon_core.verb:set package 'chienpanze_description' build argument 'cmake_force_configure' from command line to 'False'
[4.469s] Level 5:colcon.colcon_core.verb:set package 'chienpanze_description' build argument 'ament_cmake_args' from command line to 'None'
[4.470s] Level 5:colcon.colcon_core.verb:set package 'chienpanze_description' build argument 'catkin_cmake_args' from command line to 'None'
[4.471s] Level 5:colcon.colcon_core.verb:set package 'chienpanze_description' build argument 'catkin_skip_building_tests' from command line to 'False'
[4.472s] DEBUG:colcon.colcon_core.verb:Building package 'chienpanze_description' with the following arguments: {'ament_cmake_args': None, 'build_base': '/home/xplore/chienpanze/xre-legged-dog/xre_chienpanze/build/chienpanze_description', 'catkin_cmake_args': None, 'catkin_skip_building_tests': False, 'cmake_args': None, 'cmake_clean_cache': False, 'cmake_clean_first': False, 'cmake_force_configure': False, 'cmake_target': None, 'cmake_target_skip_unavailable': False, 'install_base': '/home/xplore/chienpanze/xre-legged-dog/xre_chienpanze/install/chienpanze_description', 'merge_install': False, 'path': '/home/xplore/chienpanze/xre-legged-dog/xre_chienpanze/src/chienpanze_description', 'symlink_install': False, 'test_result_base': None}
[4.477s] Level 5:colcon.colcon_core.verb:set package 'chienpanze_hw_interface' build argument 'cmake_args' from command line to 'None'
[4.478s] Level 5:colcon.colcon_core.verb:set package 'chienpanze_hw_interface' build argument 'cmake_target' from command line to 'None'
[4.478s] Level 5:colcon.colcon_core.verb:set package 'chienpanze_hw_interface' build argument 'cmake_target_skip_unavailable' from command line to 'False'
[4.478s] Level 5:colcon.colcon_core.verb:set package 'chienpanze_hw_interface' build argument 'cmake_clean_cache' from command line to 'False'
[4.478s] Level 5:colcon.colcon_core.verb:set package 'chienpanze_hw_interface' build argument 'cmake_clean_first' from command line to 'False'
[4.479s] Level 5:colcon.colcon_core.verb:set package 'chienpanze_hw_interface' build argument 'cmake_force_configure' from command line to 'False'
[4.479s] Level 5:colcon.colcon_core.verb:set package 'chienpanze_hw_interface' build argument 'ament_cmake_args' from command line to 'None'
[4.479s] Level 5:colcon.colcon_core.verb:set package 'chienpanze_hw_interface' build argument 'catkin_cmake_args' from command line to 'None'
[4.479s] Level 5:colcon.colcon_core.verb:set package 'chienpanze_hw_interface' build argument 'catkin_skip_building_tests' from command line to 'False'
[4.479s] DEBUG:colcon.colcon_core.verb:Building package 'chienpanze_hw_interface' with the following arguments: {'ament_cmake_args': None, 'build_base': '/home/xplore/chienpanze/xre-legged-dog/xre_chienpanze/build/chienpanze_hw_interface', 'catkin_cmake_args': None, 'catkin_skip_building_tests': False, 'cmake_args': None, 'cmake_clean_cache': False, 'cmake_clean_first': False, 'cmake_force_configure': False, 'cmake_target': None, 'cmake_target_skip_unavailable': False, 'install_base': '/home/xplore/chienpanze/xre-legged-dog/xre_chienpanze/install/chienpanze_hw_interface', 'merge_install': False, 'path': '/home/xplore/chienpanze/xre-legged-dog/xre_chienpanze/src/chienpanze_hw_interface', 'symlink_install': False, 'test_result_base': None}
[4.480s] INFO:colcon.colcon_core.executor:Executing jobs using 'parallel' executor
[4.485s] DEBUG:colcon.colcon_parallel_executor.executor.parallel:run_until_complete
[4.487s] INFO:colcon.colcon_ros.task.ament_cmake.build:Building ROS package in '/home/xplore/chienpanze/xre-legged-dog/xre_chienpanze/src/chienpanze_bringup' with build type 'ament_cmake'
[4.490s] INFO:colcon.colcon_cmake.task.cmake.build:Building CMake package in '/home/xplore/chienpanze/xre-legged-dog/xre_chienpanze/src/chienpanze_bringup'
[4.517s] INFO:colcon.colcon_core.plugin_system:Skipping extension 'colcon_core.shell.bat': Not used on non-Windows systems
[4.519s] INFO:colcon.colcon_core.shell:Skip shell extension 'powershell' for command environment: Not usable outside of PowerShell
[4.520s] DEBUG:colcon.colcon_core.shell:Skip shell extension 'dsv' for command environment
[4.561s] INFO:colcon.colcon_ros.task.ament_cmake.build:Building ROS package in '/home/xplore/chienpanze/xre-legged-dog/xre_chienpanze/src/chienpanze_controllers' with build type 'ament_cmake'
[4.562s] INFO:colcon.colcon_cmake.task.cmake.build:Building CMake package in '/home/xplore/chienpanze/xre-legged-dog/xre_chienpanze/src/chienpanze_controllers'
[4.565s] INFO:colcon.colcon_core.shell:Skip shell extension 'powershell' for command environment: Not usable outside of PowerShell
[4.565s] DEBUG:colcon.colcon_core.shell:Skip shell extension 'dsv' for command environment
[4.603s] INFO:colcon.colcon_ros.task.ament_cmake.build:Building ROS package in '/home/xplore/chienpanze/xre-legged-dog/xre_chienpanze/src/chienpanze_description' with build type 'ament_cmake'
[4.603s] INFO:colcon.colcon_cmake.task.cmake.build:Building CMake package in '/home/xplore/chienpanze/xre-legged-dog/xre_chienpanze/src/chienpanze_description'
[4.605s] INFO:colcon.colcon_core.shell:Skip shell extension 'powershell' for command environment: Not usable outside of PowerShell
[4.605s] DEBUG:colcon.colcon_core.shell:Skip shell extension 'dsv' for command environment
[4.648s] INFO:colcon.colcon_ros.task.ament_cmake.build:Building ROS package in '/home/xplore/chienpanze/xre-legged-dog/xre_chienpanze/src/chienpanze_hw_interface' with build type 'ament_cmake'
[4.649s] INFO:colcon.colcon_cmake.task.cmake.build:Building CMake package in '/home/xplore/chienpanze/xre-legged-dog/xre_chienpanze/src/chienpanze_hw_interface'
[4.651s] INFO:colcon.colcon_core.shell:Skip shell extension 'powershell' for command environment: Not usable outside of PowerShell
[4.651s] DEBUG:colcon.colcon_core.shell:Skip shell extension 'dsv' for command environment
[4.724s] DEBUG:colcon.colcon_core.event_handler.log_command:Invoking command in '/home/xplore/chienpanze/xre-legged-dog/xre_chienpanze/build/chienpanze_bringup': CMAKE_PREFIX_PATH=${CMAKE_PREFIX_PATH}:/opt/ros/humble /usr/bin/cmake --build /home/xplore/chienpanze/xre-legged-dog/xre_chienpanze/build/chienpanze_bringup -- -j4 -l4
[4.785s] DEBUG:colcon.colcon_core.event_handler.log_command:Invoking command in '/home/xplore/chienpanze/xre-legged-dog/xre_chienpanze/build/chienpanze_controller_interface': CMAKE_PREFIX_PATH=${CMAKE_PREFIX_PATH}:/opt/ros/humble /usr/bin/cmake --build /home/xplore/chienpanze/xre-legged-dog/xre_chienpanze/build/chienpanze_controller_interface -- -j4 -l4
[4.857s] DEBUG:colcon.colcon_core.event_handler.log_command:Invoking command in '/home/xplore/chienpanze/xre-legged-dog/xre_chienpanze/build/chienpanze_description': CMAKE_PREFIX_PATH=${CMAKE_PREFIX_PATH}:/opt/ros/humble /usr/bin/cmake --build /home/xplore/chienpanze/xre-legged-dog/xre_chienpanze/build/chienpanze_description -- -j4 -l4
[4.923s] DEBUG:colcon.colcon_core.event_handler.log_command:Invoking command in '/home/xplore/chienpanze/xre-legged-dog/xre_chienpanze/build/chienpanze_hw_interface': CMAKE_PREFIX_PATH=${CMAKE_PREFIX_PATH}:/opt/ros/humble /usr/bin/cmake --build /home/xplore/chienpanze/xre-legged-dog/xre_chienpanze/build/chienpanze_hw_interface -- -j4 -l4
[5.435s] DEBUG:colcon.colcon_core.event_handler.log_command:Invoked command in '/home/xplore/chienpanze/xre-legged-dog/xre_chienpanze/build/chienpanze_description' returned '0': CMAKE_PREFIX_PATH=${CMAKE_PREFIX_PATH}:/opt/ros/humble /usr/bin/cmake --build /home/xplore/chienpanze/xre-legged-dog/xre_chienpanze/build/chienpanze_description -- -j4 -l4
[5.492s] DEBUG:colcon.colcon_core.event_handler.log_command:Invoked command in '/home/xplore/chienpanze/xre-legged-dog/xre_chienpanze/build/chienpanze_bringup' returned '0': CMAKE_PREFIX_PATH=${CMAKE_PREFIX_PATH}:/opt/ros/humble /usr/bin/cmake --build /home/xplore/chienpanze/xre-legged-dog/xre_chienpanze/build/chienpanze_bringup -- -j4 -l4
[5.702s] DEBUG:colcon.colcon_core.event_handler.log_command:Invoked command in '/home/xplore/chienpanze/xre-legged-dog/xre_chienpanze/build/chienpanze_hw_interface' returned '0': CMAKE_PREFIX_PATH=${CMAKE_PREFIX_PATH}:/opt/ros/humble /usr/bin/cmake --build /home/xplore/chienpanze/xre-legged-dog/xre_chienpanze/build/chienpanze_hw_interface -- -j4 -l4
[5.947s] DEBUG:colcon.colcon_core.event_handler.log_command:Invoking command in '/home/xplore/chienpanze/xre-legged-dog/xre_chienpanze/build/chienpanze_description': CMAKE_PREFIX_PATH=${CMAKE_PREFIX_PATH}:/opt/ros/humble /usr/bin/cmake --install /home/xplore/chienpanze/xre-legged-dog/xre_chienpanze/build/chienpanze_description
[6.062s] DEBUG:colcon.colcon_core.event_handler.log_command:Invoking command in '/home/xplore/chienpanze/xre-legged-dog/xre_chienpanze/build/chienpanze_bringup': CMAKE_PREFIX_PATH=${CMAKE_PREFIX_PATH}:/opt/ros/humble /usr/bin/cmake --install /home/xplore/chienpanze/xre-legged-dog/xre_chienpanze/build/chienpanze_bringup
[6.187s] Level 1:colcon.colcon_core.environment:create_environment_scripts_only(chienpanze_description)
[6.276s] Level 1:colcon.colcon_core.environment:checking '/home/xplore/chienpanze/xre-legged-dog/xre_chienpanze/install/chienpanze_description' for CMake module files
[6.285s] DEBUG:colcon.colcon_core.event_handler.log_command:Invoking command in '/home/xplore/chienpanze/xre-legged-dog/xre_chienpanze/build/chienpanze_hw_interface': CMAKE_PREFIX_PATH=${CMAKE_PREFIX_PATH}:/opt/ros/humble /usr/bin/cmake --install /home/xplore/chienpanze/xre-legged-dog/xre_chienpanze/build/chienpanze_hw_interface
[6.324s] DEBUG:colcon.colcon_core.event_handler.log_command:Invoked command in '/home/xplore/chienpanze/xre-legged-dog/xre_chienpanze/build/chienpanze_description' returned '0': CMAKE_PREFIX_PATH=${CMAKE_PREFIX_PATH}:/opt/ros/humble /usr/bin/cmake --install /home/xplore/chienpanze/xre-legged-dog/xre_chienpanze/build/chienpanze_description
[6.343s] Level 1:colcon.colcon_core.environment:checking '/home/xplore/chienpanze/xre-legged-dog/xre_chienpanze/install/chienpanze_description' for CMake config files
[6.388s] Level 1:colcon.colcon_core.shell:create_environment_hook('chienpanze_description', 'cmake_prefix_path')
[6.393s] INFO:colcon.colcon_core.shell:Creating environment hook '/home/xplore/chienpanze/xre-legged-dog/xre_chienpanze/install/chienpanze_description/share/chienpanze_description/hook/cmake_prefix_path.ps1'
[6.408s] INFO:colcon.colcon_core.shell:Creating environment descriptor '/home/xplore/chienpanze/xre-legged-dog/xre_chienpanze/install/chienpanze_description/share/chienpanze_description/hook/cmake_prefix_path.dsv'
[6.425s] INFO:colcon.colcon_core.shell:Creating environment hook '/home/xplore/chienpanze/xre-legged-dog/xre_chienpanze/install/chienpanze_description/share/chienpanze_description/hook/cmake_prefix_path.sh'
[6.443s] Level 1:colcon.colcon_core.environment:checking '/home/xplore/chienpanze/xre-legged-dog/xre_chienpanze/install/chienpanze_description/bin'
[6.443s] Level 1:colcon.colcon_core.environment:checking '/home/xplore/chienpanze/xre-legged-dog/xre_chienpanze/install/chienpanze_description/lib/pkgconfig/chienpanze_description.pc'
[6.449s] Level 1:colcon.colcon_core.environment:checking '/home/xplore/chienpanze/xre-legged-dog/xre_chienpanze/install/chienpanze_description/lib/python3.10/site-packages'
[6.453s] Level 1:colcon.colcon_core.environment:checking '/home/xplore/chienpanze/xre-legged-dog/xre_chienpanze/install/chienpanze_description/bin'
[6.458s] INFO:colcon.colcon_core.shell:Creating package script '/home/xplore/chienpanze/xre-legged-dog/xre_chienpanze/install/chienpanze_description/share/chienpanze_description/package.ps1'
[6.473s] INFO:colcon.colcon_core.shell:Creating package descriptor '/home/xplore/chienpanze/xre-legged-dog/xre_chienpanze/install/chienpanze_description/share/chienpanze_description/package.dsv'
[6.483s] INFO:colcon.colcon_core.shell:Creating package script '/home/xplore/chienpanze/xre-legged-dog/xre_chienpanze/install/chienpanze_description/share/chienpanze_description/package.sh'
[6.498s] INFO:colcon.colcon_core.shell:Creating package script '/home/xplore/chienpanze/xre-legged-dog/xre_chienpanze/install/chienpanze_description/share/chienpanze_description/package.bash'
[6.510s] INFO:colcon.colcon_core.shell:Creating package script '/home/xplore/chienpanze/xre-legged-dog/xre_chienpanze/install/chienpanze_description/share/chienpanze_description/package.zsh'
[6.523s] Level 1:colcon.colcon_core.environment:create_file_with_runtime_dependencies(/home/xplore/chienpanze/xre-legged-dog/xre_chienpanze/install/chienpanze_description/share/colcon-core/packages/chienpanze_description)
[6.552s] Level 1:colcon.colcon_core.environment:create_environment_scripts_only(chienpanze_bringup)
[6.556s] Level 1:colcon.colcon_core.environment:checking '/home/xplore/chienpanze/xre-legged-dog/xre_chienpanze/install/chienpanze_bringup' for CMake module files
[6.558s] DEBUG:colcon.colcon_core.event_handler.log_command:Invoked command in '/home/xplore/chienpanze/xre-legged-dog/xre_chienpanze/build/chienpanze_bringup' returned '0': CMAKE_PREFIX_PATH=${CMAKE_PREFIX_PATH}:/opt/ros/humble /usr/bin/cmake --install /home/xplore/chienpanze/xre-legged-dog/xre_chienpanze/build/chienpanze_bringup
[6.566s] Level 1:colcon.colcon_core.environment:checking '/home/xplore/chienpanze/xre-legged-dog/xre_chienpanze/install/chienpanze_bringup' for CMake config files
[6.571s] Level 1:colcon.colcon_core.shell:create_environment_hook('chienpanze_bringup', 'cmake_prefix_path')
[6.574s] INFO:colcon.colcon_core.shell:Creating environment hook '/home/xplore/chienpanze/xre-legged-dog/xre_chienpanze/install/chienpanze_bringup/share/chienpanze_bringup/hook/cmake_prefix_path.ps1'
[6.586s] INFO:colcon.colcon_core.shell:Creating environment descriptor '/home/xplore/chienpanze/xre-legged-dog/xre_chienpanze/install/chienpanze_bringup/share/chienpanze_bringup/hook/cmake_prefix_path.dsv'
[6.589s] INFO:colcon.colcon_core.shell:Creating environment hook '/home/xplore/chienpanze/xre-legged-dog/xre_chienpanze/install/chienpanze_bringup/share/chienpanze_bringup/hook/cmake_prefix_path.sh'
[6.597s] Level 1:colcon.colcon_core.environment:checking '/home/xplore/chienpanze/xre-legged-dog/xre_chienpanze/install/chienpanze_bringup/bin'
[6.598s] Level 1:colcon.colcon_core.environment:checking '/home/xplore/chienpanze/xre-legged-dog/xre_chienpanze/install/chienpanze_bringup/lib/pkgconfig/chienpanze_bringup.pc'
[6.600s] Level 1:colcon.colcon_core.environment:checking '/home/xplore/chienpanze/xre-legged-dog/xre_chienpanze/install/chienpanze_bringup/lib/python3.10/site-packages'
[6.602s] Level 1:colcon.colcon_core.environment:checking '/home/xplore/chienpanze/xre-legged-dog/xre_chienpanze/install/chienpanze_bringup/bin'
[6.604s] INFO:colcon.colcon_core.shell:Creating package script '/home/xplore/chienpanze/xre-legged-dog/xre_chienpanze/install/chienpanze_bringup/share/chienpanze_bringup/package.ps1'
[6.615s] INFO:colcon.colcon_core.shell:Creating package descriptor '/home/xplore/chienpanze/xre-legged-dog/xre_chienpanze/install/chienpanze_bringup/share/chienpanze_bringup/package.dsv'
[6.623s] INFO:colcon.colcon_core.shell:Creating package script '/home/xplore/chienpanze/xre-legged-dog/xre_chienpanze/install/chienpanze_bringup/share/chienpanze_bringup/package.sh'
[6.626s] INFO:colcon.colcon_core.shell:Creating package script '/home/xplore/chienpanze/xre-legged-dog/xre_chienpanze/install/chienpanze_bringup/share/chienpanze_bringup/package.bash'
[6.629s] INFO:colcon.colcon_core.shell:Creating package script '/home/xplore/chienpanze/xre-legged-dog/xre_chienpanze/install/chienpanze_bringup/share/chienpanze_bringup/package.zsh'
[6.639s] Level 1:colcon.colcon_core.environment:create_file_with_runtime_dependencies(/home/xplore/chienpanze/xre-legged-dog/xre_chienpanze/install/chienpanze_bringup/share/colcon-core/packages/chienpanze_bringup)
[6.657s] Level 1:colcon.colcon_core.environment:create_environment_scripts_only(chienpanze_hw_interface)
[6.669s] Level 1:colcon.colcon_core.environment:checking '/home/xplore/chienpanze/xre-legged-dog/xre_chienpanze/install/chienpanze_hw_interface' for CMake module files
[6.681s] DEBUG:colcon.colcon_core.event_handler.log_command:Invoked command in '/home/xplore/chienpanze/xre-legged-dog/xre_chienpanze/build/chienpanze_hw_interface' returned '0': CMAKE_PREFIX_PATH=${CMAKE_PREFIX_PATH}:/opt/ros/humble /usr/bin/cmake --install /home/xplore/chienpanze/xre-legged-dog/xre_chienpanze/build/chienpanze_hw_interface
[6.694s] Level 1:colcon.colcon_core.environment:checking '/home/xplore/chienpanze/xre-legged-dog/xre_chienpanze/install/chienpanze_hw_interface' for CMake config files
[6.712s] Level 1:colcon.colcon_core.shell:create_environment_hook('chienpanze_hw_interface', 'cmake_prefix_path')
[6.713s] INFO:colcon.colcon_core.shell:Creating environment hook '/home/xplore/chienpanze/xre-legged-dog/xre_chienpanze/install/chienpanze_hw_interface/share/chienpanze_hw_interface/hook/cmake_prefix_path.ps1'
[6.728s] INFO:colcon.colcon_core.shell:Creating environment descriptor '/home/xplore/chienpanze/xre-legged-dog/xre_chienpanze/install/chienpanze_hw_interface/share/chienpanze_hw_interface/hook/cmake_prefix_path.dsv'
[6.741s] INFO:colcon.colcon_core.shell:Creating environment hook '/home/xplore/chienpanze/xre-legged-dog/xre_chienpanze/install/chienpanze_hw_interface/share/chienpanze_hw_interface/hook/cmake_prefix_path.sh'
[6.752s] Level 1:colcon.colcon_core.environment:checking '/home/xplore/chienpanze/xre-legged-dog/xre_chienpanze/install/chienpanze_hw_interface/lib'
[6.753s] Level 1:colcon.colcon_core.shell:create_environment_hook('chienpanze_hw_interface', 'ld_library_path_lib')
[6.755s] INFO:colcon.colcon_core.shell:Creating environment hook '/home/xplore/chienpanze/xre-legged-dog/xre_chienpanze/install/chienpanze_hw_interface/share/chienpanze_hw_interface/hook/ld_library_path_lib.ps1'
[6.761s] INFO:colcon.colcon_core.shell:Creating environment descriptor '/home/xplore/chienpanze/xre-legged-dog/xre_chienpanze/install/chienpanze_hw_interface/share/chienpanze_hw_interface/hook/ld_library_path_lib.dsv'
[6.766s] INFO:colcon.colcon_core.shell:Creating environment hook '/home/xplore/chienpanze/xre-legged-dog/xre_chienpanze/install/chienpanze_hw_interface/share/chienpanze_hw_interface/hook/ld_library_path_lib.sh'
[6.770s] Level 1:colcon.colcon_core.environment:checking '/home/xplore/chienpanze/xre-legged-dog/xre_chienpanze/install/chienpanze_hw_interface/bin'
[6.770s] Level 1:colcon.colcon_core.environment:checking '/home/xplore/chienpanze/xre-legged-dog/xre_chienpanze/install/chienpanze_hw_interface/lib/pkgconfig/chienpanze_hw_interface.pc'
[6.772s] Level 1:colcon.colcon_core.environment:checking '/home/xplore/chienpanze/xre-legged-dog/xre_chienpanze/install/chienpanze_hw_interface/lib/python3.10/site-packages'
[6.776s] Level 1:colcon.colcon_core.environment:checking '/home/xplore/chienpanze/xre-legged-dog/xre_chienpanze/install/chienpanze_hw_interface/bin'
[6.779s] INFO:colcon.colcon_core.shell:Creating package script '/home/xplore/chienpanze/xre-legged-dog/xre_chienpanze/install/chienpanze_hw_interface/share/chienpanze_hw_interface/package.ps1'
[6.789s] INFO:colcon.colcon_core.shell:Creating package descriptor '/home/xplore/chienpanze/xre-legged-dog/xre_chienpanze/install/chienpanze_hw_interface/share/chienpanze_hw_interface/package.dsv'
[6.802s] INFO:colcon.colcon_core.shell:Creating package script '/home/xplore/chienpanze/xre-legged-dog/xre_chienpanze/install/chienpanze_hw_interface/share/chienpanze_hw_interface/package.sh'
[6.810s] INFO:colcon.colcon_core.shell:Creating package script '/home/xplore/chienpanze/xre-legged-dog/xre_chienpanze/install/chienpanze_hw_interface/share/chienpanze_hw_interface/package.bash'
[6.817s] INFO:colcon.colcon_core.shell:Creating package script '/home/xplore/chienpanze/xre-legged-dog/xre_chienpanze/install/chienpanze_hw_interface/share/chienpanze_hw_interface/package.zsh'
[6.823s] Level 1:colcon.colcon_core.environment:create_file_with_runtime_dependencies(/home/xplore/chienpanze/xre-legged-dog/xre_chienpanze/install/chienpanze_hw_interface/share/colcon-core/packages/chienpanze_hw_interface)
[6.865s] Level 1:colcon.colcon_core.environment:create_environment_scripts_only(chienpanze_description)
[6.875s] Level 1:colcon.colcon_core.environment:checking '/home/xplore/chienpanze/xre-legged-dog/xre_chienpanze/install/chienpanze_description' for CMake module files
[6.888s] Level 1:colcon.colcon_core.environment:checking '/home/xplore/chienpanze/xre-legged-dog/xre_chienpanze/install/chienpanze_description' for CMake config files
[6.906s] Level 1:colcon.colcon_core.shell:create_environment_hook('chienpanze_description', 'cmake_prefix_path')
[6.910s] INFO:colcon.colcon_core.shell:Creating environment hook '/home/xplore/chienpanze/xre-legged-dog/xre_chienpanze/install/chienpanze_description/share/chienpanze_description/hook/cmake_prefix_path.ps1'
[6.922s] INFO:colcon.colcon_core.shell:Creating environment descriptor '/home/xplore/chienpanze/xre-legged-dog/xre_chienpanze/install/chienpanze_description/share/chienpanze_description/hook/cmake_prefix_path.dsv'
[6.930s] INFO:colcon.colcon_core.shell:Creating environment hook '/home/xplore/chienpanze/xre-legged-dog/xre_chienpanze/install/chienpanze_description/share/chienpanze_description/hook/cmake_prefix_path.sh'
[6.946s] Level 1:colcon.colcon_core.environment:checking '/home/xplore/chienpanze/xre-legged-dog/xre_chienpanze/install/chienpanze_description/bin'
[6.947s] Level 1:colcon.colcon_core.environment:checking '/home/xplore/chienpanze/xre-legged-dog/xre_chienpanze/install/chienpanze_description/lib/pkgconfig/chienpanze_description.pc'
[6.949s] Level 1:colcon.colcon_core.environment:checking '/home/xplore/chienpanze/xre-legged-dog/xre_chienpanze/install/chienpanze_description/lib/python3.10/site-packages'
[6.958s] Level 1:colcon.colcon_core.environment:checking '/home/xplore/chienpanze/xre-legged-dog/xre_chienpanze/install/chienpanze_description/bin'
[6.960s] INFO:colcon.colcon_core.shell:Creating package script '/home/xplore/chienpanze/xre-legged-dog/xre_chienpanze/install/chienpanze_description/share/chienpanze_description/package.ps1'
[6.970s] INFO:colcon.colcon_core.shell:Creating package descriptor '/home/xplore/chienpanze/xre-legged-dog/xre_chienpanze/install/chienpanze_description/share/chienpanze_description/package.dsv'
[6.973s] INFO:colcon.colcon_core.shell:Creating package script '/home/xplore/chienpanze/xre-legged-dog/xre_chienpanze/install/chienpanze_description/share/chienpanze_description/package.sh'
[6.978s] INFO:colcon.colcon_core.shell:Creating package script '/home/xplore/chienpanze/xre-legged-dog/xre_chienpanze/install/chienpanze_description/share/chienpanze_description/package.bash'
[6.981s] INFO:colcon.colcon_core.shell:Creating package script '/home/xplore/chienpanze/xre-legged-dog/xre_chienpanze/install/chienpanze_description/share/chienpanze_description/package.zsh'
[6.984s] Level 1:colcon.colcon_core.environment:create_file_with_runtime_dependencies(/home/xplore/chienpanze/xre-legged-dog/xre_chienpanze/install/chienpanze_description/share/colcon-core/packages/chienpanze_description)
[7.053s] Level 1:colcon.colcon_core.environment:create_environment_scripts_only(chienpanze_bringup)
[7.057s] Level 1:colcon.colcon_core.environment:checking '/home/xplore/chienpanze/xre-legged-dog/xre_chienpanze/install/chienpanze_bringup' for CMake module files
[7.067s] Level 1:colcon.colcon_core.environment:checking '/home/xplore/chienpanze/xre-legged-dog/xre_chienpanze/install/chienpanze_bringup' for CMake config files
[7.077s] Level 1:colcon.colcon_core.shell:create_environment_hook('chienpanze_bringup', 'cmake_prefix_path')
[7.078s] INFO:colcon.colcon_core.shell:Creating environment hook '/home/xplore/chienpanze/xre-legged-dog/xre_chienpanze/install/chienpanze_bringup/share/chienpanze_bringup/hook/cmake_prefix_path.ps1'
[7.088s] INFO:colcon.colcon_core.shell:Creating environment descriptor '/home/xplore/chienpanze/xre-legged-dog/xre_chienpanze/install/chienpanze_bringup/share/chienpanze_bringup/hook/cmake_prefix_path.dsv'
[7.095s] INFO:colcon.colcon_core.shell:Creating environment hook '/home/xplore/chienpanze/xre-legged-dog/xre_chienpanze/install/chienpanze_bringup/share/chienpanze_bringup/hook/cmake_prefix_path.sh'
[7.107s] Level 1:colcon.colcon_core.environment:checking '/home/xplore/chienpanze/xre-legged-dog/xre_chienpanze/install/chienpanze_bringup/bin'
[7.107s] Level 1:colcon.colcon_core.environment:checking '/home/xplore/chienpanze/xre-legged-dog/xre_chienpanze/install/chienpanze_bringup/lib/pkgconfig/chienpanze_bringup.pc'
[7.109s] Level 1:colcon.colcon_core.environment:checking '/home/xplore/chienpanze/xre-legged-dog/xre_chienpanze/install/chienpanze_bringup/lib/python3.10/site-packages'
[7.115s] Level 1:colcon.colcon_core.environment:checking '/home/xplore/chienpanze/xre-legged-dog/xre_chienpanze/install/chienpanze_bringup/bin'
[7.120s] INFO:colcon.colcon_core.shell:Creating package script '/home/xplore/chienpanze/xre-legged-dog/xre_chienpanze/install/chienpanze_bringup/share/chienpanze_bringup/package.ps1'
[7.129s] INFO:colcon.colcon_core.shell:Creating package descriptor '/home/xplore/chienpanze/xre-legged-dog/xre_chienpanze/install/chienpanze_bringup/share/chienpanze_bringup/package.dsv'
[7.137s] INFO:colcon.colcon_core.shell:Creating package script '/home/xplore/chienpanze/xre-legged-dog/xre_chienpanze/install/chienpanze_bringup/share/chienpanze_bringup/package.sh'
[7.147s] INFO:colcon.colcon_core.shell:Creating package script '/home/xplore/chienpanze/xre-legged-dog/xre_chienpanze/install/chienpanze_bringup/share/chienpanze_bringup/package.bash'
[7.155s] INFO:colcon.colcon_core.shell:Creating package script '/home/xplore/chienpanze/xre-legged-dog/xre_chienpanze/install/chienpanze_bringup/share/chienpanze_bringup/package.zsh'
[7.162s] Level 1:colcon.colcon_core.environment:create_file_with_runtime_dependencies(/home/xplore/chienpanze/xre-legged-dog/xre_chienpanze/install/chienpanze_bringup/share/colcon-core/packages/chienpanze_bringup)
[7.167s] Level 1:colcon.colcon_core.environment:create_environment_scripts_only(chienpanze_hw_interface)
[7.169s] Level 1:colcon.colcon_core.environment:checking '/home/xplore/chienpanze/xre-legged-dog/xre_chienpanze/install/chienpanze_hw_interface' for CMake module files
[7.179s] Level 1:colcon.colcon_core.environment:checking '/home/xplore/chienpanze/xre-legged-dog/xre_chienpanze/install/chienpanze_hw_interface' for CMake config files
[7.184s] Level 1:colcon.colcon_core.shell:create_environment_hook('chienpanze_hw_interface', 'cmake_prefix_path')
[7.186s] INFO:colcon.colcon_core.shell:Creating environment hook '/home/xplore/chienpanze/xre-legged-dog/xre_chienpanze/install/chienpanze_hw_interface/share/chienpanze_hw_interface/hook/cmake_prefix_path.ps1'
[7.189s] INFO:colcon.colcon_core.shell:Creating environment descriptor '/home/xplore/chienpanze/xre-legged-dog/xre_chienpanze/install/chienpanze_hw_interface/share/chienpanze_hw_interface/hook/cmake_prefix_path.dsv'
[7.193s] INFO:colcon.colcon_core.shell:Creating environment hook '/home/xplore/chienpanze/xre-legged-dog/xre_chienpanze/install/chienpanze_hw_interface/share/chienpanze_hw_interface/hook/cmake_prefix_path.sh'
[7.198s] Level 1:colcon.colcon_core.environment:checking '/home/xplore/chienpanze/xre-legged-dog/xre_chienpanze/install/chienpanze_hw_interface/lib'
[7.199s] Level 1:colcon.colcon_core.shell:create_environment_hook('chienpanze_hw_interface', 'ld_library_path_lib')
[7.201s] INFO:colcon.colcon_core.shell:Creating environment hook '/home/xplore/chienpanze/xre-legged-dog/xre_chienpanze/install/chienpanze_hw_interface/share/chienpanze_hw_interface/hook/ld_library_path_lib.ps1'
[7.204s] INFO:colcon.colcon_core.shell:Creating environment descriptor '/home/xplore/chienpanze/xre-legged-dog/xre_chienpanze/install/chienpanze_hw_interface/share/chienpanze_hw_interface/hook/ld_library_path_lib.dsv'
[7.207s] INFO:colcon.colcon_core.shell:Creating environment hook '/home/xplore/chienpanze/xre-legged-dog/xre_chienpanze/install/chienpanze_hw_interface/share/chienpanze_hw_interface/hook/ld_library_path_lib.sh'
[7.211s] Level 1:colcon.colcon_core.environment:checking '/home/xplore/chienpanze/xre-legged-dog/xre_chienpanze/install/chienpanze_hw_interface/bin'
[7.212s] Level 1:colcon.colcon_core.environment:checking '/home/xplore/chienpanze/xre-legged-dog/xre_chienpanze/install/chienpanze_hw_interface/lib/pkgconfig/chienpanze_hw_interface.pc'
[7.214s] Level 1:colcon.colcon_core.environment:checking '/home/xplore/chienpanze/xre-legged-dog/xre_chienpanze/install/chienpanze_hw_interface/lib/python3.10/site-packages'
[7.216s] Level 1:colcon.colcon_core.environment:checking '/home/xplore/chienpanze/xre-legged-dog/xre_chienpanze/install/chienpanze_hw_interface/bin'
[7.218s] INFO:colcon.colcon_core.shell:Creating package script '/home/xplore/chienpanze/xre-legged-dog/xre_chienpanze/install/chienpanze_hw_interface/share/chienpanze_hw_interface/package.ps1'
[7.224s] INFO:colcon.colcon_core.shell:Creating package descriptor '/home/xplore/chienpanze/xre-legged-dog/xre_chienpanze/install/chienpanze_hw_interface/share/chienpanze_hw_interface/package.dsv'
[7.228s] INFO:colcon.colcon_core.shell:Creating package script '/home/xplore/chienpanze/xre-legged-dog/xre_chienpanze/install/chienpanze_hw_interface/share/chienpanze_hw_interface/package.sh'
[7.233s] INFO:colcon.colcon_core.shell:Creating package script '/home/xplore/chienpanze/xre-legged-dog/xre_chienpanze/install/chienpanze_hw_interface/share/chienpanze_hw_interface/package.bash'
[7.238s] INFO:colcon.colcon_core.shell:Creating package script '/home/xplore/chienpanze/xre-legged-dog/xre_chienpanze/install/chienpanze_hw_interface/share/chienpanze_hw_interface/package.zsh'
[7.242s] Level 1:colcon.colcon_core.environment:create_file_with_runtime_dependencies(/home/xplore/chienpanze/xre-legged-dog/xre_chienpanze/install/chienpanze_hw_interface/share/colcon-core/packages/chienpanze_hw_interface)
[35.707s] DEBUG:colcon.colcon_core.event_handler.log_command:Invoked command in '/home/xplore/chienpanze/xre-legged-dog/xre_chienpanze/build/chienpanze_controller_interface' returned '0': CMAKE_PREFIX_PATH=${CMAKE_PREFIX_PATH}:/opt/ros/humble /usr/bin/cmake --build /home/xplore/chienpanze/xre-legged-dog/xre_chienpanze/build/chienpanze_controller_interface -- -j4 -l4
[35.944s] DEBUG:colcon.colcon_core.event_handler.log_command:Invoking command in '/home/xplore/chienpanze/xre-legged-dog/xre_chienpanze/build/chienpanze_controller_interface': CMAKE_PREFIX_PATH=${CMAKE_PREFIX_PATH}:/opt/ros/humble /usr/bin/cmake --install /home/xplore/chienpanze/xre-legged-dog/xre_chienpanze/build/chienpanze_controller_interface
[36.037s] DEBUG:colcon.colcon_core.event_handler.log_command:Invoked command in '/home/xplore/chienpanze/xre-legged-dog/xre_chienpanze/build/chienpanze_controller_interface' returned '1': CMAKE_PREFIX_PATH=${CMAKE_PREFIX_PATH}:/opt/ros/humble /usr/bin/cmake --install /home/xplore/chienpanze/xre-legged-dog/xre_chienpanze/build/chienpanze_controller_interface
[36.276s] Level 1:colcon.colcon_core.environment:create_environment_scripts_only(chienpanze_controller_interface)
[36.278s] Level 1:colcon.colcon_core.environment:checking '/home/xplore/chienpanze/xre-legged-dog/xre_chienpanze/install/chienpanze_controller_interface' for CMake module files
[36.285s] Level 1:colcon.colcon_core.environment:checking '/home/xplore/chienpanze/xre-legged-dog/xre_chienpanze/install/chienpanze_controller_interface' for CMake config files
[36.293s] Level 1:colcon.colcon_core.environment:checking '/home/xplore/chienpanze/xre-legged-dog/xre_chienpanze/install/chienpanze_controller_interface/lib'
[36.295s] Level 1:colcon.colcon_core.shell:create_environment_hook('chienpanze_controller_interface', 'ld_library_path_lib')
[36.296s] INFO:colcon.colcon_core.shell:Creating environment hook '/home/xplore/chienpanze/xre-legged-dog/xre_chienpanze/install/chienpanze_controller_interface/share/chienpanze_controller_interface/hook/ld_library_path_lib.ps1'
[36.300s] INFO:colcon.colcon_core.shell:Creating environment descriptor '/home/xplore/chienpanze/xre-legged-dog/xre_chienpanze/install/chienpanze_controller_interface/share/chienpanze_controller_interface/hook/ld_library_path_lib.dsv'
[36.304s] INFO:colcon.colcon_core.shell:Creating environment hook '/home/xplore/chienpanze/xre-legged-dog/xre_chienpanze/install/chienpanze_controller_interface/share/chienpanze_controller_interface/hook/ld_library_path_lib.sh'
[36.310s] Level 1:colcon.colcon_core.environment:checking '/home/xplore/chienpanze/xre-legged-dog/xre_chienpanze/install/chienpanze_controller_interface/bin'
[36.311s] Level 1:colcon.colcon_core.environment:checking '/home/xplore/chienpanze/xre-legged-dog/xre_chienpanze/install/chienpanze_controller_interface/lib/pkgconfig/chienpanze_controller_interface.pc'
[36.313s] Level 1:colcon.colcon_core.environment:checking '/home/xplore/chienpanze/xre-legged-dog/xre_chienpanze/install/chienpanze_controller_interface/lib/python3.10/site-packages'
[36.318s] Level 1:colcon.colcon_core.environment:checking '/home/xplore/chienpanze/xre-legged-dog/xre_chienpanze/install/chienpanze_controller_interface/bin'
[36.325s] INFO:colcon.colcon_core.shell:Creating package script '/home/xplore/chienpanze/xre-legged-dog/xre_chienpanze/install/chienpanze_controller_interface/share/chienpanze_controller_interface/package.ps1'
[36.340s] INFO:colcon.colcon_core.shell:Creating package descriptor '/home/xplore/chienpanze/xre-legged-dog/xre_chienpanze/install/chienpanze_controller_interface/share/chienpanze_controller_interface/package.dsv'
[36.345s] INFO:colcon.colcon_core.shell:Creating package script '/home/xplore/chienpanze/xre-legged-dog/xre_chienpanze/install/chienpanze_controller_interface/share/chienpanze_controller_interface/package.sh'
[36.350s] INFO:colcon.colcon_core.shell:Creating package script '/home/xplore/chienpanze/xre-legged-dog/xre_chienpanze/install/chienpanze_controller_interface/share/chienpanze_controller_interface/package.bash'
[36.357s] INFO:colcon.colcon_core.shell:Creating package script '/home/xplore/chienpanze/xre-legged-dog/xre_chienpanze/install/chienpanze_controller_interface/share/chienpanze_controller_interface/package.zsh'
[36.361s] Level 1:colcon.colcon_core.environment:create_file_with_runtime_dependencies(/home/xplore/chienpanze/xre-legged-dog/xre_chienpanze/install/chienpanze_controller_interface/share/colcon-core/packages/chienpanze_controller_interface)
[36.376s] DEBUG:colcon.colcon_parallel_executor.executor.parallel:closing loop
[36.377s] DEBUG:colcon.colcon_parallel_executor.executor.parallel:loop closed
[36.378s] DEBUG:colcon.colcon_parallel_executor.executor.parallel:run_until_complete finished with '1'
[36.378s] DEBUG:colcon.colcon_core.event_reactor:joining thread
[36.431s] INFO:colcon.colcon_core.plugin_system:Skipping extension 'colcon_notification.desktop_notification.terminal_notifier': Not used on non-Darwin systems
[36.432s] INFO:colcon.colcon_core.plugin_system:Skipping extension 'colcon_notification.desktop_notification.win32': Not used on non-Windows systems
[36.432s] INFO:colcon.colcon_notification.desktop_notification:Sending desktop notification using 'notify2'
[36.622s] DEBUG:colcon.colcon_core.event_reactor:joined thread
[36.624s] INFO:colcon.colcon_core.shell:Creating prefix script '/home/xplore/chienpanze/xre-legged-dog/xre_chienpanze/install/local_setup.ps1'
[36.633s] INFO:colcon.colcon_core.shell:Creating prefix util module '/home/xplore/chienpanze/xre-legged-dog/xre_chienpanze/install/_local_setup_util_ps1.py'
[36.645s] INFO:colcon.colcon_core.shell:Creating prefix chain script '/home/xplore/chienpanze/xre-legged-dog/xre_chienpanze/install/setup.ps1'
[36.659s] INFO:colcon.colcon_core.shell:Creating prefix script '/home/xplore/chienpanze/xre-legged-dog/xre_chienpanze/install/local_setup.sh'
[36.664s] INFO:colcon.colcon_core.shell:Creating prefix util module '/home/xplore/chienpanze/xre-legged-dog/xre_chienpanze/install/_local_setup_util_sh.py'
[36.668s] INFO:colcon.colcon_core.shell:Creating prefix chain script '/home/xplore/chienpanze/xre-legged-dog/xre_chienpanze/install/setup.sh'
[36.681s] INFO:colcon.colcon_core.shell:Creating prefix script '/home/xplore/chienpanze/xre-legged-dog/xre_chienpanze/install/local_setup.bash'
[36.686s] INFO:colcon.colcon_core.shell:Creating prefix chain script '/home/xplore/chienpanze/xre-legged-dog/xre_chienpanze/install/setup.bash'
[36.696s] INFO:colcon.colcon_core.shell:Creating prefix script '/home/xplore/chienpanze/xre-legged-dog/xre_chienpanze/install/local_setup.zsh'
[36.701s] INFO:colcon.colcon_core.shell:Creating prefix chain script '/home/xplore/chienpanze/xre-legged-dog/xre_chienpanze/install/setup.zsh'
