[0.281s] Invoking command in '/home/xplore/chienpanze/xre-legged-dog/xre_chienpanze/build/chienpanze_bringup': CMAKE_PREFIX_PATH=/home/xplore/chienpanze/xre-legged-dog/xre_chienpanze/install/chienpanze_description:/home/xplore/chienpanze/xre-legged-dog/xre_chienpanze/install/chienpanze_hw_interface:/home/xplore/chienpanze/xre-legged-dog/xre_chienpanze/install/chienpanze_bringup:/home/xplore/chienpanze/xre-legged-dog/xre_chienpanze/install/chienpanze_controller_manager:/home/xplore/chienpanze/xre-legged-dog/xre_chienpanze/install/chienpanze_controller_interface:/opt/ros/humble /usr/bin/cmake --build /home/xplore/chienpanze/xre-legged-dog/xre_chienpanze/build/chienpanze_bringup -- -j4 -l4
[0.870s] Invoked command in '/home/xplore/chienpanze/xre-legged-dog/xre_chienpanze/build/chienpanze_bringup' returned '0': CMAKE_PREFIX_PATH=/home/xplore/chienpanze/xre-legged-dog/xre_chienpanze/install/chienpanze_description:/home/xplore/chienpanze/xre-legged-dog/xre_chienpanze/install/chienpanze_hw_interface:/home/xplore/chienpanze/xre-legged-dog/xre_chienpanze/install/chienpanze_bringup:/home/xplore/chienpanze/xre-legged-dog/xre_chienpanze/install/chienpanze_controller_manager:/home/xplore/chienpanze/xre-legged-dog/xre_chienpanze/install/chienpanze_controller_interface:/opt/ros/humble /usr/bin/cmake --build /home/xplore/chienpanze/xre-legged-dog/xre_chienpanze/build/chienpanze_bringup -- -j4 -l4
[1.124s] Invoking command in '/home/xplore/chienpanze/xre-legged-dog/xre_chienpanze/build/chienpanze_bringup': CMAKE_PREFIX_PATH=/home/xplore/chienpanze/xre-legged-dog/xre_chienpanze/install/chienpanze_description:/home/xplore/chienpanze/xre-legged-dog/xre_chienpanze/install/chienpanze_hw_interface:/home/xplore/chienpanze/xre-legged-dog/xre_chienpanze/install/chienpanze_bringup:/home/xplore/chienpanze/xre-legged-dog/xre_chienpanze/install/chienpanze_controller_manager:/home/xplore/chienpanze/xre-legged-dog/xre_chienpanze/install/chienpanze_controller_interface:/opt/ros/humble /usr/bin/cmake --install /home/xplore/chienpanze/xre-legged-dog/xre_chienpanze/build/chienpanze_bringup
[1.171s] -- Install configuration: ""
[1.172s] -- Up-to-date: /home/xplore/chienpanze/xre-legged-dog/xre_chienpanze/install/chienpanze_bringup/share/chienpanze_bringup/config
[1.253s] -- Up-to-date: /home/xplore/chienpanze/xre-legged-dog/xre_chienpanze/install/chienpanze_bringup/share/chienpanze_bringup/config/test_goal_publishers_config.yaml
[1.254s] -- Installing: /home/xplore/chienpanze/xre-legged-dog/xre_chienpanze/install/chienpanze_bringup/share/chienpanze_bringup/config/chienpanze_controllers.yaml
[1.254s] -- Up-to-date: /home/xplore/chienpanze/xre-legged-dog/xre_chienpanze/install/chienpanze_bringup/share/chienpanze_bringup
[1.255s] -- Up-to-date: /home/xplore/chienpanze/xre-legged-dog/xre_chienpanze/install/chienpanze_bringup/share/chienpanze_bringup/test_joint_trajectory_controller.launch.py
[1.256s] -- Installing: /home/xplore/chienpanze/xre-legged-dog/xre_chienpanze/install/chienpanze_bringup/share/chienpanze_bringup/chienpanze.launch.py
[1.258s] -- Up-to-date: /home/xplore/chienpanze/xre-legged-dog/xre_chienpanze/install/chienpanze_bringup/share/chienpanze_bringup/chienpanze_bringup_launch.py
[1.259s] -- Up-to-date: /home/xplore/chienpanze/xre-legged-dog/xre_chienpanze/install/chienpanze_bringup/share/chienpanze_bringup/test_forward_position_controller.launch.py
[1.262s] -- Up-to-date: /home/xplore/chienpanze/xre-legged-dog/xre_chienpanze/install/chienpanze_bringup/share/ament_index/resource_index/package_run_dependencies/chienpanze_bringup
[1.333s] -- Up-to-date: /home/xplore/chienpanze/xre-legged-dog/xre_chienpanze/install/chienpanze_bringup/share/ament_index/resource_index/parent_prefix_path/chienpanze_bringup
[1.334s] -- Up-to-date: /home/xplore/chienpanze/xre-legged-dog/xre_chienpanze/install/chienpanze_bringup/share/chienpanze_bringup/environment/ament_prefix_path.sh
[1.335s] -- Up-to-date: /home/xplore/chienpanze/xre-legged-dog/xre_chienpanze/install/chienpanze_bringup/share/chienpanze_bringup/environment/ament_prefix_path.dsv
[1.335s] -- Up-to-date: /home/xplore/chienpanze/xre-legged-dog/xre_chienpanze/install/chienpanze_bringup/share/chienpanze_bringup/environment/path.sh
[1.336s] -- Up-to-date: /home/xplore/chienpanze/xre-legged-dog/xre_chienpanze/install/chienpanze_bringup/share/chienpanze_bringup/environment/path.dsv
[1.336s] -- Up-to-date: /home/xplore/chienpanze/xre-legged-dog/xre_chienpanze/install/chienpanze_bringup/share/chienpanze_bringup/local_setup.bash
[1.337s] -- Up-to-date: /home/xplore/chienpanze/xre-legged-dog/xre_chienpanze/install/chienpanze_bringup/share/chienpanze_bringup/local_setup.sh
[1.337s] -- Up-to-date: /home/xplore/chienpanze/xre-legged-dog/xre_chienpanze/install/chienpanze_bringup/share/chienpanze_bringup/local_setup.zsh
[1.338s] -- Up-to-date: /home/xplore/chienpanze/xre-legged-dog/xre_chienpanze/install/chienpanze_bringup/share/chienpanze_bringup/local_setup.dsv
[1.338s] -- Installing: /home/xplore/chienpanze/xre-legged-dog/xre_chienpanze/install/chienpanze_bringup/share/chienpanze_bringup/package.dsv
[1.504s] -- Up-to-date: /home/xplore/chienpanze/xre-legged-dog/xre_chienpanze/install/chienpanze_bringup/share/ament_index/resource_index/packages/chienpanze_bringup
[1.591s] -- Up-to-date: /home/xplore/chienpanze/xre-legged-dog/xre_chienpanze/install/chienpanze_bringup/share/chienpanze_bringup/cmake/chienpanze_bringupConfig.cmake
[1.592s] -- Up-to-date: /home/xplore/chienpanze/xre-legged-dog/xre_chienpanze/install/chienpanze_bringup/share/chienpanze_bringup/cmake/chienpanze_bringupConfig-version.cmake
[1.593s] -- Up-to-date: /home/xplore/chienpanze/xre-legged-dog/xre_chienpanze/install/chienpanze_bringup/share/chienpanze_bringup/package.xml
[1.605s] Invoked command in '/home/xplore/chienpanze/xre-legged-dog/xre_chienpanze/build/chienpanze_bringup' returned '0': CMAKE_PREFIX_PATH=/home/xplore/chienpanze/xre-legged-dog/xre_chienpanze/install/chienpanze_description:/home/xplore/chienpanze/xre-legged-dog/xre_chienpanze/install/chienpanze_hw_interface:/home/xplore/chienpanze/xre-legged-dog/xre_chienpanze/install/chienpanze_bringup:/home/xplore/chienpanze/xre-legged-dog/xre_chienpanze/install/chienpanze_controller_manager:/home/xplore/chienpanze/xre-legged-dog/xre_chienpanze/install/chienpanze_controller_interface:/opt/ros/humble /usr/bin/cmake --install /home/xplore/chienpanze/xre-legged-dog/xre_chienpanze/build/chienpanze_bringup
