[0.196s] Invoking command in '/home/xplore/chienpanze/xre-legged-dog/xre_chienpanze/build/chienpanze_description': CMAKE_PREFIX_PATH=${CMAKE_PREFIX_PATH}:/opt/ros/humble /usr/bin/cmake --build /home/xplore/chienpanze/xre-legged-dog/xre_chienpanze/build/chienpanze_description -- -j4 -l4
[0.675s] Invoked command in '/home/xplore/chienpanze/xre-legged-dog/xre_chienpanze/build/chienpanze_description' returned '0': CMAKE_PREFIX_PATH=${CMAKE_PREFIX_PATH}:/opt/ros/humble /usr/bin/cmake --build /home/xplore/chienpanze/xre-legged-dog/xre_chienpanze/build/chienpanze_description -- -j4 -l4
[1.014s] Invoking command in '/home/xplore/chienpanze/xre-legged-dog/xre_chienpanze/build/chienpanze_description': CMAKE_PREFIX_PATH=${CMAKE_PREFIX_PATH}:/opt/ros/humble /usr/bin/cmake --install /home/xplore/chienpanze/xre-legged-dog/xre_chienpanze/build/chienpanze_description
[1.091s] -- Install configuration: ""
[1.095s] -- Up-to-date: /home/xplore/chienpanze/xre-legged-dog/xre_chienpanze/install/chienpanze_description/share/chienpanze_description/launch
[1.109s] -- Up-to-date: /home/xplore/chienpanze/xre-legged-dog/xre_chienpanze/install/chienpanze_description/share/chienpanze_description/launch/view_chienpanze.launch.py
[1.110s] -- Up-to-date: /home/xplore/chienpanze/xre-legged-dog/xre_chienpanze/install/chienpanze_description/share/chienpanze_description/urdf
[1.112s] -- Up-to-date: /home/xplore/chienpanze/xre-legged-dog/xre_chienpanze/install/chienpanze_description/share/chienpanze_description/urdf/chienpanze.urdf.xacro
[1.113s] -- Up-to-date: /home/xplore/chienpanze/xre-legged-dog/xre_chienpanze/install/chienpanze_description/share/ament_index/resource_index/package_run_dependencies/chienpanze_description
[1.114s] -- Up-to-date: /home/xplore/chienpanze/xre-legged-dog/xre_chienpanze/install/chienpanze_description/share/ament_index/resource_index/parent_prefix_path/chienpanze_description
[1.115s] -- Up-to-date: /home/xplore/chienpanze/xre-legged-dog/xre_chienpanze/install/chienpanze_description/share/chienpanze_description/environment/ament_prefix_path.dsv
[1.118s] -- Up-to-date: /home/xplore/chienpanze/xre-legged-dog/xre_chienpanze/install/chienpanze_description/share/chienpanze_description/environment/path.dsv
[1.128s] -- Up-to-date: /home/xplore/chienpanze/xre-legged-dog/xre_chienpanze/install/chienpanze_description/share/chienpanze_description/local_setup.bash
[1.128s] -- Up-to-date: /home/xplore/chienpanze/xre-legged-dog/xre_chienpanze/install/chienpanze_description/share/chienpanze_description/local_setup.sh
[1.129s] -- Up-to-date: /home/xplore/chienpanze/xre-legged-dog/xre_chienpanze/install/chienpanze_description/share/chienpanze_description/local_setup.zsh
[1.129s] -- Up-to-date: /home/xplore/chienpanze/xre-legged-dog/xre_chienpanze/install/chienpanze_description/share/chienpanze_description/local_setup.dsv
[1.130s] -- Installing: /home/xplore/chienpanze/xre-legged-dog/xre_chienpanze/install/chienpanze_description/share/chienpanze_description/package.dsv
[1.131s] -- Up-to-date: /home/xplore/chienpanze/xre-legged-dog/xre_chienpanze/install/chienpanze_description/share/ament_index/resource_index/packages/chienpanze_description
[1.132s] -- Up-to-date: /home/xplore/chienpanze/xre-legged-dog/xre_chienpanze/install/chienpanze_description/share/chienpanze_description/cmake/chienpanze_descriptionConfig.cmake
[1.136s] -- Up-to-date: /home/xplore/chienpanze/xre-legged-dog/xre_chienpanze/install/chienpanze_description/share/chienpanze_description/cmake/chienpanze_descriptionConfig-version.cmake
[1.137s] -- Up-to-date: /home/xplore/chienpanze/xre-legged-dog/xre_chienpanze/install/chienpanze_description/share/chienpanze_description/package.xml
[1.251s] Invoked command in '/home/xplore/chienpanze/xre-legged-dog/xre_chienpanze/build/chienpanze_description' returned '0': CMAKE_PREFIX_PATH=${CMAKE_PREFIX_PATH}:/opt/ros/humble /usr/bin/cmake --install /home/xplore/chienpanze/xre-legged-dog/xre_chienpanze/build/chienpanze_description
