[0.020s] Invoking command in '/home/arno/xre/xre_chienpanze/build/chienpanze_hw_interface': CMAKE_PREFIX_PATH=${CMAKE_PREFIX_PATH}:/opt/ros/humble /usr/bin/cmake /home/arno/xre/xre_chienpanze/src/chienpanze_hw_interface -DAMENT_CMAKE_SYMLINK_INSTALL=1 -DCMAKE_INSTALL_PREFIX=/home/arno/xre/xre_chienpanze/install/chienpanze_hw_interface
[0.035s] -- Found ament_cmake: 1.3.8 (/opt/ros/humble/share/ament_cmake/cmake)
[0.221s] -- Override CMake install command with custom implementation using symlinks instead of copying resources
[0.231s] -- Found ament_lint_auto: 0.12.10 (/opt/ros/humble/share/ament_lint_auto/cmake)
[0.340s] -- Added test 'lint_cmake' to check CMake code style
[0.340s] -- Added test 'xmllint' to check XML markup files
[0.342s] -- Configuring done
[0.345s] -- Generating done
[0.346s] -- Build files have been written to: /home/arno/xre/xre_chienpanze/build/chienpanze_hw_interface
[0.350s] Invoked command in '/home/arno/xre/xre_chienpanze/build/chienpanze_hw_interface' returned '0': CMAKE_PREFIX_PATH=${CMAKE_PREFIX_PATH}:/opt/ros/humble /usr/bin/cmake /home/arno/xre/xre_chienpanze/src/chienpanze_hw_interface -DAMENT_CMAKE_SYMLINK_INSTALL=1 -DCMAKE_INSTALL_PREFIX=/home/arno/xre/xre_chienpanze/install/chienpanze_hw_interface
[0.352s] Invoking command in '/home/arno/xre/xre_chienpanze/build/chienpanze_hw_interface': CMAKE_PREFIX_PATH=${CMAKE_PREFIX_PATH}:/opt/ros/humble /usr/bin/cmake --build /home/arno/xre/xre_chienpanze/build/chienpanze_hw_interface -- -j8 -l8
[0.400s] Invoked command in '/home/arno/xre/xre_chienpanze/build/chienpanze_hw_interface' returned '0': CMAKE_PREFIX_PATH=${CMAKE_PREFIX_PATH}:/opt/ros/humble /usr/bin/cmake --build /home/arno/xre/xre_chienpanze/build/chienpanze_hw_interface -- -j8 -l8
[0.434s] Invoking command in '/home/arno/xre/xre_chienpanze/build/chienpanze_hw_interface': CMAKE_PREFIX_PATH=${CMAKE_PREFIX_PATH}:/opt/ros/humble /usr/bin/cmake --install /home/arno/xre/xre_chienpanze/build/chienpanze_hw_interface
[0.446s] -- Install configuration: ""
[0.447s] -- Execute custom install script
[0.447s] -- Up-to-date symlink: /home/arno/xre/xre_chienpanze/install/chienpanze_hw_interface/share/ament_index/resource_index/package_run_dependencies/chienpanze_hw_interface
[0.447s] -- Up-to-date symlink: /home/arno/xre/xre_chienpanze/install/chienpanze_hw_interface/share/ament_index/resource_index/parent_prefix_path/chienpanze_hw_interface
[0.447s] -- Up-to-date symlink: /home/arno/xre/xre_chienpanze/install/chienpanze_hw_interface/share/chienpanze_hw_interface/environment/ament_prefix_path.sh
[0.447s] -- Up-to-date symlink: /home/arno/xre/xre_chienpanze/install/chienpanze_hw_interface/share/chienpanze_hw_interface/environment/ament_prefix_path.dsv
[0.447s] -- Up-to-date symlink: /home/arno/xre/xre_chienpanze/install/chienpanze_hw_interface/share/chienpanze_hw_interface/environment/path.sh
[0.448s] -- Up-to-date symlink: /home/arno/xre/xre_chienpanze/install/chienpanze_hw_interface/share/chienpanze_hw_interface/environment/path.dsv
[0.448s] -- Up-to-date symlink: /home/arno/xre/xre_chienpanze/install/chienpanze_hw_interface/share/chienpanze_hw_interface/local_setup.bash
[0.448s] -- Up-to-date symlink: /home/arno/xre/xre_chienpanze/install/chienpanze_hw_interface/share/chienpanze_hw_interface/local_setup.sh
[0.448s] -- Up-to-date symlink: /home/arno/xre/xre_chienpanze/install/chienpanze_hw_interface/share/chienpanze_hw_interface/local_setup.zsh
[0.448s] -- Up-to-date symlink: /home/arno/xre/xre_chienpanze/install/chienpanze_hw_interface/share/chienpanze_hw_interface/local_setup.dsv
[0.448s] -- Symlinking: /home/arno/xre/xre_chienpanze/install/chienpanze_hw_interface/share/chienpanze_hw_interface/package.dsv
[0.461s] -- Up-to-date symlink: /home/arno/xre/xre_chienpanze/install/chienpanze_hw_interface/share/ament_index/resource_index/packages/chienpanze_hw_interface
[0.461s] -- Up-to-date symlink: /home/arno/xre/xre_chienpanze/install/chienpanze_hw_interface/share/chienpanze_hw_interface/cmake/chienpanze_hw_interfaceConfig.cmake
[0.461s] -- Up-to-date symlink: /home/arno/xre/xre_chienpanze/install/chienpanze_hw_interface/share/chienpanze_hw_interface/cmake/chienpanze_hw_interfaceConfig-version.cmake
[0.461s] -- Up-to-date symlink: /home/arno/xre/xre_chienpanze/install/chienpanze_hw_interface/share/chienpanze_hw_interface/package.xml
[0.479s] Invoked command in '/home/arno/xre/xre_chienpanze/build/chienpanze_hw_interface' returned '0': CMAKE_PREFIX_PATH=${CMAKE_PREFIX_PATH}:/opt/ros/humble /usr/bin/cmake --install /home/arno/xre/xre_chienpanze/build/chienpanze_hw_interface
