[0.019s] Invoking command in '/home/arno/xre/xre_chienpanze/build/chienpanze_description': CMAKE_PREFIX_PATH=/opt/ros/humble /usr/bin/cmake --build /home/arno/xre/xre_chienpanze/build/chienpanze_description -- -j8 -l8
[0.083s] Invoked command in '/home/arno/xre/xre_chienpanze/build/chienpanze_description' returned '0': CMAKE_PREFIX_PATH=/opt/ros/humble /usr/bin/cmake --build /home/arno/xre/xre_chienpanze/build/chienpanze_description -- -j8 -l8
[0.115s] Invoking command in '/home/arno/xre/xre_chienpanze/build/chienpanze_description': CMAKE_PREFIX_PATH=/opt/ros/humble /usr/bin/cmake --install /home/arno/xre/xre_chienpanze/build/chienpanze_description
[0.124s] -- Install configuration: ""
[0.125s] -- Execute custom install script
[0.127s] -- Up-to-date symlink: /home/arno/xre/xre_chienpanze/install/chienpanze_description/share/chienpanze_description/launch/view_chienpanze.launch.py
[0.128s] -- Up-to-date symlink: /home/arno/xre/xre_chienpanze/install/chienpanze_description/share/chienpanze_description/urdf/chienpanze.urdf.xacro
[0.129s] -- Up-to-date symlink: /home/arno/xre/xre_chienpanze/install/chienpanze_description/share/ament_index/resource_index/package_run_dependencies/chienpanze_description
[0.129s] -- Up-to-date symlink: /home/arno/xre/xre_chienpanze/install/chienpanze_description/share/ament_index/resource_index/parent_prefix_path/chienpanze_description
[0.129s] -- Up-to-date symlink: /home/arno/xre/xre_chienpanze/install/chienpanze_description/share/chienpanze_description/environment/ament_prefix_path.sh
[0.130s] -- Up-to-date symlink: /home/arno/xre/xre_chienpanze/install/chienpanze_description/share/chienpanze_description/environment/ament_prefix_path.dsv
[0.130s] -- Up-to-date symlink: /home/arno/xre/xre_chienpanze/install/chienpanze_description/share/chienpanze_description/environment/path.sh
[0.131s] -- Up-to-date symlink: /home/arno/xre/xre_chienpanze/install/chienpanze_description/share/chienpanze_description/environment/path.dsv
[0.131s] -- Up-to-date symlink: /home/arno/xre/xre_chienpanze/install/chienpanze_description/share/chienpanze_description/local_setup.bash
[0.132s] -- Up-to-date symlink: /home/arno/xre/xre_chienpanze/install/chienpanze_description/share/chienpanze_description/local_setup.sh
[0.132s] -- Up-to-date symlink: /home/arno/xre/xre_chienpanze/install/chienpanze_description/share/chienpanze_description/local_setup.zsh
[0.133s] -- Up-to-date symlink: /home/arno/xre/xre_chienpanze/install/chienpanze_description/share/chienpanze_description/local_setup.dsv
[0.133s] -- Symlinking: /home/arno/xre/xre_chienpanze/install/chienpanze_description/share/chienpanze_description/package.dsv
[0.142s] -- Up-to-date symlink: /home/arno/xre/xre_chienpanze/install/chienpanze_description/share/ament_index/resource_index/packages/chienpanze_description
[0.143s] -- Up-to-date symlink: /home/arno/xre/xre_chienpanze/install/chienpanze_description/share/chienpanze_description/cmake/chienpanze_descriptionConfig.cmake
[0.143s] -- Up-to-date symlink: /home/arno/xre/xre_chienpanze/install/chienpanze_description/share/chienpanze_description/cmake/chienpanze_descriptionConfig-version.cmake
[0.144s] -- Up-to-date symlink: /home/arno/xre/xre_chienpanze/install/chienpanze_description/share/chienpanze_description/package.xml
[0.172s] Invoked command in '/home/arno/xre/xre_chienpanze/build/chienpanze_description' returned '0': CMAKE_PREFIX_PATH=/opt/ros/humble /usr/bin/cmake --install /home/arno/xre/xre_chienpanze/build/chienpanze_description
