[0.225s] Invoking command in '/home/xplore/chienpanze/xre-legged-dog/build/chienpanze_controller_interface': CMAKE_PREFIX_PATH=/opt/ros/humble /usr/bin/cmake /home/xplore/chienpanze/xre-legged-dog/xre_chienpanze/src/chienpanze_controllers -DCMAKE_INSTALL_PREFIX=/home/xplore/chienpanze/xre-legged-dog/install/chienpanze_controller_interface
[0.413s] -- Found ament_cmake: 1.3.8 (/opt/ros/humble/share/ament_cmake/cmake)
[2.187s] -- Override CMake install command with custom implementation using symlinks instead of copying resources
[3.001s] -- Found rclcpp: 16.0.8 (/opt/ros/humble/share/rclcpp/cmake)
[7.714s] -- Found rosidl_generator_c: 3.1.5 (/opt/ros/humble/share/rosidl_generator_c/cmake)
[7.793s] -- Found rosidl_adapter: 3.1.5 (/opt/ros/humble/share/rosidl_adapter/cmake)
[7.950s] -- Found rosidl_generator_cpp: 3.1.5 (/opt/ros/humble/share/rosidl_generator_cpp/cmake)
[8.022s] -- Using all available rosidl_typesupport_c: rosidl_typesupport_fastrtps_c;rosidl_typesupport_introspection_c
[8.190s] -- Using all available rosidl_typesupport_cpp: rosidl_typesupport_fastrtps_cpp;rosidl_typesupport_introspection_cpp
[8.696s] -- Found rmw_implementation_cmake: 6.1.1 (/opt/ros/humble/share/rmw_implementation_cmake/cmake)
[8.714s] -- Found rmw_fastrtps_cpp: 6.2.6 (/opt/ros/humble/share/rmw_fastrtps_cpp/cmake)
[10.281s] -- Using RMW implementation 'rmw_fastrtps_cpp' as default
[11.322s] -- Found rclcpp_lifecycle: 16.0.8 (/opt/ros/humble/share/rclcpp_lifecycle/cmake)
[11.921s] -- Found controller_interface: 2.40.0 (/opt/ros/humble/share/controller_interface/cmake)
[16.708s] -- Configuring incomplete, errors occurred!
[16.709s] See also "/home/xplore/chienpanze/xre-legged-dog/build/chienpanze_controller_interface/CMakeFiles/CMakeOutput.log".
[16.709s] [31mCMake Error at /opt/ros/humble/share/pluginlib/cmake/pluginlib_export_plugin_description_file.cmake:84 (message):
[16.710s]   Given plugin description file
[16.711s]   '/home/xplore/chienpanze/xre-legged-dog/xre_chienpanze/src/chienpanze_controllers/chienpanze_controller_plugin.xml'
[16.711s]   does not exist
[16.713s] Call Stack (most recent call first):
[16.716s]   CMakeLists.txt:59 (pluginlib_export_plugin_description_file)
[16.719s] 
[16.720s] [0m
