[0.238s] Invoking command in '/home/xplore/chienpanze/xre-legged-dog/build/chienpanze_bringup': CMAKE_PREFIX_PATH=${CMAKE_PREFIX_PATH}:/opt/ros/humble /usr/bin/cmake --build /home/xplore/chienpanze/xre-legged-dog/build/chienpanze_bringup -- -j4 -l4
[0.550s] Invoked command in '/home/xplore/chienpanze/xre-legged-dog/build/chienpanze_bringup' returned '0': CMAKE_PREFIX_PATH=${CMAKE_PREFIX_PATH}:/opt/ros/humble /usr/bin/cmake --build /home/xplore/chienpanze/xre-legged-dog/build/chienpanze_bringup -- -j4 -l4
[0.977s] Invoking command in '/home/xplore/chienpanze/xre-legged-dog/build/chienpanze_bringup': CMAKE_PREFIX_PATH=${CMAKE_PREFIX_PATH}:/opt/ros/humble /usr/bin/cmake --install /home/xplore/chienpanze/xre-legged-dog/build/chienpanze_bringup
[1.052s] -- Install configuration: ""
[1.052s] -- Execute custom install script
[1.071s] -- Up-to-date symlink: /home/xplore/chienpanze/xre-legged-dog/install/chienpanze_bringup/share/ament_index/resource_index/package_run_dependencies/chienpanze_bringup
[1.076s] -- Up-to-date symlink: /home/xplore/chienpanze/xre-legged-dog/install/chienpanze_bringup/share/ament_index/resource_index/parent_prefix_path/chienpanze_bringup
[1.081s] -- Up-to-date symlink: /home/xplore/chienpanze/xre-legged-dog/install/chienpanze_bringup/share/chienpanze_bringup/environment/ament_prefix_path.sh
[1.088s] -- Up-to-date symlink: /home/xplore/chienpanze/xre-legged-dog/install/chienpanze_bringup/share/chienpanze_bringup/environment/ament_prefix_path.dsv
[1.093s] -- Up-to-date symlink: /home/xplore/chienpanze/xre-legged-dog/install/chienpanze_bringup/share/chienpanze_bringup/environment/path.sh
[1.093s] -- Up-to-date symlink: /home/xplore/chienpanze/xre-legged-dog/install/chienpanze_bringup/share/chienpanze_bringup/environment/path.dsv
[1.099s] -- Up-to-date symlink: /home/xplore/chienpanze/xre-legged-dog/install/chienpanze_bringup/share/chienpanze_bringup/local_setup.bash
[1.105s] -- Up-to-date symlink: /home/xplore/chienpanze/xre-legged-dog/install/chienpanze_bringup/share/chienpanze_bringup/local_setup.sh
[1.108s] -- Up-to-date symlink: /home/xplore/chienpanze/xre-legged-dog/install/chienpanze_bringup/share/chienpanze_bringup/local_setup.zsh
[1.109s] -- Up-to-date symlink: /home/xplore/chienpanze/xre-legged-dog/install/chienpanze_bringup/share/chienpanze_bringup/local_setup.dsv
[1.110s] -- Symlinking: /home/xplore/chienpanze/xre-legged-dog/install/chienpanze_bringup/share/chienpanze_bringup/package.dsv
[1.110s] -- Up-to-date symlink: /home/xplore/chienpanze/xre-legged-dog/install/chienpanze_bringup/share/ament_index/resource_index/packages/chienpanze_bringup
[1.111s] -- Up-to-date symlink: /home/xplore/chienpanze/xre-legged-dog/install/chienpanze_bringup/share/chienpanze_bringup/cmake/chienpanze_bringupConfig.cmake
[1.117s] -- Up-to-date symlink: /home/xplore/chienpanze/xre-legged-dog/install/chienpanze_bringup/share/chienpanze_bringup/cmake/chienpanze_bringupConfig-version.cmake
[1.118s] -- Up-to-date symlink: /home/xplore/chienpanze/xre-legged-dog/install/chienpanze_bringup/share/chienpanze_bringup/package.xml
[1.147s] Invoked command in '/home/xplore/chienpanze/xre-legged-dog/build/chienpanze_bringup' returned '0': CMAKE_PREFIX_PATH=${CMAKE_PREFIX_PATH}:/opt/ros/humble /usr/bin/cmake --install /home/xplore/chienpanze/xre-legged-dog/build/chienpanze_bringup
