[5.959s] DEBUG:colcon:Command line arguments: ['/usr/bin/colcon', 'build']
[5.959s] DEBUG:colcon:Parsed command line arguments: Namespace(log_base=None, log_level=None, verb_name='build', build_base='build', install_base='install', merge_install=False, symlink_install=False, test_result_base=None, continue_on_error=False, executor='parallel', parallel_workers=4, event_handlers=None, ignore_user_meta=False, metas=['./colcon.meta'], base_paths=['.'], packages_ignore=None, packages_ignore_regex=None, paths=None, packages_up_to=None, packages_up_to_regex=None, packages_above=None, packages_above_and_dependencies=None, packages_above_depth=None, packages_select_by_dep=None, packages_skip_by_dep=None, packages_skip_up_to=None, packages_select_build_failed=False, packages_skip_build_finished=False, packages_select_test_failures=False, packages_skip_test_passed=False, packages_select=None, packages_skip=None, packages_select_regex=None, packages_skip_regex=None, packages_start=None, packages_end=None, allow_overriding=[], cmake_args=None, cmake_target=None, cmake_target_skip_unavailable=False, cmake_clean_cache=False, cmake_clean_first=False, cmake_force_configure=False, ament_cmake_args=None, catkin_cmake_args=None, catkin_skip_building_tests=False, verb_parser=<colcon_defaults.argument_parser.defaults.DefaultArgumentsDecorator object at 0xffff87e4cd30>, verb_extension=<colcon_core.verb.build.BuildVerb object at 0xffff87f91930>, main=<bound method BuildVerb.main of <colcon_core.verb.build.BuildVerb object at 0xffff87f91930>>)
[7.478s] Level 1:colcon.colcon_core.package_discovery:discover_packages(colcon_meta) check parameters
[7.479s] Level 1:colcon.colcon_core.package_discovery:discover_packages(recursive) check parameters
[7.479s] Level 1:colcon.colcon_core.package_discovery:discover_packages(ignore) check parameters
[7.479s] Level 1:colcon.colcon_core.package_discovery:discover_packages(path) check parameters
[7.479s] Level 1:colcon.colcon_core.package_discovery:discover_packages(colcon_meta) discover
[7.480s] Level 1:colcon.colcon_core.package_discovery:discover_packages(recursive) discover
[7.480s] INFO:colcon.colcon_core.package_discovery:Crawling recursively for packages in '/home/xplore/chienpanze/xre-legged-dog'
[7.480s] Level 1:colcon.colcon_core.package_identification:_identify(.) by extensions ['ignore', 'ignore_ament_install']
[7.481s] Level 1:colcon.colcon_core.package_identification:_identify(.) by extension 'ignore'
[7.481s] Level 1:colcon.colcon_core.package_identification:_identify(.) by extension 'ignore_ament_install'
[7.482s] Level 1:colcon.colcon_core.package_identification:_identify(.) by extensions ['colcon_pkg']
[7.482s] Level 1:colcon.colcon_core.package_identification:_identify(.) by extension 'colcon_pkg'
[7.482s] Level 1:colcon.colcon_core.package_identification:_identify(.) by extensions ['colcon_meta']
[7.482s] Level 1:colcon.colcon_core.package_identification:_identify(.) by extension 'colcon_meta'
[7.483s] Level 1:colcon.colcon_core.package_identification:_identify(.) by extensions ['ros']
[7.483s] Level 1:colcon.colcon_core.package_identification:_identify(.) by extension 'ros'
[7.542s] Level 1:colcon.colcon_core.package_identification:_identify(.) by extensions ['cmake', 'python']
[7.542s] Level 1:colcon.colcon_core.package_identification:_identify(.) by extension 'cmake'
[7.542s] Level 1:colcon.colcon_core.package_identification:_identify(.) by extension 'python'
[7.542s] Level 1:colcon.colcon_core.package_identification:_identify(.) by extensions ['python_setup_py']
[7.542s] Level 1:colcon.colcon_core.package_identification:_identify(.) by extension 'python_setup_py'
[7.543s] Level 1:colcon.colcon_core.package_identification:_identify(build) by extensions ['ignore', 'ignore_ament_install']
[7.544s] Level 1:colcon.colcon_core.package_identification:_identify(build) by extension 'ignore'
[7.544s] Level 1:colcon.colcon_core.package_identification:_identify(build) ignored
[7.545s] Level 1:colcon.colcon_core.package_identification:_identify(install) by extensions ['ignore', 'ignore_ament_install']
[7.545s] Level 1:colcon.colcon_core.package_identification:_identify(install) by extension 'ignore'
[7.545s] Level 1:colcon.colcon_core.package_identification:_identify(install) ignored
[7.546s] Level 1:colcon.colcon_core.package_identification:_identify(log) by extensions ['ignore', 'ignore_ament_install']
[7.546s] Level 1:colcon.colcon_core.package_identification:_identify(log) by extension 'ignore'
[7.547s] Level 1:colcon.colcon_core.package_identification:_identify(log) ignored
[7.547s] Level 1:colcon.colcon_core.package_identification:_identify(xre_chienpanze) by extensions ['ignore', 'ignore_ament_install']
[7.547s] Level 1:colcon.colcon_core.package_identification:_identify(xre_chienpanze) by extension 'ignore'
[7.548s] Level 1:colcon.colcon_core.package_identification:_identify(xre_chienpanze) by extension 'ignore_ament_install'
[7.548s] Level 1:colcon.colcon_core.package_identification:_identify(xre_chienpanze) by extensions ['colcon_pkg']
[7.548s] Level 1:colcon.colcon_core.package_identification:_identify(xre_chienpanze) by extension 'colcon_pkg'
[7.548s] Level 1:colcon.colcon_core.package_identification:_identify(xre_chienpanze) by extensions ['colcon_meta']
[7.548s] Level 1:colcon.colcon_core.package_identification:_identify(xre_chienpanze) by extension 'colcon_meta'
[7.549s] Level 1:colcon.colcon_core.package_identification:_identify(xre_chienpanze) by extensions ['ros']
[7.549s] Level 1:colcon.colcon_core.package_identification:_identify(xre_chienpanze) by extension 'ros'
[7.549s] Level 1:colcon.colcon_core.package_identification:_identify(xre_chienpanze) by extensions ['cmake', 'python']
[7.549s] Level 1:colcon.colcon_core.package_identification:_identify(xre_chienpanze) by extension 'cmake'
[7.550s] Level 1:colcon.colcon_core.package_identification:_identify(xre_chienpanze) by extension 'python'
[7.550s] Level 1:colcon.colcon_core.package_identification:_identify(xre_chienpanze) by extensions ['python_setup_py']
[7.550s] Level 1:colcon.colcon_core.package_identification:_identify(xre_chienpanze) by extension 'python_setup_py'
[7.551s] Level 1:colcon.colcon_core.package_identification:_identify(xre_chienpanze/build) by extensions ['ignore', 'ignore_ament_install']
[7.551s] Level 1:colcon.colcon_core.package_identification:_identify(xre_chienpanze/build) by extension 'ignore'
[7.551s] Level 1:colcon.colcon_core.package_identification:_identify(xre_chienpanze/build) ignored
[7.552s] Level 1:colcon.colcon_core.package_identification:_identify(xre_chienpanze/install) by extensions ['ignore', 'ignore_ament_install']
[7.552s] Level 1:colcon.colcon_core.package_identification:_identify(xre_chienpanze/install) by extension 'ignore'
[7.553s] Level 1:colcon.colcon_core.package_identification:_identify(xre_chienpanze/install) ignored
[7.554s] Level 1:colcon.colcon_core.package_identification:_identify(xre_chienpanze/log) by extensions ['ignore', 'ignore_ament_install']
[7.554s] Level 1:colcon.colcon_core.package_identification:_identify(xre_chienpanze/log) by extension 'ignore'
[7.554s] Level 1:colcon.colcon_core.package_identification:_identify(xre_chienpanze/log) ignored
[7.555s] Level 1:colcon.colcon_core.package_identification:_identify(xre_chienpanze/src) by extensions ['ignore', 'ignore_ament_install']
[7.555s] Level 1:colcon.colcon_core.package_identification:_identify(xre_chienpanze/src) by extension 'ignore'
[7.555s] Level 1:colcon.colcon_core.package_identification:_identify(xre_chienpanze/src) by extension 'ignore_ament_install'
[7.556s] Level 1:colcon.colcon_core.package_identification:_identify(xre_chienpanze/src) by extensions ['colcon_pkg']
[7.556s] Level 1:colcon.colcon_core.package_identification:_identify(xre_chienpanze/src) by extension 'colcon_pkg'
[7.556s] Level 1:colcon.colcon_core.package_identification:_identify(xre_chienpanze/src) by extensions ['colcon_meta']
[7.556s] Level 1:colcon.colcon_core.package_identification:_identify(xre_chienpanze/src) by extension 'colcon_meta'
[7.557s] Level 1:colcon.colcon_core.package_identification:_identify(xre_chienpanze/src) by extensions ['ros']
[7.557s] Level 1:colcon.colcon_core.package_identification:_identify(xre_chienpanze/src) by extension 'ros'
[7.557s] Level 1:colcon.colcon_core.package_identification:_identify(xre_chienpanze/src) by extensions ['cmake', 'python']
[7.557s] Level 1:colcon.colcon_core.package_identification:_identify(xre_chienpanze/src) by extension 'cmake'
[7.558s] Level 1:colcon.colcon_core.package_identification:_identify(xre_chienpanze/src) by extension 'python'
[7.558s] Level 1:colcon.colcon_core.package_identification:_identify(xre_chienpanze/src) by extensions ['python_setup_py']
[7.558s] Level 1:colcon.colcon_core.package_identification:_identify(xre_chienpanze/src) by extension 'python_setup_py'
[7.559s] Level 1:colcon.colcon_core.package_identification:_identify(xre_chienpanze/src/chienpanze_bringup) by extensions ['ignore', 'ignore_ament_install']
[7.559s] Level 1:colcon.colcon_core.package_identification:_identify(xre_chienpanze/src/chienpanze_bringup) by extension 'ignore'
[7.559s] Level 1:colcon.colcon_core.package_identification:_identify(xre_chienpanze/src/chienpanze_bringup) by extension 'ignore_ament_install'
[7.560s] Level 1:colcon.colcon_core.package_identification:_identify(xre_chienpanze/src/chienpanze_bringup) by extensions ['colcon_pkg']
[7.560s] Level 1:colcon.colcon_core.package_identification:_identify(xre_chienpanze/src/chienpanze_bringup) by extension 'colcon_pkg'
[7.560s] Level 1:colcon.colcon_core.package_identification:_identify(xre_chienpanze/src/chienpanze_bringup) by extensions ['colcon_meta']
[7.560s] Level 1:colcon.colcon_core.package_identification:_identify(xre_chienpanze/src/chienpanze_bringup) by extension 'colcon_meta'
[7.560s] Level 1:colcon.colcon_core.package_identification:_identify(xre_chienpanze/src/chienpanze_bringup) by extensions ['ros']
[7.561s] Level 1:colcon.colcon_core.package_identification:_identify(xre_chienpanze/src/chienpanze_bringup) by extension 'ros'
[7.574s] DEBUG:colcon.colcon_core.package_identification:Package 'xre_chienpanze/src/chienpanze_bringup' with type 'ros.ament_cmake' and name 'chienpanze_bringup'
[7.575s] Level 1:colcon.colcon_core.package_identification:_identify(xre_chienpanze/src/chienpanze_controllers) by extensions ['ignore', 'ignore_ament_install']
[7.576s] Level 1:colcon.colcon_core.package_identification:_identify(xre_chienpanze/src/chienpanze_controllers) by extension 'ignore'
[7.576s] Level 1:colcon.colcon_core.package_identification:_identify(xre_chienpanze/src/chienpanze_controllers) by extension 'ignore_ament_install'
[7.576s] Level 1:colcon.colcon_core.package_identification:_identify(xre_chienpanze/src/chienpanze_controllers) by extensions ['colcon_pkg']
[7.576s] Level 1:colcon.colcon_core.package_identification:_identify(xre_chienpanze/src/chienpanze_controllers) by extension 'colcon_pkg'
[7.577s] Level 1:colcon.colcon_core.package_identification:_identify(xre_chienpanze/src/chienpanze_controllers) by extensions ['colcon_meta']
[7.577s] Level 1:colcon.colcon_core.package_identification:_identify(xre_chienpanze/src/chienpanze_controllers) by extension 'colcon_meta'
[7.577s] Level 1:colcon.colcon_core.package_identification:_identify(xre_chienpanze/src/chienpanze_controllers) by extensions ['ros']
[7.577s] Level 1:colcon.colcon_core.package_identification:_identify(xre_chienpanze/src/chienpanze_controllers) by extension 'ros'
[7.580s] DEBUG:colcon.colcon_core.package_identification:Package 'xre_chienpanze/src/chienpanze_controllers' with type 'ros.ament_cmake' and name 'chienpanze_controllers'
[7.581s] Level 1:colcon.colcon_core.package_identification:_identify(xre_chienpanze/src/chienpanze_description) by extensions ['ignore', 'ignore_ament_install']
[7.582s] Level 1:colcon.colcon_core.package_identification:_identify(xre_chienpanze/src/chienpanze_description) by extension 'ignore'
[7.582s] Level 1:colcon.colcon_core.package_identification:_identify(xre_chienpanze/src/chienpanze_description) by extension 'ignore_ament_install'
[7.582s] Level 1:colcon.colcon_core.package_identification:_identify(xre_chienpanze/src/chienpanze_description) by extensions ['colcon_pkg']
[7.583s] Level 1:colcon.colcon_core.package_identification:_identify(xre_chienpanze/src/chienpanze_description) by extension 'colcon_pkg'
[7.583s] Level 1:colcon.colcon_core.package_identification:_identify(xre_chienpanze/src/chienpanze_description) by extensions ['colcon_meta']
[7.583s] Level 1:colcon.colcon_core.package_identification:_identify(xre_chienpanze/src/chienpanze_description) by extension 'colcon_meta'
[7.583s] Level 1:colcon.colcon_core.package_identification:_identify(xre_chienpanze/src/chienpanze_description) by extensions ['ros']
[7.583s] Level 1:colcon.colcon_core.package_identification:_identify(xre_chienpanze/src/chienpanze_description) by extension 'ros'
[7.587s] DEBUG:colcon.colcon_core.package_identification:Package 'xre_chienpanze/src/chienpanze_description' with type 'ros.ament_cmake' and name 'chienpanze_description'
[7.588s] Level 1:colcon.colcon_core.package_identification:_identify(xre_chienpanze/src/chienpanze_hw_interface) by extensions ['ignore', 'ignore_ament_install']
[7.588s] Level 1:colcon.colcon_core.package_identification:_identify(xre_chienpanze/src/chienpanze_hw_interface) by extension 'ignore'
[7.588s] Level 1:colcon.colcon_core.package_identification:_identify(xre_chienpanze/src/chienpanze_hw_interface) by extension 'ignore_ament_install'
[7.589s] Level 1:colcon.colcon_core.package_identification:_identify(xre_chienpanze/src/chienpanze_hw_interface) by extensions ['colcon_pkg']
[7.589s] Level 1:colcon.colcon_core.package_identification:_identify(xre_chienpanze/src/chienpanze_hw_interface) by extension 'colcon_pkg'
[7.589s] Level 1:colcon.colcon_core.package_identification:_identify(xre_chienpanze/src/chienpanze_hw_interface) by extensions ['colcon_meta']
[7.589s] Level 1:colcon.colcon_core.package_identification:_identify(xre_chienpanze/src/chienpanze_hw_interface) by extension 'colcon_meta'
[7.590s] Level 1:colcon.colcon_core.package_identification:_identify(xre_chienpanze/src/chienpanze_hw_interface) by extensions ['ros']
[7.590s] Level 1:colcon.colcon_core.package_identification:_identify(xre_chienpanze/src/chienpanze_hw_interface) by extension 'ros'
[7.593s] DEBUG:colcon.colcon_core.package_identification:Package 'xre_chienpanze/src/chienpanze_hw_interface' with type 'ros.ament_cmake' and name 'chienpanze_hw_interface'
[7.593s] Level 1:colcon.colcon_core.package_discovery:discover_packages(recursive) using defaults
[7.593s] Level 1:colcon.colcon_core.package_discovery:discover_packages(ignore) discover
[7.593s] Level 1:colcon.colcon_core.package_discovery:discover_packages(ignore) using defaults
[7.594s] Level 1:colcon.colcon_core.package_discovery:discover_packages(path) discover
[7.594s] Level 1:colcon.colcon_core.package_discovery:discover_packages(path) using defaults
[7.777s] Level 1:colcon.colcon_core.package_discovery:discover_packages(prefix_path) check parameters
[7.777s] Level 1:colcon.colcon_core.package_discovery:discover_packages(prefix_path) discover
[7.800s] DEBUG:colcon.colcon_installed_package_information.package_discovery:Found 275 installed packages in /opt/ros/humble
[7.807s] Level 1:colcon.colcon_core.package_discovery:discover_packages(prefix_path) using defaults
[8.023s] Level 5:colcon.colcon_core.verb:set package 'chienpanze_bringup' build argument 'cmake_args' from command line to 'None'
[8.024s] Level 5:colcon.colcon_core.verb:set package 'chienpanze_bringup' build argument 'cmake_target' from command line to 'None'
[8.024s] Level 5:colcon.colcon_core.verb:set package 'chienpanze_bringup' build argument 'cmake_target_skip_unavailable' from command line to 'False'
[8.024s] Level 5:colcon.colcon_core.verb:set package 'chienpanze_bringup' build argument 'cmake_clean_cache' from command line to 'False'
[8.024s] Level 5:colcon.colcon_core.verb:set package 'chienpanze_bringup' build argument 'cmake_clean_first' from command line to 'False'
[8.024s] Level 5:colcon.colcon_core.verb:set package 'chienpanze_bringup' build argument 'cmake_force_configure' from command line to 'False'
[8.024s] Level 5:colcon.colcon_core.verb:set package 'chienpanze_bringup' build argument 'ament_cmake_args' from command line to 'None'
[8.024s] Level 5:colcon.colcon_core.verb:set package 'chienpanze_bringup' build argument 'catkin_cmake_args' from command line to 'None'
[8.025s] Level 5:colcon.colcon_core.verb:set package 'chienpanze_bringup' build argument 'catkin_skip_building_tests' from command line to 'False'
[8.025s] DEBUG:colcon.colcon_core.verb:Building package 'chienpanze_bringup' with the following arguments: {'ament_cmake_args': None, 'build_base': '/home/xplore/chienpanze/xre-legged-dog/build/chienpanze_bringup', 'catkin_cmake_args': None, 'catkin_skip_building_tests': False, 'cmake_args': None, 'cmake_clean_cache': False, 'cmake_clean_first': False, 'cmake_force_configure': False, 'cmake_target': None, 'cmake_target_skip_unavailable': False, 'install_base': '/home/xplore/chienpanze/xre-legged-dog/install/chienpanze_bringup', 'merge_install': False, 'path': '/home/xplore/chienpanze/xre-legged-dog/xre_chienpanze/src/chienpanze_bringup', 'symlink_install': False, 'test_result_base': None}
[8.026s] Level 5:colcon.colcon_core.verb:set package 'chienpanze_controllers' build argument 'cmake_args' from command line to 'None'
[8.027s] Level 5:colcon.colcon_core.verb:set package 'chienpanze_controllers' build argument 'cmake_target' from command line to 'None'
[8.027s] Level 5:colcon.colcon_core.verb:set package 'chienpanze_controllers' build argument 'cmake_target_skip_unavailable' from command line to 'False'
[8.027s] Level 5:colcon.colcon_core.verb:set package 'chienpanze_controllers' build argument 'cmake_clean_cache' from command line to 'False'
[8.027s] Level 5:colcon.colcon_core.verb:set package 'chienpanze_controllers' build argument 'cmake_clean_first' from command line to 'False'
[8.027s] Level 5:colcon.colcon_core.verb:set package 'chienpanze_controllers' build argument 'cmake_force_configure' from command line to 'False'
[8.027s] Level 5:colcon.colcon_core.verb:set package 'chienpanze_controllers' build argument 'ament_cmake_args' from command line to 'None'
[8.027s] Level 5:colcon.colcon_core.verb:set package 'chienpanze_controllers' build argument 'catkin_cmake_args' from command line to 'None'
[8.028s] Level 5:colcon.colcon_core.verb:set package 'chienpanze_controllers' build argument 'catkin_skip_building_tests' from command line to 'False'
[8.028s] DEBUG:colcon.colcon_core.verb:Building package 'chienpanze_controllers' with the following arguments: {'ament_cmake_args': None, 'build_base': '/home/xplore/chienpanze/xre-legged-dog/build/chienpanze_controllers', 'catkin_cmake_args': None, 'catkin_skip_building_tests': False, 'cmake_args': None, 'cmake_clean_cache': False, 'cmake_clean_first': False, 'cmake_force_configure': False, 'cmake_target': None, 'cmake_target_skip_unavailable': False, 'install_base': '/home/xplore/chienpanze/xre-legged-dog/install/chienpanze_controllers', 'merge_install': False, 'path': '/home/xplore/chienpanze/xre-legged-dog/xre_chienpanze/src/chienpanze_controllers', 'symlink_install': False, 'test_result_base': None}
[8.029s] Level 5:colcon.colcon_core.verb:set package 'chienpanze_description' build argument 'cmake_args' from command line to 'None'
[8.029s] Level 5:colcon.colcon_core.verb:set package 'chienpanze_description' build argument 'cmake_target' from command line to 'None'
[8.030s] Level 5:colcon.colcon_core.verb:set package 'chienpanze_description' build argument 'cmake_target_skip_unavailable' from command line to 'False'
[8.030s] Level 5:colcon.colcon_core.verb:set package 'chienpanze_description' build argument 'cmake_clean_cache' from command line to 'False'
[8.030s] Level 5:colcon.colcon_core.verb:set package 'chienpanze_description' build argument 'cmake_clean_first' from command line to 'False'
[8.030s] Level 5:colcon.colcon_core.verb:set package 'chienpanze_description' build argument 'cmake_force_configure' from command line to 'False'
[8.030s] Level 5:colcon.colcon_core.verb:set package 'chienpanze_description' build argument 'ament_cmake_args' from command line to 'None'
[8.030s] Level 5:colcon.colcon_core.verb:set package 'chienpanze_description' build argument 'catkin_cmake_args' from command line to 'None'
[8.031s] Level 5:colcon.colcon_core.verb:set package 'chienpanze_description' build argument 'catkin_skip_building_tests' from command line to 'False'
[8.031s] DEBUG:colcon.colcon_core.verb:Building package 'chienpanze_description' with the following arguments: {'ament_cmake_args': None, 'build_base': '/home/xplore/chienpanze/xre-legged-dog/build/chienpanze_description', 'catkin_cmake_args': None, 'catkin_skip_building_tests': False, 'cmake_args': None, 'cmake_clean_cache': False, 'cmake_clean_first': False, 'cmake_force_configure': False, 'cmake_target': None, 'cmake_target_skip_unavailable': False, 'install_base': '/home/xplore/chienpanze/xre-legged-dog/install/chienpanze_description', 'merge_install': False, 'path': '/home/xplore/chienpanze/xre-legged-dog/xre_chienpanze/src/chienpanze_description', 'symlink_install': False, 'test_result_base': None}
[8.032s] Level 5:colcon.colcon_core.verb:set package 'chienpanze_hw_interface' build argument 'cmake_args' from command line to 'None'
[8.033s] Level 5:colcon.colcon_core.verb:set package 'chienpanze_hw_interface' build argument 'cmake_target' from command line to 'None'
[8.033s] Level 5:colcon.colcon_core.verb:set package 'chienpanze_hw_interface' build argument 'cmake_target_skip_unavailable' from command line to 'False'
[8.033s] Level 5:colcon.colcon_core.verb:set package 'chienpanze_hw_interface' build argument 'cmake_clean_cache' from command line to 'False'
[8.033s] Level 5:colcon.colcon_core.verb:set package 'chienpanze_hw_interface' build argument 'cmake_clean_first' from command line to 'False'
[8.033s] Level 5:colcon.colcon_core.verb:set package 'chienpanze_hw_interface' build argument 'cmake_force_configure' from command line to 'False'
[8.033s] Level 5:colcon.colcon_core.verb:set package 'chienpanze_hw_interface' build argument 'ament_cmake_args' from command line to 'None'
[8.033s] Level 5:colcon.colcon_core.verb:set package 'chienpanze_hw_interface' build argument 'catkin_cmake_args' from command line to 'None'
[8.033s] Level 5:colcon.colcon_core.verb:set package 'chienpanze_hw_interface' build argument 'catkin_skip_building_tests' from command line to 'False'
[8.034s] DEBUG:colcon.colcon_core.verb:Building package 'chienpanze_hw_interface' with the following arguments: {'ament_cmake_args': None, 'build_base': '/home/xplore/chienpanze/xre-legged-dog/build/chienpanze_hw_interface', 'catkin_cmake_args': None, 'catkin_skip_building_tests': False, 'cmake_args': None, 'cmake_clean_cache': False, 'cmake_clean_first': False, 'cmake_force_configure': False, 'cmake_target': None, 'cmake_target_skip_unavailable': False, 'install_base': '/home/xplore/chienpanze/xre-legged-dog/install/chienpanze_hw_interface', 'merge_install': False, 'path': '/home/xplore/chienpanze/xre-legged-dog/xre_chienpanze/src/chienpanze_hw_interface', 'symlink_install': False, 'test_result_base': None}
[8.034s] INFO:colcon.colcon_core.executor:Executing jobs using 'parallel' executor
[8.038s] DEBUG:colcon.colcon_parallel_executor.executor.parallel:run_until_complete
[8.039s] INFO:colcon.colcon_ros.task.ament_cmake.build:Building ROS package in '/home/xplore/chienpanze/xre-legged-dog/xre_chienpanze/src/chienpanze_bringup' with build type 'ament_cmake'
[8.040s] INFO:colcon.colcon_cmake.task.cmake.build:Building CMake package in '/home/xplore/chienpanze/xre-legged-dog/xre_chienpanze/src/chienpanze_bringup'
[8.065s] INFO:colcon.colcon_core.plugin_system:Skipping extension 'colcon_core.shell.bat': Not used on non-Windows systems
[8.066s] INFO:colcon.colcon_core.shell:Skip shell extension 'powershell' for command environment: Not usable outside of PowerShell
[8.066s] DEBUG:colcon.colcon_core.shell:Skip shell extension 'dsv' for command environment
[8.092s] INFO:colcon.colcon_ros.task.ament_cmake.build:Building ROS package in '/home/xplore/chienpanze/xre-legged-dog/xre_chienpanze/src/chienpanze_controllers' with build type 'ament_cmake'
[8.092s] INFO:colcon.colcon_cmake.task.cmake.build:Building CMake package in '/home/xplore/chienpanze/xre-legged-dog/xre_chienpanze/src/chienpanze_controllers'
[8.094s] INFO:colcon.colcon_core.shell:Skip shell extension 'powershell' for command environment: Not usable outside of PowerShell
[8.095s] DEBUG:colcon.colcon_core.shell:Skip shell extension 'dsv' for command environment
[8.118s] INFO:colcon.colcon_ros.task.ament_cmake.build:Building ROS package in '/home/xplore/chienpanze/xre-legged-dog/xre_chienpanze/src/chienpanze_description' with build type 'ament_cmake'
[8.119s] INFO:colcon.colcon_cmake.task.cmake.build:Building CMake package in '/home/xplore/chienpanze/xre-legged-dog/xre_chienpanze/src/chienpanze_description'
[8.121s] INFO:colcon.colcon_core.shell:Skip shell extension 'powershell' for command environment: Not usable outside of PowerShell
[8.122s] DEBUG:colcon.colcon_core.shell:Skip shell extension 'dsv' for command environment
[8.143s] INFO:colcon.colcon_ros.task.ament_cmake.build:Building ROS package in '/home/xplore/chienpanze/xre-legged-dog/xre_chienpanze/src/chienpanze_hw_interface' with build type 'ament_cmake'
[8.144s] INFO:colcon.colcon_cmake.task.cmake.build:Building CMake package in '/home/xplore/chienpanze/xre-legged-dog/xre_chienpanze/src/chienpanze_hw_interface'
[8.145s] INFO:colcon.colcon_core.shell:Skip shell extension 'powershell' for command environment: Not usable outside of PowerShell
[8.146s] DEBUG:colcon.colcon_core.shell:Skip shell extension 'dsv' for command environment
[8.209s] DEBUG:colcon.colcon_core.event_handler.log_command:Invoking command in '/home/xplore/chienpanze/xre-legged-dog/build/chienpanze_bringup': CMAKE_PREFIX_PATH=/opt/ros/humble /usr/bin/cmake --build /home/xplore/chienpanze/xre-legged-dog/build/chienpanze_bringup -- -j4 -l4
[8.272s] DEBUG:colcon.colcon_core.event_handler.log_command:Invoking command in '/home/xplore/chienpanze/xre-legged-dog/build/chienpanze_controllers': CMAKE_PREFIX_PATH=/opt/ros/humble /usr/bin/cmake --build /home/xplore/chienpanze/xre-legged-dog/build/chienpanze_controllers -- -j4 -l4
[8.298s] DEBUG:colcon.colcon_core.event_handler.log_command:Invoking command in '/home/xplore/chienpanze/xre-legged-dog/build/chienpanze_description': CMAKE_PREFIX_PATH=/opt/ros/humble /usr/bin/cmake --build /home/xplore/chienpanze/xre-legged-dog/build/chienpanze_description -- -j4 -l4
[8.416s] DEBUG:colcon.colcon_core.event_handler.log_command:Invoking command in '/home/xplore/chienpanze/xre-legged-dog/build/chienpanze_hw_interface': CMAKE_PREFIX_PATH=/opt/ros/humble /usr/bin/cmake --build /home/xplore/chienpanze/xre-legged-dog/build/chienpanze_hw_interface -- -j4 -l4
[8.683s] DEBUG:colcon.colcon_core.event_handler.log_command:Invoked command in '/home/xplore/chienpanze/xre-legged-dog/build/chienpanze_bringup' returned '0': CMAKE_PREFIX_PATH=/opt/ros/humble /usr/bin/cmake --build /home/xplore/chienpanze/xre-legged-dog/build/chienpanze_bringup -- -j4 -l4
[8.766s] DEBUG:colcon.colcon_core.event_handler.log_command:Invoked command in '/home/xplore/chienpanze/xre-legged-dog/build/chienpanze_description' returned '0': CMAKE_PREFIX_PATH=/opt/ros/humble /usr/bin/cmake --build /home/xplore/chienpanze/xre-legged-dog/build/chienpanze_description -- -j4 -l4
[9.001s] DEBUG:colcon.colcon_core.event_handler.log_command:Invoking command in '/home/xplore/chienpanze/xre-legged-dog/build/chienpanze_bringup': CMAKE_PREFIX_PATH=/opt/ros/humble /usr/bin/cmake --install /home/xplore/chienpanze/xre-legged-dog/build/chienpanze_bringup
[9.031s] DEBUG:colcon.colcon_core.event_handler.log_command:Invoking command in '/home/xplore/chienpanze/xre-legged-dog/build/chienpanze_description': CMAKE_PREFIX_PATH=/opt/ros/humble /usr/bin/cmake --install /home/xplore/chienpanze/xre-legged-dog/build/chienpanze_description
[9.054s] DEBUG:colcon.colcon_core.event_handler.log_command:Invoked command in '/home/xplore/chienpanze/xre-legged-dog/build/chienpanze_hw_interface' returned '0': CMAKE_PREFIX_PATH=/opt/ros/humble /usr/bin/cmake --build /home/xplore/chienpanze/xre-legged-dog/build/chienpanze_hw_interface -- -j4 -l4
[9.104s] Level 1:colcon.colcon_core.environment:create_environment_scripts_only(chienpanze_bringup)
[9.113s] DEBUG:colcon.colcon_core.event_handler.log_command:Invoked command in '/home/xplore/chienpanze/xre-legged-dog/build/chienpanze_bringup' returned '0': CMAKE_PREFIX_PATH=/opt/ros/humble /usr/bin/cmake --install /home/xplore/chienpanze/xre-legged-dog/build/chienpanze_bringup
[9.186s] Level 1:colcon.colcon_core.environment:checking '/home/xplore/chienpanze/xre-legged-dog/install/chienpanze_bringup' for CMake module files
[9.190s] Level 1:colcon.colcon_core.environment:checking '/home/xplore/chienpanze/xre-legged-dog/install/chienpanze_bringup' for CMake config files
[9.194s] Level 1:colcon.colcon_core.shell:create_environment_hook('chienpanze_bringup', 'cmake_prefix_path')
[9.195s] INFO:colcon.colcon_core.shell:Creating environment hook '/home/xplore/chienpanze/xre-legged-dog/install/chienpanze_bringup/share/chienpanze_bringup/hook/cmake_prefix_path.ps1'
[9.201s] INFO:colcon.colcon_core.shell:Creating environment descriptor '/home/xplore/chienpanze/xre-legged-dog/install/chienpanze_bringup/share/chienpanze_bringup/hook/cmake_prefix_path.dsv'
[9.207s] INFO:colcon.colcon_core.shell:Creating environment hook '/home/xplore/chienpanze/xre-legged-dog/install/chienpanze_bringup/share/chienpanze_bringup/hook/cmake_prefix_path.sh'
[9.241s] Level 1:colcon.colcon_core.environment:checking '/home/xplore/chienpanze/xre-legged-dog/install/chienpanze_bringup/bin'
[9.242s] Level 1:colcon.colcon_core.environment:checking '/home/xplore/chienpanze/xre-legged-dog/install/chienpanze_bringup/lib/pkgconfig/chienpanze_bringup.pc'
[9.243s] Level 1:colcon.colcon_core.environment:checking '/home/xplore/chienpanze/xre-legged-dog/install/chienpanze_bringup/lib/python3.10/site-packages'
[9.245s] Level 1:colcon.colcon_core.environment:checking '/home/xplore/chienpanze/xre-legged-dog/install/chienpanze_bringup/bin'
[9.246s] INFO:colcon.colcon_core.shell:Creating package script '/home/xplore/chienpanze/xre-legged-dog/install/chienpanze_bringup/share/chienpanze_bringup/package.ps1'
[9.252s] INFO:colcon.colcon_core.shell:Creating package descriptor '/home/xplore/chienpanze/xre-legged-dog/install/chienpanze_bringup/share/chienpanze_bringup/package.dsv'
[9.257s] INFO:colcon.colcon_core.shell:Creating package script '/home/xplore/chienpanze/xre-legged-dog/install/chienpanze_bringup/share/chienpanze_bringup/package.sh'
[9.262s] INFO:colcon.colcon_core.shell:Creating package script '/home/xplore/chienpanze/xre-legged-dog/install/chienpanze_bringup/share/chienpanze_bringup/package.bash'
[9.268s] INFO:colcon.colcon_core.shell:Creating package script '/home/xplore/chienpanze/xre-legged-dog/install/chienpanze_bringup/share/chienpanze_bringup/package.zsh'
[9.275s] Level 1:colcon.colcon_core.environment:create_file_with_runtime_dependencies(/home/xplore/chienpanze/xre-legged-dog/install/chienpanze_bringup/share/colcon-core/packages/chienpanze_bringup)
[9.314s] DEBUG:colcon.colcon_core.event_handler.log_command:Invoking command in '/home/xplore/chienpanze/xre-legged-dog/build/chienpanze_hw_interface': CMAKE_PREFIX_PATH=/opt/ros/humble /usr/bin/cmake --install /home/xplore/chienpanze/xre-legged-dog/build/chienpanze_hw_interface
[9.322s] Level 1:colcon.colcon_core.environment:create_environment_scripts_only(chienpanze_description)
[9.327s] Level 1:colcon.colcon_core.environment:checking '/home/xplore/chienpanze/xre-legged-dog/install/chienpanze_description' for CMake module files
[9.338s] DEBUG:colcon.colcon_core.event_handler.log_command:Invoked command in '/home/xplore/chienpanze/xre-legged-dog/build/chienpanze_description' returned '0': CMAKE_PREFIX_PATH=/opt/ros/humble /usr/bin/cmake --install /home/xplore/chienpanze/xre-legged-dog/build/chienpanze_description
[9.345s] Level 1:colcon.colcon_core.environment:checking '/home/xplore/chienpanze/xre-legged-dog/install/chienpanze_description' for CMake config files
[9.350s] Level 1:colcon.colcon_core.shell:create_environment_hook('chienpanze_description', 'cmake_prefix_path')
[9.351s] INFO:colcon.colcon_core.shell:Creating environment hook '/home/xplore/chienpanze/xre-legged-dog/install/chienpanze_description/share/chienpanze_description/hook/cmake_prefix_path.ps1'
[9.355s] INFO:colcon.colcon_core.shell:Creating environment descriptor '/home/xplore/chienpanze/xre-legged-dog/install/chienpanze_description/share/chienpanze_description/hook/cmake_prefix_path.dsv'
[9.359s] INFO:colcon.colcon_core.shell:Creating environment hook '/home/xplore/chienpanze/xre-legged-dog/install/chienpanze_description/share/chienpanze_description/hook/cmake_prefix_path.sh'
[9.365s] Level 1:colcon.colcon_core.environment:checking '/home/xplore/chienpanze/xre-legged-dog/install/chienpanze_description/bin'
[9.366s] Level 1:colcon.colcon_core.environment:checking '/home/xplore/chienpanze/xre-legged-dog/install/chienpanze_description/lib/pkgconfig/chienpanze_description.pc'
[9.368s] Level 1:colcon.colcon_core.environment:checking '/home/xplore/chienpanze/xre-legged-dog/install/chienpanze_description/lib/python3.10/site-packages'
[9.370s] Level 1:colcon.colcon_core.environment:checking '/home/xplore/chienpanze/xre-legged-dog/install/chienpanze_description/bin'
[9.372s] INFO:colcon.colcon_core.shell:Creating package script '/home/xplore/chienpanze/xre-legged-dog/install/chienpanze_description/share/chienpanze_description/package.ps1'
[9.375s] INFO:colcon.colcon_core.shell:Creating package descriptor '/home/xplore/chienpanze/xre-legged-dog/install/chienpanze_description/share/chienpanze_description/package.dsv'
[9.379s] INFO:colcon.colcon_core.shell:Creating package script '/home/xplore/chienpanze/xre-legged-dog/install/chienpanze_description/share/chienpanze_description/package.sh'
[9.390s] INFO:colcon.colcon_core.shell:Creating package script '/home/xplore/chienpanze/xre-legged-dog/install/chienpanze_description/share/chienpanze_description/package.bash'
[9.417s] INFO:colcon.colcon_core.shell:Creating package script '/home/xplore/chienpanze/xre-legged-dog/install/chienpanze_description/share/chienpanze_description/package.zsh'
[9.423s] Level 1:colcon.colcon_core.environment:create_file_with_runtime_dependencies(/home/xplore/chienpanze/xre-legged-dog/install/chienpanze_description/share/colcon-core/packages/chienpanze_description)
[9.448s] Level 1:colcon.colcon_core.environment:create_environment_scripts_only(chienpanze_bringup)
[9.453s] Level 1:colcon.colcon_core.environment:checking '/home/xplore/chienpanze/xre-legged-dog/install/chienpanze_bringup' for CMake module files
[9.458s] Level 1:colcon.colcon_core.environment:checking '/home/xplore/chienpanze/xre-legged-dog/install/chienpanze_bringup' for CMake config files
[9.461s] Level 1:colcon.colcon_core.shell:create_environment_hook('chienpanze_bringup', 'cmake_prefix_path')
[9.463s] INFO:colcon.colcon_core.shell:Creating environment hook '/home/xplore/chienpanze/xre-legged-dog/install/chienpanze_bringup/share/chienpanze_bringup/hook/cmake_prefix_path.ps1'
[9.468s] INFO:colcon.colcon_core.shell:Creating environment descriptor '/home/xplore/chienpanze/xre-legged-dog/install/chienpanze_bringup/share/chienpanze_bringup/hook/cmake_prefix_path.dsv'
[9.470s] INFO:colcon.colcon_core.shell:Creating environment hook '/home/xplore/chienpanze/xre-legged-dog/install/chienpanze_bringup/share/chienpanze_bringup/hook/cmake_prefix_path.sh'
[9.474s] Level 1:colcon.colcon_core.environment:checking '/home/xplore/chienpanze/xre-legged-dog/install/chienpanze_bringup/bin'
[9.475s] Level 1:colcon.colcon_core.environment:checking '/home/xplore/chienpanze/xre-legged-dog/install/chienpanze_bringup/lib/pkgconfig/chienpanze_bringup.pc'
[9.476s] Level 1:colcon.colcon_core.environment:checking '/home/xplore/chienpanze/xre-legged-dog/install/chienpanze_bringup/lib/python3.10/site-packages'
[9.478s] Level 1:colcon.colcon_core.environment:checking '/home/xplore/chienpanze/xre-legged-dog/install/chienpanze_bringup/bin'
[9.480s] INFO:colcon.colcon_core.shell:Creating package script '/home/xplore/chienpanze/xre-legged-dog/install/chienpanze_bringup/share/chienpanze_bringup/package.ps1'
[9.484s] INFO:colcon.colcon_core.shell:Creating package descriptor '/home/xplore/chienpanze/xre-legged-dog/install/chienpanze_bringup/share/chienpanze_bringup/package.dsv'
[9.487s] INFO:colcon.colcon_core.shell:Creating package script '/home/xplore/chienpanze/xre-legged-dog/install/chienpanze_bringup/share/chienpanze_bringup/package.sh'
[9.490s] INFO:colcon.colcon_core.shell:Creating package script '/home/xplore/chienpanze/xre-legged-dog/install/chienpanze_bringup/share/chienpanze_bringup/package.bash'
[9.493s] INFO:colcon.colcon_core.shell:Creating package script '/home/xplore/chienpanze/xre-legged-dog/install/chienpanze_bringup/share/chienpanze_bringup/package.zsh'
[9.497s] Level 1:colcon.colcon_core.environment:create_file_with_runtime_dependencies(/home/xplore/chienpanze/xre-legged-dog/install/chienpanze_bringup/share/colcon-core/packages/chienpanze_bringup)
[9.503s] Level 1:colcon.colcon_core.environment:create_environment_scripts_only(chienpanze_hw_interface)
[9.507s] Level 1:colcon.colcon_core.environment:checking '/home/xplore/chienpanze/xre-legged-dog/install/chienpanze_hw_interface' for CMake module files
[9.514s] DEBUG:colcon.colcon_core.event_handler.log_command:Invoked command in '/home/xplore/chienpanze/xre-legged-dog/build/chienpanze_hw_interface' returned '0': CMAKE_PREFIX_PATH=/opt/ros/humble /usr/bin/cmake --install /home/xplore/chienpanze/xre-legged-dog/build/chienpanze_hw_interface
[9.515s] Level 1:colcon.colcon_core.environment:checking '/home/xplore/chienpanze/xre-legged-dog/install/chienpanze_hw_interface' for CMake config files
[9.519s] Level 1:colcon.colcon_core.shell:create_environment_hook('chienpanze_hw_interface', 'cmake_prefix_path')
[9.520s] INFO:colcon.colcon_core.shell:Creating environment hook '/home/xplore/chienpanze/xre-legged-dog/install/chienpanze_hw_interface/share/chienpanze_hw_interface/hook/cmake_prefix_path.ps1'
[9.523s] INFO:colcon.colcon_core.shell:Creating environment descriptor '/home/xplore/chienpanze/xre-legged-dog/install/chienpanze_hw_interface/share/chienpanze_hw_interface/hook/cmake_prefix_path.dsv'
[9.526s] INFO:colcon.colcon_core.shell:Creating environment hook '/home/xplore/chienpanze/xre-legged-dog/install/chienpanze_hw_interface/share/chienpanze_hw_interface/hook/cmake_prefix_path.sh'
[9.530s] Level 1:colcon.colcon_core.environment:checking '/home/xplore/chienpanze/xre-legged-dog/install/chienpanze_hw_interface/lib'
[9.531s] Level 1:colcon.colcon_core.shell:create_environment_hook('chienpanze_hw_interface', 'ld_library_path_lib')
[9.534s] INFO:colcon.colcon_core.shell:Creating environment hook '/home/xplore/chienpanze/xre-legged-dog/install/chienpanze_hw_interface/share/chienpanze_hw_interface/hook/ld_library_path_lib.ps1'
[9.538s] INFO:colcon.colcon_core.shell:Creating environment descriptor '/home/xplore/chienpanze/xre-legged-dog/install/chienpanze_hw_interface/share/chienpanze_hw_interface/hook/ld_library_path_lib.dsv'
[9.541s] INFO:colcon.colcon_core.shell:Creating environment hook '/home/xplore/chienpanze/xre-legged-dog/install/chienpanze_hw_interface/share/chienpanze_hw_interface/hook/ld_library_path_lib.sh'
[9.545s] Level 1:colcon.colcon_core.environment:checking '/home/xplore/chienpanze/xre-legged-dog/install/chienpanze_hw_interface/bin'
[9.546s] Level 1:colcon.colcon_core.environment:checking '/home/xplore/chienpanze/xre-legged-dog/install/chienpanze_hw_interface/lib/pkgconfig/chienpanze_hw_interface.pc'
[9.547s] Level 1:colcon.colcon_core.environment:checking '/home/xplore/chienpanze/xre-legged-dog/install/chienpanze_hw_interface/lib/python3.10/site-packages'
[9.549s] Level 1:colcon.colcon_core.environment:checking '/home/xplore/chienpanze/xre-legged-dog/install/chienpanze_hw_interface/bin'
[9.552s] INFO:colcon.colcon_core.shell:Creating package script '/home/xplore/chienpanze/xre-legged-dog/install/chienpanze_hw_interface/share/chienpanze_hw_interface/package.ps1'
[9.557s] INFO:colcon.colcon_core.shell:Creating package descriptor '/home/xplore/chienpanze/xre-legged-dog/install/chienpanze_hw_interface/share/chienpanze_hw_interface/package.dsv'
[9.560s] INFO:colcon.colcon_core.shell:Creating package script '/home/xplore/chienpanze/xre-legged-dog/install/chienpanze_hw_interface/share/chienpanze_hw_interface/package.sh'
[9.563s] INFO:colcon.colcon_core.shell:Creating package script '/home/xplore/chienpanze/xre-legged-dog/install/chienpanze_hw_interface/share/chienpanze_hw_interface/package.bash'
[9.567s] INFO:colcon.colcon_core.shell:Creating package script '/home/xplore/chienpanze/xre-legged-dog/install/chienpanze_hw_interface/share/chienpanze_hw_interface/package.zsh'
[9.570s] Level 1:colcon.colcon_core.environment:create_file_with_runtime_dependencies(/home/xplore/chienpanze/xre-legged-dog/install/chienpanze_hw_interface/share/colcon-core/packages/chienpanze_hw_interface)
[9.649s] Level 1:colcon.colcon_core.environment:create_environment_scripts_only(chienpanze_description)
[9.651s] Level 1:colcon.colcon_core.environment:checking '/home/xplore/chienpanze/xre-legged-dog/install/chienpanze_description' for CMake module files
[9.656s] Level 1:colcon.colcon_core.environment:checking '/home/xplore/chienpanze/xre-legged-dog/install/chienpanze_description' for CMake config files
[9.659s] Level 1:colcon.colcon_core.shell:create_environment_hook('chienpanze_description', 'cmake_prefix_path')
[9.661s] INFO:colcon.colcon_core.shell:Creating environment hook '/home/xplore/chienpanze/xre-legged-dog/install/chienpanze_description/share/chienpanze_description/hook/cmake_prefix_path.ps1'
[9.665s] INFO:colcon.colcon_core.shell:Creating environment descriptor '/home/xplore/chienpanze/xre-legged-dog/install/chienpanze_description/share/chienpanze_description/hook/cmake_prefix_path.dsv'
[9.669s] INFO:colcon.colcon_core.shell:Creating environment hook '/home/xplore/chienpanze/xre-legged-dog/install/chienpanze_description/share/chienpanze_description/hook/cmake_prefix_path.sh'
[9.674s] Level 1:colcon.colcon_core.environment:checking '/home/xplore/chienpanze/xre-legged-dog/install/chienpanze_description/bin'
[9.676s] Level 1:colcon.colcon_core.environment:checking '/home/xplore/chienpanze/xre-legged-dog/install/chienpanze_description/lib/pkgconfig/chienpanze_description.pc'
[9.679s] Level 1:colcon.colcon_core.environment:checking '/home/xplore/chienpanze/xre-legged-dog/install/chienpanze_description/lib/python3.10/site-packages'
[9.681s] Level 1:colcon.colcon_core.environment:checking '/home/xplore/chienpanze/xre-legged-dog/install/chienpanze_description/bin'
[9.683s] INFO:colcon.colcon_core.shell:Creating package script '/home/xplore/chienpanze/xre-legged-dog/install/chienpanze_description/share/chienpanze_description/package.ps1'
[9.687s] INFO:colcon.colcon_core.shell:Creating package descriptor '/home/xplore/chienpanze/xre-legged-dog/install/chienpanze_description/share/chienpanze_description/package.dsv'
[9.691s] INFO:colcon.colcon_core.shell:Creating package script '/home/xplore/chienpanze/xre-legged-dog/install/chienpanze_description/share/chienpanze_description/package.sh'
[9.694s] INFO:colcon.colcon_core.shell:Creating package script '/home/xplore/chienpanze/xre-legged-dog/install/chienpanze_description/share/chienpanze_description/package.bash'
[9.698s] INFO:colcon.colcon_core.shell:Creating package script '/home/xplore/chienpanze/xre-legged-dog/install/chienpanze_description/share/chienpanze_description/package.zsh'
[9.701s] Level 1:colcon.colcon_core.environment:create_file_with_runtime_dependencies(/home/xplore/chienpanze/xre-legged-dog/install/chienpanze_description/share/colcon-core/packages/chienpanze_description)
[9.828s] Level 1:colcon.colcon_core.environment:create_environment_scripts_only(chienpanze_hw_interface)
[9.831s] Level 1:colcon.colcon_core.environment:checking '/home/xplore/chienpanze/xre-legged-dog/install/chienpanze_hw_interface' for CMake module files
[9.838s] Level 1:colcon.colcon_core.environment:checking '/home/xplore/chienpanze/xre-legged-dog/install/chienpanze_hw_interface' for CMake config files
[9.844s] Level 1:colcon.colcon_core.shell:create_environment_hook('chienpanze_hw_interface', 'cmake_prefix_path')
[9.846s] INFO:colcon.colcon_core.shell:Creating environment hook '/home/xplore/chienpanze/xre-legged-dog/install/chienpanze_hw_interface/share/chienpanze_hw_interface/hook/cmake_prefix_path.ps1'
[9.850s] INFO:colcon.colcon_core.shell:Creating environment descriptor '/home/xplore/chienpanze/xre-legged-dog/install/chienpanze_hw_interface/share/chienpanze_hw_interface/hook/cmake_prefix_path.dsv'
[9.854s] INFO:colcon.colcon_core.shell:Creating environment hook '/home/xplore/chienpanze/xre-legged-dog/install/chienpanze_hw_interface/share/chienpanze_hw_interface/hook/cmake_prefix_path.sh'
[9.861s] Level 1:colcon.colcon_core.environment:checking '/home/xplore/chienpanze/xre-legged-dog/install/chienpanze_hw_interface/lib'
[9.863s] Level 1:colcon.colcon_core.shell:create_environment_hook('chienpanze_hw_interface', 'ld_library_path_lib')
[9.866s] INFO:colcon.colcon_core.shell:Creating environment hook '/home/xplore/chienpanze/xre-legged-dog/install/chienpanze_hw_interface/share/chienpanze_hw_interface/hook/ld_library_path_lib.ps1'
[9.878s] INFO:colcon.colcon_core.shell:Creating environment descriptor '/home/xplore/chienpanze/xre-legged-dog/install/chienpanze_hw_interface/share/chienpanze_hw_interface/hook/ld_library_path_lib.dsv'
[9.883s] INFO:colcon.colcon_core.shell:Creating environment hook '/home/xplore/chienpanze/xre-legged-dog/install/chienpanze_hw_interface/share/chienpanze_hw_interface/hook/ld_library_path_lib.sh'
[9.887s] Level 1:colcon.colcon_core.environment:checking '/home/xplore/chienpanze/xre-legged-dog/install/chienpanze_hw_interface/bin'
[9.888s] Level 1:colcon.colcon_core.environment:checking '/home/xplore/chienpanze/xre-legged-dog/install/chienpanze_hw_interface/lib/pkgconfig/chienpanze_hw_interface.pc'
[9.889s] Level 1:colcon.colcon_core.environment:checking '/home/xplore/chienpanze/xre-legged-dog/install/chienpanze_hw_interface/lib/python3.10/site-packages'
[9.891s] Level 1:colcon.colcon_core.environment:checking '/home/xplore/chienpanze/xre-legged-dog/install/chienpanze_hw_interface/bin'
[9.893s] INFO:colcon.colcon_core.shell:Creating package script '/home/xplore/chienpanze/xre-legged-dog/install/chienpanze_hw_interface/share/chienpanze_hw_interface/package.ps1'
[9.899s] INFO:colcon.colcon_core.shell:Creating package descriptor '/home/xplore/chienpanze/xre-legged-dog/install/chienpanze_hw_interface/share/chienpanze_hw_interface/package.dsv'
[9.902s] INFO:colcon.colcon_core.shell:Creating package script '/home/xplore/chienpanze/xre-legged-dog/install/chienpanze_hw_interface/share/chienpanze_hw_interface/package.sh'
[9.906s] INFO:colcon.colcon_core.shell:Creating package script '/home/xplore/chienpanze/xre-legged-dog/install/chienpanze_hw_interface/share/chienpanze_hw_interface/package.bash'
[9.910s] INFO:colcon.colcon_core.shell:Creating package script '/home/xplore/chienpanze/xre-legged-dog/install/chienpanze_hw_interface/share/chienpanze_hw_interface/package.zsh'
[9.914s] Level 1:colcon.colcon_core.environment:create_file_with_runtime_dependencies(/home/xplore/chienpanze/xre-legged-dog/install/chienpanze_hw_interface/share/colcon-core/packages/chienpanze_hw_interface)
[15.943s] DEBUG:colcon.colcon_core.event_handler.log_command:Invoked command in '/home/xplore/chienpanze/xre-legged-dog/build/chienpanze_controllers' returned '2': CMAKE_PREFIX_PATH=/opt/ros/humble /usr/bin/cmake --build /home/xplore/chienpanze/xre-legged-dog/build/chienpanze_controllers -- -j4 -l4
[16.074s] Level 1:colcon.colcon_core.environment:create_environment_scripts_only(chienpanze_controllers)
[16.076s] Level 1:colcon.colcon_core.environment:checking '/home/xplore/chienpanze/xre-legged-dog/install/chienpanze_controllers' for CMake module files
[16.079s] Level 1:colcon.colcon_core.environment:checking '/home/xplore/chienpanze/xre-legged-dog/install/chienpanze_controllers' for CMake config files
[16.082s] Level 1:colcon.colcon_core.shell:create_environment_hook('chienpanze_controllers', 'cmake_prefix_path')
[16.083s] INFO:colcon.colcon_core.shell:Creating environment hook '/home/xplore/chienpanze/xre-legged-dog/install/chienpanze_controllers/share/chienpanze_controllers/hook/cmake_prefix_path.ps1'
[16.085s] INFO:colcon.colcon_core.shell:Creating environment descriptor '/home/xplore/chienpanze/xre-legged-dog/install/chienpanze_controllers/share/chienpanze_controllers/hook/cmake_prefix_path.dsv'
[16.087s] INFO:colcon.colcon_core.shell:Creating environment hook '/home/xplore/chienpanze/xre-legged-dog/install/chienpanze_controllers/share/chienpanze_controllers/hook/cmake_prefix_path.sh'
[16.090s] Level 1:colcon.colcon_core.environment:checking '/home/xplore/chienpanze/xre-legged-dog/install/chienpanze_controllers/bin'
[16.091s] Level 1:colcon.colcon_core.environment:checking '/home/xplore/chienpanze/xre-legged-dog/install/chienpanze_controllers/lib/pkgconfig/chienpanze_controllers.pc'
[16.092s] Level 1:colcon.colcon_core.environment:checking '/home/xplore/chienpanze/xre-legged-dog/install/chienpanze_controllers/lib/python3.10/site-packages'
[16.093s] Level 1:colcon.colcon_core.environment:checking '/home/xplore/chienpanze/xre-legged-dog/install/chienpanze_controllers/bin'
[16.094s] INFO:colcon.colcon_core.shell:Creating package script '/home/xplore/chienpanze/xre-legged-dog/install/chienpanze_controllers/share/chienpanze_controllers/package.ps1'
[16.097s] INFO:colcon.colcon_core.shell:Creating package descriptor '/home/xplore/chienpanze/xre-legged-dog/install/chienpanze_controllers/share/chienpanze_controllers/package.dsv'
[16.100s] INFO:colcon.colcon_core.shell:Creating package script '/home/xplore/chienpanze/xre-legged-dog/install/chienpanze_controllers/share/chienpanze_controllers/package.sh'
[16.103s] INFO:colcon.colcon_core.shell:Creating package script '/home/xplore/chienpanze/xre-legged-dog/install/chienpanze_controllers/share/chienpanze_controllers/package.bash'
[16.106s] INFO:colcon.colcon_core.shell:Creating package script '/home/xplore/chienpanze/xre-legged-dog/install/chienpanze_controllers/share/chienpanze_controllers/package.zsh'
[16.108s] Level 1:colcon.colcon_core.environment:create_file_with_runtime_dependencies(/home/xplore/chienpanze/xre-legged-dog/install/chienpanze_controllers/share/colcon-core/packages/chienpanze_controllers)
[16.119s] DEBUG:colcon.colcon_parallel_executor.executor.parallel:closing loop
[16.120s] DEBUG:colcon.colcon_parallel_executor.executor.parallel:loop closed
[16.122s] DEBUG:colcon.colcon_parallel_executor.executor.parallel:run_until_complete finished with '2'
[16.122s] DEBUG:colcon.colcon_core.event_reactor:joining thread
[16.168s] INFO:colcon.colcon_core.plugin_system:Skipping extension 'colcon_notification.desktop_notification.terminal_notifier': Not used on non-Darwin systems
[16.169s] INFO:colcon.colcon_core.plugin_system:Skipping extension 'colcon_notification.desktop_notification.win32': Not used on non-Windows systems
[16.170s] INFO:colcon.colcon_notification.desktop_notification:Sending desktop notification using 'notify2'
[16.289s] DEBUG:colcon.colcon_core.event_reactor:joined thread
[16.290s] INFO:colcon.colcon_core.shell:Creating prefix script '/home/xplore/chienpanze/xre-legged-dog/install/local_setup.ps1'
[16.296s] INFO:colcon.colcon_core.shell:Creating prefix util module '/home/xplore/chienpanze/xre-legged-dog/install/_local_setup_util_ps1.py'
[16.307s] INFO:colcon.colcon_core.shell:Creating prefix chain script '/home/xplore/chienpanze/xre-legged-dog/install/setup.ps1'
[16.314s] INFO:colcon.colcon_core.shell:Creating prefix script '/home/xplore/chienpanze/xre-legged-dog/install/local_setup.sh'
[16.319s] INFO:colcon.colcon_core.shell:Creating prefix util module '/home/xplore/chienpanze/xre-legged-dog/install/_local_setup_util_sh.py'
[16.323s] INFO:colcon.colcon_core.shell:Creating prefix chain script '/home/xplore/chienpanze/xre-legged-dog/install/setup.sh'
[16.336s] INFO:colcon.colcon_core.shell:Creating prefix script '/home/xplore/chienpanze/xre-legged-dog/install/local_setup.bash'
[16.341s] INFO:colcon.colcon_core.shell:Creating prefix chain script '/home/xplore/chienpanze/xre-legged-dog/install/setup.bash'
[16.349s] INFO:colcon.colcon_core.shell:Creating prefix script '/home/xplore/chienpanze/xre-legged-dog/install/local_setup.zsh'
[16.354s] INFO:colcon.colcon_core.shell:Creating prefix chain script '/home/xplore/chienpanze/xre-legged-dog/install/setup.zsh'
