[0.023s] Invoking command in '/home/arno/xre/xre_chienpanze/build/chienpanze_bringup': CMAKE_PREFIX_PATH=${CMAKE_PREFIX_PATH}:/opt/ros/humble /usr/bin/cmake /home/arno/xre/xre_chienpanze/src/chienpanze_bringup -DAMENT_CMAKE_SYMLINK_INSTALL=1 -DCMAKE_INSTALL_PREFIX=/home/arno/xre/xre_chienpanze/install/chienpanze_bringup
[0.038s] -- Found ament_cmake: 1.3.8 (/opt/ros/humble/share/ament_cmake/cmake)
[0.209s] -- Override CMake install command with custom implementation using symlinks instead of copying resources
[0.219s] -- Found ament_lint_auto: 0.12.10 (/opt/ros/humble/share/ament_lint_auto/cmake)
[0.343s] -- Added test 'lint_cmake' to check CMake code style
[0.343s] -- Added test 'xmllint' to check XML markup files
[0.344s] -- Configuring done
[0.347s] -- Generating done
[0.350s] -- Build files have been written to: /home/arno/xre/xre_chienpanze/build/chienpanze_bringup
[0.352s] Invoked command in '/home/arno/xre/xre_chienpanze/build/chienpanze_bringup' returned '0': CMAKE_PREFIX_PATH=${CMAKE_PREFIX_PATH}:/opt/ros/humble /usr/bin/cmake /home/arno/xre/xre_chienpanze/src/chienpanze_bringup -DAMENT_CMAKE_SYMLINK_INSTALL=1 -DCMAKE_INSTALL_PREFIX=/home/arno/xre/xre_chienpanze/install/chienpanze_bringup
[0.354s] Invoking command in '/home/arno/xre/xre_chienpanze/build/chienpanze_bringup': CMAKE_PREFIX_PATH=${CMAKE_PREFIX_PATH}:/opt/ros/humble /usr/bin/cmake --build /home/arno/xre/xre_chienpanze/build/chienpanze_bringup -- -j8 -l8
[0.397s] Invoked command in '/home/arno/xre/xre_chienpanze/build/chienpanze_bringup' returned '0': CMAKE_PREFIX_PATH=${CMAKE_PREFIX_PATH}:/opt/ros/humble /usr/bin/cmake --build /home/arno/xre/xre_chienpanze/build/chienpanze_bringup -- -j8 -l8
[0.426s] Invoking command in '/home/arno/xre/xre_chienpanze/build/chienpanze_bringup': CMAKE_PREFIX_PATH=${CMAKE_PREFIX_PATH}:/opt/ros/humble /usr/bin/cmake --install /home/arno/xre/xre_chienpanze/build/chienpanze_bringup
[0.436s] -- Install configuration: ""
[0.436s] -- Execute custom install script
[0.437s] -- Up-to-date symlink: /home/arno/xre/xre_chienpanze/install/chienpanze_bringup/share/ament_index/resource_index/package_run_dependencies/chienpanze_bringup
[0.437s] -- Up-to-date symlink: /home/arno/xre/xre_chienpanze/install/chienpanze_bringup/share/ament_index/resource_index/parent_prefix_path/chienpanze_bringup
[0.438s] -- Up-to-date symlink: /home/arno/xre/xre_chienpanze/install/chienpanze_bringup/share/chienpanze_bringup/environment/ament_prefix_path.sh
[0.438s] -- Up-to-date symlink: /home/arno/xre/xre_chienpanze/install/chienpanze_bringup/share/chienpanze_bringup/environment/ament_prefix_path.dsv
[0.439s] -- Up-to-date symlink: /home/arno/xre/xre_chienpanze/install/chienpanze_bringup/share/chienpanze_bringup/environment/path.sh
[0.439s] -- Up-to-date symlink: /home/arno/xre/xre_chienpanze/install/chienpanze_bringup/share/chienpanze_bringup/environment/path.dsv
[0.439s] -- Up-to-date symlink: /home/arno/xre/xre_chienpanze/install/chienpanze_bringup/share/chienpanze_bringup/local_setup.bash
[0.440s] -- Up-to-date symlink: /home/arno/xre/xre_chienpanze/install/chienpanze_bringup/share/chienpanze_bringup/local_setup.sh
[0.440s] -- Up-to-date symlink: /home/arno/xre/xre_chienpanze/install/chienpanze_bringup/share/chienpanze_bringup/local_setup.zsh
[0.440s] -- Up-to-date symlink: /home/arno/xre/xre_chienpanze/install/chienpanze_bringup/share/chienpanze_bringup/local_setup.dsv
[0.440s] -- Symlinking: /home/arno/xre/xre_chienpanze/install/chienpanze_bringup/share/chienpanze_bringup/package.dsv
[0.451s] -- Up-to-date symlink: /home/arno/xre/xre_chienpanze/install/chienpanze_bringup/share/ament_index/resource_index/packages/chienpanze_bringup
[0.452s] -- Up-to-date symlink: /home/arno/xre/xre_chienpanze/install/chienpanze_bringup/share/chienpanze_bringup/cmake/chienpanze_bringupConfig.cmake
[0.452s] -- Up-to-date symlink: /home/arno/xre/xre_chienpanze/install/chienpanze_bringup/share/chienpanze_bringup/cmake/chienpanze_bringupConfig-version.cmake
[0.452s] -- Up-to-date symlink: /home/arno/xre/xre_chienpanze/install/chienpanze_bringup/share/chienpanze_bringup/package.xml
[0.465s] Invoked command in '/home/arno/xre/xre_chienpanze/build/chienpanze_bringup' returned '0': CMAKE_PREFIX_PATH=${CMAKE_PREFIX_PATH}:/opt/ros/humble /usr/bin/cmake --install /home/arno/xre/xre_chienpanze/build/chienpanze_bringup
