[0.190s] Invoking command in '/home/xplore/chienpanze/xre-legged-dog/build/chienpanze_controllers': CMAKE_PREFIX_PATH=/opt/ros/humble /usr/bin/cmake --build /home/xplore/chienpanze/xre-legged-dog/build/chienpanze_controllers -- -j4 -l4
[0.707s] Invoked command in '/home/xplore/chienpanze/xre-legged-dog/build/chienpanze_controllers' returned '0': CMAKE_PREFIX_PATH=/opt/ros/humble /usr/bin/cmake --build /home/xplore/chienpanze/xre-legged-dog/build/chienpanze_controllers -- -j4 -l4
[1.129s] Invoking command in '/home/xplore/chienpanze/xre-legged-dog/build/chienpanze_controllers': CMAKE_PREFIX_PATH=/opt/ros/humble /usr/bin/cmake --install /home/xplore/chienpanze/xre-legged-dog/build/chienpanze_controllers
[1.231s] -- Install configuration: ""
[1.234s] -- Up-to-date: /home/xplore/chienpanze/xre-legged-dog/install/chienpanze_controllers/share/ament_index/resource_index/package_run_dependencies/chienpanze_controllers
[1.235s] -- Up-to-date: /home/xplore/chienpanze/xre-legged-dog/install/chienpanze_controllers/share/ament_index/resource_index/parent_prefix_path/chienpanze_controllers
[1.236s] -- Up-to-date: /home/xplore/chienpanze/xre-legged-dog/install/chienpanze_controllers/share/chienpanze_controllers/environment/ament_prefix_path.sh
[1.237s] -- Up-to-date: /home/xplore/chienpanze/xre-legged-dog/install/chienpanze_controllers/share/chienpanze_controllers/environment/ament_prefix_path.dsv
[1.242s] -- Up-to-date: /home/xplore/chienpanze/xre-legged-dog/install/chienpanze_controllers/share/chienpanze_controllers/environment/path.sh
[1.243s] -- Up-to-date: /home/xplore/chienpanze/xre-legged-dog/install/chienpanze_controllers/share/chienpanze_controllers/environment/path.dsv
[1.244s] -- Up-to-date: /home/xplore/chienpanze/xre-legged-dog/install/chienpanze_controllers/share/chienpanze_controllers/local_setup.bash
[1.245s] -- Up-to-date: /home/xplore/chienpanze/xre-legged-dog/install/chienpanze_controllers/share/chienpanze_controllers/local_setup.sh
[1.245s] -- Up-to-date: /home/xplore/chienpanze/xre-legged-dog/install/chienpanze_controllers/share/chienpanze_controllers/local_setup.zsh
[1.247s] -- Up-to-date: /home/xplore/chienpanze/xre-legged-dog/install/chienpanze_controllers/share/chienpanze_controllers/local_setup.dsv
[1.248s] -- Installing: /home/xplore/chienpanze/xre-legged-dog/install/chienpanze_controllers/share/chienpanze_controllers/package.dsv
[1.252s] -- Up-to-date: /home/xplore/chienpanze/xre-legged-dog/install/chienpanze_controllers/share/ament_index/resource_index/packages/chienpanze_controllers
[1.254s] -- Up-to-date: /home/xplore/chienpanze/xre-legged-dog/install/chienpanze_controllers/share/chienpanze_controllers/cmake/chienpanze_controllersConfig.cmake
[1.255s] -- Up-to-date: /home/xplore/chienpanze/xre-legged-dog/install/chienpanze_controllers/share/chienpanze_controllers/cmake/chienpanze_controllersConfig-version.cmake
[1.256s] -- Up-to-date: /home/xplore/chienpanze/xre-legged-dog/install/chienpanze_controllers/share/chienpanze_controllers/package.xml
[1.260s] Invoked command in '/home/xplore/chienpanze/xre-legged-dog/build/chienpanze_controllers' returned '0': CMAKE_PREFIX_PATH=/opt/ros/humble /usr/bin/cmake --install /home/xplore/chienpanze/xre-legged-dog/build/chienpanze_controllers
