[0.193s] Invoking command in '/home/xplore/chienpanze/xre-legged-dog/xre_chienpanze/build/chienpanze_controller_manager': CMAKE_PREFIX_PATH=${CMAKE_PREFIX_PATH}:/opt/ros/humble /usr/bin/cmake --build /home/xplore/chienpanze/xre-legged-dog/xre_chienpanze/build/chienpanze_controller_manager -- -j4 -l4
[0.592s] Invoked command in '/home/xplore/chienpanze/xre-legged-dog/xre_chienpanze/build/chienpanze_controller_manager' returned '0': CMAKE_PREFIX_PATH=${CMAKE_PREFIX_PATH}:/opt/ros/humble /usr/bin/cmake --build /home/xplore/chienpanze/xre-legged-dog/xre_chienpanze/build/chienpanze_controller_manager -- -j4 -l4
[0.985s] Invoking command in '/home/xplore/chienpanze/xre-legged-dog/xre_chienpanze/build/chienpanze_controller_manager': CMAKE_PREFIX_PATH=${CMAKE_PREFIX_PATH}:/opt/ros/humble /usr/bin/cmake --install /home/xplore/chienpanze/xre-legged-dog/xre_chienpanze/build/chienpanze_controller_manager
[1.084s] -- Install configuration: ""
[1.131s] -- Up-to-date: /home/xplore/chienpanze/xre-legged-dog/xre_chienpanze/install/chienpanze_controller_manager/share/ament_index/resource_index/package_run_dependencies/chienpanze_controller_manager
[1.134s] -- Up-to-date: /home/xplore/chienpanze/xre-legged-dog/xre_chienpanze/install/chienpanze_controller_manager/share/ament_index/resource_index/parent_prefix_path/chienpanze_controller_manager
[1.135s] -- Up-to-date: /home/xplore/chienpanze/xre-legged-dog/xre_chienpanze/install/chienpanze_controller_manager/share/chienpanze_controller_manager/environment/ament_prefix_path.sh
[1.158s] -- Up-to-date: /home/xplore/chienpanze/xre-legged-dog/xre_chienpanze/install/chienpanze_controller_manager/share/chienpanze_controller_manager/environment/ament_prefix_path.dsv
[1.165s] -- Up-to-date: /home/xplore/chienpanze/xre-legged-dog/xre_chienpanze/install/chienpanze_controller_manager/share/chienpanze_controller_manager/environment/path.sh
[1.166s] -- Up-to-date: /home/xplore/chienpanze/xre-legged-dog/xre_chienpanze/install/chienpanze_controller_manager/share/chienpanze_controller_manager/environment/path.dsv
[1.166s] -- Up-to-date: /home/xplore/chienpanze/xre-legged-dog/xre_chienpanze/install/chienpanze_controller_manager/share/chienpanze_controller_manager/local_setup.bash
[1.167s] -- Up-to-date: /home/xplore/chienpanze/xre-legged-dog/xre_chienpanze/install/chienpanze_controller_manager/share/chienpanze_controller_manager/local_setup.sh
[1.170s] -- Up-to-date: /home/xplore/chienpanze/xre-legged-dog/xre_chienpanze/install/chienpanze_controller_manager/share/chienpanze_controller_manager/local_setup.zsh
[1.170s] -- Up-to-date: /home/xplore/chienpanze/xre-legged-dog/xre_chienpanze/install/chienpanze_controller_manager/share/chienpanze_controller_manager/local_setup.dsv
[1.171s] -- Installing: /home/xplore/chienpanze/xre-legged-dog/xre_chienpanze/install/chienpanze_controller_manager/share/chienpanze_controller_manager/package.dsv
[1.183s] -- Up-to-date: /home/xplore/chienpanze/xre-legged-dog/xre_chienpanze/install/chienpanze_controller_manager/share/ament_index/resource_index/packages/chienpanze_controller_manager
[1.184s] -- Up-to-date: /home/xplore/chienpanze/xre-legged-dog/xre_chienpanze/install/chienpanze_controller_manager/share/chienpanze_controller_manager/cmake/chienpanze_controller_managerConfig.cmake
[1.189s] -- Up-to-date: /home/xplore/chienpanze/xre-legged-dog/xre_chienpanze/install/chienpanze_controller_manager/share/chienpanze_controller_manager/cmake/chienpanze_controller_managerConfig-version.cmake
[1.189s] -- Up-to-date: /home/xplore/chienpanze/xre-legged-dog/xre_chienpanze/install/chienpanze_controller_manager/share/chienpanze_controller_manager/package.xml
[1.341s] Invoked command in '/home/xplore/chienpanze/xre-legged-dog/xre_chienpanze/build/chienpanze_controller_manager' returned '0': CMAKE_PREFIX_PATH=${CMAKE_PREFIX_PATH}:/opt/ros/humble /usr/bin/cmake --install /home/xplore/chienpanze/xre-legged-dog/xre_chienpanze/build/chienpanze_controller_manager
