[0.227s] Invoking command in '/home/xplore/chienpanze/xre-legged-dog/xre_chienpanze/build/chienpanze_controller_interface': CMAKE_PREFIX_PATH=${CMAKE_PREFIX_PATH}:/opt/ros/humble /usr/bin/cmake /home/xplore/chienpanze/xre-legged-dog/xre_chienpanze/src/chienpanze_controllers -DCMAKE_INSTALL_PREFIX=/home/xplore/chienpanze/xre-legged-dog/xre_chienpanze/install/chienpanze_controller_interface
[4.177s] -- The C compiler identification is GNU 11.4.0
[9.223s] -- The CXX compiler identification is GNU 11.4.0
[10.213s] -- Detecting C compiler ABI info
[10.835s] -- Detecting C compiler ABI info - done
[10.880s] -- Check for working C compiler: /usr/bin/cc - skipped
[10.970s] -- Detecting C compile features
[11.126s] -- Detecting C compile features - done
[11.560s] -- Detecting CXX compiler ABI info
[12.291s] -- Detecting CXX compiler ABI info - done
[12.337s] -- Check for working CXX compiler: /usr/bin/c++ - skipped
[12.342s] -- Detecting CXX compile features
[12.343s] -- Detecting CXX compile features - done
[12.541s] -- Found ament_cmake: 1.3.8 (/opt/ros/humble/share/ament_cmake/cmake)
[14.683s] -- Found Python3: /usr/bin/python3 (found version "3.10.12") found components: Interpreter 
[21.396s] -- Found rclcpp: 16.0.8 (/opt/ros/humble/share/rclcpp/cmake)
[24.970s] -- Found rosidl_generator_c: 3.1.5 (/opt/ros/humble/share/rosidl_generator_c/cmake)
[25.051s] -- Found rosidl_adapter: 3.1.5 (/opt/ros/humble/share/rosidl_adapter/cmake)
[25.170s] -- Found rosidl_generator_cpp: 3.1.5 (/opt/ros/humble/share/rosidl_generator_cpp/cmake)
[25.335s] -- Using all available rosidl_typesupport_c: rosidl_typesupport_fastrtps_c;rosidl_typesupport_introspection_c
[25.663s] -- Using all available rosidl_typesupport_cpp: rosidl_typesupport_fastrtps_cpp;rosidl_typesupport_introspection_cpp
[27.923s] -- Found rmw_implementation_cmake: 6.1.1 (/opt/ros/humble/share/rmw_implementation_cmake/cmake)
[27.968s] -- Found rmw_fastrtps_cpp: 6.2.6 (/opt/ros/humble/share/rmw_fastrtps_cpp/cmake)
[29.028s] -- Found OpenSSL: /usr/lib/aarch64-linux-gnu/libcrypto.so (found version "3.0.2")  
[29.402s] -- Found FastRTPS: /opt/ros/humble/include  
[30.054s] -- Using RMW implementation 'rmw_fastrtps_cpp' as default
[30.276s] -- Looking for pthread.h
[30.816s] -- Looking for pthread.h - found
[30.824s] -- Performing Test CMAKE_HAVE_LIBC_PTHREAD
[31.290s] -- Performing Test CMAKE_HAVE_LIBC_PTHREAD - Success
[31.295s] -- Found Threads: TRUE  
[32.473s] -- Found rclcpp_lifecycle: 16.0.8 (/opt/ros/humble/share/rclcpp_lifecycle/cmake)
[32.972s] -- Found controller_interface: 2.40.0 (/opt/ros/humble/share/controller_interface/cmake)
[40.384s] -- Configuring done
[45.856s] -- Generating done
[45.869s] -- Build files have been written to: /home/xplore/chienpanze/xre-legged-dog/xre_chienpanze/build/chienpanze_controller_interface
