[0.237s] Invoking command in '/home/xplore/chienpanze/xre-legged-dog/build/chienpanze_description': CMAKE_PREFIX_PATH=/opt/ros/humble /usr/bin/cmake --build /home/xplore/chienpanze/xre-legged-dog/build/chienpanze_description -- -j4 -l4
[0.773s] Invoked command in '/home/xplore/chienpanze/xre-legged-dog/build/chienpanze_description' returned '0': CMAKE_PREFIX_PATH=/opt/ros/humble /usr/bin/cmake --build /home/xplore/chienpanze/xre-legged-dog/build/chienpanze_description -- -j4 -l4
[1.443s] Invoking command in '/home/xplore/chienpanze/xre-legged-dog/build/chienpanze_description': CMAKE_PREFIX_PATH=/opt/ros/humble /usr/bin/cmake --install /home/xplore/chienpanze/xre-legged-dog/build/chienpanze_description
[1.604s] -- Install configuration: ""
[1.605s] -- Up-to-date: /home/xplore/chienpanze/xre-legged-dog/install/chienpanze_description/share/chienpanze_description/launch
[1.606s] -- Up-to-date: /home/xplore/chienpanze/xre-legged-dog/install/chienpanze_description/share/chienpanze_description/launch/view_chienpanze.launch.py
[1.607s] -- Up-to-date: /home/xplore/chienpanze/xre-legged-dog/install/chienpanze_description/share/chienpanze_description/urdf
[1.608s] -- Up-to-date: /home/xplore/chienpanze/xre-legged-dog/install/chienpanze_description/share/chienpanze_description/urdf/chienpanze.urdf.xacro
[1.610s] -- Up-to-date: /home/xplore/chienpanze/xre-legged-dog/install/chienpanze_description/share/ament_index/resource_index/package_run_dependencies/chienpanze_description
[1.611s] -- Up-to-date: /home/xplore/chienpanze/xre-legged-dog/install/chienpanze_description/share/ament_index/resource_index/parent_prefix_path/chienpanze_description
[1.612s] -- Up-to-date: /home/xplore/chienpanze/xre-legged-dog/install/chienpanze_description/share/chienpanze_description/environment/ament_prefix_path.sh
[1.613s] -- Up-to-date: /home/xplore/chienpanze/xre-legged-dog/install/chienpanze_description/share/chienpanze_description/environment/ament_prefix_path.dsv
[1.619s] -- Up-to-date: /home/xplore/chienpanze/xre-legged-dog/install/chienpanze_description/share/chienpanze_description/environment/path.sh
[1.620s] -- Up-to-date: /home/xplore/chienpanze/xre-legged-dog/install/chienpanze_description/share/chienpanze_description/environment/path.dsv
[1.623s] -- Up-to-date: /home/xplore/chienpanze/xre-legged-dog/install/chienpanze_description/share/chienpanze_description/local_setup.bash
[1.634s] -- Up-to-date: /home/xplore/chienpanze/xre-legged-dog/install/chienpanze_description/share/chienpanze_description/local_setup.sh
[1.638s] -- Up-to-date: /home/xplore/chienpanze/xre-legged-dog/install/chienpanze_description/share/chienpanze_description/local_setup.zsh
[1.639s] -- Up-to-date: /home/xplore/chienpanze/xre-legged-dog/install/chienpanze_description/share/chienpanze_description/local_setup.dsv
[1.639s] -- Installing: /home/xplore/chienpanze/xre-legged-dog/install/chienpanze_description/share/chienpanze_description/package.dsv
[1.653s] -- Up-to-date: /home/xplore/chienpanze/xre-legged-dog/install/chienpanze_description/share/ament_index/resource_index/packages/chienpanze_description
[1.654s] -- Up-to-date: /home/xplore/chienpanze/xre-legged-dog/install/chienpanze_description/share/chienpanze_description/cmake/chienpanze_descriptionConfig.cmake
[1.661s] -- Up-to-date: /home/xplore/chienpanze/xre-legged-dog/install/chienpanze_description/share/chienpanze_description/cmake/chienpanze_descriptionConfig-version.cmake
[1.662s] -- Up-to-date: /home/xplore/chienpanze/xre-legged-dog/install/chienpanze_description/share/chienpanze_description/package.xml
[1.794s] Invoked command in '/home/xplore/chienpanze/xre-legged-dog/build/chienpanze_description' returned '0': CMAKE_PREFIX_PATH=/opt/ros/humble /usr/bin/cmake --install /home/xplore/chienpanze/xre-legged-dog/build/chienpanze_description
