[0.328s] Invoking command in '/home/xplore/chienpanze/xre-legged-dog/build/chienpanze_hw_interface': CMAKE_PREFIX_PATH=/opt/ros/humble /usr/bin/cmake --build /home/xplore/chienpanze/xre-legged-dog/build/chienpanze_hw_interface -- -j4 -l4
[0.735s] -- Found ament_cmake: 1.3.8 (/opt/ros/humble/share/ament_cmake/cmake)
[2.472s] -- Found rclcpp: 16.0.8 (/opt/ros/humble/share/rclcpp/cmake)
[2.788s] -- Found rosidl_generator_c: 3.1.5 (/opt/ros/humble/share/rosidl_generator_c/cmake)
[2.806s] -- Found rosidl_adapter: 3.1.5 (/opt/ros/humble/share/rosidl_adapter/cmake)
[2.856s] -- Found rosidl_generator_cpp: 3.1.5 (/opt/ros/humble/share/rosidl_generator_cpp/cmake)
[2.944s] -- Using all available rosidl_typesupport_c: rosidl_typesupport_fastrtps_c;rosidl_typesupport_introspection_c
[3.064s] -- Using all available rosidl_typesupport_cpp: rosidl_typesupport_fastrtps_cpp;rosidl_typesupport_introspection_cpp
[3.462s] -- Found rmw_implementation_cmake: 6.1.1 (/opt/ros/humble/share/rmw_implementation_cmake/cmake)
[3.471s] -- Found rmw_fastrtps_cpp: 6.2.6 (/opt/ros/humble/share/rmw_fastrtps_cpp/cmake)
[5.020s] -- Using RMW implementation 'rmw_fastrtps_cpp' as default
[6.024s] -- Found hardware_interface: 2.40.0 (/opt/ros/humble/share/hardware_interface/cmake)
[10.463s] -- Configuring done
[10.731s] -- Generating done
[10.753s] -- Build files have been written to: /home/xplore/chienpanze/xre-legged-dog/build/chienpanze_hw_interface
[10.941s] [35m[1mConsolidate compiler generated dependencies of target chienpanze_hw_interface[0m
[11.052s] [ 33%] [32mBuilding CXX object CMakeFiles/chienpanze_hw_interface.dir/include/pi3hat/pi3hat.cc.o[0m
[17.303s] [ 66%] [32mBuilding CXX object CMakeFiles/chienpanze_hw_interface.dir/src/chienpanze_hw_interface.cpp.o[0m
[25.407s] [01m[K/home/xplore/chienpanze/xre-legged-dog/xre_chienpanze/src/chienpanze_hw_interface/src/chienpanze_hw_interface.cpp:21:10:[m[K [01;31m[Kfatal error: [m[Kpi3hat.h: No such file or directory
[25.412s]    21 | #include [01;31m[K"pi3hat.h"[m[K
[25.419s]       |          [01;31m[K^~~~~~~~~~[m[K
[25.420s] compilation terminated.
[25.440s] gmake[2]: *** [CMakeFiles/chienpanze_hw_interface.dir/build.make:90: CMakeFiles/chienpanze_hw_interface.dir/src/chienpanze_hw_interface.cpp.o] Error 1
[25.443s] gmake[1]: *** [CMakeFiles/Makefile2:137: CMakeFiles/chienpanze_hw_interface.dir/all] Error 2
[25.443s] gmake: *** [Makefile:146: all] Error 2
[25.451s] Invoked command in '/home/xplore/chienpanze/xre-legged-dog/build/chienpanze_hw_interface' returned '2': CMAKE_PREFIX_PATH=/opt/ros/humble /usr/bin/cmake --build /home/xplore/chienpanze/xre-legged-dog/build/chienpanze_hw_interface -- -j4 -l4
