[0.237s] Invoking command in '/home/xplore/chienpanze/xre-legged-dog/build/chienpanze_controller_manager': CMAKE_PREFIX_PATH=${CMAKE_PREFIX_PATH}:/opt/ros/humble /usr/bin/cmake --build /home/xplore/chienpanze/xre-legged-dog/build/chienpanze_controller_manager -- -j4 -l4
[0.596s] Invoked command in '/home/xplore/chienpanze/xre-legged-dog/build/chienpanze_controller_manager' returned '0': CMAKE_PREFIX_PATH=${CMAKE_PREFIX_PATH}:/opt/ros/humble /usr/bin/cmake --build /home/xplore/chienpanze/xre-legged-dog/build/chienpanze_controller_manager -- -j4 -l4
[0.936s] Invoking command in '/home/xplore/chienpanze/xre-legged-dog/build/chienpanze_controller_manager': CMAKE_PREFIX_PATH=${CMAKE_PREFIX_PATH}:/opt/ros/humble /usr/bin/cmake --install /home/xplore/chienpanze/xre-legged-dog/build/chienpanze_controller_manager
[1.059s] -- Install configuration: ""
[1.064s] -- Up-to-date: /home/xplore/chienpanze/xre-legged-dog/install/chienpanze_controller_manager/share/ament_index/resource_index/package_run_dependencies/chienpanze_controller_manager
[1.068s] -- Up-to-date: /home/xplore/chienpanze/xre-legged-dog/install/chienpanze_controller_manager/share/ament_index/resource_index/parent_prefix_path/chienpanze_controller_manager
[1.072s] -- Up-to-date: /home/xplore/chienpanze/xre-legged-dog/install/chienpanze_controller_manager/share/chienpanze_controller_manager/environment/ament_prefix_path.sh
[1.073s] -- Up-to-date: /home/xplore/chienpanze/xre-legged-dog/install/chienpanze_controller_manager/share/chienpanze_controller_manager/environment/ament_prefix_path.dsv
[1.077s] -- Up-to-date: /home/xplore/chienpanze/xre-legged-dog/install/chienpanze_controller_manager/share/chienpanze_controller_manager/environment/path.sh
[1.090s] -- Up-to-date: /home/xplore/chienpanze/xre-legged-dog/install/chienpanze_controller_manager/share/chienpanze_controller_manager/environment/path.dsv
[1.092s] -- Up-to-date: /home/xplore/chienpanze/xre-legged-dog/install/chienpanze_controller_manager/share/chienpanze_controller_manager/local_setup.bash
[1.093s] -- Up-to-date: /home/xplore/chienpanze/xre-legged-dog/install/chienpanze_controller_manager/share/chienpanze_controller_manager/local_setup.sh
[1.094s] -- Up-to-date: /home/xplore/chienpanze/xre-legged-dog/install/chienpanze_controller_manager/share/chienpanze_controller_manager/local_setup.zsh
[1.095s] -- Up-to-date: /home/xplore/chienpanze/xre-legged-dog/install/chienpanze_controller_manager/share/chienpanze_controller_manager/local_setup.dsv
[1.096s] -- Installing: /home/xplore/chienpanze/xre-legged-dog/install/chienpanze_controller_manager/share/chienpanze_controller_manager/package.dsv
[1.098s] -- Up-to-date: /home/xplore/chienpanze/xre-legged-dog/install/chienpanze_controller_manager/share/ament_index/resource_index/packages/chienpanze_controller_manager
[1.099s] -- Up-to-date: /home/xplore/chienpanze/xre-legged-dog/install/chienpanze_controller_manager/share/chienpanze_controller_manager/cmake/chienpanze_controller_managerConfig.cmake
[1.101s] -- Up-to-date: /home/xplore/chienpanze/xre-legged-dog/install/chienpanze_controller_manager/share/chienpanze_controller_manager/cmake/chienpanze_controller_managerConfig-version.cmake
[1.102s] -- Up-to-date: /home/xplore/chienpanze/xre-legged-dog/install/chienpanze_controller_manager/share/chienpanze_controller_manager/package.xml
[1.104s] Invoked command in '/home/xplore/chienpanze/xre-legged-dog/build/chienpanze_controller_manager' returned '0': CMAKE_PREFIX_PATH=${CMAKE_PREFIX_PATH}:/opt/ros/humble /usr/bin/cmake --install /home/xplore/chienpanze/xre-legged-dog/build/chienpanze_controller_manager
