[0.558s] DEBUG:colcon:Command line arguments: ['/usr/bin/colcon', 'build']
[0.558s] DEBUG:colcon:Parsed command line arguments: Namespace(log_base=None, log_level=None, verb_name='build', build_base='build', install_base='install', merge_install=False, symlink_install=False, test_result_base=None, continue_on_error=False, executor='parallel', parallel_workers=4, event_handlers=None, ignore_user_meta=False, metas=['./colcon.meta'], base_paths=['.'], packages_ignore=None, packages_ignore_regex=None, paths=None, packages_up_to=None, packages_up_to_regex=None, packages_above=None, packages_above_and_dependencies=None, packages_above_depth=None, packages_select_by_dep=None, packages_skip_by_dep=None, packages_skip_up_to=None, packages_select_build_failed=False, packages_skip_build_finished=False, packages_select_test_failures=False, packages_skip_test_passed=False, packages_select=None, packages_skip=None, packages_select_regex=None, packages_skip_regex=None, packages_start=None, packages_end=None, allow_overriding=[], cmake_args=None, cmake_target=None, cmake_target_skip_unavailable=False, cmake_clean_cache=False, cmake_clean_first=False, cmake_force_configure=False, ament_cmake_args=None, catkin_cmake_args=None, catkin_skip_building_tests=False, verb_parser=<colcon_defaults.argument_parser.defaults.DefaultArgumentsDecorator object at 0xffffae29d1b0>, verb_extension=<colcon_core.verb.build.BuildVerb object at 0xffffae62d0c0>, main=<bound method BuildVerb.main of <colcon_core.verb.build.BuildVerb object at 0xffffae62d0c0>>)
[1.686s] Level 1:colcon.colcon_core.package_discovery:discover_packages(colcon_meta) check parameters
[1.686s] Level 1:colcon.colcon_core.package_discovery:discover_packages(recursive) check parameters
[1.687s] Level 1:colcon.colcon_core.package_discovery:discover_packages(ignore) check parameters
[1.687s] Level 1:colcon.colcon_core.package_discovery:discover_packages(path) check parameters
[1.687s] Level 1:colcon.colcon_core.package_discovery:discover_packages(colcon_meta) discover
[1.687s] Level 1:colcon.colcon_core.package_discovery:discover_packages(recursive) discover
[1.687s] INFO:colcon.colcon_core.package_discovery:Crawling recursively for packages in '/home/xplore/chienpanze/xre-legged-dog/xre_chienpanze'
[1.691s] Level 1:colcon.colcon_core.package_identification:_identify(.) by extensions ['ignore', 'ignore_ament_install']
[1.691s] Level 1:colcon.colcon_core.package_identification:_identify(.) by extension 'ignore'
[1.692s] Level 1:colcon.colcon_core.package_identification:_identify(.) by extension 'ignore_ament_install'
[1.692s] Level 1:colcon.colcon_core.package_identification:_identify(.) by extensions ['colcon_pkg']
[1.692s] Level 1:colcon.colcon_core.package_identification:_identify(.) by extension 'colcon_pkg'
[1.692s] Level 1:colcon.colcon_core.package_identification:_identify(.) by extensions ['colcon_meta']
[1.693s] Level 1:colcon.colcon_core.package_identification:_identify(.) by extension 'colcon_meta'
[1.693s] Level 1:colcon.colcon_core.package_identification:_identify(.) by extensions ['ros']
[1.693s] Level 1:colcon.colcon_core.package_identification:_identify(.) by extension 'ros'
[1.746s] Level 1:colcon.colcon_core.package_identification:_identify(.) by extensions ['cmake', 'python']
[1.746s] Level 1:colcon.colcon_core.package_identification:_identify(.) by extension 'cmake'
[1.746s] Level 1:colcon.colcon_core.package_identification:_identify(.) by extension 'python'
[1.746s] Level 1:colcon.colcon_core.package_identification:_identify(.) by extensions ['python_setup_py']
[1.746s] Level 1:colcon.colcon_core.package_identification:_identify(.) by extension 'python_setup_py'
[1.747s] Level 1:colcon.colcon_core.package_identification:_identify(build) by extensions ['ignore', 'ignore_ament_install']
[1.748s] Level 1:colcon.colcon_core.package_identification:_identify(build) by extension 'ignore'
[1.748s] Level 1:colcon.colcon_core.package_identification:_identify(build) ignored
[1.749s] Level 1:colcon.colcon_core.package_identification:_identify(install) by extensions ['ignore', 'ignore_ament_install']
[1.749s] Level 1:colcon.colcon_core.package_identification:_identify(install) by extension 'ignore'
[1.750s] Level 1:colcon.colcon_core.package_identification:_identify(install) ignored
[1.751s] Level 1:colcon.colcon_core.package_identification:_identify(log) by extensions ['ignore', 'ignore_ament_install']
[1.751s] Level 1:colcon.colcon_core.package_identification:_identify(log) by extension 'ignore'
[1.752s] Level 1:colcon.colcon_core.package_identification:_identify(log) ignored
[1.752s] Level 1:colcon.colcon_core.package_identification:_identify(src) by extensions ['ignore', 'ignore_ament_install']
[1.752s] Level 1:colcon.colcon_core.package_identification:_identify(src) by extension 'ignore'
[1.753s] Level 1:colcon.colcon_core.package_identification:_identify(src) by extension 'ignore_ament_install'
[1.753s] Level 1:colcon.colcon_core.package_identification:_identify(src) by extensions ['colcon_pkg']
[1.753s] Level 1:colcon.colcon_core.package_identification:_identify(src) by extension 'colcon_pkg'
[1.754s] Level 1:colcon.colcon_core.package_identification:_identify(src) by extensions ['colcon_meta']
[1.754s] Level 1:colcon.colcon_core.package_identification:_identify(src) by extension 'colcon_meta'
[1.754s] Level 1:colcon.colcon_core.package_identification:_identify(src) by extensions ['ros']
[1.754s] Level 1:colcon.colcon_core.package_identification:_identify(src) by extension 'ros'
[1.754s] Level 1:colcon.colcon_core.package_identification:_identify(src) by extensions ['cmake', 'python']
[1.755s] Level 1:colcon.colcon_core.package_identification:_identify(src) by extension 'cmake'
[1.755s] Level 1:colcon.colcon_core.package_identification:_identify(src) by extension 'python'
[1.755s] Level 1:colcon.colcon_core.package_identification:_identify(src) by extensions ['python_setup_py']
[1.755s] Level 1:colcon.colcon_core.package_identification:_identify(src) by extension 'python_setup_py'
[1.756s] Level 1:colcon.colcon_core.package_identification:_identify(src/chienpanze_bringup) by extensions ['ignore', 'ignore_ament_install']
[1.756s] Level 1:colcon.colcon_core.package_identification:_identify(src/chienpanze_bringup) by extension 'ignore'
[1.756s] Level 1:colcon.colcon_core.package_identification:_identify(src/chienpanze_bringup) by extension 'ignore_ament_install'
[1.757s] Level 1:colcon.colcon_core.package_identification:_identify(src/chienpanze_bringup) by extensions ['colcon_pkg']
[1.757s] Level 1:colcon.colcon_core.package_identification:_identify(src/chienpanze_bringup) by extension 'colcon_pkg'
[1.757s] Level 1:colcon.colcon_core.package_identification:_identify(src/chienpanze_bringup) by extensions ['colcon_meta']
[1.757s] Level 1:colcon.colcon_core.package_identification:_identify(src/chienpanze_bringup) by extension 'colcon_meta'
[1.757s] Level 1:colcon.colcon_core.package_identification:_identify(src/chienpanze_bringup) by extensions ['ros']
[1.758s] Level 1:colcon.colcon_core.package_identification:_identify(src/chienpanze_bringup) by extension 'ros'
[1.768s] DEBUG:colcon.colcon_core.package_identification:Package 'src/chienpanze_bringup' with type 'ros.ament_cmake' and name 'chienpanze_bringup'
[1.769s] Level 1:colcon.colcon_core.package_identification:_identify(src/chienpanze_controller_manager) by extensions ['ignore', 'ignore_ament_install']
[1.769s] Level 1:colcon.colcon_core.package_identification:_identify(src/chienpanze_controller_manager) by extension 'ignore'
[1.769s] Level 1:colcon.colcon_core.package_identification:_identify(src/chienpanze_controller_manager) by extension 'ignore_ament_install'
[1.770s] Level 1:colcon.colcon_core.package_identification:_identify(src/chienpanze_controller_manager) by extensions ['colcon_pkg']
[1.770s] Level 1:colcon.colcon_core.package_identification:_identify(src/chienpanze_controller_manager) by extension 'colcon_pkg'
[1.770s] Level 1:colcon.colcon_core.package_identification:_identify(src/chienpanze_controller_manager) by extensions ['colcon_meta']
[1.770s] Level 1:colcon.colcon_core.package_identification:_identify(src/chienpanze_controller_manager) by extension 'colcon_meta'
[1.771s] Level 1:colcon.colcon_core.package_identification:_identify(src/chienpanze_controller_manager) by extensions ['ros']
[1.771s] Level 1:colcon.colcon_core.package_identification:_identify(src/chienpanze_controller_manager) by extension 'ros'
[1.773s] DEBUG:colcon.colcon_core.package_identification:Package 'src/chienpanze_controller_manager' with type 'ros.ament_cmake' and name 'chienpanze_controller_manager'
[1.774s] Level 1:colcon.colcon_core.package_identification:_identify(src/chienpanze_controllers) by extensions ['ignore', 'ignore_ament_install']
[1.774s] Level 1:colcon.colcon_core.package_identification:_identify(src/chienpanze_controllers) by extension 'ignore'
[1.774s] Level 1:colcon.colcon_core.package_identification:_identify(src/chienpanze_controllers) by extension 'ignore_ament_install'
[1.775s] Level 1:colcon.colcon_core.package_identification:_identify(src/chienpanze_controllers) by extensions ['colcon_pkg']
[1.775s] Level 1:colcon.colcon_core.package_identification:_identify(src/chienpanze_controllers) by extension 'colcon_pkg'
[1.775s] Level 1:colcon.colcon_core.package_identification:_identify(src/chienpanze_controllers) by extensions ['colcon_meta']
[1.775s] Level 1:colcon.colcon_core.package_identification:_identify(src/chienpanze_controllers) by extension 'colcon_meta'
[1.775s] Level 1:colcon.colcon_core.package_identification:_identify(src/chienpanze_controllers) by extensions ['ros']
[1.776s] Level 1:colcon.colcon_core.package_identification:_identify(src/chienpanze_controllers) by extension 'ros'
[1.778s] DEBUG:colcon.colcon_core.package_identification:Package 'src/chienpanze_controllers' with type 'ros.ament_cmake' and name 'chienpanze_controller_interface'
[1.779s] Level 1:colcon.colcon_core.package_identification:_identify(src/chienpanze_description) by extensions ['ignore', 'ignore_ament_install']
[1.780s] Level 1:colcon.colcon_core.package_identification:_identify(src/chienpanze_description) by extension 'ignore'
[1.780s] Level 1:colcon.colcon_core.package_identification:_identify(src/chienpanze_description) by extension 'ignore_ament_install'
[1.780s] Level 1:colcon.colcon_core.package_identification:_identify(src/chienpanze_description) by extensions ['colcon_pkg']
[1.780s] Level 1:colcon.colcon_core.package_identification:_identify(src/chienpanze_description) by extension 'colcon_pkg'
[1.781s] Level 1:colcon.colcon_core.package_identification:_identify(src/chienpanze_description) by extensions ['colcon_meta']
[1.781s] Level 1:colcon.colcon_core.package_identification:_identify(src/chienpanze_description) by extension 'colcon_meta'
[1.781s] Level 1:colcon.colcon_core.package_identification:_identify(src/chienpanze_description) by extensions ['ros']
[1.781s] Level 1:colcon.colcon_core.package_identification:_identify(src/chienpanze_description) by extension 'ros'
[1.784s] DEBUG:colcon.colcon_core.package_identification:Package 'src/chienpanze_description' with type 'ros.ament_cmake' and name 'chienpanze_description'
[1.784s] Level 1:colcon.colcon_core.package_identification:_identify(src/chienpanze_hw_interface) by extensions ['ignore', 'ignore_ament_install']
[1.785s] Level 1:colcon.colcon_core.package_identification:_identify(src/chienpanze_hw_interface) by extension 'ignore'
[1.785s] Level 1:colcon.colcon_core.package_identification:_identify(src/chienpanze_hw_interface) by extension 'ignore_ament_install'
[1.785s] Level 1:colcon.colcon_core.package_identification:_identify(src/chienpanze_hw_interface) by extensions ['colcon_pkg']
[1.786s] Level 1:colcon.colcon_core.package_identification:_identify(src/chienpanze_hw_interface) by extension 'colcon_pkg'
[1.786s] Level 1:colcon.colcon_core.package_identification:_identify(src/chienpanze_hw_interface) by extensions ['colcon_meta']
[1.786s] Level 1:colcon.colcon_core.package_identification:_identify(src/chienpanze_hw_interface) by extension 'colcon_meta'
[1.786s] Level 1:colcon.colcon_core.package_identification:_identify(src/chienpanze_hw_interface) by extensions ['ros']
[1.786s] Level 1:colcon.colcon_core.package_identification:_identify(src/chienpanze_hw_interface) by extension 'ros'
[1.789s] DEBUG:colcon.colcon_core.package_identification:Package 'src/chienpanze_hw_interface' with type 'ros.ament_cmake' and name 'chienpanze_hw_interface'
[1.789s] Level 1:colcon.colcon_core.package_discovery:discover_packages(recursive) using defaults
[1.789s] Level 1:colcon.colcon_core.package_discovery:discover_packages(ignore) discover
[1.789s] Level 1:colcon.colcon_core.package_discovery:discover_packages(ignore) using defaults
[1.789s] Level 1:colcon.colcon_core.package_discovery:discover_packages(path) discover
[1.790s] Level 1:colcon.colcon_core.package_discovery:discover_packages(path) using defaults
[1.928s] Level 1:colcon.colcon_core.package_discovery:discover_packages(prefix_path) check parameters
[1.929s] Level 1:colcon.colcon_core.package_discovery:discover_packages(prefix_path) discover
[1.941s] DEBUG:colcon.colcon_installed_package_information.package_discovery:Found 5 installed packages in /home/xplore/chienpanze/xre-legged-dog/xre_chienpanze/install
[1.954s] DEBUG:colcon.colcon_installed_package_information.package_discovery:Found 311 installed packages in /opt/ros/humble
[1.962s] Level 1:colcon.colcon_core.package_discovery:discover_packages(prefix_path) using defaults
[2.198s] Level 5:colcon.colcon_core.verb:set package 'chienpanze_controller_interface' build argument 'cmake_args' from command line to 'None'
[2.198s] Level 5:colcon.colcon_core.verb:set package 'chienpanze_controller_interface' build argument 'cmake_target' from command line to 'None'
[2.199s] Level 5:colcon.colcon_core.verb:set package 'chienpanze_controller_interface' build argument 'cmake_target_skip_unavailable' from command line to 'False'
[2.199s] Level 5:colcon.colcon_core.verb:set package 'chienpanze_controller_interface' build argument 'cmake_clean_cache' from command line to 'False'
[2.199s] Level 5:colcon.colcon_core.verb:set package 'chienpanze_controller_interface' build argument 'cmake_clean_first' from command line to 'False'
[2.199s] Level 5:colcon.colcon_core.verb:set package 'chienpanze_controller_interface' build argument 'cmake_force_configure' from command line to 'False'
[2.199s] Level 5:colcon.colcon_core.verb:set package 'chienpanze_controller_interface' build argument 'ament_cmake_args' from command line to 'None'
[2.199s] Level 5:colcon.colcon_core.verb:set package 'chienpanze_controller_interface' build argument 'catkin_cmake_args' from command line to 'None'
[2.199s] Level 5:colcon.colcon_core.verb:set package 'chienpanze_controller_interface' build argument 'catkin_skip_building_tests' from command line to 'False'
[2.199s] DEBUG:colcon.colcon_core.verb:Building package 'chienpanze_controller_interface' with the following arguments: {'ament_cmake_args': None, 'build_base': '/home/xplore/chienpanze/xre-legged-dog/xre_chienpanze/build/chienpanze_controller_interface', 'catkin_cmake_args': None, 'catkin_skip_building_tests': False, 'cmake_args': None, 'cmake_clean_cache': False, 'cmake_clean_first': False, 'cmake_force_configure': False, 'cmake_target': None, 'cmake_target_skip_unavailable': False, 'install_base': '/home/xplore/chienpanze/xre-legged-dog/xre_chienpanze/install/chienpanze_controller_interface', 'merge_install': False, 'path': '/home/xplore/chienpanze/xre-legged-dog/xre_chienpanze/src/chienpanze_controllers', 'symlink_install': False, 'test_result_base': None}
[2.201s] Level 5:colcon.colcon_core.verb:set package 'chienpanze_controller_manager' build argument 'cmake_args' from command line to 'None'
[2.202s] Level 5:colcon.colcon_core.verb:set package 'chienpanze_controller_manager' build argument 'cmake_target' from command line to 'None'
[2.202s] Level 5:colcon.colcon_core.verb:set package 'chienpanze_controller_manager' build argument 'cmake_target_skip_unavailable' from command line to 'False'
[2.202s] Level 5:colcon.colcon_core.verb:set package 'chienpanze_controller_manager' build argument 'cmake_clean_cache' from command line to 'False'
[2.202s] Level 5:colcon.colcon_core.verb:set package 'chienpanze_controller_manager' build argument 'cmake_clean_first' from command line to 'False'
[2.202s] Level 5:colcon.colcon_core.verb:set package 'chienpanze_controller_manager' build argument 'cmake_force_configure' from command line to 'False'
[2.202s] Level 5:colcon.colcon_core.verb:set package 'chienpanze_controller_manager' build argument 'ament_cmake_args' from command line to 'None'
[2.202s] Level 5:colcon.colcon_core.verb:set package 'chienpanze_controller_manager' build argument 'catkin_cmake_args' from command line to 'None'
[2.202s] Level 5:colcon.colcon_core.verb:set package 'chienpanze_controller_manager' build argument 'catkin_skip_building_tests' from command line to 'False'
[2.203s] DEBUG:colcon.colcon_core.verb:Building package 'chienpanze_controller_manager' with the following arguments: {'ament_cmake_args': None, 'build_base': '/home/xplore/chienpanze/xre-legged-dog/xre_chienpanze/build/chienpanze_controller_manager', 'catkin_cmake_args': None, 'catkin_skip_building_tests': False, 'cmake_args': None, 'cmake_clean_cache': False, 'cmake_clean_first': False, 'cmake_force_configure': False, 'cmake_target': None, 'cmake_target_skip_unavailable': False, 'install_base': '/home/xplore/chienpanze/xre-legged-dog/xre_chienpanze/install/chienpanze_controller_manager', 'merge_install': False, 'path': '/home/xplore/chienpanze/xre-legged-dog/xre_chienpanze/src/chienpanze_controller_manager', 'symlink_install': False, 'test_result_base': None}
[2.204s] Level 5:colcon.colcon_core.verb:set package 'chienpanze_description' build argument 'cmake_args' from command line to 'None'
[2.205s] Level 5:colcon.colcon_core.verb:set package 'chienpanze_description' build argument 'cmake_target' from command line to 'None'
[2.205s] Level 5:colcon.colcon_core.verb:set package 'chienpanze_description' build argument 'cmake_target_skip_unavailable' from command line to 'False'
[2.205s] Level 5:colcon.colcon_core.verb:set package 'chienpanze_description' build argument 'cmake_clean_cache' from command line to 'False'
[2.205s] Level 5:colcon.colcon_core.verb:set package 'chienpanze_description' build argument 'cmake_clean_first' from command line to 'False'
[2.205s] Level 5:colcon.colcon_core.verb:set package 'chienpanze_description' build argument 'cmake_force_configure' from command line to 'False'
[2.205s] Level 5:colcon.colcon_core.verb:set package 'chienpanze_description' build argument 'ament_cmake_args' from command line to 'None'
[2.205s] Level 5:colcon.colcon_core.verb:set package 'chienpanze_description' build argument 'catkin_cmake_args' from command line to 'None'
[2.205s] Level 5:colcon.colcon_core.verb:set package 'chienpanze_description' build argument 'catkin_skip_building_tests' from command line to 'False'
[2.206s] DEBUG:colcon.colcon_core.verb:Building package 'chienpanze_description' with the following arguments: {'ament_cmake_args': None, 'build_base': '/home/xplore/chienpanze/xre-legged-dog/xre_chienpanze/build/chienpanze_description', 'catkin_cmake_args': None, 'catkin_skip_building_tests': False, 'cmake_args': None, 'cmake_clean_cache': False, 'cmake_clean_first': False, 'cmake_force_configure': False, 'cmake_target': None, 'cmake_target_skip_unavailable': False, 'install_base': '/home/xplore/chienpanze/xre-legged-dog/xre_chienpanze/install/chienpanze_description', 'merge_install': False, 'path': '/home/xplore/chienpanze/xre-legged-dog/xre_chienpanze/src/chienpanze_description', 'symlink_install': False, 'test_result_base': None}
[2.207s] Level 5:colcon.colcon_core.verb:set package 'chienpanze_hw_interface' build argument 'cmake_args' from command line to 'None'
[2.207s] Level 5:colcon.colcon_core.verb:set package 'chienpanze_hw_interface' build argument 'cmake_target' from command line to 'None'
[2.207s] Level 5:colcon.colcon_core.verb:set package 'chienpanze_hw_interface' build argument 'cmake_target_skip_unavailable' from command line to 'False'
[2.208s] Level 5:colcon.colcon_core.verb:set package 'chienpanze_hw_interface' build argument 'cmake_clean_cache' from command line to 'False'
[2.208s] Level 5:colcon.colcon_core.verb:set package 'chienpanze_hw_interface' build argument 'cmake_clean_first' from command line to 'False'
[2.208s] Level 5:colcon.colcon_core.verb:set package 'chienpanze_hw_interface' build argument 'cmake_force_configure' from command line to 'False'
[2.208s] Level 5:colcon.colcon_core.verb:set package 'chienpanze_hw_interface' build argument 'ament_cmake_args' from command line to 'None'
[2.208s] Level 5:colcon.colcon_core.verb:set package 'chienpanze_hw_interface' build argument 'catkin_cmake_args' from command line to 'None'
[2.208s] Level 5:colcon.colcon_core.verb:set package 'chienpanze_hw_interface' build argument 'catkin_skip_building_tests' from command line to 'False'
[2.209s] DEBUG:colcon.colcon_core.verb:Building package 'chienpanze_hw_interface' with the following arguments: {'ament_cmake_args': None, 'build_base': '/home/xplore/chienpanze/xre-legged-dog/xre_chienpanze/build/chienpanze_hw_interface', 'catkin_cmake_args': None, 'catkin_skip_building_tests': False, 'cmake_args': None, 'cmake_clean_cache': False, 'cmake_clean_first': False, 'cmake_force_configure': False, 'cmake_target': None, 'cmake_target_skip_unavailable': False, 'install_base': '/home/xplore/chienpanze/xre-legged-dog/xre_chienpanze/install/chienpanze_hw_interface', 'merge_install': False, 'path': '/home/xplore/chienpanze/xre-legged-dog/xre_chienpanze/src/chienpanze_hw_interface', 'symlink_install': False, 'test_result_base': None}
[2.210s] Level 5:colcon.colcon_core.verb:set package 'chienpanze_bringup' build argument 'cmake_args' from command line to 'None'
[2.210s] Level 5:colcon.colcon_core.verb:set package 'chienpanze_bringup' build argument 'cmake_target' from command line to 'None'
[2.211s] Level 5:colcon.colcon_core.verb:set package 'chienpanze_bringup' build argument 'cmake_target_skip_unavailable' from command line to 'False'
[2.211s] Level 5:colcon.colcon_core.verb:set package 'chienpanze_bringup' build argument 'cmake_clean_cache' from command line to 'False'
[2.211s] Level 5:colcon.colcon_core.verb:set package 'chienpanze_bringup' build argument 'cmake_clean_first' from command line to 'False'
[2.211s] Level 5:colcon.colcon_core.verb:set package 'chienpanze_bringup' build argument 'cmake_force_configure' from command line to 'False'
[2.211s] Level 5:colcon.colcon_core.verb:set package 'chienpanze_bringup' build argument 'ament_cmake_args' from command line to 'None'
[2.211s] Level 5:colcon.colcon_core.verb:set package 'chienpanze_bringup' build argument 'catkin_cmake_args' from command line to 'None'
[2.211s] Level 5:colcon.colcon_core.verb:set package 'chienpanze_bringup' build argument 'catkin_skip_building_tests' from command line to 'False'
[2.211s] DEBUG:colcon.colcon_core.verb:Building package 'chienpanze_bringup' with the following arguments: {'ament_cmake_args': None, 'build_base': '/home/xplore/chienpanze/xre-legged-dog/xre_chienpanze/build/chienpanze_bringup', 'catkin_cmake_args': None, 'catkin_skip_building_tests': False, 'cmake_args': None, 'cmake_clean_cache': False, 'cmake_clean_first': False, 'cmake_force_configure': False, 'cmake_target': None, 'cmake_target_skip_unavailable': False, 'install_base': '/home/xplore/chienpanze/xre-legged-dog/xre_chienpanze/install/chienpanze_bringup', 'merge_install': False, 'path': '/home/xplore/chienpanze/xre-legged-dog/xre_chienpanze/src/chienpanze_bringup', 'symlink_install': False, 'test_result_base': None}
[2.212s] INFO:colcon.colcon_core.executor:Executing jobs using 'parallel' executor
[2.216s] DEBUG:colcon.colcon_parallel_executor.executor.parallel:run_until_complete
[2.217s] INFO:colcon.colcon_ros.task.ament_cmake.build:Building ROS package in '/home/xplore/chienpanze/xre-legged-dog/xre_chienpanze/src/chienpanze_description' with build type 'ament_cmake'
[2.217s] INFO:colcon.colcon_cmake.task.cmake.build:Building CMake package in '/home/xplore/chienpanze/xre-legged-dog/xre_chienpanze/src/chienpanze_description'
[2.228s] INFO:colcon.colcon_core.plugin_system:Skipping extension 'colcon_core.shell.bat': Not used on non-Windows systems
[2.230s] INFO:colcon.colcon_core.shell:Skip shell extension 'powershell' for command environment: Not usable outside of PowerShell
[2.230s] DEBUG:colcon.colcon_core.shell:Skip shell extension 'dsv' for command environment
[2.259s] INFO:colcon.colcon_ros.task.ament_cmake.build:Building ROS package in '/home/xplore/chienpanze/xre-legged-dog/xre_chienpanze/src/chienpanze_controllers' with build type 'ament_cmake'
[2.260s] INFO:colcon.colcon_cmake.task.cmake.build:Building CMake package in '/home/xplore/chienpanze/xre-legged-dog/xre_chienpanze/src/chienpanze_controllers'
[2.261s] INFO:colcon.colcon_core.shell:Skip shell extension 'powershell' for command environment: Not usable outside of PowerShell
[2.262s] DEBUG:colcon.colcon_core.shell:Skip shell extension 'dsv' for command environment
[2.300s] INFO:colcon.colcon_ros.task.ament_cmake.build:Building ROS package in '/home/xplore/chienpanze/xre-legged-dog/xre_chienpanze/src/chienpanze_controller_manager' with build type 'ament_cmake'
[2.301s] INFO:colcon.colcon_cmake.task.cmake.build:Building CMake package in '/home/xplore/chienpanze/xre-legged-dog/xre_chienpanze/src/chienpanze_controller_manager'
[2.302s] INFO:colcon.colcon_core.shell:Skip shell extension 'powershell' for command environment: Not usable outside of PowerShell
[2.303s] DEBUG:colcon.colcon_core.shell:Skip shell extension 'dsv' for command environment
[2.345s] INFO:colcon.colcon_ros.task.ament_cmake.build:Building ROS package in '/home/xplore/chienpanze/xre-legged-dog/xre_chienpanze/src/chienpanze_hw_interface' with build type 'ament_cmake'
[2.346s] INFO:colcon.colcon_cmake.task.cmake.build:Building CMake package in '/home/xplore/chienpanze/xre-legged-dog/xre_chienpanze/src/chienpanze_hw_interface'
[2.348s] INFO:colcon.colcon_core.shell:Skip shell extension 'powershell' for command environment: Not usable outside of PowerShell
[2.348s] DEBUG:colcon.colcon_core.shell:Skip shell extension 'dsv' for command environment
[2.408s] DEBUG:colcon.colcon_core.event_handler.log_command:Invoking command in '/home/xplore/chienpanze/xre-legged-dog/xre_chienpanze/build/chienpanze_description': CMAKE_PREFIX_PATH=${CMAKE_PREFIX_PATH}:/opt/ros/humble /usr/bin/cmake --build /home/xplore/chienpanze/xre-legged-dog/xre_chienpanze/build/chienpanze_description -- -j4 -l4
[2.452s] DEBUG:colcon.colcon_core.event_handler.log_command:Invoking command in '/home/xplore/chienpanze/xre-legged-dog/xre_chienpanze/build/chienpanze_controller_interface': CMAKE_PREFIX_PATH=${CMAKE_PREFIX_PATH}:/opt/ros/humble /usr/bin/cmake --build /home/xplore/chienpanze/xre-legged-dog/xre_chienpanze/build/chienpanze_controller_interface -- -j4 -l4
[2.494s] DEBUG:colcon.colcon_core.event_handler.log_command:Invoking command in '/home/xplore/chienpanze/xre-legged-dog/xre_chienpanze/build/chienpanze_controller_manager': CMAKE_PREFIX_PATH=${CMAKE_PREFIX_PATH}:/opt/ros/humble /usr/bin/cmake --build /home/xplore/chienpanze/xre-legged-dog/xre_chienpanze/build/chienpanze_controller_manager -- -j4 -l4
[2.621s] DEBUG:colcon.colcon_core.event_handler.log_command:Invoking command in '/home/xplore/chienpanze/xre-legged-dog/xre_chienpanze/build/chienpanze_hw_interface': CMAKE_PREFIX_PATH=${CMAKE_PREFIX_PATH}:/opt/ros/humble /usr/bin/cmake --build /home/xplore/chienpanze/xre-legged-dog/xre_chienpanze/build/chienpanze_hw_interface -- -j4 -l4
[2.856s] DEBUG:colcon.colcon_core.event_handler.log_command:Invoked command in '/home/xplore/chienpanze/xre-legged-dog/xre_chienpanze/build/chienpanze_description' returned '0': CMAKE_PREFIX_PATH=${CMAKE_PREFIX_PATH}:/opt/ros/humble /usr/bin/cmake --build /home/xplore/chienpanze/xre-legged-dog/xre_chienpanze/build/chienpanze_description -- -j4 -l4
[2.890s] DEBUG:colcon.colcon_core.event_handler.log_command:Invoked command in '/home/xplore/chienpanze/xre-legged-dog/xre_chienpanze/build/chienpanze_controller_manager' returned '0': CMAKE_PREFIX_PATH=${CMAKE_PREFIX_PATH}:/opt/ros/humble /usr/bin/cmake --build /home/xplore/chienpanze/xre-legged-dog/xre_chienpanze/build/chienpanze_controller_manager -- -j4 -l4
[3.141s] DEBUG:colcon.colcon_core.event_handler.log_command:Invoked command in '/home/xplore/chienpanze/xre-legged-dog/xre_chienpanze/build/chienpanze_controller_interface' returned '0': CMAKE_PREFIX_PATH=${CMAKE_PREFIX_PATH}:/opt/ros/humble /usr/bin/cmake --build /home/xplore/chienpanze/xre-legged-dog/xre_chienpanze/build/chienpanze_controller_interface -- -j4 -l4
[3.276s] DEBUG:colcon.colcon_core.event_handler.log_command:Invoking command in '/home/xplore/chienpanze/xre-legged-dog/xre_chienpanze/build/chienpanze_controller_manager': CMAKE_PREFIX_PATH=${CMAKE_PREFIX_PATH}:/opt/ros/humble /usr/bin/cmake --install /home/xplore/chienpanze/xre-legged-dog/xre_chienpanze/build/chienpanze_controller_manager
[3.291s] DEBUG:colcon.colcon_core.event_handler.log_command:Invoking command in '/home/xplore/chienpanze/xre-legged-dog/xre_chienpanze/build/chienpanze_description': CMAKE_PREFIX_PATH=${CMAKE_PREFIX_PATH}:/opt/ros/humble /usr/bin/cmake --install /home/xplore/chienpanze/xre-legged-dog/xre_chienpanze/build/chienpanze_description
[3.332s] DEBUG:colcon.colcon_core.event_handler.log_command:Invoked command in '/home/xplore/chienpanze/xre-legged-dog/xre_chienpanze/build/chienpanze_hw_interface' returned '0': CMAKE_PREFIX_PATH=${CMAKE_PREFIX_PATH}:/opt/ros/humble /usr/bin/cmake --build /home/xplore/chienpanze/xre-legged-dog/xre_chienpanze/build/chienpanze_hw_interface -- -j4 -l4
[3.390s] Level 1:colcon.colcon_core.environment:create_environment_scripts_only(chienpanze_controller_manager)
[3.448s] DEBUG:colcon.colcon_core.event_handler.log_command:Invoked command in '/home/xplore/chienpanze/xre-legged-dog/xre_chienpanze/build/chienpanze_controller_manager' returned '0': CMAKE_PREFIX_PATH=${CMAKE_PREFIX_PATH}:/opt/ros/humble /usr/bin/cmake --install /home/xplore/chienpanze/xre-legged-dog/xre_chienpanze/build/chienpanze_controller_manager
[3.460s] Level 1:colcon.colcon_core.environment:checking '/home/xplore/chienpanze/xre-legged-dog/xre_chienpanze/install/chienpanze_controller_manager' for CMake module files
[3.470s] Level 1:colcon.colcon_core.environment:checking '/home/xplore/chienpanze/xre-legged-dog/xre_chienpanze/install/chienpanze_controller_manager' for CMake config files
[3.473s] Level 1:colcon.colcon_core.shell:create_environment_hook('chienpanze_controller_manager', 'cmake_prefix_path')
[3.475s] INFO:colcon.colcon_core.shell:Creating environment hook '/home/xplore/chienpanze/xre-legged-dog/xre_chienpanze/install/chienpanze_controller_manager/share/chienpanze_controller_manager/hook/cmake_prefix_path.ps1'
[3.480s] INFO:colcon.colcon_core.shell:Creating environment descriptor '/home/xplore/chienpanze/xre-legged-dog/xre_chienpanze/install/chienpanze_controller_manager/share/chienpanze_controller_manager/hook/cmake_prefix_path.dsv'
[3.483s] INFO:colcon.colcon_core.shell:Creating environment hook '/home/xplore/chienpanze/xre-legged-dog/xre_chienpanze/install/chienpanze_controller_manager/share/chienpanze_controller_manager/hook/cmake_prefix_path.sh'
[3.489s] Level 1:colcon.colcon_core.environment:checking '/home/xplore/chienpanze/xre-legged-dog/xre_chienpanze/install/chienpanze_controller_manager/bin'
[3.490s] Level 1:colcon.colcon_core.environment:checking '/home/xplore/chienpanze/xre-legged-dog/xre_chienpanze/install/chienpanze_controller_manager/lib/pkgconfig/chienpanze_controller_manager.pc'
[3.491s] Level 1:colcon.colcon_core.environment:checking '/home/xplore/chienpanze/xre-legged-dog/xre_chienpanze/install/chienpanze_controller_manager/lib/python3.10/site-packages'
[3.492s] Level 1:colcon.colcon_core.environment:checking '/home/xplore/chienpanze/xre-legged-dog/xre_chienpanze/install/chienpanze_controller_manager/bin'
[3.494s] INFO:colcon.colcon_core.shell:Creating package script '/home/xplore/chienpanze/xre-legged-dog/xre_chienpanze/install/chienpanze_controller_manager/share/chienpanze_controller_manager/package.ps1'
[3.499s] INFO:colcon.colcon_core.shell:Creating package descriptor '/home/xplore/chienpanze/xre-legged-dog/xre_chienpanze/install/chienpanze_controller_manager/share/chienpanze_controller_manager/package.dsv'
[3.503s] INFO:colcon.colcon_core.shell:Creating package script '/home/xplore/chienpanze/xre-legged-dog/xre_chienpanze/install/chienpanze_controller_manager/share/chienpanze_controller_manager/package.sh'
[3.507s] INFO:colcon.colcon_core.shell:Creating package script '/home/xplore/chienpanze/xre-legged-dog/xre_chienpanze/install/chienpanze_controller_manager/share/chienpanze_controller_manager/package.bash'
[3.512s] INFO:colcon.colcon_core.shell:Creating package script '/home/xplore/chienpanze/xre-legged-dog/xre_chienpanze/install/chienpanze_controller_manager/share/chienpanze_controller_manager/package.zsh'
[3.518s] Level 1:colcon.colcon_core.environment:create_file_with_runtime_dependencies(/home/xplore/chienpanze/xre-legged-dog/xre_chienpanze/install/chienpanze_controller_manager/share/colcon-core/packages/chienpanze_controller_manager)
[3.553s] DEBUG:colcon.colcon_core.event_handler.log_command:Invoking command in '/home/xplore/chienpanze/xre-legged-dog/xre_chienpanze/build/chienpanze_controller_interface': CMAKE_PREFIX_PATH=${CMAKE_PREFIX_PATH}:/opt/ros/humble /usr/bin/cmake --install /home/xplore/chienpanze/xre-legged-dog/xre_chienpanze/build/chienpanze_controller_interface
[3.566s] Level 1:colcon.colcon_core.environment:create_environment_scripts_only(chienpanze_description)
[3.568s] Level 1:colcon.colcon_core.environment:checking '/home/xplore/chienpanze/xre-legged-dog/xre_chienpanze/install/chienpanze_description' for CMake module files
[3.578s] DEBUG:colcon.colcon_core.event_handler.log_command:Invoked command in '/home/xplore/chienpanze/xre-legged-dog/xre_chienpanze/build/chienpanze_description' returned '0': CMAKE_PREFIX_PATH=${CMAKE_PREFIX_PATH}:/opt/ros/humble /usr/bin/cmake --install /home/xplore/chienpanze/xre-legged-dog/xre_chienpanze/build/chienpanze_description
[3.585s] Level 1:colcon.colcon_core.environment:checking '/home/xplore/chienpanze/xre-legged-dog/xre_chienpanze/install/chienpanze_description' for CMake config files
[3.600s] Level 1:colcon.colcon_core.shell:create_environment_hook('chienpanze_description', 'cmake_prefix_path')
[3.604s] INFO:colcon.colcon_core.shell:Creating environment hook '/home/xplore/chienpanze/xre-legged-dog/xre_chienpanze/install/chienpanze_description/share/chienpanze_description/hook/cmake_prefix_path.ps1'
[3.614s] INFO:colcon.colcon_core.shell:Creating environment descriptor '/home/xplore/chienpanze/xre-legged-dog/xre_chienpanze/install/chienpanze_description/share/chienpanze_description/hook/cmake_prefix_path.dsv'
[3.622s] INFO:colcon.colcon_core.shell:Creating environment hook '/home/xplore/chienpanze/xre-legged-dog/xre_chienpanze/install/chienpanze_description/share/chienpanze_description/hook/cmake_prefix_path.sh'
[3.633s] Level 1:colcon.colcon_core.environment:checking '/home/xplore/chienpanze/xre-legged-dog/xre_chienpanze/install/chienpanze_description/bin'
[3.634s] Level 1:colcon.colcon_core.environment:checking '/home/xplore/chienpanze/xre-legged-dog/xre_chienpanze/install/chienpanze_description/lib/pkgconfig/chienpanze_description.pc'
[3.636s] Level 1:colcon.colcon_core.environment:checking '/home/xplore/chienpanze/xre-legged-dog/xre_chienpanze/install/chienpanze_description/lib/python3.10/site-packages'
[3.642s] Level 1:colcon.colcon_core.environment:checking '/home/xplore/chienpanze/xre-legged-dog/xre_chienpanze/install/chienpanze_description/bin'
[3.650s] INFO:colcon.colcon_core.shell:Creating package script '/home/xplore/chienpanze/xre-legged-dog/xre_chienpanze/install/chienpanze_description/share/chienpanze_description/package.ps1'
[3.655s] INFO:colcon.colcon_core.shell:Creating package descriptor '/home/xplore/chienpanze/xre-legged-dog/xre_chienpanze/install/chienpanze_description/share/chienpanze_description/package.dsv'
[3.659s] INFO:colcon.colcon_core.shell:Creating package script '/home/xplore/chienpanze/xre-legged-dog/xre_chienpanze/install/chienpanze_description/share/chienpanze_description/package.sh'
[3.665s] INFO:colcon.colcon_core.shell:Creating package script '/home/xplore/chienpanze/xre-legged-dog/xre_chienpanze/install/chienpanze_description/share/chienpanze_description/package.bash'
[3.668s] INFO:colcon.colcon_core.shell:Creating package script '/home/xplore/chienpanze/xre-legged-dog/xre_chienpanze/install/chienpanze_description/share/chienpanze_description/package.zsh'
[3.674s] Level 1:colcon.colcon_core.environment:create_file_with_runtime_dependencies(/home/xplore/chienpanze/xre-legged-dog/xre_chienpanze/install/chienpanze_description/share/colcon-core/packages/chienpanze_description)
[3.753s] DEBUG:colcon.colcon_core.event_handler.log_command:Invoking command in '/home/xplore/chienpanze/xre-legged-dog/xre_chienpanze/build/chienpanze_hw_interface': CMAKE_PREFIX_PATH=${CMAKE_PREFIX_PATH}:/opt/ros/humble /usr/bin/cmake --install /home/xplore/chienpanze/xre-legged-dog/xre_chienpanze/build/chienpanze_hw_interface
[3.768s] Level 1:colcon.colcon_core.environment:create_environment_scripts_only(chienpanze_controller_manager)
[3.770s] Level 1:colcon.colcon_core.environment:checking '/home/xplore/chienpanze/xre-legged-dog/xre_chienpanze/install/chienpanze_controller_manager' for CMake module files
[3.776s] Level 1:colcon.colcon_core.environment:checking '/home/xplore/chienpanze/xre-legged-dog/xre_chienpanze/install/chienpanze_controller_manager' for CMake config files
[3.780s] Level 1:colcon.colcon_core.shell:create_environment_hook('chienpanze_controller_manager', 'cmake_prefix_path')
[3.782s] INFO:colcon.colcon_core.shell:Creating environment hook '/home/xplore/chienpanze/xre-legged-dog/xre_chienpanze/install/chienpanze_controller_manager/share/chienpanze_controller_manager/hook/cmake_prefix_path.ps1'
[3.785s] INFO:colcon.colcon_core.shell:Creating environment descriptor '/home/xplore/chienpanze/xre-legged-dog/xre_chienpanze/install/chienpanze_controller_manager/share/chienpanze_controller_manager/hook/cmake_prefix_path.dsv'
[3.788s] INFO:colcon.colcon_core.shell:Creating environment hook '/home/xplore/chienpanze/xre-legged-dog/xre_chienpanze/install/chienpanze_controller_manager/share/chienpanze_controller_manager/hook/cmake_prefix_path.sh'
[3.795s] Level 1:colcon.colcon_core.environment:checking '/home/xplore/chienpanze/xre-legged-dog/xre_chienpanze/install/chienpanze_controller_manager/bin'
[3.797s] Level 1:colcon.colcon_core.environment:checking '/home/xplore/chienpanze/xre-legged-dog/xre_chienpanze/install/chienpanze_controller_manager/lib/pkgconfig/chienpanze_controller_manager.pc'
[3.802s] Level 1:colcon.colcon_core.environment:checking '/home/xplore/chienpanze/xre-legged-dog/xre_chienpanze/install/chienpanze_controller_manager/lib/python3.10/site-packages'
[3.805s] Level 1:colcon.colcon_core.environment:checking '/home/xplore/chienpanze/xre-legged-dog/xre_chienpanze/install/chienpanze_controller_manager/bin'
[3.813s] INFO:colcon.colcon_core.shell:Creating package script '/home/xplore/chienpanze/xre-legged-dog/xre_chienpanze/install/chienpanze_controller_manager/share/chienpanze_controller_manager/package.ps1'
[3.828s] INFO:colcon.colcon_core.shell:Creating package descriptor '/home/xplore/chienpanze/xre-legged-dog/xre_chienpanze/install/chienpanze_controller_manager/share/chienpanze_controller_manager/package.dsv'
[3.833s] INFO:colcon.colcon_core.shell:Creating package script '/home/xplore/chienpanze/xre-legged-dog/xre_chienpanze/install/chienpanze_controller_manager/share/chienpanze_controller_manager/package.sh'
[3.841s] INFO:colcon.colcon_core.shell:Creating package script '/home/xplore/chienpanze/xre-legged-dog/xre_chienpanze/install/chienpanze_controller_manager/share/chienpanze_controller_manager/package.bash'
[3.850s] INFO:colcon.colcon_core.shell:Creating package script '/home/xplore/chienpanze/xre-legged-dog/xre_chienpanze/install/chienpanze_controller_manager/share/chienpanze_controller_manager/package.zsh'
[3.866s] Level 1:colcon.colcon_core.environment:create_file_with_runtime_dependencies(/home/xplore/chienpanze/xre-legged-dog/xre_chienpanze/install/chienpanze_controller_manager/share/colcon-core/packages/chienpanze_controller_manager)
[3.887s] Level 1:colcon.colcon_core.environment:create_environment_scripts_only(chienpanze_controller_interface)
[3.889s] Level 1:colcon.colcon_core.environment:checking '/home/xplore/chienpanze/xre-legged-dog/xre_chienpanze/install/chienpanze_controller_interface' for CMake module files
[3.907s] Level 1:colcon.colcon_core.environment:checking '/home/xplore/chienpanze/xre-legged-dog/xre_chienpanze/install/chienpanze_controller_interface' for CMake config files
[3.912s] DEBUG:colcon.colcon_core.event_handler.log_command:Invoked command in '/home/xplore/chienpanze/xre-legged-dog/xre_chienpanze/build/chienpanze_controller_interface' returned '0': CMAKE_PREFIX_PATH=${CMAKE_PREFIX_PATH}:/opt/ros/humble /usr/bin/cmake --install /home/xplore/chienpanze/xre-legged-dog/xre_chienpanze/build/chienpanze_controller_interface
[3.915s] Level 1:colcon.colcon_core.shell:create_environment_hook('chienpanze_controller_interface', 'cmake_prefix_path')
[3.917s] INFO:colcon.colcon_core.shell:Creating environment hook '/home/xplore/chienpanze/xre-legged-dog/xre_chienpanze/install/chienpanze_controller_interface/share/chienpanze_controller_interface/hook/cmake_prefix_path.ps1'
[3.920s] INFO:colcon.colcon_core.shell:Creating environment descriptor '/home/xplore/chienpanze/xre-legged-dog/xre_chienpanze/install/chienpanze_controller_interface/share/chienpanze_controller_interface/hook/cmake_prefix_path.dsv'
[3.923s] INFO:colcon.colcon_core.shell:Creating environment hook '/home/xplore/chienpanze/xre-legged-dog/xre_chienpanze/install/chienpanze_controller_interface/share/chienpanze_controller_interface/hook/cmake_prefix_path.sh'
[3.927s] Level 1:colcon.colcon_core.environment:checking '/home/xplore/chienpanze/xre-legged-dog/xre_chienpanze/install/chienpanze_controller_interface/lib'
[3.928s] Level 1:colcon.colcon_core.shell:create_environment_hook('chienpanze_controller_interface', 'ld_library_path_lib')
[3.930s] INFO:colcon.colcon_core.shell:Creating environment hook '/home/xplore/chienpanze/xre-legged-dog/xre_chienpanze/install/chienpanze_controller_interface/share/chienpanze_controller_interface/hook/ld_library_path_lib.ps1'
[3.933s] INFO:colcon.colcon_core.shell:Creating environment descriptor '/home/xplore/chienpanze/xre-legged-dog/xre_chienpanze/install/chienpanze_controller_interface/share/chienpanze_controller_interface/hook/ld_library_path_lib.dsv'
[3.935s] INFO:colcon.colcon_core.shell:Creating environment hook '/home/xplore/chienpanze/xre-legged-dog/xre_chienpanze/install/chienpanze_controller_interface/share/chienpanze_controller_interface/hook/ld_library_path_lib.sh'
[3.938s] Level 1:colcon.colcon_core.environment:checking '/home/xplore/chienpanze/xre-legged-dog/xre_chienpanze/install/chienpanze_controller_interface/bin'
[3.939s] Level 1:colcon.colcon_core.environment:checking '/home/xplore/chienpanze/xre-legged-dog/xre_chienpanze/install/chienpanze_controller_interface/lib/pkgconfig/chienpanze_controller_interface.pc'
[3.940s] Level 1:colcon.colcon_core.environment:checking '/home/xplore/chienpanze/xre-legged-dog/xre_chienpanze/install/chienpanze_controller_interface/lib/python3.10/site-packages'
[3.941s] Level 1:colcon.colcon_core.environment:checking '/home/xplore/chienpanze/xre-legged-dog/xre_chienpanze/install/chienpanze_controller_interface/bin'
[3.943s] INFO:colcon.colcon_core.shell:Creating package script '/home/xplore/chienpanze/xre-legged-dog/xre_chienpanze/install/chienpanze_controller_interface/share/chienpanze_controller_interface/package.ps1'
[3.947s] INFO:colcon.colcon_core.shell:Creating package descriptor '/home/xplore/chienpanze/xre-legged-dog/xre_chienpanze/install/chienpanze_controller_interface/share/chienpanze_controller_interface/package.dsv'
[3.950s] INFO:colcon.colcon_core.shell:Creating package script '/home/xplore/chienpanze/xre-legged-dog/xre_chienpanze/install/chienpanze_controller_interface/share/chienpanze_controller_interface/package.sh'
[3.953s] INFO:colcon.colcon_core.shell:Creating package script '/home/xplore/chienpanze/xre-legged-dog/xre_chienpanze/install/chienpanze_controller_interface/share/chienpanze_controller_interface/package.bash'
[3.960s] INFO:colcon.colcon_core.shell:Creating package script '/home/xplore/chienpanze/xre-legged-dog/xre_chienpanze/install/chienpanze_controller_interface/share/chienpanze_controller_interface/package.zsh'
[3.963s] Level 1:colcon.colcon_core.environment:create_file_with_runtime_dependencies(/home/xplore/chienpanze/xre-legged-dog/xre_chienpanze/install/chienpanze_controller_interface/share/colcon-core/packages/chienpanze_controller_interface)
[3.973s] Level 1:colcon.colcon_core.environment:create_environment_scripts_only(chienpanze_description)
[3.975s] Level 1:colcon.colcon_core.environment:checking '/home/xplore/chienpanze/xre-legged-dog/xre_chienpanze/install/chienpanze_description' for CMake module files
[3.982s] Level 1:colcon.colcon_core.environment:checking '/home/xplore/chienpanze/xre-legged-dog/xre_chienpanze/install/chienpanze_description' for CMake config files
[3.986s] Level 1:colcon.colcon_core.shell:create_environment_hook('chienpanze_description', 'cmake_prefix_path')
[3.988s] INFO:colcon.colcon_core.shell:Creating environment hook '/home/xplore/chienpanze/xre-legged-dog/xre_chienpanze/install/chienpanze_description/share/chienpanze_description/hook/cmake_prefix_path.ps1'
[3.991s] INFO:colcon.colcon_core.shell:Creating environment descriptor '/home/xplore/chienpanze/xre-legged-dog/xre_chienpanze/install/chienpanze_description/share/chienpanze_description/hook/cmake_prefix_path.dsv'
[3.995s] INFO:colcon.colcon_core.shell:Creating environment hook '/home/xplore/chienpanze/xre-legged-dog/xre_chienpanze/install/chienpanze_description/share/chienpanze_description/hook/cmake_prefix_path.sh'
[4.001s] Level 1:colcon.colcon_core.environment:checking '/home/xplore/chienpanze/xre-legged-dog/xre_chienpanze/install/chienpanze_description/bin'
[4.003s] Level 1:colcon.colcon_core.environment:checking '/home/xplore/chienpanze/xre-legged-dog/xre_chienpanze/install/chienpanze_description/lib/pkgconfig/chienpanze_description.pc'
[4.007s] Level 1:colcon.colcon_core.environment:checking '/home/xplore/chienpanze/xre-legged-dog/xre_chienpanze/install/chienpanze_description/lib/python3.10/site-packages'
[4.011s] Level 1:colcon.colcon_core.environment:checking '/home/xplore/chienpanze/xre-legged-dog/xre_chienpanze/install/chienpanze_description/bin'
[4.012s] INFO:colcon.colcon_core.shell:Creating package script '/home/xplore/chienpanze/xre-legged-dog/xre_chienpanze/install/chienpanze_description/share/chienpanze_description/package.ps1'
[4.016s] INFO:colcon.colcon_core.shell:Creating package descriptor '/home/xplore/chienpanze/xre-legged-dog/xre_chienpanze/install/chienpanze_description/share/chienpanze_description/package.dsv'
[4.020s] INFO:colcon.colcon_core.shell:Creating package script '/home/xplore/chienpanze/xre-legged-dog/xre_chienpanze/install/chienpanze_description/share/chienpanze_description/package.sh'
[4.023s] INFO:colcon.colcon_core.shell:Creating package script '/home/xplore/chienpanze/xre-legged-dog/xre_chienpanze/install/chienpanze_description/share/chienpanze_description/package.bash'
[4.026s] INFO:colcon.colcon_core.shell:Creating package script '/home/xplore/chienpanze/xre-legged-dog/xre_chienpanze/install/chienpanze_description/share/chienpanze_description/package.zsh'
[4.030s] Level 1:colcon.colcon_core.environment:create_file_with_runtime_dependencies(/home/xplore/chienpanze/xre-legged-dog/xre_chienpanze/install/chienpanze_description/share/colcon-core/packages/chienpanze_description)
[4.034s] INFO:colcon.colcon_ros.task.ament_cmake.build:Building ROS package in '/home/xplore/chienpanze/xre-legged-dog/xre_chienpanze/src/chienpanze_bringup' with build type 'ament_cmake'
[4.035s] INFO:colcon.colcon_cmake.task.cmake.build:Building CMake package in '/home/xplore/chienpanze/xre-legged-dog/xre_chienpanze/src/chienpanze_bringup'
[4.036s] INFO:colcon.colcon_core.shell:Skip shell extension 'powershell' for command environment: Not usable outside of PowerShell
[4.036s] DEBUG:colcon.colcon_core.shell:Skip shell extension 'dsv' for command environment
[4.073s] Level 1:colcon.colcon_core.environment:create_environment_scripts_only(chienpanze_hw_interface)
[4.074s] DEBUG:colcon.colcon_core.event_handler.log_command:Invoked command in '/home/xplore/chienpanze/xre-legged-dog/xre_chienpanze/build/chienpanze_hw_interface' returned '0': CMAKE_PREFIX_PATH=${CMAKE_PREFIX_PATH}:/opt/ros/humble /usr/bin/cmake --install /home/xplore/chienpanze/xre-legged-dog/xre_chienpanze/build/chienpanze_hw_interface
[4.082s] Level 1:colcon.colcon_core.environment:checking '/home/xplore/chienpanze/xre-legged-dog/xre_chienpanze/install/chienpanze_hw_interface' for CMake module files
[4.088s] Level 1:colcon.colcon_core.environment:checking '/home/xplore/chienpanze/xre-legged-dog/xre_chienpanze/install/chienpanze_hw_interface' for CMake config files
[4.093s] Level 1:colcon.colcon_core.shell:create_environment_hook('chienpanze_hw_interface', 'cmake_prefix_path')
[4.095s] INFO:colcon.colcon_core.shell:Creating environment hook '/home/xplore/chienpanze/xre-legged-dog/xre_chienpanze/install/chienpanze_hw_interface/share/chienpanze_hw_interface/hook/cmake_prefix_path.ps1'
[4.098s] INFO:colcon.colcon_core.shell:Creating environment descriptor '/home/xplore/chienpanze/xre-legged-dog/xre_chienpanze/install/chienpanze_hw_interface/share/chienpanze_hw_interface/hook/cmake_prefix_path.dsv'
[4.101s] INFO:colcon.colcon_core.shell:Creating environment hook '/home/xplore/chienpanze/xre-legged-dog/xre_chienpanze/install/chienpanze_hw_interface/share/chienpanze_hw_interface/hook/cmake_prefix_path.sh'
[4.106s] Level 1:colcon.colcon_core.environment:checking '/home/xplore/chienpanze/xre-legged-dog/xre_chienpanze/install/chienpanze_hw_interface/lib'
[4.106s] Level 1:colcon.colcon_core.shell:create_environment_hook('chienpanze_hw_interface', 'ld_library_path_lib')
[4.108s] INFO:colcon.colcon_core.shell:Creating environment hook '/home/xplore/chienpanze/xre-legged-dog/xre_chienpanze/install/chienpanze_hw_interface/share/chienpanze_hw_interface/hook/ld_library_path_lib.ps1'
[4.113s] INFO:colcon.colcon_core.shell:Creating environment descriptor '/home/xplore/chienpanze/xre-legged-dog/xre_chienpanze/install/chienpanze_hw_interface/share/chienpanze_hw_interface/hook/ld_library_path_lib.dsv'
[4.121s] INFO:colcon.colcon_core.shell:Creating environment hook '/home/xplore/chienpanze/xre-legged-dog/xre_chienpanze/install/chienpanze_hw_interface/share/chienpanze_hw_interface/hook/ld_library_path_lib.sh'
[4.126s] Level 1:colcon.colcon_core.environment:checking '/home/xplore/chienpanze/xre-legged-dog/xre_chienpanze/install/chienpanze_hw_interface/bin'
[4.126s] Level 1:colcon.colcon_core.environment:checking '/home/xplore/chienpanze/xre-legged-dog/xre_chienpanze/install/chienpanze_hw_interface/lib/pkgconfig/chienpanze_hw_interface.pc'
[4.128s] Level 1:colcon.colcon_core.environment:checking '/home/xplore/chienpanze/xre-legged-dog/xre_chienpanze/install/chienpanze_hw_interface/lib/python3.10/site-packages'
[4.129s] Level 1:colcon.colcon_core.environment:checking '/home/xplore/chienpanze/xre-legged-dog/xre_chienpanze/install/chienpanze_hw_interface/bin'
[4.131s] INFO:colcon.colcon_core.shell:Creating package script '/home/xplore/chienpanze/xre-legged-dog/xre_chienpanze/install/chienpanze_hw_interface/share/chienpanze_hw_interface/package.ps1'
[4.134s] INFO:colcon.colcon_core.shell:Creating package descriptor '/home/xplore/chienpanze/xre-legged-dog/xre_chienpanze/install/chienpanze_hw_interface/share/chienpanze_hw_interface/package.dsv'
[4.137s] INFO:colcon.colcon_core.shell:Creating package script '/home/xplore/chienpanze/xre-legged-dog/xre_chienpanze/install/chienpanze_hw_interface/share/chienpanze_hw_interface/package.sh'
[4.140s] INFO:colcon.colcon_core.shell:Creating package script '/home/xplore/chienpanze/xre-legged-dog/xre_chienpanze/install/chienpanze_hw_interface/share/chienpanze_hw_interface/package.bash'
[4.143s] INFO:colcon.colcon_core.shell:Creating package script '/home/xplore/chienpanze/xre-legged-dog/xre_chienpanze/install/chienpanze_hw_interface/share/chienpanze_hw_interface/package.zsh'
[4.146s] Level 1:colcon.colcon_core.environment:create_file_with_runtime_dependencies(/home/xplore/chienpanze/xre-legged-dog/xre_chienpanze/install/chienpanze_hw_interface/share/colcon-core/packages/chienpanze_hw_interface)
[4.218s] DEBUG:colcon.colcon_core.event_handler.log_command:Invoking command in '/home/xplore/chienpanze/xre-legged-dog/xre_chienpanze/build/chienpanze_bringup': CMAKE_PREFIX_PATH=/home/xplore/chienpanze/xre-legged-dog/xre_chienpanze/install/chienpanze_description:/home/xplore/chienpanze/xre-legged-dog/xre_chienpanze/install/chienpanze_hw_interface:/home/xplore/chienpanze/xre-legged-dog/xre_chienpanze/install/chienpanze_bringup:/home/xplore/chienpanze/xre-legged-dog/xre_chienpanze/install/chienpanze_controller_manager:/home/xplore/chienpanze/xre-legged-dog/xre_chienpanze/install/chienpanze_controller_interface:/opt/ros/humble /usr/bin/cmake --build /home/xplore/chienpanze/xre-legged-dog/xre_chienpanze/build/chienpanze_bringup -- -j4 -l4
[4.251s] Level 1:colcon.colcon_core.environment:create_environment_scripts_only(chienpanze_controller_interface)
[4.255s] Level 1:colcon.colcon_core.environment:checking '/home/xplore/chienpanze/xre-legged-dog/xre_chienpanze/install/chienpanze_controller_interface' for CMake module files
[4.266s] Level 1:colcon.colcon_core.environment:checking '/home/xplore/chienpanze/xre-legged-dog/xre_chienpanze/install/chienpanze_controller_interface' for CMake config files
[4.280s] Level 1:colcon.colcon_core.shell:create_environment_hook('chienpanze_controller_interface', 'cmake_prefix_path')
[4.282s] INFO:colcon.colcon_core.shell:Creating environment hook '/home/xplore/chienpanze/xre-legged-dog/xre_chienpanze/install/chienpanze_controller_interface/share/chienpanze_controller_interface/hook/cmake_prefix_path.ps1'
[4.295s] INFO:colcon.colcon_core.shell:Creating environment descriptor '/home/xplore/chienpanze/xre-legged-dog/xre_chienpanze/install/chienpanze_controller_interface/share/chienpanze_controller_interface/hook/cmake_prefix_path.dsv'
[4.298s] INFO:colcon.colcon_core.shell:Creating environment hook '/home/xplore/chienpanze/xre-legged-dog/xre_chienpanze/install/chienpanze_controller_interface/share/chienpanze_controller_interface/hook/cmake_prefix_path.sh'
[4.303s] Level 1:colcon.colcon_core.environment:checking '/home/xplore/chienpanze/xre-legged-dog/xre_chienpanze/install/chienpanze_controller_interface/lib'
[4.304s] Level 1:colcon.colcon_core.shell:create_environment_hook('chienpanze_controller_interface', 'ld_library_path_lib')
[4.306s] INFO:colcon.colcon_core.shell:Creating environment hook '/home/xplore/chienpanze/xre-legged-dog/xre_chienpanze/install/chienpanze_controller_interface/share/chienpanze_controller_interface/hook/ld_library_path_lib.ps1'
[4.309s] INFO:colcon.colcon_core.shell:Creating environment descriptor '/home/xplore/chienpanze/xre-legged-dog/xre_chienpanze/install/chienpanze_controller_interface/share/chienpanze_controller_interface/hook/ld_library_path_lib.dsv'
[4.313s] INFO:colcon.colcon_core.shell:Creating environment hook '/home/xplore/chienpanze/xre-legged-dog/xre_chienpanze/install/chienpanze_controller_interface/share/chienpanze_controller_interface/hook/ld_library_path_lib.sh'
[4.320s] Level 1:colcon.colcon_core.environment:checking '/home/xplore/chienpanze/xre-legged-dog/xre_chienpanze/install/chienpanze_controller_interface/bin'
[4.321s] Level 1:colcon.colcon_core.environment:checking '/home/xplore/chienpanze/xre-legged-dog/xre_chienpanze/install/chienpanze_controller_interface/lib/pkgconfig/chienpanze_controller_interface.pc'
[4.323s] Level 1:colcon.colcon_core.environment:checking '/home/xplore/chienpanze/xre-legged-dog/xre_chienpanze/install/chienpanze_controller_interface/lib/python3.10/site-packages'
[4.325s] Level 1:colcon.colcon_core.environment:checking '/home/xplore/chienpanze/xre-legged-dog/xre_chienpanze/install/chienpanze_controller_interface/bin'
[4.331s] INFO:colcon.colcon_core.shell:Creating package script '/home/xplore/chienpanze/xre-legged-dog/xre_chienpanze/install/chienpanze_controller_interface/share/chienpanze_controller_interface/package.ps1'
[4.336s] INFO:colcon.colcon_core.shell:Creating package descriptor '/home/xplore/chienpanze/xre-legged-dog/xre_chienpanze/install/chienpanze_controller_interface/share/chienpanze_controller_interface/package.dsv'
[4.340s] INFO:colcon.colcon_core.shell:Creating package script '/home/xplore/chienpanze/xre-legged-dog/xre_chienpanze/install/chienpanze_controller_interface/share/chienpanze_controller_interface/package.sh'
[4.343s] INFO:colcon.colcon_core.shell:Creating package script '/home/xplore/chienpanze/xre-legged-dog/xre_chienpanze/install/chienpanze_controller_interface/share/chienpanze_controller_interface/package.bash'
[4.347s] INFO:colcon.colcon_core.shell:Creating package script '/home/xplore/chienpanze/xre-legged-dog/xre_chienpanze/install/chienpanze_controller_interface/share/chienpanze_controller_interface/package.zsh'
[4.350s] Level 1:colcon.colcon_core.environment:create_file_with_runtime_dependencies(/home/xplore/chienpanze/xre-legged-dog/xre_chienpanze/install/chienpanze_controller_interface/share/colcon-core/packages/chienpanze_controller_interface)
[4.425s] Level 1:colcon.colcon_core.environment:create_environment_scripts_only(chienpanze_hw_interface)
[4.427s] Level 1:colcon.colcon_core.environment:checking '/home/xplore/chienpanze/xre-legged-dog/xre_chienpanze/install/chienpanze_hw_interface' for CMake module files
[4.432s] Level 1:colcon.colcon_core.environment:checking '/home/xplore/chienpanze/xre-legged-dog/xre_chienpanze/install/chienpanze_hw_interface' for CMake config files
[4.436s] Level 1:colcon.colcon_core.shell:create_environment_hook('chienpanze_hw_interface', 'cmake_prefix_path')
[4.441s] INFO:colcon.colcon_core.shell:Creating environment hook '/home/xplore/chienpanze/xre-legged-dog/xre_chienpanze/install/chienpanze_hw_interface/share/chienpanze_hw_interface/hook/cmake_prefix_path.ps1'
[4.448s] INFO:colcon.colcon_core.shell:Creating environment descriptor '/home/xplore/chienpanze/xre-legged-dog/xre_chienpanze/install/chienpanze_hw_interface/share/chienpanze_hw_interface/hook/cmake_prefix_path.dsv'
[4.451s] INFO:colcon.colcon_core.shell:Creating environment hook '/home/xplore/chienpanze/xre-legged-dog/xre_chienpanze/install/chienpanze_hw_interface/share/chienpanze_hw_interface/hook/cmake_prefix_path.sh'
[4.456s] Level 1:colcon.colcon_core.environment:checking '/home/xplore/chienpanze/xre-legged-dog/xre_chienpanze/install/chienpanze_hw_interface/lib'
[4.456s] Level 1:colcon.colcon_core.shell:create_environment_hook('chienpanze_hw_interface', 'ld_library_path_lib')
[4.458s] INFO:colcon.colcon_core.shell:Creating environment hook '/home/xplore/chienpanze/xre-legged-dog/xre_chienpanze/install/chienpanze_hw_interface/share/chienpanze_hw_interface/hook/ld_library_path_lib.ps1'
[4.461s] INFO:colcon.colcon_core.shell:Creating environment descriptor '/home/xplore/chienpanze/xre-legged-dog/xre_chienpanze/install/chienpanze_hw_interface/share/chienpanze_hw_interface/hook/ld_library_path_lib.dsv'
[4.463s] INFO:colcon.colcon_core.shell:Creating environment hook '/home/xplore/chienpanze/xre-legged-dog/xre_chienpanze/install/chienpanze_hw_interface/share/chienpanze_hw_interface/hook/ld_library_path_lib.sh'
[4.466s] Level 1:colcon.colcon_core.environment:checking '/home/xplore/chienpanze/xre-legged-dog/xre_chienpanze/install/chienpanze_hw_interface/bin'
[4.467s] Level 1:colcon.colcon_core.environment:checking '/home/xplore/chienpanze/xre-legged-dog/xre_chienpanze/install/chienpanze_hw_interface/lib/pkgconfig/chienpanze_hw_interface.pc'
[4.468s] Level 1:colcon.colcon_core.environment:checking '/home/xplore/chienpanze/xre-legged-dog/xre_chienpanze/install/chienpanze_hw_interface/lib/python3.10/site-packages'
[4.470s] Level 1:colcon.colcon_core.environment:checking '/home/xplore/chienpanze/xre-legged-dog/xre_chienpanze/install/chienpanze_hw_interface/bin'
[4.472s] INFO:colcon.colcon_core.shell:Creating package script '/home/xplore/chienpanze/xre-legged-dog/xre_chienpanze/install/chienpanze_hw_interface/share/chienpanze_hw_interface/package.ps1'
[4.476s] INFO:colcon.colcon_core.shell:Creating package descriptor '/home/xplore/chienpanze/xre-legged-dog/xre_chienpanze/install/chienpanze_hw_interface/share/chienpanze_hw_interface/package.dsv'
[4.480s] INFO:colcon.colcon_core.shell:Creating package script '/home/xplore/chienpanze/xre-legged-dog/xre_chienpanze/install/chienpanze_hw_interface/share/chienpanze_hw_interface/package.sh'
[4.488s] INFO:colcon.colcon_core.shell:Creating package script '/home/xplore/chienpanze/xre-legged-dog/xre_chienpanze/install/chienpanze_hw_interface/share/chienpanze_hw_interface/package.bash'
[4.496s] INFO:colcon.colcon_core.shell:Creating package script '/home/xplore/chienpanze/xre-legged-dog/xre_chienpanze/install/chienpanze_hw_interface/share/chienpanze_hw_interface/package.zsh'
[4.501s] Level 1:colcon.colcon_core.environment:create_file_with_runtime_dependencies(/home/xplore/chienpanze/xre-legged-dog/xre_chienpanze/install/chienpanze_hw_interface/share/colcon-core/packages/chienpanze_hw_interface)
[4.526s] DEBUG:colcon.colcon_core.event_handler.log_command:Invoked command in '/home/xplore/chienpanze/xre-legged-dog/xre_chienpanze/build/chienpanze_bringup' returned '0': CMAKE_PREFIX_PATH=/home/xplore/chienpanze/xre-legged-dog/xre_chienpanze/install/chienpanze_description:/home/xplore/chienpanze/xre-legged-dog/xre_chienpanze/install/chienpanze_hw_interface:/home/xplore/chienpanze/xre-legged-dog/xre_chienpanze/install/chienpanze_bringup:/home/xplore/chienpanze/xre-legged-dog/xre_chienpanze/install/chienpanze_controller_manager:/home/xplore/chienpanze/xre-legged-dog/xre_chienpanze/install/chienpanze_controller_interface:/opt/ros/humble /usr/bin/cmake --build /home/xplore/chienpanze/xre-legged-dog/xre_chienpanze/build/chienpanze_bringup -- -j4 -l4
[4.703s] DEBUG:colcon.colcon_core.event_handler.log_command:Invoking command in '/home/xplore/chienpanze/xre-legged-dog/xre_chienpanze/build/chienpanze_bringup': CMAKE_PREFIX_PATH=/home/xplore/chienpanze/xre-legged-dog/xre_chienpanze/install/chienpanze_description:/home/xplore/chienpanze/xre-legged-dog/xre_chienpanze/install/chienpanze_hw_interface:/home/xplore/chienpanze/xre-legged-dog/xre_chienpanze/install/chienpanze_bringup:/home/xplore/chienpanze/xre-legged-dog/xre_chienpanze/install/chienpanze_controller_manager:/home/xplore/chienpanze/xre-legged-dog/xre_chienpanze/install/chienpanze_controller_interface:/opt/ros/humble /usr/bin/cmake --install /home/xplore/chienpanze/xre-legged-dog/xre_chienpanze/build/chienpanze_bringup
[4.789s] Level 1:colcon.colcon_core.environment:create_environment_scripts_only(chienpanze_bringup)
[4.791s] Level 1:colcon.colcon_core.environment:checking '/home/xplore/chienpanze/xre-legged-dog/xre_chienpanze/install/chienpanze_bringup' for CMake module files
[4.794s] DEBUG:colcon.colcon_core.event_handler.log_command:Invoked command in '/home/xplore/chienpanze/xre-legged-dog/xre_chienpanze/build/chienpanze_bringup' returned '0': CMAKE_PREFIX_PATH=/home/xplore/chienpanze/xre-legged-dog/xre_chienpanze/install/chienpanze_description:/home/xplore/chienpanze/xre-legged-dog/xre_chienpanze/install/chienpanze_hw_interface:/home/xplore/chienpanze/xre-legged-dog/xre_chienpanze/install/chienpanze_bringup:/home/xplore/chienpanze/xre-legged-dog/xre_chienpanze/install/chienpanze_controller_manager:/home/xplore/chienpanze/xre-legged-dog/xre_chienpanze/install/chienpanze_controller_interface:/opt/ros/humble /usr/bin/cmake --install /home/xplore/chienpanze/xre-legged-dog/xre_chienpanze/build/chienpanze_bringup
[4.798s] Level 1:colcon.colcon_core.environment:checking '/home/xplore/chienpanze/xre-legged-dog/xre_chienpanze/install/chienpanze_bringup' for CMake config files
[4.801s] Level 1:colcon.colcon_core.shell:create_environment_hook('chienpanze_bringup', 'cmake_prefix_path')
[4.803s] INFO:colcon.colcon_core.shell:Creating environment hook '/home/xplore/chienpanze/xre-legged-dog/xre_chienpanze/install/chienpanze_bringup/share/chienpanze_bringup/hook/cmake_prefix_path.ps1'
[4.805s] INFO:colcon.colcon_core.shell:Creating environment descriptor '/home/xplore/chienpanze/xre-legged-dog/xre_chienpanze/install/chienpanze_bringup/share/chienpanze_bringup/hook/cmake_prefix_path.dsv'
[4.808s] INFO:colcon.colcon_core.shell:Creating environment hook '/home/xplore/chienpanze/xre-legged-dog/xre_chienpanze/install/chienpanze_bringup/share/chienpanze_bringup/hook/cmake_prefix_path.sh'
[4.812s] Level 1:colcon.colcon_core.environment:checking '/home/xplore/chienpanze/xre-legged-dog/xre_chienpanze/install/chienpanze_bringup/bin'
[4.813s] Level 1:colcon.colcon_core.environment:checking '/home/xplore/chienpanze/xre-legged-dog/xre_chienpanze/install/chienpanze_bringup/lib/pkgconfig/chienpanze_bringup.pc'
[4.814s] Level 1:colcon.colcon_core.environment:checking '/home/xplore/chienpanze/xre-legged-dog/xre_chienpanze/install/chienpanze_bringup/lib/python3.10/site-packages'
[4.815s] Level 1:colcon.colcon_core.environment:checking '/home/xplore/chienpanze/xre-legged-dog/xre_chienpanze/install/chienpanze_bringup/bin'
[4.817s] INFO:colcon.colcon_core.shell:Creating package script '/home/xplore/chienpanze/xre-legged-dog/xre_chienpanze/install/chienpanze_bringup/share/chienpanze_bringup/package.ps1'
[4.820s] INFO:colcon.colcon_core.shell:Creating package descriptor '/home/xplore/chienpanze/xre-legged-dog/xre_chienpanze/install/chienpanze_bringup/share/chienpanze_bringup/package.dsv'
[4.823s] INFO:colcon.colcon_core.shell:Creating package script '/home/xplore/chienpanze/xre-legged-dog/xre_chienpanze/install/chienpanze_bringup/share/chienpanze_bringup/package.sh'
[4.826s] INFO:colcon.colcon_core.shell:Creating package script '/home/xplore/chienpanze/xre-legged-dog/xre_chienpanze/install/chienpanze_bringup/share/chienpanze_bringup/package.bash'
[4.829s] INFO:colcon.colcon_core.shell:Creating package script '/home/xplore/chienpanze/xre-legged-dog/xre_chienpanze/install/chienpanze_bringup/share/chienpanze_bringup/package.zsh'
[4.832s] Level 1:colcon.colcon_core.environment:create_file_with_runtime_dependencies(/home/xplore/chienpanze/xre-legged-dog/xre_chienpanze/install/chienpanze_bringup/share/colcon-core/packages/chienpanze_bringup)
[5.015s] Level 1:colcon.colcon_core.environment:create_environment_scripts_only(chienpanze_bringup)
[5.016s] Level 1:colcon.colcon_core.environment:checking '/home/xplore/chienpanze/xre-legged-dog/xre_chienpanze/install/chienpanze_bringup' for CMake module files
[5.021s] Level 1:colcon.colcon_core.environment:checking '/home/xplore/chienpanze/xre-legged-dog/xre_chienpanze/install/chienpanze_bringup' for CMake config files
[5.024s] Level 1:colcon.colcon_core.shell:create_environment_hook('chienpanze_bringup', 'cmake_prefix_path')
[5.025s] INFO:colcon.colcon_core.shell:Creating environment hook '/home/xplore/chienpanze/xre-legged-dog/xre_chienpanze/install/chienpanze_bringup/share/chienpanze_bringup/hook/cmake_prefix_path.ps1'
[5.028s] INFO:colcon.colcon_core.shell:Creating environment descriptor '/home/xplore/chienpanze/xre-legged-dog/xre_chienpanze/install/chienpanze_bringup/share/chienpanze_bringup/hook/cmake_prefix_path.dsv'
[5.030s] INFO:colcon.colcon_core.shell:Creating environment hook '/home/xplore/chienpanze/xre-legged-dog/xre_chienpanze/install/chienpanze_bringup/share/chienpanze_bringup/hook/cmake_prefix_path.sh'
[5.036s] Level 1:colcon.colcon_core.environment:checking '/home/xplore/chienpanze/xre-legged-dog/xre_chienpanze/install/chienpanze_bringup/bin'
[5.037s] Level 1:colcon.colcon_core.environment:checking '/home/xplore/chienpanze/xre-legged-dog/xre_chienpanze/install/chienpanze_bringup/lib/pkgconfig/chienpanze_bringup.pc'
[5.038s] Level 1:colcon.colcon_core.environment:checking '/home/xplore/chienpanze/xre-legged-dog/xre_chienpanze/install/chienpanze_bringup/lib/python3.10/site-packages'
[5.042s] Level 1:colcon.colcon_core.environment:checking '/home/xplore/chienpanze/xre-legged-dog/xre_chienpanze/install/chienpanze_bringup/bin'
[5.046s] INFO:colcon.colcon_core.shell:Creating package script '/home/xplore/chienpanze/xre-legged-dog/xre_chienpanze/install/chienpanze_bringup/share/chienpanze_bringup/package.ps1'
[5.050s] INFO:colcon.colcon_core.shell:Creating package descriptor '/home/xplore/chienpanze/xre-legged-dog/xre_chienpanze/install/chienpanze_bringup/share/chienpanze_bringup/package.dsv'
[5.053s] INFO:colcon.colcon_core.shell:Creating package script '/home/xplore/chienpanze/xre-legged-dog/xre_chienpanze/install/chienpanze_bringup/share/chienpanze_bringup/package.sh'
[5.057s] INFO:colcon.colcon_core.shell:Creating package script '/home/xplore/chienpanze/xre-legged-dog/xre_chienpanze/install/chienpanze_bringup/share/chienpanze_bringup/package.bash'
[5.059s] INFO:colcon.colcon_core.shell:Creating package script '/home/xplore/chienpanze/xre-legged-dog/xre_chienpanze/install/chienpanze_bringup/share/chienpanze_bringup/package.zsh'
[5.062s] Level 1:colcon.colcon_core.environment:create_file_with_runtime_dependencies(/home/xplore/chienpanze/xre-legged-dog/xre_chienpanze/install/chienpanze_bringup/share/colcon-core/packages/chienpanze_bringup)
[5.064s] DEBUG:colcon.colcon_parallel_executor.executor.parallel:closing loop
[5.065s] DEBUG:colcon.colcon_parallel_executor.executor.parallel:loop closed
[5.065s] DEBUG:colcon.colcon_parallel_executor.executor.parallel:run_until_complete finished with '0'
[5.065s] DEBUG:colcon.colcon_core.event_reactor:joining thread
[5.113s] INFO:colcon.colcon_core.plugin_system:Skipping extension 'colcon_notification.desktop_notification.terminal_notifier': Not used on non-Darwin systems
[5.114s] INFO:colcon.colcon_core.plugin_system:Skipping extension 'colcon_notification.desktop_notification.win32': Not used on non-Windows systems
[5.114s] INFO:colcon.colcon_notification.desktop_notification:Sending desktop notification using 'notify2'
[5.243s] DEBUG:colcon.colcon_core.event_reactor:joined thread
[5.245s] INFO:colcon.colcon_core.shell:Creating prefix script '/home/xplore/chienpanze/xre-legged-dog/xre_chienpanze/install/local_setup.ps1'
[5.250s] INFO:colcon.colcon_core.shell:Creating prefix util module '/home/xplore/chienpanze/xre-legged-dog/xre_chienpanze/install/_local_setup_util_ps1.py'
[5.257s] INFO:colcon.colcon_core.shell:Creating prefix chain script '/home/xplore/chienpanze/xre-legged-dog/xre_chienpanze/install/setup.ps1'
[5.266s] INFO:colcon.colcon_core.shell:Creating prefix script '/home/xplore/chienpanze/xre-legged-dog/xre_chienpanze/install/local_setup.sh'
[5.270s] INFO:colcon.colcon_core.shell:Creating prefix util module '/home/xplore/chienpanze/xre-legged-dog/xre_chienpanze/install/_local_setup_util_sh.py'
[5.273s] INFO:colcon.colcon_core.shell:Creating prefix chain script '/home/xplore/chienpanze/xre-legged-dog/xre_chienpanze/install/setup.sh'
[5.282s] INFO:colcon.colcon_core.shell:Creating prefix script '/home/xplore/chienpanze/xre-legged-dog/xre_chienpanze/install/local_setup.bash'
[5.287s] INFO:colcon.colcon_core.shell:Creating prefix chain script '/home/xplore/chienpanze/xre-legged-dog/xre_chienpanze/install/setup.bash'
[5.296s] INFO:colcon.colcon_core.shell:Creating prefix script '/home/xplore/chienpanze/xre-legged-dog/xre_chienpanze/install/local_setup.zsh'
[5.300s] INFO:colcon.colcon_core.shell:Creating prefix chain script '/home/xplore/chienpanze/xre-legged-dog/xre_chienpanze/install/setup.zsh'
