[0.205s] Invoking command in '/home/xplore/chienpanze/xre-legged-dog/build/chienpanze_controller_interface': CMAKE_PREFIX_PATH=${CMAKE_PREFIX_PATH}:/opt/ros/humble /usr/bin/cmake --build /home/xplore/chienpanze/xre-legged-dog/build/chienpanze_controller_interface -- -j4 -l4
[0.836s] [100%] Built target chienpanze_controller_interface
[1.113s] Invoked command in '/home/xplore/chienpanze/xre-legged-dog/build/chienpanze_controller_interface' returned '0': CMAKE_PREFIX_PATH=${CMAKE_PREFIX_PATH}:/opt/ros/humble /usr/bin/cmake --build /home/xplore/chienpanze/xre-legged-dog/build/chienpanze_controller_interface -- -j4 -l4
[1.414s] Invoking command in '/home/xplore/chienpanze/xre-legged-dog/build/chienpanze_controller_interface': CMAKE_PREFIX_PATH=${CMAKE_PREFIX_PATH}:/opt/ros/humble /usr/bin/cmake --install /home/xplore/chienpanze/xre-legged-dog/build/chienpanze_controller_interface
[1.482s] -- Install configuration: ""
[1.484s] -- Execute custom install script
[1.496s] -- Up-to-date symlink: /home/xplore/chienpanze/xre-legged-dog/install/chienpanze_controller_interface/lib/libchienpanze_controller_interface.so
[1.500s] -- Up-to-date symlink: /home/xplore/chienpanze/xre-legged-dog/install/chienpanze_controller_interface/include/chienpanze_controller_interface/chienpanze_controller_interface.hpp
[1.505s] -- Up-to-date symlink: /home/xplore/chienpanze/xre-legged-dog/install/chienpanze_controller_interface/share/chienpanze_controller_interface//chienpanze_controllers.xml
[1.510s] -- Up-to-date symlink: /home/xplore/chienpanze/xre-legged-dog/install/chienpanze_controller_interface/share/ament_index/resource_index/package_run_dependencies/chienpanze_controller_interface
[1.513s] -- Up-to-date symlink: /home/xplore/chienpanze/xre-legged-dog/install/chienpanze_controller_interface/share/ament_index/resource_index/parent_prefix_path/chienpanze_controller_interface
[1.519s] -- Up-to-date symlink: /home/xplore/chienpanze/xre-legged-dog/install/chienpanze_controller_interface/share/chienpanze_controller_interface/environment/ament_prefix_path.sh
[1.523s] -- Up-to-date symlink: /home/xplore/chienpanze/xre-legged-dog/install/chienpanze_controller_interface/share/chienpanze_controller_interface/environment/ament_prefix_path.dsv
[1.529s] -- Up-to-date symlink: /home/xplore/chienpanze/xre-legged-dog/install/chienpanze_controller_interface/share/chienpanze_controller_interface/environment/path.sh
[1.531s] -- Up-to-date symlink: /home/xplore/chienpanze/xre-legged-dog/install/chienpanze_controller_interface/share/chienpanze_controller_interface/environment/path.dsv
[1.535s] -- Up-to-date symlink: /home/xplore/chienpanze/xre-legged-dog/install/chienpanze_controller_interface/share/chienpanze_controller_interface/local_setup.bash
[1.539s] -- Up-to-date symlink: /home/xplore/chienpanze/xre-legged-dog/install/chienpanze_controller_interface/share/chienpanze_controller_interface/local_setup.sh
[1.545s] -- Up-to-date symlink: /home/xplore/chienpanze/xre-legged-dog/install/chienpanze_controller_interface/share/chienpanze_controller_interface/local_setup.zsh
[1.550s] -- Up-to-date symlink: /home/xplore/chienpanze/xre-legged-dog/install/chienpanze_controller_interface/share/chienpanze_controller_interface/local_setup.dsv
[1.555s] -- Symlinking: /home/xplore/chienpanze/xre-legged-dog/install/chienpanze_controller_interface/share/chienpanze_controller_interface/package.dsv
[1.665s] -- Up-to-date symlink: /home/xplore/chienpanze/xre-legged-dog/install/chienpanze_controller_interface/share/ament_index/resource_index/packages/chienpanze_controller_interface
[1.676s] -- Up-to-date symlink: /home/xplore/chienpanze/xre-legged-dog/install/chienpanze_controller_interface/share/ament_index/resource_index/controller_interface__pluginlib__plugin/chienpanze_controller_interface
[1.680s] -- Up-to-date symlink: /home/xplore/chienpanze/xre-legged-dog/install/chienpanze_controller_interface/share/chienpanze_controller_interface/cmake/chienpanze_controller_interfaceConfig.cmake
[1.686s] -- Up-to-date symlink: /home/xplore/chienpanze/xre-legged-dog/install/chienpanze_controller_interface/share/chienpanze_controller_interface/cmake/chienpanze_controller_interfaceConfig-version.cmake
[1.687s] -- Up-to-date symlink: /home/xplore/chienpanze/xre-legged-dog/install/chienpanze_controller_interface/share/chienpanze_controller_interface/package.xml
[1.867s] Invoked command in '/home/xplore/chienpanze/xre-legged-dog/build/chienpanze_controller_interface' returned '0': CMAKE_PREFIX_PATH=${CMAKE_PREFIX_PATH}:/opt/ros/humble /usr/bin/cmake --install /home/xplore/chienpanze/xre-legged-dog/build/chienpanze_controller_interface
