[0.206s] Invoking command in '/home/xplore/chienpanze/xre-legged-dog/build/chienpanze_description': CMAKE_PREFIX_PATH=${CMAKE_PREFIX_PATH}:/opt/ros/humble /usr/bin/cmake --build /home/xplore/chienpanze/xre-legged-dog/build/chienpanze_description -- -j4 -l4
[0.518s] Invoked command in '/home/xplore/chienpanze/xre-legged-dog/build/chienpanze_description' returned '0': CMAKE_PREFIX_PATH=${CMAKE_PREFIX_PATH}:/opt/ros/humble /usr/bin/cmake --build /home/xplore/chienpanze/xre-legged-dog/build/chienpanze_description -- -j4 -l4
[1.079s] Invoking command in '/home/xplore/chienpanze/xre-legged-dog/build/chienpanze_description': CMAKE_PREFIX_PATH=${CMAKE_PREFIX_PATH}:/opt/ros/humble /usr/bin/cmake --install /home/xplore/chienpanze/xre-legged-dog/build/chienpanze_description
[1.155s] -- Install configuration: ""
[1.166s] -- Execute custom install script
[1.175s] -- Up-to-date symlink: /home/xplore/chienpanze/xre-legged-dog/install/chienpanze_description/share/chienpanze_description/launch/view_chienpanze.launch.py
[1.178s] -- Up-to-date symlink: /home/xplore/chienpanze/xre-legged-dog/install/chienpanze_description/share/chienpanze_description/urdf/chienpanze.urdf.xacro
[1.186s] -- Up-to-date symlink: /home/xplore/chienpanze/xre-legged-dog/install/chienpanze_description/share/ament_index/resource_index/package_run_dependencies/chienpanze_description
[1.187s] -- Up-to-date symlink: /home/xplore/chienpanze/xre-legged-dog/install/chienpanze_description/share/ament_index/resource_index/parent_prefix_path/chienpanze_description
[1.188s] -- Up-to-date symlink: /home/xplore/chienpanze/xre-legged-dog/install/chienpanze_description/share/chienpanze_description/environment/ament_prefix_path.sh
[1.195s] -- Up-to-date symlink: /home/xplore/chienpanze/xre-legged-dog/install/chienpanze_description/share/chienpanze_description/environment/ament_prefix_path.dsv
[1.196s] -- Up-to-date symlink: /home/xplore/chienpanze/xre-legged-dog/install/chienpanze_description/share/chienpanze_description/environment/path.sh
[1.198s] -- Up-to-date symlink: /home/xplore/chienpanze/xre-legged-dog/install/chienpanze_description/share/chienpanze_description/environment/path.dsv
[1.198s] -- Up-to-date symlink: /home/xplore/chienpanze/xre-legged-dog/install/chienpanze_description/share/chienpanze_description/local_setup.bash
[1.199s] -- Up-to-date symlink: /home/xplore/chienpanze/xre-legged-dog/install/chienpanze_description/share/chienpanze_description/local_setup.sh
[1.211s] -- Up-to-date symlink: /home/xplore/chienpanze/xre-legged-dog/install/chienpanze_description/share/chienpanze_description/local_setup.zsh
[1.222s] -- Up-to-date symlink: /home/xplore/chienpanze/xre-legged-dog/install/chienpanze_description/share/chienpanze_description/local_setup.dsv
[1.223s] -- Symlinking: /home/xplore/chienpanze/xre-legged-dog/install/chienpanze_description/share/chienpanze_description/package.dsv
[1.335s] -- Up-to-date symlink: /home/xplore/chienpanze/xre-legged-dog/install/chienpanze_description/share/ament_index/resource_index/packages/chienpanze_description
[1.340s] -- Up-to-date symlink: /home/xplore/chienpanze/xre-legged-dog/install/chienpanze_description/share/chienpanze_description/cmake/chienpanze_descriptionConfig.cmake
[1.343s] -- Up-to-date symlink: /home/xplore/chienpanze/xre-legged-dog/install/chienpanze_description/share/chienpanze_description/cmake/chienpanze_descriptionConfig-version.cmake
[1.345s] -- Up-to-date symlink: /home/xplore/chienpanze/xre-legged-dog/install/chienpanze_description/share/chienpanze_description/package.xml
[1.476s] Invoked command in '/home/xplore/chienpanze/xre-legged-dog/build/chienpanze_description' returned '0': CMAKE_PREFIX_PATH=${CMAKE_PREFIX_PATH}:/opt/ros/humble /usr/bin/cmake --install /home/xplore/chienpanze/xre-legged-dog/build/chienpanze_description
