[0.098s] DEBUG:colcon:Command line arguments: ['/usr/bin/colcon', 'build', '--symlink-install']
[0.098s] DEBUG:colcon:Parsed command line arguments: Namespace(log_base=None, log_level=None, verb_name='build', build_base='build', install_base='install', merge_install=False, symlink_install=True, test_result_base=None, continue_on_error=False, executor='parallel', parallel_workers=8, event_handlers=None, ignore_user_meta=False, metas=['./colcon.meta'], base_paths=['.'], packages_ignore=None, packages_ignore_regex=None, paths=None, packages_up_to=None, packages_up_to_regex=None, packages_above=None, packages_above_and_dependencies=None, packages_above_depth=None, packages_select_by_dep=None, packages_skip_by_dep=None, packages_skip_up_to=None, packages_select_build_failed=False, packages_skip_build_finished=False, packages_select_test_failures=False, packages_skip_test_passed=False, packages_select=None, packages_skip=None, packages_select_regex=None, packages_skip_regex=None, packages_start=None, packages_end=None, allow_overriding=[], cmake_args=None, cmake_target=None, cmake_target_skip_unavailable=False, cmake_clean_cache=False, cmake_clean_first=False, cmake_force_configure=False, ament_cmake_args=None, catkin_cmake_args=None, catkin_skip_building_tests=False, verb_parser=<colcon_defaults.argument_parser.defaults.DefaultArgumentsDecorator object at 0x7d164c041210>, verb_extension=<colcon_core.verb.build.BuildVerb object at 0x7d164c1b15d0>, main=<bound method BuildVerb.main of <colcon_core.verb.build.BuildVerb object at 0x7d164c1b15d0>>)
[0.272s] Level 1:colcon.colcon_core.package_discovery:discover_packages(colcon_meta) check parameters
[0.272s] Level 1:colcon.colcon_core.package_discovery:discover_packages(recursive) check parameters
[0.272s] Level 1:colcon.colcon_core.package_discovery:discover_packages(ignore) check parameters
[0.272s] Level 1:colcon.colcon_core.package_discovery:discover_packages(path) check parameters
[0.272s] Level 1:colcon.colcon_core.package_discovery:discover_packages(colcon_meta) discover
[0.272s] Level 1:colcon.colcon_core.package_discovery:discover_packages(recursive) discover
[0.272s] INFO:colcon.colcon_core.package_discovery:Crawling recursively for packages in '/home/arno/xre/xre_chienpanze'
[0.272s] Level 1:colcon.colcon_core.package_identification:_identify(.) by extensions ['ignore', 'ignore_ament_install']
[0.272s] Level 1:colcon.colcon_core.package_identification:_identify(.) by extension 'ignore'
[0.272s] Level 1:colcon.colcon_core.package_identification:_identify(.) by extension 'ignore_ament_install'
[0.273s] Level 1:colcon.colcon_core.package_identification:_identify(.) by extensions ['colcon_pkg']
[0.273s] Level 1:colcon.colcon_core.package_identification:_identify(.) by extension 'colcon_pkg'
[0.273s] Level 1:colcon.colcon_core.package_identification:_identify(.) by extensions ['colcon_meta']
[0.273s] Level 1:colcon.colcon_core.package_identification:_identify(.) by extension 'colcon_meta'
[0.273s] Level 1:colcon.colcon_core.package_identification:_identify(.) by extensions ['ros']
[0.273s] Level 1:colcon.colcon_core.package_identification:_identify(.) by extension 'ros'
[0.284s] Level 1:colcon.colcon_core.package_identification:_identify(.) by extensions ['cmake', 'python']
[0.284s] Level 1:colcon.colcon_core.package_identification:_identify(.) by extension 'cmake'
[0.284s] Level 1:colcon.colcon_core.package_identification:_identify(.) by extension 'python'
[0.284s] Level 1:colcon.colcon_core.package_identification:_identify(.) by extensions ['python_setup_py']
[0.284s] Level 1:colcon.colcon_core.package_identification:_identify(.) by extension 'python_setup_py'
[0.284s] Level 1:colcon.colcon_core.package_identification:_identify(build) by extensions ['ignore', 'ignore_ament_install']
[0.284s] Level 1:colcon.colcon_core.package_identification:_identify(build) by extension 'ignore'
[0.284s] Level 1:colcon.colcon_core.package_identification:_identify(build) ignored
[0.284s] Level 1:colcon.colcon_core.package_identification:_identify(install) by extensions ['ignore', 'ignore_ament_install']
[0.284s] Level 1:colcon.colcon_core.package_identification:_identify(install) by extension 'ignore'
[0.285s] Level 1:colcon.colcon_core.package_identification:_identify(install) ignored
[0.285s] Level 1:colcon.colcon_core.package_identification:_identify(log) by extensions ['ignore', 'ignore_ament_install']
[0.285s] Level 1:colcon.colcon_core.package_identification:_identify(log) by extension 'ignore'
[0.285s] Level 1:colcon.colcon_core.package_identification:_identify(log) ignored
[0.285s] Level 1:colcon.colcon_core.package_identification:_identify(src) by extensions ['ignore', 'ignore_ament_install']
[0.285s] Level 1:colcon.colcon_core.package_identification:_identify(src) by extension 'ignore'
[0.285s] Level 1:colcon.colcon_core.package_identification:_identify(src) by extension 'ignore_ament_install'
[0.285s] Level 1:colcon.colcon_core.package_identification:_identify(src) by extensions ['colcon_pkg']
[0.285s] Level 1:colcon.colcon_core.package_identification:_identify(src) by extension 'colcon_pkg'
[0.285s] Level 1:colcon.colcon_core.package_identification:_identify(src) by extensions ['colcon_meta']
[0.285s] Level 1:colcon.colcon_core.package_identification:_identify(src) by extension 'colcon_meta'
[0.285s] Level 1:colcon.colcon_core.package_identification:_identify(src) by extensions ['ros']
[0.285s] Level 1:colcon.colcon_core.package_identification:_identify(src) by extension 'ros'
[0.285s] Level 1:colcon.colcon_core.package_identification:_identify(src) by extensions ['cmake', 'python']
[0.285s] Level 1:colcon.colcon_core.package_identification:_identify(src) by extension 'cmake'
[0.285s] Level 1:colcon.colcon_core.package_identification:_identify(src) by extension 'python'
[0.285s] Level 1:colcon.colcon_core.package_identification:_identify(src) by extensions ['python_setup_py']
[0.285s] Level 1:colcon.colcon_core.package_identification:_identify(src) by extension 'python_setup_py'
[0.286s] Level 1:colcon.colcon_core.package_identification:_identify(src/chienpanze_bringup) by extensions ['ignore', 'ignore_ament_install']
[0.286s] Level 1:colcon.colcon_core.package_identification:_identify(src/chienpanze_bringup) by extension 'ignore'
[0.286s] Level 1:colcon.colcon_core.package_identification:_identify(src/chienpanze_bringup) by extension 'ignore_ament_install'
[0.286s] Level 1:colcon.colcon_core.package_identification:_identify(src/chienpanze_bringup) by extensions ['colcon_pkg']
[0.286s] Level 1:colcon.colcon_core.package_identification:_identify(src/chienpanze_bringup) by extension 'colcon_pkg'
[0.286s] Level 1:colcon.colcon_core.package_identification:_identify(src/chienpanze_bringup) by extensions ['colcon_meta']
[0.286s] Level 1:colcon.colcon_core.package_identification:_identify(src/chienpanze_bringup) by extension 'colcon_meta'
[0.286s] Level 1:colcon.colcon_core.package_identification:_identify(src/chienpanze_bringup) by extensions ['ros']
[0.286s] Level 1:colcon.colcon_core.package_identification:_identify(src/chienpanze_bringup) by extension 'ros'
[0.288s] DEBUG:colcon.colcon_core.package_identification:Package 'src/chienpanze_bringup' with type 'ros.ament_cmake' and name 'chienpanze_bringup'
[0.288s] Level 1:colcon.colcon_core.package_identification:_identify(src/chienpanze_controllers) by extensions ['ignore', 'ignore_ament_install']
[0.288s] Level 1:colcon.colcon_core.package_identification:_identify(src/chienpanze_controllers) by extension 'ignore'
[0.288s] Level 1:colcon.colcon_core.package_identification:_identify(src/chienpanze_controllers) by extension 'ignore_ament_install'
[0.288s] Level 1:colcon.colcon_core.package_identification:_identify(src/chienpanze_controllers) by extensions ['colcon_pkg']
[0.288s] Level 1:colcon.colcon_core.package_identification:_identify(src/chienpanze_controllers) by extension 'colcon_pkg'
[0.288s] Level 1:colcon.colcon_core.package_identification:_identify(src/chienpanze_controllers) by extensions ['colcon_meta']
[0.288s] Level 1:colcon.colcon_core.package_identification:_identify(src/chienpanze_controllers) by extension 'colcon_meta'
[0.289s] Level 1:colcon.colcon_core.package_identification:_identify(src/chienpanze_controllers) by extensions ['ros']
[0.289s] Level 1:colcon.colcon_core.package_identification:_identify(src/chienpanze_controllers) by extension 'ros'
[0.289s] DEBUG:colcon.colcon_core.package_identification:Package 'src/chienpanze_controllers' with type 'ros.ament_cmake' and name 'chienpanze_controllers'
[0.289s] Level 1:colcon.colcon_core.package_identification:_identify(src/chienpanze_description) by extensions ['ignore', 'ignore_ament_install']
[0.289s] Level 1:colcon.colcon_core.package_identification:_identify(src/chienpanze_description) by extension 'ignore'
[0.289s] Level 1:colcon.colcon_core.package_identification:_identify(src/chienpanze_description) by extension 'ignore_ament_install'
[0.289s] Level 1:colcon.colcon_core.package_identification:_identify(src/chienpanze_description) by extensions ['colcon_pkg']
[0.289s] Level 1:colcon.colcon_core.package_identification:_identify(src/chienpanze_description) by extension 'colcon_pkg'
[0.289s] Level 1:colcon.colcon_core.package_identification:_identify(src/chienpanze_description) by extensions ['colcon_meta']
[0.289s] Level 1:colcon.colcon_core.package_identification:_identify(src/chienpanze_description) by extension 'colcon_meta'
[0.290s] Level 1:colcon.colcon_core.package_identification:_identify(src/chienpanze_description) by extensions ['ros']
[0.290s] Level 1:colcon.colcon_core.package_identification:_identify(src/chienpanze_description) by extension 'ros'
[0.290s] DEBUG:colcon.colcon_core.package_identification:Package 'src/chienpanze_description' with type 'ros.ament_cmake' and name 'chienpanze_description'
[0.290s] Level 1:colcon.colcon_core.package_identification:_identify(src/chienpanze_hw_interface) by extensions ['ignore', 'ignore_ament_install']
[0.290s] Level 1:colcon.colcon_core.package_identification:_identify(src/chienpanze_hw_interface) by extension 'ignore'
[0.290s] Level 1:colcon.colcon_core.package_identification:_identify(src/chienpanze_hw_interface) by extension 'ignore_ament_install'
[0.290s] Level 1:colcon.colcon_core.package_identification:_identify(src/chienpanze_hw_interface) by extensions ['colcon_pkg']
[0.290s] Level 1:colcon.colcon_core.package_identification:_identify(src/chienpanze_hw_interface) by extension 'colcon_pkg'
[0.290s] Level 1:colcon.colcon_core.package_identification:_identify(src/chienpanze_hw_interface) by extensions ['colcon_meta']
[0.290s] Level 1:colcon.colcon_core.package_identification:_identify(src/chienpanze_hw_interface) by extension 'colcon_meta'
[0.290s] Level 1:colcon.colcon_core.package_identification:_identify(src/chienpanze_hw_interface) by extensions ['ros']
[0.290s] Level 1:colcon.colcon_core.package_identification:_identify(src/chienpanze_hw_interface) by extension 'ros'
[0.291s] DEBUG:colcon.colcon_core.package_identification:Package 'src/chienpanze_hw_interface' with type 'ros.ament_cmake' and name 'chienpanze_hw_interface'
[0.291s] Level 1:colcon.colcon_core.package_discovery:discover_packages(recursive) using defaults
[0.291s] Level 1:colcon.colcon_core.package_discovery:discover_packages(ignore) discover
[0.291s] Level 1:colcon.colcon_core.package_discovery:discover_packages(ignore) using defaults
[0.291s] Level 1:colcon.colcon_core.package_discovery:discover_packages(path) discover
[0.291s] Level 1:colcon.colcon_core.package_discovery:discover_packages(path) using defaults
[0.311s] Level 1:colcon.colcon_core.package_discovery:discover_packages(prefix_path) check parameters
[0.311s] Level 1:colcon.colcon_core.package_discovery:discover_packages(prefix_path) discover
[0.312s] DEBUG:colcon.colcon_installed_package_information.package_discovery:Found 0 installed packages in /home/arno/xre/xre_chienpanze/install
[0.314s] DEBUG:colcon.colcon_installed_package_information.package_discovery:Found 332 installed packages in /opt/ros/humble
[0.324s] Level 1:colcon.colcon_core.package_discovery:discover_packages(prefix_path) using defaults
[0.369s] Level 5:colcon.colcon_core.verb:set package 'chienpanze_bringup' build argument 'cmake_args' from command line to 'None'
[0.369s] Level 5:colcon.colcon_core.verb:set package 'chienpanze_bringup' build argument 'cmake_target' from command line to 'None'
[0.369s] Level 5:colcon.colcon_core.verb:set package 'chienpanze_bringup' build argument 'cmake_target_skip_unavailable' from command line to 'False'
[0.369s] Level 5:colcon.colcon_core.verb:set package 'chienpanze_bringup' build argument 'cmake_clean_cache' from command line to 'False'
[0.369s] Level 5:colcon.colcon_core.verb:set package 'chienpanze_bringup' build argument 'cmake_clean_first' from command line to 'False'
[0.369s] Level 5:colcon.colcon_core.verb:set package 'chienpanze_bringup' build argument 'cmake_force_configure' from command line to 'False'
[0.369s] Level 5:colcon.colcon_core.verb:set package 'chienpanze_bringup' build argument 'ament_cmake_args' from command line to 'None'
[0.369s] Level 5:colcon.colcon_core.verb:set package 'chienpanze_bringup' build argument 'catkin_cmake_args' from command line to 'None'
[0.369s] Level 5:colcon.colcon_core.verb:set package 'chienpanze_bringup' build argument 'catkin_skip_building_tests' from command line to 'False'
[0.369s] DEBUG:colcon.colcon_core.verb:Building package 'chienpanze_bringup' with the following arguments: {'ament_cmake_args': None, 'build_base': '/home/arno/xre/xre_chienpanze/build/chienpanze_bringup', 'catkin_cmake_args': None, 'catkin_skip_building_tests': False, 'cmake_args': None, 'cmake_clean_cache': False, 'cmake_clean_first': False, 'cmake_force_configure': False, 'cmake_target': None, 'cmake_target_skip_unavailable': False, 'install_base': '/home/arno/xre/xre_chienpanze/install/chienpanze_bringup', 'merge_install': False, 'path': '/home/arno/xre/xre_chienpanze/src/chienpanze_bringup', 'symlink_install': True, 'test_result_base': None}
[0.369s] Level 5:colcon.colcon_core.verb:set package 'chienpanze_controllers' build argument 'cmake_args' from command line to 'None'
[0.369s] Level 5:colcon.colcon_core.verb:set package 'chienpanze_controllers' build argument 'cmake_target' from command line to 'None'
[0.370s] Level 5:colcon.colcon_core.verb:set package 'chienpanze_controllers' build argument 'cmake_target_skip_unavailable' from command line to 'False'
[0.370s] Level 5:colcon.colcon_core.verb:set package 'chienpanze_controllers' build argument 'cmake_clean_cache' from command line to 'False'
[0.370s] Level 5:colcon.colcon_core.verb:set package 'chienpanze_controllers' build argument 'cmake_clean_first' from command line to 'False'
[0.370s] Level 5:colcon.colcon_core.verb:set package 'chienpanze_controllers' build argument 'cmake_force_configure' from command line to 'False'
[0.370s] Level 5:colcon.colcon_core.verb:set package 'chienpanze_controllers' build argument 'ament_cmake_args' from command line to 'None'
[0.370s] Level 5:colcon.colcon_core.verb:set package 'chienpanze_controllers' build argument 'catkin_cmake_args' from command line to 'None'
[0.370s] Level 5:colcon.colcon_core.verb:set package 'chienpanze_controllers' build argument 'catkin_skip_building_tests' from command line to 'False'
[0.370s] DEBUG:colcon.colcon_core.verb:Building package 'chienpanze_controllers' with the following arguments: {'ament_cmake_args': None, 'build_base': '/home/arno/xre/xre_chienpanze/build/chienpanze_controllers', 'catkin_cmake_args': None, 'catkin_skip_building_tests': False, 'cmake_args': None, 'cmake_clean_cache': False, 'cmake_clean_first': False, 'cmake_force_configure': False, 'cmake_target': None, 'cmake_target_skip_unavailable': False, 'install_base': '/home/arno/xre/xre_chienpanze/install/chienpanze_controllers', 'merge_install': False, 'path': '/home/arno/xre/xre_chienpanze/src/chienpanze_controllers', 'symlink_install': True, 'test_result_base': None}
[0.370s] Level 5:colcon.colcon_core.verb:set package 'chienpanze_description' build argument 'cmake_args' from command line to 'None'
[0.370s] Level 5:colcon.colcon_core.verb:set package 'chienpanze_description' build argument 'cmake_target' from command line to 'None'
[0.370s] Level 5:colcon.colcon_core.verb:set package 'chienpanze_description' build argument 'cmake_target_skip_unavailable' from command line to 'False'
[0.370s] Level 5:colcon.colcon_core.verb:set package 'chienpanze_description' build argument 'cmake_clean_cache' from command line to 'False'
[0.370s] Level 5:colcon.colcon_core.verb:set package 'chienpanze_description' build argument 'cmake_clean_first' from command line to 'False'
[0.370s] Level 5:colcon.colcon_core.verb:set package 'chienpanze_description' build argument 'cmake_force_configure' from command line to 'False'
[0.370s] Level 5:colcon.colcon_core.verb:set package 'chienpanze_description' build argument 'ament_cmake_args' from command line to 'None'
[0.370s] Level 5:colcon.colcon_core.verb:set package 'chienpanze_description' build argument 'catkin_cmake_args' from command line to 'None'
[0.370s] Level 5:colcon.colcon_core.verb:set package 'chienpanze_description' build argument 'catkin_skip_building_tests' from command line to 'False'
[0.370s] DEBUG:colcon.colcon_core.verb:Building package 'chienpanze_description' with the following arguments: {'ament_cmake_args': None, 'build_base': '/home/arno/xre/xre_chienpanze/build/chienpanze_description', 'catkin_cmake_args': None, 'catkin_skip_building_tests': False, 'cmake_args': None, 'cmake_clean_cache': False, 'cmake_clean_first': False, 'cmake_force_configure': False, 'cmake_target': None, 'cmake_target_skip_unavailable': False, 'install_base': '/home/arno/xre/xre_chienpanze/install/chienpanze_description', 'merge_install': False, 'path': '/home/arno/xre/xre_chienpanze/src/chienpanze_description', 'symlink_install': True, 'test_result_base': None}
[0.371s] Level 5:colcon.colcon_core.verb:set package 'chienpanze_hw_interface' build argument 'cmake_args' from command line to 'None'
[0.371s] Level 5:colcon.colcon_core.verb:set package 'chienpanze_hw_interface' build argument 'cmake_target' from command line to 'None'
[0.371s] Level 5:colcon.colcon_core.verb:set package 'chienpanze_hw_interface' build argument 'cmake_target_skip_unavailable' from command line to 'False'
[0.371s] Level 5:colcon.colcon_core.verb:set package 'chienpanze_hw_interface' build argument 'cmake_clean_cache' from command line to 'False'
[0.371s] Level 5:colcon.colcon_core.verb:set package 'chienpanze_hw_interface' build argument 'cmake_clean_first' from command line to 'False'
[0.371s] Level 5:colcon.colcon_core.verb:set package 'chienpanze_hw_interface' build argument 'cmake_force_configure' from command line to 'False'
[0.371s] Level 5:colcon.colcon_core.verb:set package 'chienpanze_hw_interface' build argument 'ament_cmake_args' from command line to 'None'
[0.371s] Level 5:colcon.colcon_core.verb:set package 'chienpanze_hw_interface' build argument 'catkin_cmake_args' from command line to 'None'
[0.371s] Level 5:colcon.colcon_core.verb:set package 'chienpanze_hw_interface' build argument 'catkin_skip_building_tests' from command line to 'False'
[0.371s] DEBUG:colcon.colcon_core.verb:Building package 'chienpanze_hw_interface' with the following arguments: {'ament_cmake_args': None, 'build_base': '/home/arno/xre/xre_chienpanze/build/chienpanze_hw_interface', 'catkin_cmake_args': None, 'catkin_skip_building_tests': False, 'cmake_args': None, 'cmake_clean_cache': False, 'cmake_clean_first': False, 'cmake_force_configure': False, 'cmake_target': None, 'cmake_target_skip_unavailable': False, 'install_base': '/home/arno/xre/xre_chienpanze/install/chienpanze_hw_interface', 'merge_install': False, 'path': '/home/arno/xre/xre_chienpanze/src/chienpanze_hw_interface', 'symlink_install': True, 'test_result_base': None}
[0.371s] INFO:colcon.colcon_core.executor:Executing jobs using 'parallel' executor
[0.372s] DEBUG:colcon.colcon_parallel_executor.executor.parallel:run_until_complete
[0.372s] INFO:colcon.colcon_ros.task.ament_cmake.build:Building ROS package in '/home/arno/xre/xre_chienpanze/src/chienpanze_bringup' with build type 'ament_cmake'
[0.372s] INFO:colcon.colcon_cmake.task.cmake.build:Building CMake package in '/home/arno/xre/xre_chienpanze/src/chienpanze_bringup'
[0.374s] INFO:colcon.colcon_core.plugin_system:Skipping extension 'colcon_core.shell.bat': Not used on non-Windows systems
[0.375s] INFO:colcon.colcon_core.shell:Skip shell extension 'powershell' for command environment: Not usable outside of PowerShell
[0.375s] DEBUG:colcon.colcon_core.shell:Skip shell extension 'dsv' for command environment
[0.378s] INFO:colcon.colcon_ros.task.ament_cmake.build:Building ROS package in '/home/arno/xre/xre_chienpanze/src/chienpanze_controllers' with build type 'ament_cmake'
[0.378s] INFO:colcon.colcon_cmake.task.cmake.build:Building CMake package in '/home/arno/xre/xre_chienpanze/src/chienpanze_controllers'
[0.378s] INFO:colcon.colcon_core.shell:Skip shell extension 'powershell' for command environment: Not usable outside of PowerShell
[0.378s] DEBUG:colcon.colcon_core.shell:Skip shell extension 'dsv' for command environment
[0.381s] INFO:colcon.colcon_ros.task.ament_cmake.build:Building ROS package in '/home/arno/xre/xre_chienpanze/src/chienpanze_description' with build type 'ament_cmake'
[0.381s] INFO:colcon.colcon_cmake.task.cmake.build:Building CMake package in '/home/arno/xre/xre_chienpanze/src/chienpanze_description'
[0.381s] INFO:colcon.colcon_core.shell:Skip shell extension 'powershell' for command environment: Not usable outside of PowerShell
[0.381s] DEBUG:colcon.colcon_core.shell:Skip shell extension 'dsv' for command environment
[0.384s] INFO:colcon.colcon_ros.task.ament_cmake.build:Building ROS package in '/home/arno/xre/xre_chienpanze/src/chienpanze_hw_interface' with build type 'ament_cmake'
[0.384s] INFO:colcon.colcon_cmake.task.cmake.build:Building CMake package in '/home/arno/xre/xre_chienpanze/src/chienpanze_hw_interface'
[0.384s] INFO:colcon.colcon_core.shell:Skip shell extension 'powershell' for command environment: Not usable outside of PowerShell
[0.384s] DEBUG:colcon.colcon_core.shell:Skip shell extension 'dsv' for command environment
[0.394s] DEBUG:colcon.colcon_core.event_handler.log_command:Invoking command in '/home/arno/xre/xre_chienpanze/build/chienpanze_bringup': CMAKE_PREFIX_PATH=/opt/ros/humble /usr/bin/cmake /home/arno/xre/xre_chienpanze/src/chienpanze_bringup -DAMENT_CMAKE_SYMLINK_INSTALL=1 -DCMAKE_INSTALL_PREFIX=/home/arno/xre/xre_chienpanze/install/chienpanze_bringup
[0.397s] DEBUG:colcon.colcon_core.event_handler.log_command:Invoking command in '/home/arno/xre/xre_chienpanze/build/chienpanze_controllers': CMAKE_PREFIX_PATH=/opt/ros/humble /usr/bin/cmake /home/arno/xre/xre_chienpanze/src/chienpanze_controllers -DAMENT_CMAKE_SYMLINK_INSTALL=1 -DCMAKE_INSTALL_PREFIX=/home/arno/xre/xre_chienpanze/install/chienpanze_controllers
[0.401s] DEBUG:colcon.colcon_core.event_handler.log_command:Invoking command in '/home/arno/xre/xre_chienpanze/build/chienpanze_description': CMAKE_PREFIX_PATH=/opt/ros/humble /usr/bin/cmake /home/arno/xre/xre_chienpanze/src/chienpanze_description -DAMENT_CMAKE_SYMLINK_INSTALL=1 -DCMAKE_INSTALL_PREFIX=/home/arno/xre/xre_chienpanze/install/chienpanze_description
[0.404s] DEBUG:colcon.colcon_core.event_handler.log_command:Invoking command in '/home/arno/xre/xre_chienpanze/build/chienpanze_hw_interface': CMAKE_PREFIX_PATH=/opt/ros/humble /usr/bin/cmake /home/arno/xre/xre_chienpanze/src/chienpanze_hw_interface -DAMENT_CMAKE_SYMLINK_INSTALL=1 -DCMAKE_INSTALL_PREFIX=/home/arno/xre/xre_chienpanze/install/chienpanze_hw_interface
[1.277s] DEBUG:colcon.colcon_core.event_handler.log_command:Invoked command in '/home/arno/xre/xre_chienpanze/build/chienpanze_bringup' returned '0': CMAKE_PREFIX_PATH=/opt/ros/humble /usr/bin/cmake /home/arno/xre/xre_chienpanze/src/chienpanze_bringup -DAMENT_CMAKE_SYMLINK_INSTALL=1 -DCMAKE_INSTALL_PREFIX=/home/arno/xre/xre_chienpanze/install/chienpanze_bringup
[1.280s] DEBUG:colcon.colcon_core.event_handler.log_command:Invoking command in '/home/arno/xre/xre_chienpanze/build/chienpanze_bringup': CMAKE_PREFIX_PATH=/opt/ros/humble /usr/bin/cmake --build /home/arno/xre/xre_chienpanze/build/chienpanze_bringup -- -j8 -l8
[1.283s] DEBUG:colcon.colcon_core.event_handler.log_command:Invoked command in '/home/arno/xre/xre_chienpanze/build/chienpanze_description' returned '0': CMAKE_PREFIX_PATH=/opt/ros/humble /usr/bin/cmake /home/arno/xre/xre_chienpanze/src/chienpanze_description -DAMENT_CMAKE_SYMLINK_INSTALL=1 -DCMAKE_INSTALL_PREFIX=/home/arno/xre/xre_chienpanze/install/chienpanze_description
[1.287s] DEBUG:colcon.colcon_core.event_handler.log_command:Invoking command in '/home/arno/xre/xre_chienpanze/build/chienpanze_description': CMAKE_PREFIX_PATH=/opt/ros/humble /usr/bin/cmake --build /home/arno/xre/xre_chienpanze/build/chienpanze_description -- -j8 -l8
[1.298s] DEBUG:colcon.colcon_core.event_handler.log_command:Invoked command in '/home/arno/xre/xre_chienpanze/build/chienpanze_controllers' returned '0': CMAKE_PREFIX_PATH=/opt/ros/humble /usr/bin/cmake /home/arno/xre/xre_chienpanze/src/chienpanze_controllers -DAMENT_CMAKE_SYMLINK_INSTALL=1 -DCMAKE_INSTALL_PREFIX=/home/arno/xre/xre_chienpanze/install/chienpanze_controllers
[1.301s] DEBUG:colcon.colcon_core.event_handler.log_command:Invoking command in '/home/arno/xre/xre_chienpanze/build/chienpanze_controllers': CMAKE_PREFIX_PATH=/opt/ros/humble /usr/bin/cmake --build /home/arno/xre/xre_chienpanze/build/chienpanze_controllers -- -j8 -l8
[1.321s] DEBUG:colcon.colcon_core.event_handler.log_command:Invoked command in '/home/arno/xre/xre_chienpanze/build/chienpanze_hw_interface' returned '0': CMAKE_PREFIX_PATH=/opt/ros/humble /usr/bin/cmake /home/arno/xre/xre_chienpanze/src/chienpanze_hw_interface -DAMENT_CMAKE_SYMLINK_INSTALL=1 -DCMAKE_INSTALL_PREFIX=/home/arno/xre/xre_chienpanze/install/chienpanze_hw_interface
[1.324s] DEBUG:colcon.colcon_core.event_handler.log_command:Invoking command in '/home/arno/xre/xre_chienpanze/build/chienpanze_hw_interface': CMAKE_PREFIX_PATH=/opt/ros/humble /usr/bin/cmake --build /home/arno/xre/xre_chienpanze/build/chienpanze_hw_interface -- -j8 -l8
[1.331s] DEBUG:colcon.colcon_core.event_handler.log_command:Invoked command in '/home/arno/xre/xre_chienpanze/build/chienpanze_bringup' returned '0': CMAKE_PREFIX_PATH=/opt/ros/humble /usr/bin/cmake --build /home/arno/xre/xre_chienpanze/build/chienpanze_bringup -- -j8 -l8
[1.338s] DEBUG:colcon.colcon_core.event_handler.log_command:Invoked command in '/home/arno/xre/xre_chienpanze/build/chienpanze_description' returned '0': CMAKE_PREFIX_PATH=/opt/ros/humble /usr/bin/cmake --build /home/arno/xre/xre_chienpanze/build/chienpanze_description -- -j8 -l8
[1.350s] DEBUG:colcon.colcon_core.event_handler.log_command:Invoked command in '/home/arno/xre/xre_chienpanze/build/chienpanze_controllers' returned '0': CMAKE_PREFIX_PATH=/opt/ros/humble /usr/bin/cmake --build /home/arno/xre/xre_chienpanze/build/chienpanze_controllers -- -j8 -l8
[1.370s] DEBUG:colcon.colcon_core.event_handler.log_command:Invoking command in '/home/arno/xre/xre_chienpanze/build/chienpanze_bringup': CMAKE_PREFIX_PATH=/opt/ros/humble /usr/bin/cmake --install /home/arno/xre/xre_chienpanze/build/chienpanze_bringup
[1.373s] DEBUG:colcon.colcon_core.event_handler.log_command:Invoking command in '/home/arno/xre/xre_chienpanze/build/chienpanze_description': CMAKE_PREFIX_PATH=/opt/ros/humble /usr/bin/cmake --install /home/arno/xre/xre_chienpanze/build/chienpanze_description
[1.376s] DEBUG:colcon.colcon_core.event_handler.log_command:Invoked command in '/home/arno/xre/xre_chienpanze/build/chienpanze_hw_interface' returned '0': CMAKE_PREFIX_PATH=/opt/ros/humble /usr/bin/cmake --build /home/arno/xre/xre_chienpanze/build/chienpanze_hw_interface -- -j8 -l8
[1.379s] DEBUG:colcon.colcon_core.event_handler.log_command:Invoking command in '/home/arno/xre/xre_chienpanze/build/chienpanze_controllers': CMAKE_PREFIX_PATH=/opt/ros/humble /usr/bin/cmake --install /home/arno/xre/xre_chienpanze/build/chienpanze_controllers
[1.404s] DEBUG:colcon.colcon_core.event_handler.log_command:Invoking command in '/home/arno/xre/xre_chienpanze/build/chienpanze_hw_interface': CMAKE_PREFIX_PATH=/opt/ros/humble /usr/bin/cmake --install /home/arno/xre/xre_chienpanze/build/chienpanze_hw_interface
[1.578s] Level 1:colcon.colcon_core.environment:create_environment_scripts_only(chienpanze_bringup)
[1.579s] DEBUG:colcon.colcon_core.event_handler.log_command:Invoked command in '/home/arno/xre/xre_chienpanze/build/chienpanze_bringup' returned '0': CMAKE_PREFIX_PATH=/opt/ros/humble /usr/bin/cmake --install /home/arno/xre/xre_chienpanze/build/chienpanze_bringup
[1.583s] Level 1:colcon.colcon_core.environment:checking '/home/arno/xre/xre_chienpanze/install/chienpanze_bringup' for CMake module files
[1.584s] Level 1:colcon.colcon_core.environment:checking '/home/arno/xre/xre_chienpanze/install/chienpanze_bringup' for CMake config files
[1.585s] Level 1:colcon.colcon_core.shell:create_environment_hook('chienpanze_bringup', 'cmake_prefix_path')
[1.585s] INFO:colcon.colcon_core.shell:Creating environment hook '/home/arno/xre/xre_chienpanze/install/chienpanze_bringup/share/chienpanze_bringup/hook/cmake_prefix_path.ps1'
[1.586s] INFO:colcon.colcon_core.shell:Creating environment descriptor '/home/arno/xre/xre_chienpanze/install/chienpanze_bringup/share/chienpanze_bringup/hook/cmake_prefix_path.dsv'
[1.587s] INFO:colcon.colcon_core.shell:Creating environment hook '/home/arno/xre/xre_chienpanze/install/chienpanze_bringup/share/chienpanze_bringup/hook/cmake_prefix_path.sh'
[1.588s] Level 1:colcon.colcon_core.environment:checking '/home/arno/xre/xre_chienpanze/install/chienpanze_bringup/bin'
[1.588s] Level 1:colcon.colcon_core.environment:checking '/home/arno/xre/xre_chienpanze/install/chienpanze_bringup/lib/pkgconfig/chienpanze_bringup.pc'
[1.588s] Level 1:colcon.colcon_core.environment:checking '/home/arno/xre/xre_chienpanze/install/chienpanze_bringup/lib/python3.10/site-packages'
[1.589s] Level 1:colcon.colcon_core.environment:checking '/home/arno/xre/xre_chienpanze/install/chienpanze_bringup/bin'
[1.589s] INFO:colcon.colcon_core.shell:Creating package script '/home/arno/xre/xre_chienpanze/install/chienpanze_bringup/share/chienpanze_bringup/package.ps1'
[1.590s] INFO:colcon.colcon_core.shell:Creating package descriptor '/home/arno/xre/xre_chienpanze/install/chienpanze_bringup/share/chienpanze_bringup/package.dsv'
[1.591s] INFO:colcon.colcon_core.shell:Creating package script '/home/arno/xre/xre_chienpanze/install/chienpanze_bringup/share/chienpanze_bringup/package.sh'
[1.592s] INFO:colcon.colcon_core.shell:Creating package script '/home/arno/xre/xre_chienpanze/install/chienpanze_bringup/share/chienpanze_bringup/package.bash'
[1.593s] INFO:colcon.colcon_core.shell:Creating package script '/home/arno/xre/xre_chienpanze/install/chienpanze_bringup/share/chienpanze_bringup/package.zsh'
[1.594s] Level 1:colcon.colcon_core.environment:create_file_with_runtime_dependencies(/home/arno/xre/xre_chienpanze/install/chienpanze_bringup/share/colcon-core/packages/chienpanze_bringup)
[1.597s] Level 1:colcon.colcon_core.environment:create_environment_scripts_only(chienpanze_description)
[1.597s] Level 1:colcon.colcon_core.environment:checking '/home/arno/xre/xre_chienpanze/install/chienpanze_description' for CMake module files
[1.598s] DEBUG:colcon.colcon_core.event_handler.log_command:Invoked command in '/home/arno/xre/xre_chienpanze/build/chienpanze_description' returned '0': CMAKE_PREFIX_PATH=/opt/ros/humble /usr/bin/cmake --install /home/arno/xre/xre_chienpanze/build/chienpanze_description
[1.599s] Level 1:colcon.colcon_core.environment:checking '/home/arno/xre/xre_chienpanze/install/chienpanze_description' for CMake config files
[1.599s] Level 1:colcon.colcon_core.shell:create_environment_hook('chienpanze_description', 'cmake_prefix_path')
[1.599s] INFO:colcon.colcon_core.shell:Creating environment hook '/home/arno/xre/xre_chienpanze/install/chienpanze_description/share/chienpanze_description/hook/cmake_prefix_path.ps1'
[1.600s] INFO:colcon.colcon_core.shell:Creating environment descriptor '/home/arno/xre/xre_chienpanze/install/chienpanze_description/share/chienpanze_description/hook/cmake_prefix_path.dsv'
[1.600s] INFO:colcon.colcon_core.shell:Creating environment hook '/home/arno/xre/xre_chienpanze/install/chienpanze_description/share/chienpanze_description/hook/cmake_prefix_path.sh'
[1.601s] Level 1:colcon.colcon_core.environment:checking '/home/arno/xre/xre_chienpanze/install/chienpanze_description/bin'
[1.601s] Level 1:colcon.colcon_core.environment:checking '/home/arno/xre/xre_chienpanze/install/chienpanze_description/lib/pkgconfig/chienpanze_description.pc'
[1.601s] Level 1:colcon.colcon_core.environment:checking '/home/arno/xre/xre_chienpanze/install/chienpanze_description/lib/python3.10/site-packages'
[1.601s] Level 1:colcon.colcon_core.environment:checking '/home/arno/xre/xre_chienpanze/install/chienpanze_description/bin'
[1.602s] INFO:colcon.colcon_core.shell:Creating package script '/home/arno/xre/xre_chienpanze/install/chienpanze_description/share/chienpanze_description/package.ps1'
[1.602s] INFO:colcon.colcon_core.shell:Creating package descriptor '/home/arno/xre/xre_chienpanze/install/chienpanze_description/share/chienpanze_description/package.dsv'
[1.603s] INFO:colcon.colcon_core.shell:Creating package script '/home/arno/xre/xre_chienpanze/install/chienpanze_description/share/chienpanze_description/package.sh'
[1.603s] INFO:colcon.colcon_core.shell:Creating package script '/home/arno/xre/xre_chienpanze/install/chienpanze_description/share/chienpanze_description/package.bash'
[1.604s] INFO:colcon.colcon_core.shell:Creating package script '/home/arno/xre/xre_chienpanze/install/chienpanze_description/share/chienpanze_description/package.zsh'
[1.604s] Level 1:colcon.colcon_core.environment:create_file_with_runtime_dependencies(/home/arno/xre/xre_chienpanze/install/chienpanze_description/share/colcon-core/packages/chienpanze_description)
[1.606s] Level 1:colcon.colcon_core.environment:create_environment_scripts_only(chienpanze_controllers)
[1.607s] Level 1:colcon.colcon_core.environment:checking '/home/arno/xre/xre_chienpanze/install/chienpanze_controllers' for CMake module files
[1.608s] DEBUG:colcon.colcon_core.event_handler.log_command:Invoked command in '/home/arno/xre/xre_chienpanze/build/chienpanze_controllers' returned '0': CMAKE_PREFIX_PATH=/opt/ros/humble /usr/bin/cmake --install /home/arno/xre/xre_chienpanze/build/chienpanze_controllers
[1.609s] Level 1:colcon.colcon_core.environment:checking '/home/arno/xre/xre_chienpanze/install/chienpanze_controllers' for CMake config files
[1.609s] Level 1:colcon.colcon_core.shell:create_environment_hook('chienpanze_controllers', 'cmake_prefix_path')
[1.610s] INFO:colcon.colcon_core.shell:Creating environment hook '/home/arno/xre/xre_chienpanze/install/chienpanze_controllers/share/chienpanze_controllers/hook/cmake_prefix_path.ps1'
[1.611s] INFO:colcon.colcon_core.shell:Creating environment descriptor '/home/arno/xre/xre_chienpanze/install/chienpanze_controllers/share/chienpanze_controllers/hook/cmake_prefix_path.dsv'
[1.611s] INFO:colcon.colcon_core.shell:Creating environment hook '/home/arno/xre/xre_chienpanze/install/chienpanze_controllers/share/chienpanze_controllers/hook/cmake_prefix_path.sh'
[1.612s] Level 1:colcon.colcon_core.environment:checking '/home/arno/xre/xre_chienpanze/install/chienpanze_controllers/bin'
[1.612s] Level 1:colcon.colcon_core.environment:checking '/home/arno/xre/xre_chienpanze/install/chienpanze_controllers/lib/pkgconfig/chienpanze_controllers.pc'
[1.612s] Level 1:colcon.colcon_core.environment:checking '/home/arno/xre/xre_chienpanze/install/chienpanze_controllers/lib/python3.10/site-packages'
[1.613s] Level 1:colcon.colcon_core.environment:checking '/home/arno/xre/xre_chienpanze/install/chienpanze_controllers/bin'
[1.613s] INFO:colcon.colcon_core.shell:Creating package script '/home/arno/xre/xre_chienpanze/install/chienpanze_controllers/share/chienpanze_controllers/package.ps1'
[1.614s] INFO:colcon.colcon_core.shell:Creating package descriptor '/home/arno/xre/xre_chienpanze/install/chienpanze_controllers/share/chienpanze_controllers/package.dsv'
[1.614s] INFO:colcon.colcon_core.shell:Creating package script '/home/arno/xre/xre_chienpanze/install/chienpanze_controllers/share/chienpanze_controllers/package.sh'
[1.615s] INFO:colcon.colcon_core.shell:Creating package script '/home/arno/xre/xre_chienpanze/install/chienpanze_controllers/share/chienpanze_controllers/package.bash'
[1.615s] INFO:colcon.colcon_core.shell:Creating package script '/home/arno/xre/xre_chienpanze/install/chienpanze_controllers/share/chienpanze_controllers/package.zsh'
[1.615s] Level 1:colcon.colcon_core.environment:create_file_with_runtime_dependencies(/home/arno/xre/xre_chienpanze/install/chienpanze_controllers/share/colcon-core/packages/chienpanze_controllers)
[1.622s] Level 1:colcon.colcon_core.environment:create_environment_scripts_only(chienpanze_bringup)
[1.622s] Level 1:colcon.colcon_core.environment:checking '/home/arno/xre/xre_chienpanze/install/chienpanze_bringup' for CMake module files
[1.623s] Level 1:colcon.colcon_core.environment:checking '/home/arno/xre/xre_chienpanze/install/chienpanze_bringup' for CMake config files
[1.624s] Level 1:colcon.colcon_core.shell:create_environment_hook('chienpanze_bringup', 'cmake_prefix_path')
[1.624s] INFO:colcon.colcon_core.shell:Creating environment hook '/home/arno/xre/xre_chienpanze/install/chienpanze_bringup/share/chienpanze_bringup/hook/cmake_prefix_path.ps1'
[1.625s] INFO:colcon.colcon_core.shell:Creating environment descriptor '/home/arno/xre/xre_chienpanze/install/chienpanze_bringup/share/chienpanze_bringup/hook/cmake_prefix_path.dsv'
[1.625s] INFO:colcon.colcon_core.shell:Creating environment hook '/home/arno/xre/xre_chienpanze/install/chienpanze_bringup/share/chienpanze_bringup/hook/cmake_prefix_path.sh'
[1.626s] Level 1:colcon.colcon_core.environment:checking '/home/arno/xre/xre_chienpanze/install/chienpanze_bringup/bin'
[1.626s] Level 1:colcon.colcon_core.environment:checking '/home/arno/xre/xre_chienpanze/install/chienpanze_bringup/lib/pkgconfig/chienpanze_bringup.pc'
[1.626s] Level 1:colcon.colcon_core.environment:checking '/home/arno/xre/xre_chienpanze/install/chienpanze_bringup/lib/python3.10/site-packages'
[1.627s] Level 1:colcon.colcon_core.environment:checking '/home/arno/xre/xre_chienpanze/install/chienpanze_bringup/bin'
[1.627s] INFO:colcon.colcon_core.shell:Creating package script '/home/arno/xre/xre_chienpanze/install/chienpanze_bringup/share/chienpanze_bringup/package.ps1'
[1.628s] INFO:colcon.colcon_core.shell:Creating package descriptor '/home/arno/xre/xre_chienpanze/install/chienpanze_bringup/share/chienpanze_bringup/package.dsv'
[1.629s] INFO:colcon.colcon_core.shell:Creating package script '/home/arno/xre/xre_chienpanze/install/chienpanze_bringup/share/chienpanze_bringup/package.sh'
[1.629s] INFO:colcon.colcon_core.shell:Creating package script '/home/arno/xre/xre_chienpanze/install/chienpanze_bringup/share/chienpanze_bringup/package.bash'
[1.630s] INFO:colcon.colcon_core.shell:Creating package script '/home/arno/xre/xre_chienpanze/install/chienpanze_bringup/share/chienpanze_bringup/package.zsh'
[1.630s] Level 1:colcon.colcon_core.environment:create_file_with_runtime_dependencies(/home/arno/xre/xre_chienpanze/install/chienpanze_bringup/share/colcon-core/packages/chienpanze_bringup)
[1.631s] Level 1:colcon.colcon_core.environment:create_environment_scripts_only(chienpanze_hw_interface)
[1.632s] Level 1:colcon.colcon_core.environment:checking '/home/arno/xre/xre_chienpanze/install/chienpanze_hw_interface' for CMake module files
[1.633s] DEBUG:colcon.colcon_core.event_handler.log_command:Invoked command in '/home/arno/xre/xre_chienpanze/build/chienpanze_hw_interface' returned '0': CMAKE_PREFIX_PATH=/opt/ros/humble /usr/bin/cmake --install /home/arno/xre/xre_chienpanze/build/chienpanze_hw_interface
[1.633s] Level 1:colcon.colcon_core.environment:checking '/home/arno/xre/xre_chienpanze/install/chienpanze_hw_interface' for CMake config files
[1.634s] Level 1:colcon.colcon_core.shell:create_environment_hook('chienpanze_hw_interface', 'cmake_prefix_path')
[1.634s] INFO:colcon.colcon_core.shell:Creating environment hook '/home/arno/xre/xre_chienpanze/install/chienpanze_hw_interface/share/chienpanze_hw_interface/hook/cmake_prefix_path.ps1'
[1.634s] INFO:colcon.colcon_core.shell:Creating environment descriptor '/home/arno/xre/xre_chienpanze/install/chienpanze_hw_interface/share/chienpanze_hw_interface/hook/cmake_prefix_path.dsv'
[1.635s] INFO:colcon.colcon_core.shell:Creating environment hook '/home/arno/xre/xre_chienpanze/install/chienpanze_hw_interface/share/chienpanze_hw_interface/hook/cmake_prefix_path.sh'
[1.636s] Level 1:colcon.colcon_core.environment:checking '/home/arno/xre/xre_chienpanze/install/chienpanze_hw_interface/bin'
[1.636s] Level 1:colcon.colcon_core.environment:checking '/home/arno/xre/xre_chienpanze/install/chienpanze_hw_interface/lib/pkgconfig/chienpanze_hw_interface.pc'
[1.636s] Level 1:colcon.colcon_core.environment:checking '/home/arno/xre/xre_chienpanze/install/chienpanze_hw_interface/lib/python3.10/site-packages'
[1.637s] Level 1:colcon.colcon_core.environment:checking '/home/arno/xre/xre_chienpanze/install/chienpanze_hw_interface/bin'
[1.637s] INFO:colcon.colcon_core.shell:Creating package script '/home/arno/xre/xre_chienpanze/install/chienpanze_hw_interface/share/chienpanze_hw_interface/package.ps1'
[1.638s] INFO:colcon.colcon_core.shell:Creating package descriptor '/home/arno/xre/xre_chienpanze/install/chienpanze_hw_interface/share/chienpanze_hw_interface/package.dsv'
[1.639s] INFO:colcon.colcon_core.shell:Creating package script '/home/arno/xre/xre_chienpanze/install/chienpanze_hw_interface/share/chienpanze_hw_interface/package.sh'
[1.639s] INFO:colcon.colcon_core.shell:Creating package script '/home/arno/xre/xre_chienpanze/install/chienpanze_hw_interface/share/chienpanze_hw_interface/package.bash'
[1.640s] INFO:colcon.colcon_core.shell:Creating package script '/home/arno/xre/xre_chienpanze/install/chienpanze_hw_interface/share/chienpanze_hw_interface/package.zsh'
[1.640s] Level 1:colcon.colcon_core.environment:create_file_with_runtime_dependencies(/home/arno/xre/xre_chienpanze/install/chienpanze_hw_interface/share/colcon-core/packages/chienpanze_hw_interface)
[1.643s] Level 1:colcon.colcon_core.environment:create_environment_scripts_only(chienpanze_description)
[1.643s] Level 1:colcon.colcon_core.environment:checking '/home/arno/xre/xre_chienpanze/install/chienpanze_description' for CMake module files
[1.644s] Level 1:colcon.colcon_core.environment:checking '/home/arno/xre/xre_chienpanze/install/chienpanze_description' for CMake config files
[1.644s] Level 1:colcon.colcon_core.shell:create_environment_hook('chienpanze_description', 'cmake_prefix_path')
[1.645s] INFO:colcon.colcon_core.shell:Creating environment hook '/home/arno/xre/xre_chienpanze/install/chienpanze_description/share/chienpanze_description/hook/cmake_prefix_path.ps1'
[1.645s] INFO:colcon.colcon_core.shell:Creating environment descriptor '/home/arno/xre/xre_chienpanze/install/chienpanze_description/share/chienpanze_description/hook/cmake_prefix_path.dsv'
[1.646s] INFO:colcon.colcon_core.shell:Creating environment hook '/home/arno/xre/xre_chienpanze/install/chienpanze_description/share/chienpanze_description/hook/cmake_prefix_path.sh'
[1.646s] Level 1:colcon.colcon_core.environment:checking '/home/arno/xre/xre_chienpanze/install/chienpanze_description/bin'
[1.646s] Level 1:colcon.colcon_core.environment:checking '/home/arno/xre/xre_chienpanze/install/chienpanze_description/lib/pkgconfig/chienpanze_description.pc'
[1.647s] Level 1:colcon.colcon_core.environment:checking '/home/arno/xre/xre_chienpanze/install/chienpanze_description/lib/python3.10/site-packages'
[1.647s] Level 1:colcon.colcon_core.environment:checking '/home/arno/xre/xre_chienpanze/install/chienpanze_description/bin'
[1.648s] INFO:colcon.colcon_core.shell:Creating package script '/home/arno/xre/xre_chienpanze/install/chienpanze_description/share/chienpanze_description/package.ps1'
[1.648s] INFO:colcon.colcon_core.shell:Creating package descriptor '/home/arno/xre/xre_chienpanze/install/chienpanze_description/share/chienpanze_description/package.dsv'
[1.649s] INFO:colcon.colcon_core.shell:Creating package script '/home/arno/xre/xre_chienpanze/install/chienpanze_description/share/chienpanze_description/package.sh'
[1.650s] INFO:colcon.colcon_core.shell:Creating package script '/home/arno/xre/xre_chienpanze/install/chienpanze_description/share/chienpanze_description/package.bash'
[1.650s] INFO:colcon.colcon_core.shell:Creating package script '/home/arno/xre/xre_chienpanze/install/chienpanze_description/share/chienpanze_description/package.zsh'
[1.651s] Level 1:colcon.colcon_core.environment:create_file_with_runtime_dependencies(/home/arno/xre/xre_chienpanze/install/chienpanze_description/share/colcon-core/packages/chienpanze_description)
[1.652s] Level 1:colcon.colcon_core.environment:create_environment_scripts_only(chienpanze_controllers)
[1.652s] Level 1:colcon.colcon_core.environment:checking '/home/arno/xre/xre_chienpanze/install/chienpanze_controllers' for CMake module files
[1.653s] Level 1:colcon.colcon_core.environment:checking '/home/arno/xre/xre_chienpanze/install/chienpanze_controllers' for CMake config files
[1.654s] Level 1:colcon.colcon_core.shell:create_environment_hook('chienpanze_controllers', 'cmake_prefix_path')
[1.654s] INFO:colcon.colcon_core.shell:Creating environment hook '/home/arno/xre/xre_chienpanze/install/chienpanze_controllers/share/chienpanze_controllers/hook/cmake_prefix_path.ps1'
[1.655s] INFO:colcon.colcon_core.shell:Creating environment descriptor '/home/arno/xre/xre_chienpanze/install/chienpanze_controllers/share/chienpanze_controllers/hook/cmake_prefix_path.dsv'
[1.655s] INFO:colcon.colcon_core.shell:Creating environment hook '/home/arno/xre/xre_chienpanze/install/chienpanze_controllers/share/chienpanze_controllers/hook/cmake_prefix_path.sh'
[1.656s] Level 1:colcon.colcon_core.environment:checking '/home/arno/xre/xre_chienpanze/install/chienpanze_controllers/bin'
[1.656s] Level 1:colcon.colcon_core.environment:checking '/home/arno/xre/xre_chienpanze/install/chienpanze_controllers/lib/pkgconfig/chienpanze_controllers.pc'
[1.657s] Level 1:colcon.colcon_core.environment:checking '/home/arno/xre/xre_chienpanze/install/chienpanze_controllers/lib/python3.10/site-packages'
[1.657s] Level 1:colcon.colcon_core.environment:checking '/home/arno/xre/xre_chienpanze/install/chienpanze_controllers/bin'
[1.657s] INFO:colcon.colcon_core.shell:Creating package script '/home/arno/xre/xre_chienpanze/install/chienpanze_controllers/share/chienpanze_controllers/package.ps1'
[1.658s] INFO:colcon.colcon_core.shell:Creating package descriptor '/home/arno/xre/xre_chienpanze/install/chienpanze_controllers/share/chienpanze_controllers/package.dsv'
[1.659s] INFO:colcon.colcon_core.shell:Creating package script '/home/arno/xre/xre_chienpanze/install/chienpanze_controllers/share/chienpanze_controllers/package.sh'
[1.659s] INFO:colcon.colcon_core.shell:Creating package script '/home/arno/xre/xre_chienpanze/install/chienpanze_controllers/share/chienpanze_controllers/package.bash'
[1.660s] INFO:colcon.colcon_core.shell:Creating package script '/home/arno/xre/xre_chienpanze/install/chienpanze_controllers/share/chienpanze_controllers/package.zsh'
[1.660s] Level 1:colcon.colcon_core.environment:create_file_with_runtime_dependencies(/home/arno/xre/xre_chienpanze/install/chienpanze_controllers/share/colcon-core/packages/chienpanze_controllers)
[1.668s] Level 1:colcon.colcon_core.environment:create_environment_scripts_only(chienpanze_hw_interface)
[1.668s] Level 1:colcon.colcon_core.environment:checking '/home/arno/xre/xre_chienpanze/install/chienpanze_hw_interface' for CMake module files
[1.669s] Level 1:colcon.colcon_core.environment:checking '/home/arno/xre/xre_chienpanze/install/chienpanze_hw_interface' for CMake config files
[1.670s] Level 1:colcon.colcon_core.shell:create_environment_hook('chienpanze_hw_interface', 'cmake_prefix_path')
[1.670s] INFO:colcon.colcon_core.shell:Creating environment hook '/home/arno/xre/xre_chienpanze/install/chienpanze_hw_interface/share/chienpanze_hw_interface/hook/cmake_prefix_path.ps1'
[1.671s] INFO:colcon.colcon_core.shell:Creating environment descriptor '/home/arno/xre/xre_chienpanze/install/chienpanze_hw_interface/share/chienpanze_hw_interface/hook/cmake_prefix_path.dsv'
[1.671s] INFO:colcon.colcon_core.shell:Creating environment hook '/home/arno/xre/xre_chienpanze/install/chienpanze_hw_interface/share/chienpanze_hw_interface/hook/cmake_prefix_path.sh'
[1.672s] Level 1:colcon.colcon_core.environment:checking '/home/arno/xre/xre_chienpanze/install/chienpanze_hw_interface/bin'
[1.672s] Level 1:colcon.colcon_core.environment:checking '/home/arno/xre/xre_chienpanze/install/chienpanze_hw_interface/lib/pkgconfig/chienpanze_hw_interface.pc'
[1.673s] Level 1:colcon.colcon_core.environment:checking '/home/arno/xre/xre_chienpanze/install/chienpanze_hw_interface/lib/python3.10/site-packages'
[1.673s] Level 1:colcon.colcon_core.environment:checking '/home/arno/xre/xre_chienpanze/install/chienpanze_hw_interface/bin'
[1.674s] INFO:colcon.colcon_core.shell:Creating package script '/home/arno/xre/xre_chienpanze/install/chienpanze_hw_interface/share/chienpanze_hw_interface/package.ps1'
[1.675s] INFO:colcon.colcon_core.shell:Creating package descriptor '/home/arno/xre/xre_chienpanze/install/chienpanze_hw_interface/share/chienpanze_hw_interface/package.dsv'
[1.676s] INFO:colcon.colcon_core.shell:Creating package script '/home/arno/xre/xre_chienpanze/install/chienpanze_hw_interface/share/chienpanze_hw_interface/package.sh'
[1.676s] INFO:colcon.colcon_core.shell:Creating package script '/home/arno/xre/xre_chienpanze/install/chienpanze_hw_interface/share/chienpanze_hw_interface/package.bash'
[1.677s] INFO:colcon.colcon_core.shell:Creating package script '/home/arno/xre/xre_chienpanze/install/chienpanze_hw_interface/share/chienpanze_hw_interface/package.zsh'
[1.677s] Level 1:colcon.colcon_core.environment:create_file_with_runtime_dependencies(/home/arno/xre/xre_chienpanze/install/chienpanze_hw_interface/share/colcon-core/packages/chienpanze_hw_interface)
[1.678s] DEBUG:colcon.colcon_parallel_executor.executor.parallel:closing loop
[1.678s] DEBUG:colcon.colcon_parallel_executor.executor.parallel:loop closed
[1.678s] DEBUG:colcon.colcon_parallel_executor.executor.parallel:run_until_complete finished with '0'
[1.678s] DEBUG:colcon.colcon_core.event_reactor:joining thread
[1.686s] INFO:colcon.colcon_core.plugin_system:Skipping extension 'colcon_notification.desktop_notification.terminal_notifier': Not used on non-Darwin systems
[1.686s] INFO:colcon.colcon_core.plugin_system:Skipping extension 'colcon_notification.desktop_notification.win32': Not used on non-Windows systems
[1.686s] INFO:colcon.colcon_notification.desktop_notification:Sending desktop notification using 'notify2'
[1.699s] DEBUG:colcon.colcon_core.event_reactor:joined thread
[1.699s] INFO:colcon.colcon_core.shell:Creating prefix script '/home/arno/xre/xre_chienpanze/install/local_setup.ps1'
[1.700s] INFO:colcon.colcon_core.shell:Creating prefix util module '/home/arno/xre/xre_chienpanze/install/_local_setup_util_ps1.py'
[1.702s] INFO:colcon.colcon_core.shell:Creating prefix chain script '/home/arno/xre/xre_chienpanze/install/setup.ps1'
[1.703s] INFO:colcon.colcon_core.shell:Creating prefix script '/home/arno/xre/xre_chienpanze/install/local_setup.sh'
[1.704s] INFO:colcon.colcon_core.shell:Creating prefix util module '/home/arno/xre/xre_chienpanze/install/_local_setup_util_sh.py'
[1.705s] INFO:colcon.colcon_core.shell:Creating prefix chain script '/home/arno/xre/xre_chienpanze/install/setup.sh'
[1.706s] INFO:colcon.colcon_core.shell:Creating prefix script '/home/arno/xre/xre_chienpanze/install/local_setup.bash'
[1.707s] INFO:colcon.colcon_core.shell:Creating prefix chain script '/home/arno/xre/xre_chienpanze/install/setup.bash'
[1.708s] INFO:colcon.colcon_core.shell:Creating prefix script '/home/arno/xre/xre_chienpanze/install/local_setup.zsh'
[1.708s] INFO:colcon.colcon_core.shell:Creating prefix chain script '/home/arno/xre/xre_chienpanze/install/setup.zsh'
