[0.021s] Invoking command in '/home/arno/xre/xre_chienpanze/build/chienpanze_hw_interface': CMAKE_PREFIX_PATH=${CMAKE_PREFIX_PATH}:/opt/ros/humble /usr/bin/cmake /home/arno/xre/xre_chienpanze/src/chienpanze_hw_interface -DCMAKE_INSTALL_PREFIX=/home/arno/xre/xre_chienpanze/install/chienpanze_hw_interface
[0.036s] -- Found ament_cmake: 1.3.8 (/opt/ros/humble/share/ament_cmake/cmake)
[0.202s] -- Override CMake install command with custom implementation using symlinks instead of copying resources
[0.216s] -- Found ament_lint_auto: 0.12.10 (/opt/ros/humble/share/ament_lint_auto/cmake)
[0.320s] -- Added test 'lint_cmake' to check CMake code style
[0.320s] -- Added test 'xmllint' to check XML markup files
[0.322s] -- Configuring done
[0.325s] -- Generating done
[0.326s] -- Build files have been written to: /home/arno/xre/xre_chienpanze/build/chienpanze_hw_interface
[0.330s] Invoked command in '/home/arno/xre/xre_chienpanze/build/chienpanze_hw_interface' returned '0': CMAKE_PREFIX_PATH=${CMAKE_PREFIX_PATH}:/opt/ros/humble /usr/bin/cmake /home/arno/xre/xre_chienpanze/src/chienpanze_hw_interface -DCMAKE_INSTALL_PREFIX=/home/arno/xre/xre_chienpanze/install/chienpanze_hw_interface
[0.333s] Invoking command in '/home/arno/xre/xre_chienpanze/build/chienpanze_hw_interface': CMAKE_PREFIX_PATH=${CMAKE_PREFIX_PATH}:/opt/ros/humble /usr/bin/cmake --build /home/arno/xre/xre_chienpanze/build/chienpanze_hw_interface -- -j8 -l8
[0.376s] Invoked command in '/home/arno/xre/xre_chienpanze/build/chienpanze_hw_interface' returned '0': CMAKE_PREFIX_PATH=${CMAKE_PREFIX_PATH}:/opt/ros/humble /usr/bin/cmake --build /home/arno/xre/xre_chienpanze/build/chienpanze_hw_interface -- -j8 -l8
[0.403s] Invoking command in '/home/arno/xre/xre_chienpanze/build/chienpanze_hw_interface': CMAKE_PREFIX_PATH=${CMAKE_PREFIX_PATH}:/opt/ros/humble /usr/bin/cmake --install /home/arno/xre/xre_chienpanze/build/chienpanze_hw_interface
[0.412s] -- Install configuration: ""
[0.413s] -- Execute custom install script
[0.413s] -- Up-to-date symlink: /home/arno/xre/xre_chienpanze/install/chienpanze_hw_interface/share/ament_index/resource_index/package_run_dependencies/chienpanze_hw_interface
[0.413s] -- Up-to-date symlink: /home/arno/xre/xre_chienpanze/install/chienpanze_hw_interface/share/ament_index/resource_index/parent_prefix_path/chienpanze_hw_interface
[0.414s] -- Up-to-date symlink: /home/arno/xre/xre_chienpanze/install/chienpanze_hw_interface/share/chienpanze_hw_interface/environment/ament_prefix_path.sh
[0.414s] -- Up-to-date symlink: /home/arno/xre/xre_chienpanze/install/chienpanze_hw_interface/share/chienpanze_hw_interface/environment/ament_prefix_path.dsv
[0.414s] -- Up-to-date symlink: /home/arno/xre/xre_chienpanze/install/chienpanze_hw_interface/share/chienpanze_hw_interface/environment/path.sh
[0.415s] -- Up-to-date symlink: /home/arno/xre/xre_chienpanze/install/chienpanze_hw_interface/share/chienpanze_hw_interface/environment/path.dsv
[0.415s] -- Up-to-date symlink: /home/arno/xre/xre_chienpanze/install/chienpanze_hw_interface/share/chienpanze_hw_interface/local_setup.bash
[0.415s] -- Up-to-date symlink: /home/arno/xre/xre_chienpanze/install/chienpanze_hw_interface/share/chienpanze_hw_interface/local_setup.sh
[0.415s] -- Up-to-date symlink: /home/arno/xre/xre_chienpanze/install/chienpanze_hw_interface/share/chienpanze_hw_interface/local_setup.zsh
[0.416s] -- Up-to-date symlink: /home/arno/xre/xre_chienpanze/install/chienpanze_hw_interface/share/chienpanze_hw_interface/local_setup.dsv
[0.416s] -- Symlinking: /home/arno/xre/xre_chienpanze/install/chienpanze_hw_interface/share/chienpanze_hw_interface/package.dsv
[0.427s] -- Up-to-date symlink: /home/arno/xre/xre_chienpanze/install/chienpanze_hw_interface/share/ament_index/resource_index/packages/chienpanze_hw_interface
[0.427s] -- Up-to-date symlink: /home/arno/xre/xre_chienpanze/install/chienpanze_hw_interface/share/chienpanze_hw_interface/cmake/chienpanze_hw_interfaceConfig.cmake
[0.428s] -- Up-to-date symlink: /home/arno/xre/xre_chienpanze/install/chienpanze_hw_interface/share/chienpanze_hw_interface/cmake/chienpanze_hw_interfaceConfig-version.cmake
[0.428s] -- Up-to-date symlink: /home/arno/xre/xre_chienpanze/install/chienpanze_hw_interface/share/chienpanze_hw_interface/package.xml
[0.438s] Invoked command in '/home/arno/xre/xre_chienpanze/build/chienpanze_hw_interface' returned '0': CMAKE_PREFIX_PATH=${CMAKE_PREFIX_PATH}:/opt/ros/humble /usr/bin/cmake --install /home/arno/xre/xre_chienpanze/build/chienpanze_hw_interface
