[0.229s] Invoking command in '/home/xplore/chienpanze/xre-legged-dog/build/chienpanze_description': CMAKE_PREFIX_PATH=${CMAKE_PREFIX_PATH}:/opt/ros/humble /usr/bin/cmake --build /home/xplore/chienpanze/xre-legged-dog/build/chienpanze_description -- -j4 -l4
[0.637s] Invoked command in '/home/xplore/chienpanze/xre-legged-dog/build/chienpanze_description' returned '0': CMAKE_PREFIX_PATH=${CMAKE_PREFIX_PATH}:/opt/ros/humble /usr/bin/cmake --build /home/xplore/chienpanze/xre-legged-dog/build/chienpanze_description -- -j4 -l4
[1.065s] Invoking command in '/home/xplore/chienpanze/xre-legged-dog/build/chienpanze_description': CMAKE_PREFIX_PATH=${CMAKE_PREFIX_PATH}:/opt/ros/humble /usr/bin/cmake --install /home/xplore/chienpanze/xre-legged-dog/build/chienpanze_description
[1.134s] -- Install configuration: ""
[1.148s] -- Execute custom install script
[1.150s] -- Up-to-date symlink: /home/xplore/chienpanze/xre-legged-dog/install/chienpanze_description/share/chienpanze_description/launch/view_chienpanze.launch.py
[1.164s] -- Up-to-date symlink: /home/xplore/chienpanze/xre-legged-dog/install/chienpanze_description/share/chienpanze_description/urdf/chienpanze.urdf.xacro
[1.166s] -- Up-to-date symlink: /home/xplore/chienpanze/xre-legged-dog/install/chienpanze_description/share/ament_index/resource_index/package_run_dependencies/chienpanze_description
[1.182s] -- Up-to-date symlink: /home/xplore/chienpanze/xre-legged-dog/install/chienpanze_description/share/ament_index/resource_index/parent_prefix_path/chienpanze_description
[1.186s] -- Up-to-date symlink: /home/xplore/chienpanze/xre-legged-dog/install/chienpanze_description/share/chienpanze_description/environment/ament_prefix_path.sh
[1.187s] -- Up-to-date symlink: /home/xplore/chienpanze/xre-legged-dog/install/chienpanze_description/share/chienpanze_description/environment/ament_prefix_path.dsv
[1.190s] -- Up-to-date symlink: /home/xplore/chienpanze/xre-legged-dog/install/chienpanze_description/share/chienpanze_description/environment/path.sh
[1.191s] -- Up-to-date symlink: /home/xplore/chienpanze/xre-legged-dog/install/chienpanze_description/share/chienpanze_description/environment/path.dsv
[1.192s] -- Up-to-date symlink: /home/xplore/chienpanze/xre-legged-dog/install/chienpanze_description/share/chienpanze_description/local_setup.bash
[1.193s] -- Up-to-date symlink: /home/xplore/chienpanze/xre-legged-dog/install/chienpanze_description/share/chienpanze_description/local_setup.sh
[1.194s] -- Up-to-date symlink: /home/xplore/chienpanze/xre-legged-dog/install/chienpanze_description/share/chienpanze_description/local_setup.zsh
[1.194s] -- Up-to-date symlink: /home/xplore/chienpanze/xre-legged-dog/install/chienpanze_description/share/chienpanze_description/local_setup.dsv
[1.195s] -- Symlinking: /home/xplore/chienpanze/xre-legged-dog/install/chienpanze_description/share/chienpanze_description/package.dsv
[1.270s] -- Up-to-date symlink: /home/xplore/chienpanze/xre-legged-dog/install/chienpanze_description/share/ament_index/resource_index/packages/chienpanze_description
[1.283s] -- Up-to-date symlink: /home/xplore/chienpanze/xre-legged-dog/install/chienpanze_description/share/chienpanze_description/cmake/chienpanze_descriptionConfig.cmake
[1.284s] -- Up-to-date symlink: /home/xplore/chienpanze/xre-legged-dog/install/chienpanze_description/share/chienpanze_description/cmake/chienpanze_descriptionConfig-version.cmake
[1.285s] -- Up-to-date symlink: /home/xplore/chienpanze/xre-legged-dog/install/chienpanze_description/share/chienpanze_description/package.xml
[1.307s] Invoked command in '/home/xplore/chienpanze/xre-legged-dog/build/chienpanze_description' returned '0': CMAKE_PREFIX_PATH=${CMAKE_PREFIX_PATH}:/opt/ros/humble /usr/bin/cmake --install /home/xplore/chienpanze/xre-legged-dog/build/chienpanze_description
