[0.161s] Invoking command in '/home/xplore/chienpanze/xre-legged-dog/build/chienpanze_bringup': CMAKE_PREFIX_PATH=/opt/ros/humble /usr/bin/cmake --build /home/xplore/chienpanze/xre-legged-dog/build/chienpanze_bringup -- -j4 -l4
[0.641s] Invoked command in '/home/xplore/chienpanze/xre-legged-dog/build/chienpanze_bringup' returned '0': CMAKE_PREFIX_PATH=/opt/ros/humble /usr/bin/cmake --build /home/xplore/chienpanze/xre-legged-dog/build/chienpanze_bringup -- -j4 -l4
[0.958s] Invoking command in '/home/xplore/chienpanze/xre-legged-dog/build/chienpanze_bringup': CMAKE_PREFIX_PATH=/opt/ros/humble /usr/bin/cmake --install /home/xplore/chienpanze/xre-legged-dog/build/chienpanze_bringup
[1.017s] -- Install configuration: ""
[1.025s] -- Up-to-date: /home/xplore/chienpanze/xre-legged-dog/install/chienpanze_bringup/share/ament_index/resource_index/package_run_dependencies/chienpanze_bringup
[1.027s] -- Up-to-date: /home/xplore/chienpanze/xre-legged-dog/install/chienpanze_bringup/share/ament_index/resource_index/parent_prefix_path/chienpanze_bringup
[1.029s] -- Up-to-date: /home/xplore/chienpanze/xre-legged-dog/install/chienpanze_bringup/share/chienpanze_bringup/environment/ament_prefix_path.sh
[1.030s] -- Up-to-date: /home/xplore/chienpanze/xre-legged-dog/install/chienpanze_bringup/share/chienpanze_bringup/environment/ament_prefix_path.dsv
[1.032s] -- Up-to-date: /home/xplore/chienpanze/xre-legged-dog/install/chienpanze_bringup/share/chienpanze_bringup/environment/path.sh
[1.033s] -- Up-to-date: /home/xplore/chienpanze/xre-legged-dog/install/chienpanze_bringup/share/chienpanze_bringup/environment/path.dsv
[1.034s] -- Up-to-date: /home/xplore/chienpanze/xre-legged-dog/install/chienpanze_bringup/share/chienpanze_bringup/local_setup.bash
[1.035s] -- Up-to-date: /home/xplore/chienpanze/xre-legged-dog/install/chienpanze_bringup/share/chienpanze_bringup/local_setup.sh
[1.036s] -- Up-to-date: /home/xplore/chienpanze/xre-legged-dog/install/chienpanze_bringup/share/chienpanze_bringup/local_setup.zsh
[1.037s] -- Up-to-date: /home/xplore/chienpanze/xre-legged-dog/install/chienpanze_bringup/share/chienpanze_bringup/local_setup.dsv
[1.037s] -- Installing: /home/xplore/chienpanze/xre-legged-dog/install/chienpanze_bringup/share/chienpanze_bringup/package.dsv
[1.039s] -- Up-to-date: /home/xplore/chienpanze/xre-legged-dog/install/chienpanze_bringup/share/ament_index/resource_index/packages/chienpanze_bringup
[1.043s] -- Up-to-date: /home/xplore/chienpanze/xre-legged-dog/install/chienpanze_bringup/share/chienpanze_bringup/cmake/chienpanze_bringupConfig.cmake
[1.045s] -- Up-to-date: /home/xplore/chienpanze/xre-legged-dog/install/chienpanze_bringup/share/chienpanze_bringup/cmake/chienpanze_bringupConfig-version.cmake
[1.047s] -- Up-to-date: /home/xplore/chienpanze/xre-legged-dog/install/chienpanze_bringup/share/chienpanze_bringup/package.xml
[1.071s] Invoked command in '/home/xplore/chienpanze/xre-legged-dog/build/chienpanze_bringup' returned '0': CMAKE_PREFIX_PATH=/opt/ros/humble /usr/bin/cmake --install /home/xplore/chienpanze/xre-legged-dog/build/chienpanze_bringup
