[0.022s] Invoking command in '/home/arno/xre/xre_chienpanze/build/chienpanze_hw_interface': CMAKE_PREFIX_PATH=/opt/ros/humble /usr/bin/cmake --build /home/arno/xre/xre_chienpanze/build/chienpanze_hw_interface -- -j8 -l8
[0.050s] -- Found ament_cmake: 1.3.8 (/opt/ros/humble/share/ament_cmake/cmake)
[0.220s] -- Override CMake install command with custom implementation using symlinks instead of copying resources
[0.226s] -- Found rclcpp: 16.0.8 (/opt/ros/humble/share/rclcpp/cmake)
[0.256s] -- Found rosidl_generator_c: 3.1.5 (/opt/ros/humble/share/rosidl_generator_c/cmake)
[0.259s] -- Found rosidl_adapter: 3.1.5 (/opt/ros/humble/share/rosidl_adapter/cmake)
[0.265s] -- Found rosidl_generator_cpp: 3.1.5 (/opt/ros/humble/share/rosidl_generator_cpp/cmake)
[0.276s] -- Using all available rosidl_typesupport_c: rosidl_typesupport_fastrtps_c;rosidl_typesupport_introspection_c
[0.296s] -- Using all available rosidl_typesupport_cpp: rosidl_typesupport_fastrtps_cpp;rosidl_typesupport_introspection_cpp
[0.372s] -- Found rmw_implementation_cmake: 6.1.1 (/opt/ros/humble/share/rmw_implementation_cmake/cmake)
[0.373s] -- Found rmw_fastrtps_cpp: 6.2.6 (/opt/ros/humble/share/rmw_fastrtps_cpp/cmake)
[0.493s] -- Using RMW implementation 'rmw_fastrtps_cpp' as default
[0.661s] -- Found hardware_interface: 2.40.0 (/opt/ros/humble/share/hardware_interface/cmake)
[1.406s] -- Configuring done
[1.409s] [31mCMake Error at CMakeLists.txt:25 (add_library):
[1.409s]   Cannot find source file:
[1.409s] 
[1.410s]     src/pi3hat/pi3hat.cc
[1.410s] 
[1.410s]   Tried extensions .c .C .c++ .cc .cpp .cxx .cu .mpp .m .M .mm .ixx .cppm .h
[1.410s]   .hh .h++ .hm .hpp .hxx .in .txx .f .F .for .f77 .f90 .f95 .f03 .hip .ispc
[1.410s] 
[1.410s] [0m
[1.412s] [31mCMake Error at CMakeLists.txt:25 (add_library):
[1.412s]   No SOURCES given to target: chienpanze_hw_interface
[1.412s] 
[1.412s] [0m
[1.412s] [0mCMake Generate step failed.  Build files cannot be regenerated correctly.[0m
[1.420s] gmake: *** [Makefile:226: cmake_check_build_system] Error 1
[1.422s] Invoked command in '/home/arno/xre/xre_chienpanze/build/chienpanze_hw_interface' returned '2': CMAKE_PREFIX_PATH=/opt/ros/humble /usr/bin/cmake --build /home/arno/xre/xre_chienpanze/build/chienpanze_hw_interface -- -j8 -l8
