[0.022s] Invoking command in '/home/arno/xre/xre_chienpanze/build/chienpanze_hw_interface': CMAKE_PREFIX_PATH=/opt/ros/humble /usr/bin/cmake --build /home/arno/xre/xre_chienpanze/build/chienpanze_hw_interface -- -j8 -l8
[0.053s] -- Found ament_cmake: 1.3.8 (/opt/ros/humble/share/ament_cmake/cmake)
[0.215s] -- Override CMake install command with custom implementation using symlinks instead of copying resources
[0.222s] -- Found rclcpp: 16.0.8 (/opt/ros/humble/share/rclcpp/cmake)
[0.252s] -- Found rosidl_generator_c: 3.1.5 (/opt/ros/humble/share/rosidl_generator_c/cmake)
[0.254s] -- Found rosidl_adapter: 3.1.5 (/opt/ros/humble/share/rosidl_adapter/cmake)
[0.260s] -- Found rosidl_generator_cpp: 3.1.5 (/opt/ros/humble/share/rosidl_generator_cpp/cmake)
[0.271s] -- Using all available rosidl_typesupport_c: rosidl_typesupport_fastrtps_c;rosidl_typesupport_introspection_c
[0.288s] -- Using all available rosidl_typesupport_cpp: rosidl_typesupport_fastrtps_cpp;rosidl_typesupport_introspection_cpp
[0.362s] -- Found rmw_implementation_cmake: 6.1.1 (/opt/ros/humble/share/rmw_implementation_cmake/cmake)
[0.363s] -- Found rmw_fastrtps_cpp: 6.2.6 (/opt/ros/humble/share/rmw_fastrtps_cpp/cmake)
[0.495s] -- Using RMW implementation 'rmw_fastrtps_cpp' as default
[0.682s] -- Found hardware_interface: 2.40.0 (/opt/ros/humble/share/hardware_interface/cmake)
[1.471s] -- Configuring done
[1.474s] [31mCMake Error at CMakeLists.txt:19 (add_library):
[1.474s]   Cannot find source file:
[1.474s] 
[1.474s]     src/pi3hat.cc
[1.474s] 
[1.475s]   Tried extensions .c .C .c++ .cc .cpp .cxx .cu .mpp .m .M .mm .ixx .cppm .h
[1.475s]   .hh .h++ .hm .hpp .hxx .in .txx .f .F .for .f77 .f90 .f95 .f03 .hip .ispc
[1.475s] 
[1.475s] [0m
[1.476s] [31mCMake Error at CMakeLists.txt:19 (add_library):
[1.476s]   No SOURCES given to target: chienpanze_hw_interface
[1.476s] 
[1.476s] [0m
[1.476s] [0mCMake Generate step failed.  Build files cannot be regenerated correctly.[0m
[1.483s] gmake: *** [Makefile:226: cmake_check_build_system] Error 1
[1.485s] Invoked command in '/home/arno/xre/xre_chienpanze/build/chienpanze_hw_interface' returned '2': CMAKE_PREFIX_PATH=/opt/ros/humble /usr/bin/cmake --build /home/arno/xre/xre_chienpanze/build/chienpanze_hw_interface -- -j8 -l8
