[0.538s] DEBUG:colcon:Command line arguments: ['/usr/bin/colcon', 'build']
[0.539s] DEBUG:colcon:Parsed command line arguments: Namespace(log_base=None, log_level=None, verb_name='build', build_base='build', install_base='install', merge_install=False, symlink_install=False, test_result_base=None, continue_on_error=False, executor='parallel', parallel_workers=4, event_handlers=None, ignore_user_meta=False, metas=['./colcon.meta'], base_paths=['.'], packages_ignore=None, packages_ignore_regex=None, paths=None, packages_up_to=None, packages_up_to_regex=None, packages_above=None, packages_above_and_dependencies=None, packages_above_depth=None, packages_select_by_dep=None, packages_skip_by_dep=None, packages_skip_up_to=None, packages_select_build_failed=False, packages_skip_build_finished=False, packages_select_test_failures=False, packages_skip_test_passed=False, packages_select=None, packages_skip=None, packages_select_regex=None, packages_skip_regex=None, packages_start=None, packages_end=None, allow_overriding=[], cmake_args=None, cmake_target=None, cmake_target_skip_unavailable=False, cmake_clean_cache=False, cmake_clean_first=False, cmake_force_configure=False, ament_cmake_args=None, catkin_cmake_args=None, catkin_skip_building_tests=False, verb_parser=<colcon_defaults.argument_parser.defaults.DefaultArgumentsDecorator object at 0xffff943bd1b0>, verb_extension=<colcon_core.verb.build.BuildVerb object at 0xffff947490c0>, main=<bound method BuildVerb.main of <colcon_core.verb.build.BuildVerb object at 0xffff947490c0>>)
[1.637s] Level 1:colcon.colcon_core.package_discovery:discover_packages(colcon_meta) check parameters
[1.637s] Level 1:colcon.colcon_core.package_discovery:discover_packages(recursive) check parameters
[1.637s] Level 1:colcon.colcon_core.package_discovery:discover_packages(ignore) check parameters
[1.638s] Level 1:colcon.colcon_core.package_discovery:discover_packages(path) check parameters
[1.638s] Level 1:colcon.colcon_core.package_discovery:discover_packages(colcon_meta) discover
[1.638s] Level 1:colcon.colcon_core.package_discovery:discover_packages(recursive) discover
[1.638s] INFO:colcon.colcon_core.package_discovery:Crawling recursively for packages in '/home/xplore/chienpanze/xre-legged-dog'
[1.643s] Level 1:colcon.colcon_core.package_identification:_identify(.) by extensions ['ignore', 'ignore_ament_install']
[1.644s] Level 1:colcon.colcon_core.package_identification:_identify(.) by extension 'ignore'
[1.644s] Level 1:colcon.colcon_core.package_identification:_identify(.) by extension 'ignore_ament_install'
[1.645s] Level 1:colcon.colcon_core.package_identification:_identify(.) by extensions ['colcon_pkg']
[1.645s] Level 1:colcon.colcon_core.package_identification:_identify(.) by extension 'colcon_pkg'
[1.645s] Level 1:colcon.colcon_core.package_identification:_identify(.) by extensions ['colcon_meta']
[1.645s] Level 1:colcon.colcon_core.package_identification:_identify(.) by extension 'colcon_meta'
[1.646s] Level 1:colcon.colcon_core.package_identification:_identify(.) by extensions ['ros']
[1.646s] Level 1:colcon.colcon_core.package_identification:_identify(.) by extension 'ros'
[1.698s] Level 1:colcon.colcon_core.package_identification:_identify(.) by extensions ['cmake', 'python']
[1.698s] Level 1:colcon.colcon_core.package_identification:_identify(.) by extension 'cmake'
[1.699s] Level 1:colcon.colcon_core.package_identification:_identify(.) by extension 'python'
[1.699s] Level 1:colcon.colcon_core.package_identification:_identify(.) by extensions ['python_setup_py']
[1.699s] Level 1:colcon.colcon_core.package_identification:_identify(.) by extension 'python_setup_py'
[1.700s] Level 1:colcon.colcon_core.package_identification:_identify(build) by extensions ['ignore', 'ignore_ament_install']
[1.700s] Level 1:colcon.colcon_core.package_identification:_identify(build) by extension 'ignore'
[1.700s] Level 1:colcon.colcon_core.package_identification:_identify(build) ignored
[1.701s] Level 1:colcon.colcon_core.package_identification:_identify(install) by extensions ['ignore', 'ignore_ament_install']
[1.702s] Level 1:colcon.colcon_core.package_identification:_identify(install) by extension 'ignore'
[1.702s] Level 1:colcon.colcon_core.package_identification:_identify(install) ignored
[1.703s] Level 1:colcon.colcon_core.package_identification:_identify(log) by extensions ['ignore', 'ignore_ament_install']
[1.703s] Level 1:colcon.colcon_core.package_identification:_identify(log) by extension 'ignore'
[1.703s] Level 1:colcon.colcon_core.package_identification:_identify(log) ignored
[1.704s] Level 1:colcon.colcon_core.package_identification:_identify(xre_chienpanze) by extensions ['ignore', 'ignore_ament_install']
[1.704s] Level 1:colcon.colcon_core.package_identification:_identify(xre_chienpanze) by extension 'ignore'
[1.704s] Level 1:colcon.colcon_core.package_identification:_identify(xre_chienpanze) by extension 'ignore_ament_install'
[1.705s] Level 1:colcon.colcon_core.package_identification:_identify(xre_chienpanze) by extensions ['colcon_pkg']
[1.705s] Level 1:colcon.colcon_core.package_identification:_identify(xre_chienpanze) by extension 'colcon_pkg'
[1.705s] Level 1:colcon.colcon_core.package_identification:_identify(xre_chienpanze) by extensions ['colcon_meta']
[1.705s] Level 1:colcon.colcon_core.package_identification:_identify(xre_chienpanze) by extension 'colcon_meta'
[1.705s] Level 1:colcon.colcon_core.package_identification:_identify(xre_chienpanze) by extensions ['ros']
[1.706s] Level 1:colcon.colcon_core.package_identification:_identify(xre_chienpanze) by extension 'ros'
[1.706s] Level 1:colcon.colcon_core.package_identification:_identify(xre_chienpanze) by extensions ['cmake', 'python']
[1.706s] Level 1:colcon.colcon_core.package_identification:_identify(xre_chienpanze) by extension 'cmake'
[1.706s] Level 1:colcon.colcon_core.package_identification:_identify(xre_chienpanze) by extension 'python'
[1.707s] Level 1:colcon.colcon_core.package_identification:_identify(xre_chienpanze) by extensions ['python_setup_py']
[1.707s] Level 1:colcon.colcon_core.package_identification:_identify(xre_chienpanze) by extension 'python_setup_py'
[1.707s] Level 1:colcon.colcon_core.package_identification:_identify(xre_chienpanze/build) by extensions ['ignore', 'ignore_ament_install']
[1.708s] Level 1:colcon.colcon_core.package_identification:_identify(xre_chienpanze/build) by extension 'ignore'
[1.708s] Level 1:colcon.colcon_core.package_identification:_identify(xre_chienpanze/build) ignored
[1.709s] Level 1:colcon.colcon_core.package_identification:_identify(xre_chienpanze/install) by extensions ['ignore', 'ignore_ament_install']
[1.709s] Level 1:colcon.colcon_core.package_identification:_identify(xre_chienpanze/install) by extension 'ignore'
[1.709s] Level 1:colcon.colcon_core.package_identification:_identify(xre_chienpanze/install) ignored
[1.710s] Level 1:colcon.colcon_core.package_identification:_identify(xre_chienpanze/log) by extensions ['ignore', 'ignore_ament_install']
[1.711s] Level 1:colcon.colcon_core.package_identification:_identify(xre_chienpanze/log) by extension 'ignore'
[1.711s] Level 1:colcon.colcon_core.package_identification:_identify(xre_chienpanze/log) ignored
[1.712s] Level 1:colcon.colcon_core.package_identification:_identify(xre_chienpanze/src) by extensions ['ignore', 'ignore_ament_install']
[1.712s] Level 1:colcon.colcon_core.package_identification:_identify(xre_chienpanze/src) by extension 'ignore'
[1.713s] Level 1:colcon.colcon_core.package_identification:_identify(xre_chienpanze/src) by extension 'ignore_ament_install'
[1.713s] Level 1:colcon.colcon_core.package_identification:_identify(xre_chienpanze/src) by extensions ['colcon_pkg']
[1.713s] Level 1:colcon.colcon_core.package_identification:_identify(xre_chienpanze/src) by extension 'colcon_pkg'
[1.714s] Level 1:colcon.colcon_core.package_identification:_identify(xre_chienpanze/src) by extensions ['colcon_meta']
[1.714s] Level 1:colcon.colcon_core.package_identification:_identify(xre_chienpanze/src) by extension 'colcon_meta'
[1.714s] Level 1:colcon.colcon_core.package_identification:_identify(xre_chienpanze/src) by extensions ['ros']
[1.714s] Level 1:colcon.colcon_core.package_identification:_identify(xre_chienpanze/src) by extension 'ros'
[1.715s] Level 1:colcon.colcon_core.package_identification:_identify(xre_chienpanze/src) by extensions ['cmake', 'python']
[1.715s] Level 1:colcon.colcon_core.package_identification:_identify(xre_chienpanze/src) by extension 'cmake'
[1.715s] Level 1:colcon.colcon_core.package_identification:_identify(xre_chienpanze/src) by extension 'python'
[1.715s] Level 1:colcon.colcon_core.package_identification:_identify(xre_chienpanze/src) by extensions ['python_setup_py']
[1.715s] Level 1:colcon.colcon_core.package_identification:_identify(xre_chienpanze/src) by extension 'python_setup_py'
[1.716s] Level 1:colcon.colcon_core.package_identification:_identify(xre_chienpanze/src/chienpanze_bringup) by extensions ['ignore', 'ignore_ament_install']
[1.716s] Level 1:colcon.colcon_core.package_identification:_identify(xre_chienpanze/src/chienpanze_bringup) by extension 'ignore'
[1.717s] Level 1:colcon.colcon_core.package_identification:_identify(xre_chienpanze/src/chienpanze_bringup) by extension 'ignore_ament_install'
[1.717s] Level 1:colcon.colcon_core.package_identification:_identify(xre_chienpanze/src/chienpanze_bringup) by extensions ['colcon_pkg']
[1.717s] Level 1:colcon.colcon_core.package_identification:_identify(xre_chienpanze/src/chienpanze_bringup) by extension 'colcon_pkg'
[1.717s] Level 1:colcon.colcon_core.package_identification:_identify(xre_chienpanze/src/chienpanze_bringup) by extensions ['colcon_meta']
[1.717s] Level 1:colcon.colcon_core.package_identification:_identify(xre_chienpanze/src/chienpanze_bringup) by extension 'colcon_meta'
[1.718s] Level 1:colcon.colcon_core.package_identification:_identify(xre_chienpanze/src/chienpanze_bringup) by extensions ['ros']
[1.718s] Level 1:colcon.colcon_core.package_identification:_identify(xre_chienpanze/src/chienpanze_bringup) by extension 'ros'
[1.728s] DEBUG:colcon.colcon_core.package_identification:Package 'xre_chienpanze/src/chienpanze_bringup' with type 'ros.ament_cmake' and name 'chienpanze_bringup'
[1.729s] Level 1:colcon.colcon_core.package_identification:_identify(xre_chienpanze/src/chienpanze_controller_manager) by extensions ['ignore', 'ignore_ament_install']
[1.729s] Level 1:colcon.colcon_core.package_identification:_identify(xre_chienpanze/src/chienpanze_controller_manager) by extension 'ignore'
[1.730s] Level 1:colcon.colcon_core.package_identification:_identify(xre_chienpanze/src/chienpanze_controller_manager) by extension 'ignore_ament_install'
[1.730s] Level 1:colcon.colcon_core.package_identification:_identify(xre_chienpanze/src/chienpanze_controller_manager) by extensions ['colcon_pkg']
[1.730s] Level 1:colcon.colcon_core.package_identification:_identify(xre_chienpanze/src/chienpanze_controller_manager) by extension 'colcon_pkg'
[1.730s] Level 1:colcon.colcon_core.package_identification:_identify(xre_chienpanze/src/chienpanze_controller_manager) by extensions ['colcon_meta']
[1.731s] Level 1:colcon.colcon_core.package_identification:_identify(xre_chienpanze/src/chienpanze_controller_manager) by extension 'colcon_meta'
[1.731s] Level 1:colcon.colcon_core.package_identification:_identify(xre_chienpanze/src/chienpanze_controller_manager) by extensions ['ros']
[1.731s] Level 1:colcon.colcon_core.package_identification:_identify(xre_chienpanze/src/chienpanze_controller_manager) by extension 'ros'
[1.734s] DEBUG:colcon.colcon_core.package_identification:Package 'xre_chienpanze/src/chienpanze_controller_manager' with type 'ros.ament_cmake' and name 'chienpanze_controller_manager'
[1.735s] Level 1:colcon.colcon_core.package_identification:_identify(xre_chienpanze/src/chienpanze_controllers) by extensions ['ignore', 'ignore_ament_install']
[1.735s] Level 1:colcon.colcon_core.package_identification:_identify(xre_chienpanze/src/chienpanze_controllers) by extension 'ignore'
[1.735s] Level 1:colcon.colcon_core.package_identification:_identify(xre_chienpanze/src/chienpanze_controllers) by extension 'ignore_ament_install'
[1.736s] Level 1:colcon.colcon_core.package_identification:_identify(xre_chienpanze/src/chienpanze_controllers) by extensions ['colcon_pkg']
[1.736s] Level 1:colcon.colcon_core.package_identification:_identify(xre_chienpanze/src/chienpanze_controllers) by extension 'colcon_pkg'
[1.736s] Level 1:colcon.colcon_core.package_identification:_identify(xre_chienpanze/src/chienpanze_controllers) by extensions ['colcon_meta']
[1.736s] Level 1:colcon.colcon_core.package_identification:_identify(xre_chienpanze/src/chienpanze_controllers) by extension 'colcon_meta'
[1.736s] Level 1:colcon.colcon_core.package_identification:_identify(xre_chienpanze/src/chienpanze_controllers) by extensions ['ros']
[1.737s] Level 1:colcon.colcon_core.package_identification:_identify(xre_chienpanze/src/chienpanze_controllers) by extension 'ros'
[1.739s] DEBUG:colcon.colcon_core.package_identification:Package 'xre_chienpanze/src/chienpanze_controllers' with type 'ros.ament_cmake' and name 'chienpanze_controller_interface'
[1.740s] Level 1:colcon.colcon_core.package_identification:_identify(xre_chienpanze/src/chienpanze_description) by extensions ['ignore', 'ignore_ament_install']
[1.740s] Level 1:colcon.colcon_core.package_identification:_identify(xre_chienpanze/src/chienpanze_description) by extension 'ignore'
[1.740s] Level 1:colcon.colcon_core.package_identification:_identify(xre_chienpanze/src/chienpanze_description) by extension 'ignore_ament_install'
[1.740s] Level 1:colcon.colcon_core.package_identification:_identify(xre_chienpanze/src/chienpanze_description) by extensions ['colcon_pkg']
[1.741s] Level 1:colcon.colcon_core.package_identification:_identify(xre_chienpanze/src/chienpanze_description) by extension 'colcon_pkg'
[1.741s] Level 1:colcon.colcon_core.package_identification:_identify(xre_chienpanze/src/chienpanze_description) by extensions ['colcon_meta']
[1.741s] Level 1:colcon.colcon_core.package_identification:_identify(xre_chienpanze/src/chienpanze_description) by extension 'colcon_meta'
[1.741s] Level 1:colcon.colcon_core.package_identification:_identify(xre_chienpanze/src/chienpanze_description) by extensions ['ros']
[1.741s] Level 1:colcon.colcon_core.package_identification:_identify(xre_chienpanze/src/chienpanze_description) by extension 'ros'
[1.744s] DEBUG:colcon.colcon_core.package_identification:Package 'xre_chienpanze/src/chienpanze_description' with type 'ros.ament_cmake' and name 'chienpanze_description'
[1.745s] Level 1:colcon.colcon_core.package_identification:_identify(xre_chienpanze/src/chienpanze_hw_interface) by extensions ['ignore', 'ignore_ament_install']
[1.745s] Level 1:colcon.colcon_core.package_identification:_identify(xre_chienpanze/src/chienpanze_hw_interface) by extension 'ignore'
[1.746s] Level 1:colcon.colcon_core.package_identification:_identify(xre_chienpanze/src/chienpanze_hw_interface) by extension 'ignore_ament_install'
[1.746s] Level 1:colcon.colcon_core.package_identification:_identify(xre_chienpanze/src/chienpanze_hw_interface) by extensions ['colcon_pkg']
[1.746s] Level 1:colcon.colcon_core.package_identification:_identify(xre_chienpanze/src/chienpanze_hw_interface) by extension 'colcon_pkg'
[1.746s] Level 1:colcon.colcon_core.package_identification:_identify(xre_chienpanze/src/chienpanze_hw_interface) by extensions ['colcon_meta']
[1.746s] Level 1:colcon.colcon_core.package_identification:_identify(xre_chienpanze/src/chienpanze_hw_interface) by extension 'colcon_meta'
[1.747s] Level 1:colcon.colcon_core.package_identification:_identify(xre_chienpanze/src/chienpanze_hw_interface) by extensions ['ros']
[1.747s] Level 1:colcon.colcon_core.package_identification:_identify(xre_chienpanze/src/chienpanze_hw_interface) by extension 'ros'
[1.749s] DEBUG:colcon.colcon_core.package_identification:Package 'xre_chienpanze/src/chienpanze_hw_interface' with type 'ros.ament_cmake' and name 'chienpanze_hw_interface'
[1.749s] Level 1:colcon.colcon_core.package_discovery:discover_packages(recursive) using defaults
[1.750s] Level 1:colcon.colcon_core.package_discovery:discover_packages(ignore) discover
[1.750s] Level 1:colcon.colcon_core.package_discovery:discover_packages(ignore) using defaults
[1.750s] Level 1:colcon.colcon_core.package_discovery:discover_packages(path) discover
[1.750s] Level 1:colcon.colcon_core.package_discovery:discover_packages(path) using defaults
[1.886s] Level 1:colcon.colcon_core.package_discovery:discover_packages(prefix_path) check parameters
[1.887s] Level 1:colcon.colcon_core.package_discovery:discover_packages(prefix_path) discover
[1.900s] DEBUG:colcon.colcon_installed_package_information.package_discovery:Found 6 installed packages in /home/xplore/chienpanze/xre-legged-dog/install
[1.911s] DEBUG:colcon.colcon_installed_package_information.package_discovery:Found 311 installed packages in /opt/ros/humble
[1.920s] Level 1:colcon.colcon_core.package_discovery:discover_packages(prefix_path) using defaults
[2.156s] Level 5:colcon.colcon_core.verb:set package 'chienpanze_controller_interface' build argument 'cmake_args' from command line to 'None'
[2.156s] Level 5:colcon.colcon_core.verb:set package 'chienpanze_controller_interface' build argument 'cmake_target' from command line to 'None'
[2.156s] Level 5:colcon.colcon_core.verb:set package 'chienpanze_controller_interface' build argument 'cmake_target_skip_unavailable' from command line to 'False'
[2.156s] Level 5:colcon.colcon_core.verb:set package 'chienpanze_controller_interface' build argument 'cmake_clean_cache' from command line to 'False'
[2.157s] Level 5:colcon.colcon_core.verb:set package 'chienpanze_controller_interface' build argument 'cmake_clean_first' from command line to 'False'
[2.157s] Level 5:colcon.colcon_core.verb:set package 'chienpanze_controller_interface' build argument 'cmake_force_configure' from command line to 'False'
[2.157s] Level 5:colcon.colcon_core.verb:set package 'chienpanze_controller_interface' build argument 'ament_cmake_args' from command line to 'None'
[2.157s] Level 5:colcon.colcon_core.verb:set package 'chienpanze_controller_interface' build argument 'catkin_cmake_args' from command line to 'None'
[2.157s] Level 5:colcon.colcon_core.verb:set package 'chienpanze_controller_interface' build argument 'catkin_skip_building_tests' from command line to 'False'
[2.157s] DEBUG:colcon.colcon_core.verb:Building package 'chienpanze_controller_interface' with the following arguments: {'ament_cmake_args': None, 'build_base': '/home/xplore/chienpanze/xre-legged-dog/build/chienpanze_controller_interface', 'catkin_cmake_args': None, 'catkin_skip_building_tests': False, 'cmake_args': None, 'cmake_clean_cache': False, 'cmake_clean_first': False, 'cmake_force_configure': False, 'cmake_target': None, 'cmake_target_skip_unavailable': False, 'install_base': '/home/xplore/chienpanze/xre-legged-dog/install/chienpanze_controller_interface', 'merge_install': False, 'path': '/home/xplore/chienpanze/xre-legged-dog/xre_chienpanze/src/chienpanze_controllers', 'symlink_install': False, 'test_result_base': None}
[2.159s] Level 5:colcon.colcon_core.verb:set package 'chienpanze_controller_manager' build argument 'cmake_args' from command line to 'None'
[2.159s] Level 5:colcon.colcon_core.verb:set package 'chienpanze_controller_manager' build argument 'cmake_target' from command line to 'None'
[2.159s] Level 5:colcon.colcon_core.verb:set package 'chienpanze_controller_manager' build argument 'cmake_target_skip_unavailable' from command line to 'False'
[2.159s] Level 5:colcon.colcon_core.verb:set package 'chienpanze_controller_manager' build argument 'cmake_clean_cache' from command line to 'False'
[2.160s] Level 5:colcon.colcon_core.verb:set package 'chienpanze_controller_manager' build argument 'cmake_clean_first' from command line to 'False'
[2.160s] Level 5:colcon.colcon_core.verb:set package 'chienpanze_controller_manager' build argument 'cmake_force_configure' from command line to 'False'
[2.160s] Level 5:colcon.colcon_core.verb:set package 'chienpanze_controller_manager' build argument 'ament_cmake_args' from command line to 'None'
[2.160s] Level 5:colcon.colcon_core.verb:set package 'chienpanze_controller_manager' build argument 'catkin_cmake_args' from command line to 'None'
[2.160s] Level 5:colcon.colcon_core.verb:set package 'chienpanze_controller_manager' build argument 'catkin_skip_building_tests' from command line to 'False'
[2.160s] DEBUG:colcon.colcon_core.verb:Building package 'chienpanze_controller_manager' with the following arguments: {'ament_cmake_args': None, 'build_base': '/home/xplore/chienpanze/xre-legged-dog/build/chienpanze_controller_manager', 'catkin_cmake_args': None, 'catkin_skip_building_tests': False, 'cmake_args': None, 'cmake_clean_cache': False, 'cmake_clean_first': False, 'cmake_force_configure': False, 'cmake_target': None, 'cmake_target_skip_unavailable': False, 'install_base': '/home/xplore/chienpanze/xre-legged-dog/install/chienpanze_controller_manager', 'merge_install': False, 'path': '/home/xplore/chienpanze/xre-legged-dog/xre_chienpanze/src/chienpanze_controller_manager', 'symlink_install': False, 'test_result_base': None}
[2.162s] Level 5:colcon.colcon_core.verb:set package 'chienpanze_description' build argument 'cmake_args' from command line to 'None'
[2.162s] Level 5:colcon.colcon_core.verb:set package 'chienpanze_description' build argument 'cmake_target' from command line to 'None'
[2.162s] Level 5:colcon.colcon_core.verb:set package 'chienpanze_description' build argument 'cmake_target_skip_unavailable' from command line to 'False'
[2.162s] Level 5:colcon.colcon_core.verb:set package 'chienpanze_description' build argument 'cmake_clean_cache' from command line to 'False'
[2.163s] Level 5:colcon.colcon_core.verb:set package 'chienpanze_description' build argument 'cmake_clean_first' from command line to 'False'
[2.163s] Level 5:colcon.colcon_core.verb:set package 'chienpanze_description' build argument 'cmake_force_configure' from command line to 'False'
[2.163s] Level 5:colcon.colcon_core.verb:set package 'chienpanze_description' build argument 'ament_cmake_args' from command line to 'None'
[2.163s] Level 5:colcon.colcon_core.verb:set package 'chienpanze_description' build argument 'catkin_cmake_args' from command line to 'None'
[2.163s] Level 5:colcon.colcon_core.verb:set package 'chienpanze_description' build argument 'catkin_skip_building_tests' from command line to 'False'
[2.163s] DEBUG:colcon.colcon_core.verb:Building package 'chienpanze_description' with the following arguments: {'ament_cmake_args': None, 'build_base': '/home/xplore/chienpanze/xre-legged-dog/build/chienpanze_description', 'catkin_cmake_args': None, 'catkin_skip_building_tests': False, 'cmake_args': None, 'cmake_clean_cache': False, 'cmake_clean_first': False, 'cmake_force_configure': False, 'cmake_target': None, 'cmake_target_skip_unavailable': False, 'install_base': '/home/xplore/chienpanze/xre-legged-dog/install/chienpanze_description', 'merge_install': False, 'path': '/home/xplore/chienpanze/xre-legged-dog/xre_chienpanze/src/chienpanze_description', 'symlink_install': False, 'test_result_base': None}
[2.165s] Level 5:colcon.colcon_core.verb:set package 'chienpanze_hw_interface' build argument 'cmake_args' from command line to 'None'
[2.165s] Level 5:colcon.colcon_core.verb:set package 'chienpanze_hw_interface' build argument 'cmake_target' from command line to 'None'
[2.165s] Level 5:colcon.colcon_core.verb:set package 'chienpanze_hw_interface' build argument 'cmake_target_skip_unavailable' from command line to 'False'
[2.165s] Level 5:colcon.colcon_core.verb:set package 'chienpanze_hw_interface' build argument 'cmake_clean_cache' from command line to 'False'
[2.165s] Level 5:colcon.colcon_core.verb:set package 'chienpanze_hw_interface' build argument 'cmake_clean_first' from command line to 'False'
[2.166s] Level 5:colcon.colcon_core.verb:set package 'chienpanze_hw_interface' build argument 'cmake_force_configure' from command line to 'False'
[2.166s] Level 5:colcon.colcon_core.verb:set package 'chienpanze_hw_interface' build argument 'ament_cmake_args' from command line to 'None'
[2.166s] Level 5:colcon.colcon_core.verb:set package 'chienpanze_hw_interface' build argument 'catkin_cmake_args' from command line to 'None'
[2.166s] Level 5:colcon.colcon_core.verb:set package 'chienpanze_hw_interface' build argument 'catkin_skip_building_tests' from command line to 'False'
[2.166s] DEBUG:colcon.colcon_core.verb:Building package 'chienpanze_hw_interface' with the following arguments: {'ament_cmake_args': None, 'build_base': '/home/xplore/chienpanze/xre-legged-dog/build/chienpanze_hw_interface', 'catkin_cmake_args': None, 'catkin_skip_building_tests': False, 'cmake_args': None, 'cmake_clean_cache': False, 'cmake_clean_first': False, 'cmake_force_configure': False, 'cmake_target': None, 'cmake_target_skip_unavailable': False, 'install_base': '/home/xplore/chienpanze/xre-legged-dog/install/chienpanze_hw_interface', 'merge_install': False, 'path': '/home/xplore/chienpanze/xre-legged-dog/xre_chienpanze/src/chienpanze_hw_interface', 'symlink_install': False, 'test_result_base': None}
[2.168s] Level 5:colcon.colcon_core.verb:set package 'chienpanze_bringup' build argument 'cmake_args' from command line to 'None'
[2.168s] Level 5:colcon.colcon_core.verb:set package 'chienpanze_bringup' build argument 'cmake_target' from command line to 'None'
[2.168s] Level 5:colcon.colcon_core.verb:set package 'chienpanze_bringup' build argument 'cmake_target_skip_unavailable' from command line to 'False'
[2.168s] Level 5:colcon.colcon_core.verb:set package 'chienpanze_bringup' build argument 'cmake_clean_cache' from command line to 'False'
[2.168s] Level 5:colcon.colcon_core.verb:set package 'chienpanze_bringup' build argument 'cmake_clean_first' from command line to 'False'
[2.168s] Level 5:colcon.colcon_core.verb:set package 'chienpanze_bringup' build argument 'cmake_force_configure' from command line to 'False'
[2.169s] Level 5:colcon.colcon_core.verb:set package 'chienpanze_bringup' build argument 'ament_cmake_args' from command line to 'None'
[2.169s] Level 5:colcon.colcon_core.verb:set package 'chienpanze_bringup' build argument 'catkin_cmake_args' from command line to 'None'
[2.169s] Level 5:colcon.colcon_core.verb:set package 'chienpanze_bringup' build argument 'catkin_skip_building_tests' from command line to 'False'
[2.169s] DEBUG:colcon.colcon_core.verb:Building package 'chienpanze_bringup' with the following arguments: {'ament_cmake_args': None, 'build_base': '/home/xplore/chienpanze/xre-legged-dog/build/chienpanze_bringup', 'catkin_cmake_args': None, 'catkin_skip_building_tests': False, 'cmake_args': None, 'cmake_clean_cache': False, 'cmake_clean_first': False, 'cmake_force_configure': False, 'cmake_target': None, 'cmake_target_skip_unavailable': False, 'install_base': '/home/xplore/chienpanze/xre-legged-dog/install/chienpanze_bringup', 'merge_install': False, 'path': '/home/xplore/chienpanze/xre-legged-dog/xre_chienpanze/src/chienpanze_bringup', 'symlink_install': False, 'test_result_base': None}
[2.170s] INFO:colcon.colcon_core.executor:Executing jobs using 'parallel' executor
[2.173s] DEBUG:colcon.colcon_parallel_executor.executor.parallel:run_until_complete
[2.175s] INFO:colcon.colcon_ros.task.ament_cmake.build:Building ROS package in '/home/xplore/chienpanze/xre-legged-dog/xre_chienpanze/src/chienpanze_description' with build type 'ament_cmake'
[2.176s] INFO:colcon.colcon_cmake.task.cmake.build:Building CMake package in '/home/xplore/chienpanze/xre-legged-dog/xre_chienpanze/src/chienpanze_description'
[2.186s] INFO:colcon.colcon_core.plugin_system:Skipping extension 'colcon_core.shell.bat': Not used on non-Windows systems
[2.188s] INFO:colcon.colcon_core.shell:Skip shell extension 'powershell' for command environment: Not usable outside of PowerShell
[2.188s] DEBUG:colcon.colcon_core.shell:Skip shell extension 'dsv' for command environment
[2.221s] INFO:colcon.colcon_ros.task.ament_cmake.build:Building ROS package in '/home/xplore/chienpanze/xre-legged-dog/xre_chienpanze/src/chienpanze_controllers' with build type 'ament_cmake'
[2.222s] INFO:colcon.colcon_cmake.task.cmake.build:Building CMake package in '/home/xplore/chienpanze/xre-legged-dog/xre_chienpanze/src/chienpanze_controllers'
[2.224s] INFO:colcon.colcon_core.shell:Skip shell extension 'powershell' for command environment: Not usable outside of PowerShell
[2.224s] DEBUG:colcon.colcon_core.shell:Skip shell extension 'dsv' for command environment
[2.259s] INFO:colcon.colcon_ros.task.ament_cmake.build:Building ROS package in '/home/xplore/chienpanze/xre-legged-dog/xre_chienpanze/src/chienpanze_controller_manager' with build type 'ament_cmake'
[2.259s] INFO:colcon.colcon_cmake.task.cmake.build:Building CMake package in '/home/xplore/chienpanze/xre-legged-dog/xre_chienpanze/src/chienpanze_controller_manager'
[2.263s] INFO:colcon.colcon_core.shell:Skip shell extension 'powershell' for command environment: Not usable outside of PowerShell
[2.263s] DEBUG:colcon.colcon_core.shell:Skip shell extension 'dsv' for command environment
[2.307s] INFO:colcon.colcon_ros.task.ament_cmake.build:Building ROS package in '/home/xplore/chienpanze/xre-legged-dog/xre_chienpanze/src/chienpanze_hw_interface' with build type 'ament_cmake'
[2.308s] INFO:colcon.colcon_cmake.task.cmake.build:Building CMake package in '/home/xplore/chienpanze/xre-legged-dog/xre_chienpanze/src/chienpanze_hw_interface'
[2.310s] INFO:colcon.colcon_core.shell:Skip shell extension 'powershell' for command environment: Not usable outside of PowerShell
[2.311s] DEBUG:colcon.colcon_core.shell:Skip shell extension 'dsv' for command environment
[2.407s] DEBUG:colcon.colcon_core.event_handler.log_command:Invoking command in '/home/xplore/chienpanze/xre-legged-dog/build/chienpanze_description': CMAKE_PREFIX_PATH=${CMAKE_PREFIX_PATH}:/opt/ros/humble /usr/bin/cmake --build /home/xplore/chienpanze/xre-legged-dog/build/chienpanze_description -- -j4 -l4
[2.476s] DEBUG:colcon.colcon_core.event_handler.log_command:Invoking command in '/home/xplore/chienpanze/xre-legged-dog/build/chienpanze_controller_interface': CMAKE_PREFIX_PATH=${CMAKE_PREFIX_PATH}:/opt/ros/humble /usr/bin/cmake --build /home/xplore/chienpanze/xre-legged-dog/build/chienpanze_controller_interface -- -j4 -l4
[2.519s] DEBUG:colcon.colcon_core.event_handler.log_command:Invoking command in '/home/xplore/chienpanze/xre-legged-dog/build/chienpanze_controller_manager': CMAKE_PREFIX_PATH=${CMAKE_PREFIX_PATH}:/opt/ros/humble /usr/bin/cmake --build /home/xplore/chienpanze/xre-legged-dog/build/chienpanze_controller_manager -- -j4 -l4
[2.568s] DEBUG:colcon.colcon_core.event_handler.log_command:Invoking command in '/home/xplore/chienpanze/xre-legged-dog/build/chienpanze_hw_interface': CMAKE_PREFIX_PATH=${CMAKE_PREFIX_PATH}:/opt/ros/humble /usr/bin/cmake --build /home/xplore/chienpanze/xre-legged-dog/build/chienpanze_hw_interface -- -j4 -l4
[2.854s] DEBUG:colcon.colcon_core.event_handler.log_command:Invoked command in '/home/xplore/chienpanze/xre-legged-dog/build/chienpanze_description' returned '0': CMAKE_PREFIX_PATH=${CMAKE_PREFIX_PATH}:/opt/ros/humble /usr/bin/cmake --build /home/xplore/chienpanze/xre-legged-dog/build/chienpanze_description -- -j4 -l4
[2.990s] DEBUG:colcon.colcon_core.event_handler.log_command:Invoked command in '/home/xplore/chienpanze/xre-legged-dog/build/chienpanze_controller_manager' returned '0': CMAKE_PREFIX_PATH=${CMAKE_PREFIX_PATH}:/opt/ros/humble /usr/bin/cmake --build /home/xplore/chienpanze/xre-legged-dog/build/chienpanze_controller_manager -- -j4 -l4
[3.266s] DEBUG:colcon.colcon_core.event_handler.log_command:Invoking command in '/home/xplore/chienpanze/xre-legged-dog/build/chienpanze_description': CMAKE_PREFIX_PATH=${CMAKE_PREFIX_PATH}:/opt/ros/humble /usr/bin/cmake --install /home/xplore/chienpanze/xre-legged-dog/build/chienpanze_description
[3.300s] DEBUG:colcon.colcon_core.event_handler.log_command:Invoking command in '/home/xplore/chienpanze/xre-legged-dog/build/chienpanze_controller_manager': CMAKE_PREFIX_PATH=${CMAKE_PREFIX_PATH}:/opt/ros/humble /usr/bin/cmake --install /home/xplore/chienpanze/xre-legged-dog/build/chienpanze_controller_manager
[3.313s] DEBUG:colcon.colcon_core.event_handler.log_command:Invoked command in '/home/xplore/chienpanze/xre-legged-dog/build/chienpanze_controller_interface' returned '0': CMAKE_PREFIX_PATH=${CMAKE_PREFIX_PATH}:/opt/ros/humble /usr/bin/cmake --build /home/xplore/chienpanze/xre-legged-dog/build/chienpanze_controller_interface -- -j4 -l4
[3.438s] DEBUG:colcon.colcon_core.event_handler.log_command:Invoked command in '/home/xplore/chienpanze/xre-legged-dog/build/chienpanze_hw_interface' returned '0': CMAKE_PREFIX_PATH=${CMAKE_PREFIX_PATH}:/opt/ros/humble /usr/bin/cmake --build /home/xplore/chienpanze/xre-legged-dog/build/chienpanze_hw_interface -- -j4 -l4
[3.457s] Level 1:colcon.colcon_core.environment:create_environment_scripts_only(chienpanze_controller_manager)
[3.467s] DEBUG:colcon.colcon_core.event_handler.log_command:Invoked command in '/home/xplore/chienpanze/xre-legged-dog/build/chienpanze_controller_manager' returned '0': CMAKE_PREFIX_PATH=${CMAKE_PREFIX_PATH}:/opt/ros/humble /usr/bin/cmake --install /home/xplore/chienpanze/xre-legged-dog/build/chienpanze_controller_manager
[3.513s] Level 1:colcon.colcon_core.environment:checking '/home/xplore/chienpanze/xre-legged-dog/install/chienpanze_controller_manager' for CMake module files
[3.521s] Level 1:colcon.colcon_core.environment:checking '/home/xplore/chienpanze/xre-legged-dog/install/chienpanze_controller_manager' for CMake config files
[3.530s] Level 1:colcon.colcon_core.shell:create_environment_hook('chienpanze_controller_manager', 'cmake_prefix_path')
[3.532s] INFO:colcon.colcon_core.shell:Creating environment hook '/home/xplore/chienpanze/xre-legged-dog/install/chienpanze_controller_manager/share/chienpanze_controller_manager/hook/cmake_prefix_path.ps1'
[3.535s] INFO:colcon.colcon_core.shell:Creating environment descriptor '/home/xplore/chienpanze/xre-legged-dog/install/chienpanze_controller_manager/share/chienpanze_controller_manager/hook/cmake_prefix_path.dsv'
[3.538s] INFO:colcon.colcon_core.shell:Creating environment hook '/home/xplore/chienpanze/xre-legged-dog/install/chienpanze_controller_manager/share/chienpanze_controller_manager/hook/cmake_prefix_path.sh'
[3.546s] Level 1:colcon.colcon_core.environment:checking '/home/xplore/chienpanze/xre-legged-dog/install/chienpanze_controller_manager/bin'
[3.547s] Level 1:colcon.colcon_core.environment:checking '/home/xplore/chienpanze/xre-legged-dog/install/chienpanze_controller_manager/lib/pkgconfig/chienpanze_controller_manager.pc'
[3.548s] Level 1:colcon.colcon_core.environment:checking '/home/xplore/chienpanze/xre-legged-dog/install/chienpanze_controller_manager/lib/python3.10/site-packages'
[3.550s] Level 1:colcon.colcon_core.environment:checking '/home/xplore/chienpanze/xre-legged-dog/install/chienpanze_controller_manager/bin'
[3.552s] INFO:colcon.colcon_core.shell:Creating package script '/home/xplore/chienpanze/xre-legged-dog/install/chienpanze_controller_manager/share/chienpanze_controller_manager/package.ps1'
[3.558s] INFO:colcon.colcon_core.shell:Creating package descriptor '/home/xplore/chienpanze/xre-legged-dog/install/chienpanze_controller_manager/share/chienpanze_controller_manager/package.dsv'
[3.562s] INFO:colcon.colcon_core.shell:Creating package script '/home/xplore/chienpanze/xre-legged-dog/install/chienpanze_controller_manager/share/chienpanze_controller_manager/package.sh'
[3.567s] INFO:colcon.colcon_core.shell:Creating package script '/home/xplore/chienpanze/xre-legged-dog/install/chienpanze_controller_manager/share/chienpanze_controller_manager/package.bash'
[3.572s] INFO:colcon.colcon_core.shell:Creating package script '/home/xplore/chienpanze/xre-legged-dog/install/chienpanze_controller_manager/share/chienpanze_controller_manager/package.zsh'
[3.577s] Level 1:colcon.colcon_core.environment:create_file_with_runtime_dependencies(/home/xplore/chienpanze/xre-legged-dog/install/chienpanze_controller_manager/share/colcon-core/packages/chienpanze_controller_manager)
[3.607s] Level 1:colcon.colcon_core.environment:create_environment_scripts_only(chienpanze_description)
[3.608s] Level 1:colcon.colcon_core.environment:checking '/home/xplore/chienpanze/xre-legged-dog/install/chienpanze_description' for CMake module files
[3.620s] Level 1:colcon.colcon_core.environment:checking '/home/xplore/chienpanze/xre-legged-dog/install/chienpanze_description' for CMake config files
[3.622s] DEBUG:colcon.colcon_core.event_handler.log_command:Invoked command in '/home/xplore/chienpanze/xre-legged-dog/build/chienpanze_description' returned '0': CMAKE_PREFIX_PATH=${CMAKE_PREFIX_PATH}:/opt/ros/humble /usr/bin/cmake --install /home/xplore/chienpanze/xre-legged-dog/build/chienpanze_description
[3.642s] Level 1:colcon.colcon_core.shell:create_environment_hook('chienpanze_description', 'cmake_prefix_path')
[3.647s] INFO:colcon.colcon_core.shell:Creating environment hook '/home/xplore/chienpanze/xre-legged-dog/install/chienpanze_description/share/chienpanze_description/hook/cmake_prefix_path.ps1'
[3.655s] INFO:colcon.colcon_core.shell:Creating environment descriptor '/home/xplore/chienpanze/xre-legged-dog/install/chienpanze_description/share/chienpanze_description/hook/cmake_prefix_path.dsv'
[3.662s] INFO:colcon.colcon_core.shell:Creating environment hook '/home/xplore/chienpanze/xre-legged-dog/install/chienpanze_description/share/chienpanze_description/hook/cmake_prefix_path.sh'
[3.670s] Level 1:colcon.colcon_core.environment:checking '/home/xplore/chienpanze/xre-legged-dog/install/chienpanze_description/bin'
[3.670s] Level 1:colcon.colcon_core.environment:checking '/home/xplore/chienpanze/xre-legged-dog/install/chienpanze_description/lib/pkgconfig/chienpanze_description.pc'
[3.675s] Level 1:colcon.colcon_core.environment:checking '/home/xplore/chienpanze/xre-legged-dog/install/chienpanze_description/lib/python3.10/site-packages'
[3.677s] Level 1:colcon.colcon_core.environment:checking '/home/xplore/chienpanze/xre-legged-dog/install/chienpanze_description/bin'
[3.683s] INFO:colcon.colcon_core.shell:Creating package script '/home/xplore/chienpanze/xre-legged-dog/install/chienpanze_description/share/chienpanze_description/package.ps1'
[3.691s] INFO:colcon.colcon_core.shell:Creating package descriptor '/home/xplore/chienpanze/xre-legged-dog/install/chienpanze_description/share/chienpanze_description/package.dsv'
[3.699s] INFO:colcon.colcon_core.shell:Creating package script '/home/xplore/chienpanze/xre-legged-dog/install/chienpanze_description/share/chienpanze_description/package.sh'
[3.703s] INFO:colcon.colcon_core.shell:Creating package script '/home/xplore/chienpanze/xre-legged-dog/install/chienpanze_description/share/chienpanze_description/package.bash'
[3.707s] INFO:colcon.colcon_core.shell:Creating package script '/home/xplore/chienpanze/xre-legged-dog/install/chienpanze_description/share/chienpanze_description/package.zsh'
[3.713s] Level 1:colcon.colcon_core.environment:create_file_with_runtime_dependencies(/home/xplore/chienpanze/xre-legged-dog/install/chienpanze_description/share/colcon-core/packages/chienpanze_description)
[3.744s] DEBUG:colcon.colcon_core.event_handler.log_command:Invoking command in '/home/xplore/chienpanze/xre-legged-dog/build/chienpanze_hw_interface': CMAKE_PREFIX_PATH=${CMAKE_PREFIX_PATH}:/opt/ros/humble /usr/bin/cmake --install /home/xplore/chienpanze/xre-legged-dog/build/chienpanze_hw_interface
[3.774s] DEBUG:colcon.colcon_core.event_handler.log_command:Invoking command in '/home/xplore/chienpanze/xre-legged-dog/build/chienpanze_controller_interface': CMAKE_PREFIX_PATH=${CMAKE_PREFIX_PATH}:/opt/ros/humble /usr/bin/cmake --install /home/xplore/chienpanze/xre-legged-dog/build/chienpanze_controller_interface
[3.899s] Level 1:colcon.colcon_core.environment:create_environment_scripts_only(chienpanze_controller_manager)
[3.901s] Level 1:colcon.colcon_core.environment:checking '/home/xplore/chienpanze/xre-legged-dog/install/chienpanze_controller_manager' for CMake module files
[3.922s] Level 1:colcon.colcon_core.environment:checking '/home/xplore/chienpanze/xre-legged-dog/install/chienpanze_controller_manager' for CMake config files
[3.937s] Level 1:colcon.colcon_core.shell:create_environment_hook('chienpanze_controller_manager', 'cmake_prefix_path')
[3.939s] INFO:colcon.colcon_core.shell:Creating environment hook '/home/xplore/chienpanze/xre-legged-dog/install/chienpanze_controller_manager/share/chienpanze_controller_manager/hook/cmake_prefix_path.ps1'
[3.947s] INFO:colcon.colcon_core.shell:Creating environment descriptor '/home/xplore/chienpanze/xre-legged-dog/install/chienpanze_controller_manager/share/chienpanze_controller_manager/hook/cmake_prefix_path.dsv'
[3.951s] INFO:colcon.colcon_core.shell:Creating environment hook '/home/xplore/chienpanze/xre-legged-dog/install/chienpanze_controller_manager/share/chienpanze_controller_manager/hook/cmake_prefix_path.sh'
[3.956s] Level 1:colcon.colcon_core.environment:checking '/home/xplore/chienpanze/xre-legged-dog/install/chienpanze_controller_manager/bin'
[3.956s] Level 1:colcon.colcon_core.environment:checking '/home/xplore/chienpanze/xre-legged-dog/install/chienpanze_controller_manager/lib/pkgconfig/chienpanze_controller_manager.pc'
[3.958s] Level 1:colcon.colcon_core.environment:checking '/home/xplore/chienpanze/xre-legged-dog/install/chienpanze_controller_manager/lib/python3.10/site-packages'
[3.959s] Level 1:colcon.colcon_core.environment:checking '/home/xplore/chienpanze/xre-legged-dog/install/chienpanze_controller_manager/bin'
[3.961s] INFO:colcon.colcon_core.shell:Creating package script '/home/xplore/chienpanze/xre-legged-dog/install/chienpanze_controller_manager/share/chienpanze_controller_manager/package.ps1'
[3.965s] INFO:colcon.colcon_core.shell:Creating package descriptor '/home/xplore/chienpanze/xre-legged-dog/install/chienpanze_controller_manager/share/chienpanze_controller_manager/package.dsv'
[3.982s] INFO:colcon.colcon_core.shell:Creating package script '/home/xplore/chienpanze/xre-legged-dog/install/chienpanze_controller_manager/share/chienpanze_controller_manager/package.sh'
[3.987s] INFO:colcon.colcon_core.shell:Creating package script '/home/xplore/chienpanze/xre-legged-dog/install/chienpanze_controller_manager/share/chienpanze_controller_manager/package.bash'
[3.994s] INFO:colcon.colcon_core.shell:Creating package script '/home/xplore/chienpanze/xre-legged-dog/install/chienpanze_controller_manager/share/chienpanze_controller_manager/package.zsh'
[3.998s] Level 1:colcon.colcon_core.environment:create_file_with_runtime_dependencies(/home/xplore/chienpanze/xre-legged-dog/install/chienpanze_controller_manager/share/colcon-core/packages/chienpanze_controller_manager)
[4.006s] Level 1:colcon.colcon_core.environment:create_environment_scripts_only(chienpanze_description)
[4.008s] Level 1:colcon.colcon_core.environment:checking '/home/xplore/chienpanze/xre-legged-dog/install/chienpanze_description' for CMake module files
[4.013s] Level 1:colcon.colcon_core.environment:checking '/home/xplore/chienpanze/xre-legged-dog/install/chienpanze_description' for CMake config files
[4.027s] Level 1:colcon.colcon_core.shell:create_environment_hook('chienpanze_description', 'cmake_prefix_path')
[4.030s] INFO:colcon.colcon_core.shell:Creating environment hook '/home/xplore/chienpanze/xre-legged-dog/install/chienpanze_description/share/chienpanze_description/hook/cmake_prefix_path.ps1'
[4.038s] INFO:colcon.colcon_core.shell:Creating environment descriptor '/home/xplore/chienpanze/xre-legged-dog/install/chienpanze_description/share/chienpanze_description/hook/cmake_prefix_path.dsv'
[4.044s] INFO:colcon.colcon_core.shell:Creating environment hook '/home/xplore/chienpanze/xre-legged-dog/install/chienpanze_description/share/chienpanze_description/hook/cmake_prefix_path.sh'
[4.054s] Level 1:colcon.colcon_core.environment:checking '/home/xplore/chienpanze/xre-legged-dog/install/chienpanze_description/bin'
[4.055s] Level 1:colcon.colcon_core.environment:checking '/home/xplore/chienpanze/xre-legged-dog/install/chienpanze_description/lib/pkgconfig/chienpanze_description.pc'
[4.056s] Level 1:colcon.colcon_core.environment:checking '/home/xplore/chienpanze/xre-legged-dog/install/chienpanze_description/lib/python3.10/site-packages'
[4.057s] Level 1:colcon.colcon_core.environment:checking '/home/xplore/chienpanze/xre-legged-dog/install/chienpanze_description/bin'
[4.059s] INFO:colcon.colcon_core.shell:Creating package script '/home/xplore/chienpanze/xre-legged-dog/install/chienpanze_description/share/chienpanze_description/package.ps1'
[4.062s] INFO:colcon.colcon_core.shell:Creating package descriptor '/home/xplore/chienpanze/xre-legged-dog/install/chienpanze_description/share/chienpanze_description/package.dsv'
[4.066s] INFO:colcon.colcon_core.shell:Creating package script '/home/xplore/chienpanze/xre-legged-dog/install/chienpanze_description/share/chienpanze_description/package.sh'
[4.069s] INFO:colcon.colcon_core.shell:Creating package script '/home/xplore/chienpanze/xre-legged-dog/install/chienpanze_description/share/chienpanze_description/package.bash'
[4.072s] INFO:colcon.colcon_core.shell:Creating package script '/home/xplore/chienpanze/xre-legged-dog/install/chienpanze_description/share/chienpanze_description/package.zsh'
[4.075s] Level 1:colcon.colcon_core.environment:create_file_with_runtime_dependencies(/home/xplore/chienpanze/xre-legged-dog/install/chienpanze_description/share/colcon-core/packages/chienpanze_description)
[4.078s] INFO:colcon.colcon_ros.task.ament_cmake.build:Building ROS package in '/home/xplore/chienpanze/xre-legged-dog/xre_chienpanze/src/chienpanze_bringup' with build type 'ament_cmake'
[4.079s] INFO:colcon.colcon_cmake.task.cmake.build:Building CMake package in '/home/xplore/chienpanze/xre-legged-dog/xre_chienpanze/src/chienpanze_bringup'
[4.080s] INFO:colcon.colcon_core.shell:Skip shell extension 'powershell' for command environment: Not usable outside of PowerShell
[4.081s] DEBUG:colcon.colcon_core.shell:Skip shell extension 'dsv' for command environment
[4.118s] Level 1:colcon.colcon_core.environment:create_environment_scripts_only(chienpanze_hw_interface)
[4.120s] Level 1:colcon.colcon_core.environment:checking '/home/xplore/chienpanze/xre-legged-dog/install/chienpanze_hw_interface' for CMake module files
[4.125s] DEBUG:colcon.colcon_core.event_handler.log_command:Invoked command in '/home/xplore/chienpanze/xre-legged-dog/build/chienpanze_hw_interface' returned '0': CMAKE_PREFIX_PATH=${CMAKE_PREFIX_PATH}:/opt/ros/humble /usr/bin/cmake --install /home/xplore/chienpanze/xre-legged-dog/build/chienpanze_hw_interface
[4.128s] Level 1:colcon.colcon_core.environment:checking '/home/xplore/chienpanze/xre-legged-dog/install/chienpanze_hw_interface' for CMake config files
[4.135s] Level 1:colcon.colcon_core.shell:create_environment_hook('chienpanze_hw_interface', 'cmake_prefix_path')
[4.136s] INFO:colcon.colcon_core.shell:Creating environment hook '/home/xplore/chienpanze/xre-legged-dog/install/chienpanze_hw_interface/share/chienpanze_hw_interface/hook/cmake_prefix_path.ps1'
[4.140s] INFO:colcon.colcon_core.shell:Creating environment descriptor '/home/xplore/chienpanze/xre-legged-dog/install/chienpanze_hw_interface/share/chienpanze_hw_interface/hook/cmake_prefix_path.dsv'
[4.143s] INFO:colcon.colcon_core.shell:Creating environment hook '/home/xplore/chienpanze/xre-legged-dog/install/chienpanze_hw_interface/share/chienpanze_hw_interface/hook/cmake_prefix_path.sh'
[4.148s] Level 1:colcon.colcon_core.environment:checking '/home/xplore/chienpanze/xre-legged-dog/install/chienpanze_hw_interface/lib'
[4.154s] Level 1:colcon.colcon_core.shell:create_environment_hook('chienpanze_hw_interface', 'ld_library_path_lib')
[4.156s] INFO:colcon.colcon_core.shell:Creating environment hook '/home/xplore/chienpanze/xre-legged-dog/install/chienpanze_hw_interface/share/chienpanze_hw_interface/hook/ld_library_path_lib.ps1'
[4.159s] INFO:colcon.colcon_core.shell:Creating environment descriptor '/home/xplore/chienpanze/xre-legged-dog/install/chienpanze_hw_interface/share/chienpanze_hw_interface/hook/ld_library_path_lib.dsv'
[4.162s] INFO:colcon.colcon_core.shell:Creating environment hook '/home/xplore/chienpanze/xre-legged-dog/install/chienpanze_hw_interface/share/chienpanze_hw_interface/hook/ld_library_path_lib.sh'
[4.165s] Level 1:colcon.colcon_core.environment:checking '/home/xplore/chienpanze/xre-legged-dog/install/chienpanze_hw_interface/bin'
[4.166s] Level 1:colcon.colcon_core.environment:checking '/home/xplore/chienpanze/xre-legged-dog/install/chienpanze_hw_interface/lib/pkgconfig/chienpanze_hw_interface.pc'
[4.167s] Level 1:colcon.colcon_core.environment:checking '/home/xplore/chienpanze/xre-legged-dog/install/chienpanze_hw_interface/lib/python3.10/site-packages'
[4.168s] Level 1:colcon.colcon_core.environment:checking '/home/xplore/chienpanze/xre-legged-dog/install/chienpanze_hw_interface/bin'
[4.171s] INFO:colcon.colcon_core.shell:Creating package script '/home/xplore/chienpanze/xre-legged-dog/install/chienpanze_hw_interface/share/chienpanze_hw_interface/package.ps1'
[4.174s] INFO:colcon.colcon_core.shell:Creating package descriptor '/home/xplore/chienpanze/xre-legged-dog/install/chienpanze_hw_interface/share/chienpanze_hw_interface/package.dsv'
[4.177s] INFO:colcon.colcon_core.shell:Creating package script '/home/xplore/chienpanze/xre-legged-dog/install/chienpanze_hw_interface/share/chienpanze_hw_interface/package.sh'
[4.180s] INFO:colcon.colcon_core.shell:Creating package script '/home/xplore/chienpanze/xre-legged-dog/install/chienpanze_hw_interface/share/chienpanze_hw_interface/package.bash'
[4.183s] INFO:colcon.colcon_core.shell:Creating package script '/home/xplore/chienpanze/xre-legged-dog/install/chienpanze_hw_interface/share/chienpanze_hw_interface/package.zsh'
[4.186s] Level 1:colcon.colcon_core.environment:create_file_with_runtime_dependencies(/home/xplore/chienpanze/xre-legged-dog/install/chienpanze_hw_interface/share/colcon-core/packages/chienpanze_hw_interface)
[4.227s] DEBUG:colcon.colcon_core.event_handler.log_command:Invoking command in '/home/xplore/chienpanze/xre-legged-dog/build/chienpanze_bringup': CMAKE_PREFIX_PATH=/home/xplore/chienpanze/xre-legged-dog/install/chienpanze_description:/home/xplore/chienpanze/xre-legged-dog/install/chienpanze_hw_interface:/home/xplore/chienpanze/xre-legged-dog/install/chienpanze_bringup:/home/xplore/chienpanze/xre-legged-dog/install/chienpanze_controllers:/home/xplore/chienpanze/xre-legged-dog/install/chienpanze_controller_manager:/home/xplore/chienpanze/xre-legged-dog/install/chienpanze_controller_interface:/opt/ros/humble /usr/bin/cmake --build /home/xplore/chienpanze/xre-legged-dog/build/chienpanze_bringup -- -j4 -l4
[4.234s] Level 1:colcon.colcon_core.environment:create_environment_scripts_only(chienpanze_controller_interface)
[4.237s] Level 1:colcon.colcon_core.environment:checking '/home/xplore/chienpanze/xre-legged-dog/install/chienpanze_controller_interface' for CMake module files
[4.244s] DEBUG:colcon.colcon_core.event_handler.log_command:Invoked command in '/home/xplore/chienpanze/xre-legged-dog/build/chienpanze_controller_interface' returned '0': CMAKE_PREFIX_PATH=${CMAKE_PREFIX_PATH}:/opt/ros/humble /usr/bin/cmake --install /home/xplore/chienpanze/xre-legged-dog/build/chienpanze_controller_interface
[4.274s] Level 1:colcon.colcon_core.environment:checking '/home/xplore/chienpanze/xre-legged-dog/install/chienpanze_controller_interface' for CMake config files
[4.294s] Level 1:colcon.colcon_core.shell:create_environment_hook('chienpanze_controller_interface', 'cmake_prefix_path')
[4.299s] INFO:colcon.colcon_core.shell:Creating environment hook '/home/xplore/chienpanze/xre-legged-dog/install/chienpanze_controller_interface/share/chienpanze_controller_interface/hook/cmake_prefix_path.ps1'
[4.308s] INFO:colcon.colcon_core.shell:Creating environment descriptor '/home/xplore/chienpanze/xre-legged-dog/install/chienpanze_controller_interface/share/chienpanze_controller_interface/hook/cmake_prefix_path.dsv'
[4.313s] INFO:colcon.colcon_core.shell:Creating environment hook '/home/xplore/chienpanze/xre-legged-dog/install/chienpanze_controller_interface/share/chienpanze_controller_interface/hook/cmake_prefix_path.sh'
[4.325s] Level 1:colcon.colcon_core.environment:checking '/home/xplore/chienpanze/xre-legged-dog/install/chienpanze_controller_interface/lib'
[4.326s] Level 1:colcon.colcon_core.shell:create_environment_hook('chienpanze_controller_interface', 'ld_library_path_lib')
[4.328s] INFO:colcon.colcon_core.shell:Creating environment hook '/home/xplore/chienpanze/xre-legged-dog/install/chienpanze_controller_interface/share/chienpanze_controller_interface/hook/ld_library_path_lib.ps1'
[4.335s] INFO:colcon.colcon_core.shell:Creating environment descriptor '/home/xplore/chienpanze/xre-legged-dog/install/chienpanze_controller_interface/share/chienpanze_controller_interface/hook/ld_library_path_lib.dsv'
[4.339s] INFO:colcon.colcon_core.shell:Creating environment hook '/home/xplore/chienpanze/xre-legged-dog/install/chienpanze_controller_interface/share/chienpanze_controller_interface/hook/ld_library_path_lib.sh'
[4.347s] Level 1:colcon.colcon_core.environment:checking '/home/xplore/chienpanze/xre-legged-dog/install/chienpanze_controller_interface/bin'
[4.347s] Level 1:colcon.colcon_core.environment:checking '/home/xplore/chienpanze/xre-legged-dog/install/chienpanze_controller_interface/lib/pkgconfig/chienpanze_controller_interface.pc'
[4.349s] Level 1:colcon.colcon_core.environment:checking '/home/xplore/chienpanze/xre-legged-dog/install/chienpanze_controller_interface/lib/python3.10/site-packages'
[4.353s] Level 1:colcon.colcon_core.environment:checking '/home/xplore/chienpanze/xre-legged-dog/install/chienpanze_controller_interface/bin'
[4.358s] INFO:colcon.colcon_core.shell:Creating package script '/home/xplore/chienpanze/xre-legged-dog/install/chienpanze_controller_interface/share/chienpanze_controller_interface/package.ps1'
[4.371s] INFO:colcon.colcon_core.shell:Creating package descriptor '/home/xplore/chienpanze/xre-legged-dog/install/chienpanze_controller_interface/share/chienpanze_controller_interface/package.dsv'
[4.375s] INFO:colcon.colcon_core.shell:Creating package script '/home/xplore/chienpanze/xre-legged-dog/install/chienpanze_controller_interface/share/chienpanze_controller_interface/package.sh'
[4.386s] INFO:colcon.colcon_core.shell:Creating package script '/home/xplore/chienpanze/xre-legged-dog/install/chienpanze_controller_interface/share/chienpanze_controller_interface/package.bash'
[4.393s] INFO:colcon.colcon_core.shell:Creating package script '/home/xplore/chienpanze/xre-legged-dog/install/chienpanze_controller_interface/share/chienpanze_controller_interface/package.zsh'
[4.397s] Level 1:colcon.colcon_core.environment:create_file_with_runtime_dependencies(/home/xplore/chienpanze/xre-legged-dog/install/chienpanze_controller_interface/share/colcon-core/packages/chienpanze_controller_interface)
[4.440s] Level 1:colcon.colcon_core.environment:create_environment_scripts_only(chienpanze_hw_interface)
[4.443s] Level 1:colcon.colcon_core.environment:checking '/home/xplore/chienpanze/xre-legged-dog/install/chienpanze_hw_interface' for CMake module files
[4.449s] Level 1:colcon.colcon_core.environment:checking '/home/xplore/chienpanze/xre-legged-dog/install/chienpanze_hw_interface' for CMake config files
[4.456s] Level 1:colcon.colcon_core.shell:create_environment_hook('chienpanze_hw_interface', 'cmake_prefix_path')
[4.460s] INFO:colcon.colcon_core.shell:Creating environment hook '/home/xplore/chienpanze/xre-legged-dog/install/chienpanze_hw_interface/share/chienpanze_hw_interface/hook/cmake_prefix_path.ps1'
[4.483s] INFO:colcon.colcon_core.shell:Creating environment descriptor '/home/xplore/chienpanze/xre-legged-dog/install/chienpanze_hw_interface/share/chienpanze_hw_interface/hook/cmake_prefix_path.dsv'
[4.488s] INFO:colcon.colcon_core.shell:Creating environment hook '/home/xplore/chienpanze/xre-legged-dog/install/chienpanze_hw_interface/share/chienpanze_hw_interface/hook/cmake_prefix_path.sh'
[4.497s] Level 1:colcon.colcon_core.environment:checking '/home/xplore/chienpanze/xre-legged-dog/install/chienpanze_hw_interface/lib'
[4.498s] Level 1:colcon.colcon_core.shell:create_environment_hook('chienpanze_hw_interface', 'ld_library_path_lib')
[4.500s] INFO:colcon.colcon_core.shell:Creating environment hook '/home/xplore/chienpanze/xre-legged-dog/install/chienpanze_hw_interface/share/chienpanze_hw_interface/hook/ld_library_path_lib.ps1'
[4.506s] INFO:colcon.colcon_core.shell:Creating environment descriptor '/home/xplore/chienpanze/xre-legged-dog/install/chienpanze_hw_interface/share/chienpanze_hw_interface/hook/ld_library_path_lib.dsv'
[4.514s] INFO:colcon.colcon_core.shell:Creating environment hook '/home/xplore/chienpanze/xre-legged-dog/install/chienpanze_hw_interface/share/chienpanze_hw_interface/hook/ld_library_path_lib.sh'
[4.520s] Level 1:colcon.colcon_core.environment:checking '/home/xplore/chienpanze/xre-legged-dog/install/chienpanze_hw_interface/bin'
[4.522s] Level 1:colcon.colcon_core.environment:checking '/home/xplore/chienpanze/xre-legged-dog/install/chienpanze_hw_interface/lib/pkgconfig/chienpanze_hw_interface.pc'
[4.523s] Level 1:colcon.colcon_core.environment:checking '/home/xplore/chienpanze/xre-legged-dog/install/chienpanze_hw_interface/lib/python3.10/site-packages'
[4.525s] Level 1:colcon.colcon_core.environment:checking '/home/xplore/chienpanze/xre-legged-dog/install/chienpanze_hw_interface/bin'
[4.527s] INFO:colcon.colcon_core.shell:Creating package script '/home/xplore/chienpanze/xre-legged-dog/install/chienpanze_hw_interface/share/chienpanze_hw_interface/package.ps1'
[4.536s] INFO:colcon.colcon_core.shell:Creating package descriptor '/home/xplore/chienpanze/xre-legged-dog/install/chienpanze_hw_interface/share/chienpanze_hw_interface/package.dsv'
[4.540s] INFO:colcon.colcon_core.shell:Creating package script '/home/xplore/chienpanze/xre-legged-dog/install/chienpanze_hw_interface/share/chienpanze_hw_interface/package.sh'
[4.544s] INFO:colcon.colcon_core.shell:Creating package script '/home/xplore/chienpanze/xre-legged-dog/install/chienpanze_hw_interface/share/chienpanze_hw_interface/package.bash'
[4.549s] INFO:colcon.colcon_core.shell:Creating package script '/home/xplore/chienpanze/xre-legged-dog/install/chienpanze_hw_interface/share/chienpanze_hw_interface/package.zsh'
[4.558s] Level 1:colcon.colcon_core.environment:create_file_with_runtime_dependencies(/home/xplore/chienpanze/xre-legged-dog/install/chienpanze_hw_interface/share/colcon-core/packages/chienpanze_hw_interface)
[4.573s] DEBUG:colcon.colcon_core.event_handler.log_command:Invoked command in '/home/xplore/chienpanze/xre-legged-dog/build/chienpanze_bringup' returned '0': CMAKE_PREFIX_PATH=/home/xplore/chienpanze/xre-legged-dog/install/chienpanze_description:/home/xplore/chienpanze/xre-legged-dog/install/chienpanze_hw_interface:/home/xplore/chienpanze/xre-legged-dog/install/chienpanze_bringup:/home/xplore/chienpanze/xre-legged-dog/install/chienpanze_controllers:/home/xplore/chienpanze/xre-legged-dog/install/chienpanze_controller_manager:/home/xplore/chienpanze/xre-legged-dog/install/chienpanze_controller_interface:/opt/ros/humble /usr/bin/cmake --build /home/xplore/chienpanze/xre-legged-dog/build/chienpanze_bringup -- -j4 -l4
[4.675s] Level 1:colcon.colcon_core.environment:create_environment_scripts_only(chienpanze_controller_interface)
[4.677s] Level 1:colcon.colcon_core.environment:checking '/home/xplore/chienpanze/xre-legged-dog/install/chienpanze_controller_interface' for CMake module files
[4.682s] Level 1:colcon.colcon_core.environment:checking '/home/xplore/chienpanze/xre-legged-dog/install/chienpanze_controller_interface' for CMake config files
[4.687s] Level 1:colcon.colcon_core.shell:create_environment_hook('chienpanze_controller_interface', 'cmake_prefix_path')
[4.689s] INFO:colcon.colcon_core.shell:Creating environment hook '/home/xplore/chienpanze/xre-legged-dog/install/chienpanze_controller_interface/share/chienpanze_controller_interface/hook/cmake_prefix_path.ps1'
[4.697s] INFO:colcon.colcon_core.shell:Creating environment descriptor '/home/xplore/chienpanze/xre-legged-dog/install/chienpanze_controller_interface/share/chienpanze_controller_interface/hook/cmake_prefix_path.dsv'
[4.702s] INFO:colcon.colcon_core.shell:Creating environment hook '/home/xplore/chienpanze/xre-legged-dog/install/chienpanze_controller_interface/share/chienpanze_controller_interface/hook/cmake_prefix_path.sh'
[4.708s] Level 1:colcon.colcon_core.environment:checking '/home/xplore/chienpanze/xre-legged-dog/install/chienpanze_controller_interface/lib'
[4.709s] Level 1:colcon.colcon_core.shell:create_environment_hook('chienpanze_controller_interface', 'ld_library_path_lib')
[4.710s] INFO:colcon.colcon_core.shell:Creating environment hook '/home/xplore/chienpanze/xre-legged-dog/install/chienpanze_controller_interface/share/chienpanze_controller_interface/hook/ld_library_path_lib.ps1'
[4.713s] INFO:colcon.colcon_core.shell:Creating environment descriptor '/home/xplore/chienpanze/xre-legged-dog/install/chienpanze_controller_interface/share/chienpanze_controller_interface/hook/ld_library_path_lib.dsv'
[4.716s] INFO:colcon.colcon_core.shell:Creating environment hook '/home/xplore/chienpanze/xre-legged-dog/install/chienpanze_controller_interface/share/chienpanze_controller_interface/hook/ld_library_path_lib.sh'
[4.720s] Level 1:colcon.colcon_core.environment:checking '/home/xplore/chienpanze/xre-legged-dog/install/chienpanze_controller_interface/bin'
[4.720s] Level 1:colcon.colcon_core.environment:checking '/home/xplore/chienpanze/xre-legged-dog/install/chienpanze_controller_interface/lib/pkgconfig/chienpanze_controller_interface.pc'
[4.722s] Level 1:colcon.colcon_core.environment:checking '/home/xplore/chienpanze/xre-legged-dog/install/chienpanze_controller_interface/lib/python3.10/site-packages'
[4.724s] Level 1:colcon.colcon_core.environment:checking '/home/xplore/chienpanze/xre-legged-dog/install/chienpanze_controller_interface/bin'
[4.727s] INFO:colcon.colcon_core.shell:Creating package script '/home/xplore/chienpanze/xre-legged-dog/install/chienpanze_controller_interface/share/chienpanze_controller_interface/package.ps1'
[4.735s] INFO:colcon.colcon_core.shell:Creating package descriptor '/home/xplore/chienpanze/xre-legged-dog/install/chienpanze_controller_interface/share/chienpanze_controller_interface/package.dsv'
[4.739s] INFO:colcon.colcon_core.shell:Creating package script '/home/xplore/chienpanze/xre-legged-dog/install/chienpanze_controller_interface/share/chienpanze_controller_interface/package.sh'
[4.745s] INFO:colcon.colcon_core.shell:Creating package script '/home/xplore/chienpanze/xre-legged-dog/install/chienpanze_controller_interface/share/chienpanze_controller_interface/package.bash'
[4.754s] INFO:colcon.colcon_core.shell:Creating package script '/home/xplore/chienpanze/xre-legged-dog/install/chienpanze_controller_interface/share/chienpanze_controller_interface/package.zsh'
[4.757s] Level 1:colcon.colcon_core.environment:create_file_with_runtime_dependencies(/home/xplore/chienpanze/xre-legged-dog/install/chienpanze_controller_interface/share/colcon-core/packages/chienpanze_controller_interface)
[4.794s] DEBUG:colcon.colcon_core.event_handler.log_command:Invoking command in '/home/xplore/chienpanze/xre-legged-dog/build/chienpanze_bringup': CMAKE_PREFIX_PATH=/home/xplore/chienpanze/xre-legged-dog/install/chienpanze_description:/home/xplore/chienpanze/xre-legged-dog/install/chienpanze_hw_interface:/home/xplore/chienpanze/xre-legged-dog/install/chienpanze_bringup:/home/xplore/chienpanze/xre-legged-dog/install/chienpanze_controllers:/home/xplore/chienpanze/xre-legged-dog/install/chienpanze_controller_manager:/home/xplore/chienpanze/xre-legged-dog/install/chienpanze_controller_interface:/opt/ros/humble /usr/bin/cmake --install /home/xplore/chienpanze/xre-legged-dog/build/chienpanze_bringup
[4.961s] Level 1:colcon.colcon_core.environment:create_environment_scripts_only(chienpanze_bringup)
[4.963s] Level 1:colcon.colcon_core.environment:checking '/home/xplore/chienpanze/xre-legged-dog/install/chienpanze_bringup' for CMake module files
[4.966s] DEBUG:colcon.colcon_core.event_handler.log_command:Invoked command in '/home/xplore/chienpanze/xre-legged-dog/build/chienpanze_bringup' returned '0': CMAKE_PREFIX_PATH=/home/xplore/chienpanze/xre-legged-dog/install/chienpanze_description:/home/xplore/chienpanze/xre-legged-dog/install/chienpanze_hw_interface:/home/xplore/chienpanze/xre-legged-dog/install/chienpanze_bringup:/home/xplore/chienpanze/xre-legged-dog/install/chienpanze_controllers:/home/xplore/chienpanze/xre-legged-dog/install/chienpanze_controller_manager:/home/xplore/chienpanze/xre-legged-dog/install/chienpanze_controller_interface:/opt/ros/humble /usr/bin/cmake --install /home/xplore/chienpanze/xre-legged-dog/build/chienpanze_bringup
[4.969s] Level 1:colcon.colcon_core.environment:checking '/home/xplore/chienpanze/xre-legged-dog/install/chienpanze_bringup' for CMake config files
[4.974s] Level 1:colcon.colcon_core.shell:create_environment_hook('chienpanze_bringup', 'cmake_prefix_path')
[4.975s] INFO:colcon.colcon_core.shell:Creating environment hook '/home/xplore/chienpanze/xre-legged-dog/install/chienpanze_bringup/share/chienpanze_bringup/hook/cmake_prefix_path.ps1'
[4.979s] INFO:colcon.colcon_core.shell:Creating environment descriptor '/home/xplore/chienpanze/xre-legged-dog/install/chienpanze_bringup/share/chienpanze_bringup/hook/cmake_prefix_path.dsv'
[4.985s] INFO:colcon.colcon_core.shell:Creating environment hook '/home/xplore/chienpanze/xre-legged-dog/install/chienpanze_bringup/share/chienpanze_bringup/hook/cmake_prefix_path.sh'
[4.988s] Level 1:colcon.colcon_core.environment:checking '/home/xplore/chienpanze/xre-legged-dog/install/chienpanze_bringup/bin'
[4.989s] Level 1:colcon.colcon_core.environment:checking '/home/xplore/chienpanze/xre-legged-dog/install/chienpanze_bringup/lib/pkgconfig/chienpanze_bringup.pc'
[4.990s] Level 1:colcon.colcon_core.environment:checking '/home/xplore/chienpanze/xre-legged-dog/install/chienpanze_bringup/lib/python3.10/site-packages'
[4.992s] Level 1:colcon.colcon_core.environment:checking '/home/xplore/chienpanze/xre-legged-dog/install/chienpanze_bringup/bin'
[4.996s] INFO:colcon.colcon_core.shell:Creating package script '/home/xplore/chienpanze/xre-legged-dog/install/chienpanze_bringup/share/chienpanze_bringup/package.ps1'
[5.001s] INFO:colcon.colcon_core.shell:Creating package descriptor '/home/xplore/chienpanze/xre-legged-dog/install/chienpanze_bringup/share/chienpanze_bringup/package.dsv'
[5.007s] INFO:colcon.colcon_core.shell:Creating package script '/home/xplore/chienpanze/xre-legged-dog/install/chienpanze_bringup/share/chienpanze_bringup/package.sh'
[5.010s] INFO:colcon.colcon_core.shell:Creating package script '/home/xplore/chienpanze/xre-legged-dog/install/chienpanze_bringup/share/chienpanze_bringup/package.bash'
[5.012s] INFO:colcon.colcon_core.shell:Creating package script '/home/xplore/chienpanze/xre-legged-dog/install/chienpanze_bringup/share/chienpanze_bringup/package.zsh'
[5.015s] Level 1:colcon.colcon_core.environment:create_file_with_runtime_dependencies(/home/xplore/chienpanze/xre-legged-dog/install/chienpanze_bringup/share/colcon-core/packages/chienpanze_bringup)
[5.202s] Level 1:colcon.colcon_core.environment:create_environment_scripts_only(chienpanze_bringup)
[5.204s] Level 1:colcon.colcon_core.environment:checking '/home/xplore/chienpanze/xre-legged-dog/install/chienpanze_bringup' for CMake module files
[5.208s] Level 1:colcon.colcon_core.environment:checking '/home/xplore/chienpanze/xre-legged-dog/install/chienpanze_bringup' for CMake config files
[5.211s] Level 1:colcon.colcon_core.shell:create_environment_hook('chienpanze_bringup', 'cmake_prefix_path')
[5.213s] INFO:colcon.colcon_core.shell:Creating environment hook '/home/xplore/chienpanze/xre-legged-dog/install/chienpanze_bringup/share/chienpanze_bringup/hook/cmake_prefix_path.ps1'
[5.215s] INFO:colcon.colcon_core.shell:Creating environment descriptor '/home/xplore/chienpanze/xre-legged-dog/install/chienpanze_bringup/share/chienpanze_bringup/hook/cmake_prefix_path.dsv'
[5.217s] INFO:colcon.colcon_core.shell:Creating environment hook '/home/xplore/chienpanze/xre-legged-dog/install/chienpanze_bringup/share/chienpanze_bringup/hook/cmake_prefix_path.sh'
[5.220s] Level 1:colcon.colcon_core.environment:checking '/home/xplore/chienpanze/xre-legged-dog/install/chienpanze_bringup/bin'
[5.221s] Level 1:colcon.colcon_core.environment:checking '/home/xplore/chienpanze/xre-legged-dog/install/chienpanze_bringup/lib/pkgconfig/chienpanze_bringup.pc'
[5.222s] Level 1:colcon.colcon_core.environment:checking '/home/xplore/chienpanze/xre-legged-dog/install/chienpanze_bringup/lib/python3.10/site-packages'
[5.223s] Level 1:colcon.colcon_core.environment:checking '/home/xplore/chienpanze/xre-legged-dog/install/chienpanze_bringup/bin'
[5.224s] INFO:colcon.colcon_core.shell:Creating package script '/home/xplore/chienpanze/xre-legged-dog/install/chienpanze_bringup/share/chienpanze_bringup/package.ps1'
[5.227s] INFO:colcon.colcon_core.shell:Creating package descriptor '/home/xplore/chienpanze/xre-legged-dog/install/chienpanze_bringup/share/chienpanze_bringup/package.dsv'
[5.230s] INFO:colcon.colcon_core.shell:Creating package script '/home/xplore/chienpanze/xre-legged-dog/install/chienpanze_bringup/share/chienpanze_bringup/package.sh'
[5.233s] INFO:colcon.colcon_core.shell:Creating package script '/home/xplore/chienpanze/xre-legged-dog/install/chienpanze_bringup/share/chienpanze_bringup/package.bash'
[5.235s] INFO:colcon.colcon_core.shell:Creating package script '/home/xplore/chienpanze/xre-legged-dog/install/chienpanze_bringup/share/chienpanze_bringup/package.zsh'
[5.238s] Level 1:colcon.colcon_core.environment:create_file_with_runtime_dependencies(/home/xplore/chienpanze/xre-legged-dog/install/chienpanze_bringup/share/colcon-core/packages/chienpanze_bringup)
[5.242s] DEBUG:colcon.colcon_parallel_executor.executor.parallel:closing loop
[5.243s] DEBUG:colcon.colcon_parallel_executor.executor.parallel:loop closed
[5.243s] DEBUG:colcon.colcon_parallel_executor.executor.parallel:run_until_complete finished with '0'
[5.245s] DEBUG:colcon.colcon_core.event_reactor:joining thread
[5.286s] INFO:colcon.colcon_core.plugin_system:Skipping extension 'colcon_notification.desktop_notification.terminal_notifier': Not used on non-Darwin systems
[5.287s] INFO:colcon.colcon_core.plugin_system:Skipping extension 'colcon_notification.desktop_notification.win32': Not used on non-Windows systems
[5.287s] INFO:colcon.colcon_notification.desktop_notification:Sending desktop notification using 'notify2'
[5.359s] DEBUG:colcon.colcon_core.event_reactor:joined thread
[5.361s] INFO:colcon.colcon_core.shell:Creating prefix script '/home/xplore/chienpanze/xre-legged-dog/install/local_setup.ps1'
[5.366s] INFO:colcon.colcon_core.shell:Creating prefix util module '/home/xplore/chienpanze/xre-legged-dog/install/_local_setup_util_ps1.py'
[5.377s] INFO:colcon.colcon_core.shell:Creating prefix chain script '/home/xplore/chienpanze/xre-legged-dog/install/setup.ps1'
[5.386s] INFO:colcon.colcon_core.shell:Creating prefix script '/home/xplore/chienpanze/xre-legged-dog/install/local_setup.sh'
[5.389s] INFO:colcon.colcon_core.shell:Creating prefix util module '/home/xplore/chienpanze/xre-legged-dog/install/_local_setup_util_sh.py'
[5.393s] INFO:colcon.colcon_core.shell:Creating prefix chain script '/home/xplore/chienpanze/xre-legged-dog/install/setup.sh'
[5.401s] INFO:colcon.colcon_core.shell:Creating prefix script '/home/xplore/chienpanze/xre-legged-dog/install/local_setup.bash'
[5.405s] INFO:colcon.colcon_core.shell:Creating prefix chain script '/home/xplore/chienpanze/xre-legged-dog/install/setup.bash'
[5.413s] INFO:colcon.colcon_core.shell:Creating prefix script '/home/xplore/chienpanze/xre-legged-dog/install/local_setup.zsh'
[5.416s] INFO:colcon.colcon_core.shell:Creating prefix chain script '/home/xplore/chienpanze/xre-legged-dog/install/setup.zsh'
