[0.320s] Invoking command in '/home/xplore/chienpanze/xre-legged-dog/xre_chienpanze/build/chienpanze_hw_interface': CMAKE_PREFIX_PATH=${CMAKE_PREFIX_PATH}:/opt/ros/humble /usr/bin/cmake --build /home/xplore/chienpanze/xre-legged-dog/xre_chienpanze/build/chienpanze_hw_interface -- -j4 -l4
[0.759s] [35m[1mConsolidate compiler generated dependencies of target chienpanze_hw_interface[0m
[0.938s] [100%] Built target chienpanze_hw_interface
[1.056s] Invoked command in '/home/xplore/chienpanze/xre-legged-dog/xre_chienpanze/build/chienpanze_hw_interface' returned '0': CMAKE_PREFIX_PATH=${CMAKE_PREFIX_PATH}:/opt/ros/humble /usr/bin/cmake --build /home/xplore/chienpanze/xre-legged-dog/xre_chienpanze/build/chienpanze_hw_interface -- -j4 -l4
[1.576s] Invoking command in '/home/xplore/chienpanze/xre-legged-dog/xre_chienpanze/build/chienpanze_hw_interface': CMAKE_PREFIX_PATH=${CMAKE_PREFIX_PATH}:/opt/ros/humble /usr/bin/cmake --install /home/xplore/chienpanze/xre-legged-dog/xre_chienpanze/build/chienpanze_hw_interface
[1.649s] -- Install configuration: ""
[1.651s] -- Up-to-date: /home/xplore/chienpanze/xre-legged-dog/xre_chienpanze/install/chienpanze_hw_interface/share/chienpanze_hw_interface/chienpanze_hw_interface.xml
[1.652s] -- Up-to-date: /home/xplore/chienpanze/xre-legged-dog/xre_chienpanze/install/chienpanze_hw_interface/include
[1.658s] -- Up-to-date: /home/xplore/chienpanze/xre-legged-dog/xre_chienpanze/install/chienpanze_hw_interface/include/chienpanze_hw_interface
[1.658s] -- Up-to-date: /home/xplore/chienpanze/xre-legged-dog/xre_chienpanze/install/chienpanze_hw_interface/include/chienpanze_hw_interface/chienpanze_hw_interface.hpp
[1.659s] -- Up-to-date: /home/xplore/chienpanze/xre-legged-dog/xre_chienpanze/install/chienpanze_hw_interface/include/pi3hat
[1.663s] -- Up-to-date: /home/xplore/chienpanze/xre-legged-dog/xre_chienpanze/install/chienpanze_hw_interface/include/pi3hat/pi3hat.cc
[1.664s] -- Up-to-date: /home/xplore/chienpanze/xre-legged-dog/xre_chienpanze/install/chienpanze_hw_interface/include/pi3hat/pi3hat.h
[1.666s] -- Up-to-date: /home/xplore/chienpanze/xre-legged-dog/xre_chienpanze/install/chienpanze_hw_interface/lib/libchienpanze_hw_interface.so
[1.673s] -- Up-to-date: /home/xplore/chienpanze/xre-legged-dog/xre_chienpanze/install/chienpanze_hw_interface/share/ament_index/resource_index/package_run_dependencies/chienpanze_hw_interface
[1.681s] -- Up-to-date: /home/xplore/chienpanze/xre-legged-dog/xre_chienpanze/install/chienpanze_hw_interface/share/ament_index/resource_index/parent_prefix_path/chienpanze_hw_interface
[1.683s] -- Up-to-date: /home/xplore/chienpanze/xre-legged-dog/xre_chienpanze/install/chienpanze_hw_interface/share/chienpanze_hw_interface/environment/ament_prefix_path.dsv
[1.691s] -- Up-to-date: /home/xplore/chienpanze/xre-legged-dog/xre_chienpanze/install/chienpanze_hw_interface/share/chienpanze_hw_interface/environment/path.dsv
[1.691s] -- Up-to-date: /home/xplore/chienpanze/xre-legged-dog/xre_chienpanze/install/chienpanze_hw_interface/share/chienpanze_hw_interface/local_setup.bash
[1.692s] -- Up-to-date: /home/xplore/chienpanze/xre-legged-dog/xre_chienpanze/install/chienpanze_hw_interface/share/chienpanze_hw_interface/local_setup.sh
[1.693s] -- Up-to-date: /home/xplore/chienpanze/xre-legged-dog/xre_chienpanze/install/chienpanze_hw_interface/share/chienpanze_hw_interface/local_setup.zsh
[1.693s] -- Up-to-date: /home/xplore/chienpanze/xre-legged-dog/xre_chienpanze/install/chienpanze_hw_interface/share/chienpanze_hw_interface/local_setup.dsv
[1.697s] -- Installing: /home/xplore/chienpanze/xre-legged-dog/xre_chienpanze/install/chienpanze_hw_interface/share/chienpanze_hw_interface/package.dsv
[1.707s] -- Up-to-date: /home/xplore/chienpanze/xre-legged-dog/xre_chienpanze/install/chienpanze_hw_interface/share/ament_index/resource_index/packages/chienpanze_hw_interface
[1.707s] -- Up-to-date: /home/xplore/chienpanze/xre-legged-dog/xre_chienpanze/install/chienpanze_hw_interface/share/ament_index/resource_index/hardware_interface__pluginlib__plugin/chienpanze_hw_interface
[1.712s] -- Up-to-date: /home/xplore/chienpanze/xre-legged-dog/xre_chienpanze/install/chienpanze_hw_interface/share/chienpanze_hw_interface/cmake/chienpanze_hw_interfaceConfig.cmake
[1.714s] -- Up-to-date: /home/xplore/chienpanze/xre-legged-dog/xre_chienpanze/install/chienpanze_hw_interface/share/chienpanze_hw_interface/cmake/chienpanze_hw_interfaceConfig-version.cmake
[1.718s] -- Up-to-date: /home/xplore/chienpanze/xre-legged-dog/xre_chienpanze/install/chienpanze_hw_interface/share/chienpanze_hw_interface/package.xml
[1.815s] Invoked command in '/home/xplore/chienpanze/xre-legged-dog/xre_chienpanze/build/chienpanze_hw_interface' returned '0': CMAKE_PREFIX_PATH=${CMAKE_PREFIX_PATH}:/opt/ros/humble /usr/bin/cmake --install /home/xplore/chienpanze/xre-legged-dog/xre_chienpanze/build/chienpanze_hw_interface
