[0.249s] Invoking command in '/home/xplore/chienpanze/xre-legged-dog/build/chienpanze_hw_interface': CMAKE_PREFIX_PATH=/opt/ros/humble /usr/bin/cmake --build /home/xplore/chienpanze/xre-legged-dog/build/chienpanze_hw_interface -- -j4 -l4
[0.766s] [100%] Built target chienpanze_hw_interface
[0.947s] Invoked command in '/home/xplore/chienpanze/xre-legged-dog/build/chienpanze_hw_interface' returned '0': CMAKE_PREFIX_PATH=/opt/ros/humble /usr/bin/cmake --build /home/xplore/chienpanze/xre-legged-dog/build/chienpanze_hw_interface -- -j4 -l4
[1.269s] Invoking command in '/home/xplore/chienpanze/xre-legged-dog/build/chienpanze_hw_interface': CMAKE_PREFIX_PATH=/opt/ros/humble /usr/bin/cmake --install /home/xplore/chienpanze/xre-legged-dog/build/chienpanze_hw_interface
[1.341s] -- Install configuration: ""
[1.345s] -- Up-to-date: /home/xplore/chienpanze/xre-legged-dog/install/chienpanze_hw_interface/share/chienpanze_hw_interface/chienpanze_hw_interface.xml
[1.347s] -- Up-to-date: /home/xplore/chienpanze/xre-legged-dog/install/chienpanze_hw_interface/include
[1.349s] -- Up-to-date: /home/xplore/chienpanze/xre-legged-dog/install/chienpanze_hw_interface/include/chienpanze_hw_interface
[1.350s] -- Up-to-date: /home/xplore/chienpanze/xre-legged-dog/install/chienpanze_hw_interface/include/chienpanze_hw_interface/chienpanze_hw_interface.hpp
[1.351s] -- Up-to-date: /home/xplore/chienpanze/xre-legged-dog/install/chienpanze_hw_interface/include/pi3hat
[1.352s] -- Up-to-date: /home/xplore/chienpanze/xre-legged-dog/install/chienpanze_hw_interface/include/pi3hat/pi3hat.cc
[1.353s] -- Up-to-date: /home/xplore/chienpanze/xre-legged-dog/install/chienpanze_hw_interface/include/pi3hat/pi3hat.h
[1.354s] -- Up-to-date: /home/xplore/chienpanze/xre-legged-dog/install/chienpanze_hw_interface/lib/libchienpanze_hw_interface.so
[1.355s] -- Up-to-date: /home/xplore/chienpanze/xre-legged-dog/install/chienpanze_hw_interface/share/ament_index/resource_index/package_run_dependencies/chienpanze_hw_interface
[1.357s] -- Up-to-date: /home/xplore/chienpanze/xre-legged-dog/install/chienpanze_hw_interface/share/ament_index/resource_index/parent_prefix_path/chienpanze_hw_interface
[1.358s] -- Up-to-date: /home/xplore/chienpanze/xre-legged-dog/install/chienpanze_hw_interface/share/chienpanze_hw_interface/environment/ament_prefix_path.sh
[1.359s] -- Up-to-date: /home/xplore/chienpanze/xre-legged-dog/install/chienpanze_hw_interface/share/chienpanze_hw_interface/environment/ament_prefix_path.dsv
[1.361s] -- Up-to-date: /home/xplore/chienpanze/xre-legged-dog/install/chienpanze_hw_interface/share/chienpanze_hw_interface/environment/path.sh
[1.362s] -- Up-to-date: /home/xplore/chienpanze/xre-legged-dog/install/chienpanze_hw_interface/share/chienpanze_hw_interface/environment/path.dsv
[1.363s] -- Up-to-date: /home/xplore/chienpanze/xre-legged-dog/install/chienpanze_hw_interface/share/chienpanze_hw_interface/local_setup.bash
[1.364s] -- Up-to-date: /home/xplore/chienpanze/xre-legged-dog/install/chienpanze_hw_interface/share/chienpanze_hw_interface/local_setup.sh
[1.364s] -- Up-to-date: /home/xplore/chienpanze/xre-legged-dog/install/chienpanze_hw_interface/share/chienpanze_hw_interface/local_setup.zsh
[1.365s] -- Up-to-date: /home/xplore/chienpanze/xre-legged-dog/install/chienpanze_hw_interface/share/chienpanze_hw_interface/local_setup.dsv
[1.366s] -- Installing: /home/xplore/chienpanze/xre-legged-dog/install/chienpanze_hw_interface/share/chienpanze_hw_interface/package.dsv
[1.366s] -- Up-to-date: /home/xplore/chienpanze/xre-legged-dog/install/chienpanze_hw_interface/share/ament_index/resource_index/packages/chienpanze_hw_interface
[1.367s] -- Up-to-date: /home/xplore/chienpanze/xre-legged-dog/install/chienpanze_hw_interface/share/ament_index/resource_index/hardware_interface__pluginlib__plugin/chienpanze_hw_interface
[1.368s] -- Up-to-date: /home/xplore/chienpanze/xre-legged-dog/install/chienpanze_hw_interface/share/chienpanze_hw_interface/cmake/chienpanze_hw_interfaceConfig.cmake
[1.369s] -- Up-to-date: /home/xplore/chienpanze/xre-legged-dog/install/chienpanze_hw_interface/share/chienpanze_hw_interface/cmake/chienpanze_hw_interfaceConfig-version.cmake
[1.369s] -- Up-to-date: /home/xplore/chienpanze/xre-legged-dog/install/chienpanze_hw_interface/share/chienpanze_hw_interface/package.xml
[1.373s] Invoked command in '/home/xplore/chienpanze/xre-legged-dog/build/chienpanze_hw_interface' returned '0': CMAKE_PREFIX_PATH=/opt/ros/humble /usr/bin/cmake --install /home/xplore/chienpanze/xre-legged-dog/build/chienpanze_hw_interface
