[0.020s] Invoking command in '/home/arno/xre/xre_chienpanze/build/chienpanze_hw_interface': CMAKE_PREFIX_PATH=${CMAKE_PREFIX_PATH}:/opt/ros/humble /usr/bin/cmake --build /home/arno/xre/xre_chienpanze/build/chienpanze_hw_interface -- -j8 -l8
[0.070s] Invoked command in '/home/arno/xre/xre_chienpanze/build/chienpanze_hw_interface' returned '0': CMAKE_PREFIX_PATH=${CMAKE_PREFIX_PATH}:/opt/ros/humble /usr/bin/cmake --build /home/arno/xre/xre_chienpanze/build/chienpanze_hw_interface -- -j8 -l8
[0.102s] Invoking command in '/home/arno/xre/xre_chienpanze/build/chienpanze_hw_interface': CMAKE_PREFIX_PATH=${CMAKE_PREFIX_PATH}:/opt/ros/humble /usr/bin/cmake --install /home/arno/xre/xre_chienpanze/build/chienpanze_hw_interface
[0.114s] -- Install configuration: ""
[0.115s] -- Execute custom install script
[0.116s] -- Up-to-date symlink: /home/arno/xre/xre_chienpanze/install/chienpanze_hw_interface/share/ament_index/resource_index/package_run_dependencies/chienpanze_hw_interface
[0.116s] -- Up-to-date symlink: /home/arno/xre/xre_chienpanze/install/chienpanze_hw_interface/share/ament_index/resource_index/parent_prefix_path/chienpanze_hw_interface
[0.116s] -- Up-to-date symlink: /home/arno/xre/xre_chienpanze/install/chienpanze_hw_interface/share/chienpanze_hw_interface/environment/ament_prefix_path.sh
[0.117s] -- Up-to-date symlink: /home/arno/xre/xre_chienpanze/install/chienpanze_hw_interface/share/chienpanze_hw_interface/environment/ament_prefix_path.dsv
[0.118s] -- Up-to-date symlink: /home/arno/xre/xre_chienpanze/install/chienpanze_hw_interface/share/chienpanze_hw_interface/environment/path.sh
[0.118s] -- Up-to-date symlink: /home/arno/xre/xre_chienpanze/install/chienpanze_hw_interface/share/chienpanze_hw_interface/environment/path.dsv
[0.118s] -- Up-to-date symlink: /home/arno/xre/xre_chienpanze/install/chienpanze_hw_interface/share/chienpanze_hw_interface/local_setup.bash
[0.118s] -- Up-to-date symlink: /home/arno/xre/xre_chienpanze/install/chienpanze_hw_interface/share/chienpanze_hw_interface/local_setup.sh
[0.118s] -- Up-to-date symlink: /home/arno/xre/xre_chienpanze/install/chienpanze_hw_interface/share/chienpanze_hw_interface/local_setup.zsh
[0.119s] -- Up-to-date symlink: /home/arno/xre/xre_chienpanze/install/chienpanze_hw_interface/share/chienpanze_hw_interface/local_setup.dsv
[0.119s] -- Symlinking: /home/arno/xre/xre_chienpanze/install/chienpanze_hw_interface/share/chienpanze_hw_interface/package.dsv
[0.132s] -- Up-to-date symlink: /home/arno/xre/xre_chienpanze/install/chienpanze_hw_interface/share/ament_index/resource_index/packages/chienpanze_hw_interface
[0.132s] -- Up-to-date symlink: /home/arno/xre/xre_chienpanze/install/chienpanze_hw_interface/share/chienpanze_hw_interface/cmake/chienpanze_hw_interfaceConfig.cmake
[0.134s] -- Up-to-date symlink: /home/arno/xre/xre_chienpanze/install/chienpanze_hw_interface/share/chienpanze_hw_interface/cmake/chienpanze_hw_interfaceConfig-version.cmake
[0.134s] -- Up-to-date symlink: /home/arno/xre/xre_chienpanze/install/chienpanze_hw_interface/share/chienpanze_hw_interface/package.xml
[0.147s] Invoked command in '/home/arno/xre/xre_chienpanze/build/chienpanze_hw_interface' returned '0': CMAKE_PREFIX_PATH=${CMAKE_PREFIX_PATH}:/opt/ros/humble /usr/bin/cmake --install /home/arno/xre/xre_chienpanze/build/chienpanze_hw_interface
