[0.199s] Invoking command in '/home/xplore/chienpanze/xre-legged-dog/build/chienpanze_controller_interface': CMAKE_PREFIX_PATH=${CMAKE_PREFIX_PATH}:/opt/ros/humble /usr/bin/cmake --build /home/xplore/chienpanze/xre-legged-dog/build/chienpanze_controller_interface -- -j4 -l4
[0.824s] [100%] Built target chienpanze_controller_interface
[1.036s] Invoked command in '/home/xplore/chienpanze/xre-legged-dog/build/chienpanze_controller_interface' returned '0': CMAKE_PREFIX_PATH=${CMAKE_PREFIX_PATH}:/opt/ros/humble /usr/bin/cmake --build /home/xplore/chienpanze/xre-legged-dog/build/chienpanze_controller_interface -- -j4 -l4
[1.432s] Invoking command in '/home/xplore/chienpanze/xre-legged-dog/build/chienpanze_controller_interface': CMAKE_PREFIX_PATH=${CMAKE_PREFIX_PATH}:/opt/ros/humble /usr/bin/cmake --install /home/xplore/chienpanze/xre-legged-dog/build/chienpanze_controller_interface
[1.523s] -- Install configuration: ""
[1.523s] -- Execute custom install script
[1.524s] -- Up-to-date symlink: /home/xplore/chienpanze/xre-legged-dog/install/chienpanze_controller_interface/lib/libchienpanze_controller_interface.so
[1.534s] -- Up-to-date symlink: /home/xplore/chienpanze/xre-legged-dog/install/chienpanze_controller_interface/include/chienpanze_controller_interface/chienpanze_controller_interface.hpp
[1.536s] -- Up-to-date symlink: /home/xplore/chienpanze/xre-legged-dog/install/chienpanze_controller_interface/share/chienpanze_controller_interface//chienpanze_controllers.xml
[1.536s] -- Up-to-date symlink: /home/xplore/chienpanze/xre-legged-dog/install/chienpanze_controller_interface/share/ament_index/resource_index/package_run_dependencies/chienpanze_controller_interface
[1.537s] -- Up-to-date symlink: /home/xplore/chienpanze/xre-legged-dog/install/chienpanze_controller_interface/share/ament_index/resource_index/parent_prefix_path/chienpanze_controller_interface
[1.548s] -- Up-to-date symlink: /home/xplore/chienpanze/xre-legged-dog/install/chienpanze_controller_interface/share/chienpanze_controller_interface/environment/ament_prefix_path.sh
[1.549s] -- Up-to-date symlink: /home/xplore/chienpanze/xre-legged-dog/install/chienpanze_controller_interface/share/chienpanze_controller_interface/environment/ament_prefix_path.dsv
[1.551s] -- Up-to-date symlink: /home/xplore/chienpanze/xre-legged-dog/install/chienpanze_controller_interface/share/chienpanze_controller_interface/environment/path.sh
[1.553s] -- Up-to-date symlink: /home/xplore/chienpanze/xre-legged-dog/install/chienpanze_controller_interface/share/chienpanze_controller_interface/environment/path.dsv
[1.554s] -- Up-to-date symlink: /home/xplore/chienpanze/xre-legged-dog/install/chienpanze_controller_interface/share/chienpanze_controller_interface/local_setup.bash
[1.557s] -- Up-to-date symlink: /home/xplore/chienpanze/xre-legged-dog/install/chienpanze_controller_interface/share/chienpanze_controller_interface/local_setup.sh
[1.558s] -- Up-to-date symlink: /home/xplore/chienpanze/xre-legged-dog/install/chienpanze_controller_interface/share/chienpanze_controller_interface/local_setup.zsh
[1.559s] -- Up-to-date symlink: /home/xplore/chienpanze/xre-legged-dog/install/chienpanze_controller_interface/share/chienpanze_controller_interface/local_setup.dsv
[1.559s] -- Symlinking: /home/xplore/chienpanze/xre-legged-dog/install/chienpanze_controller_interface/share/chienpanze_controller_interface/package.dsv
[1.610s] -- Up-to-date symlink: /home/xplore/chienpanze/xre-legged-dog/install/chienpanze_controller_interface/share/ament_index/resource_index/packages/chienpanze_controller_interface
[1.620s] -- Up-to-date symlink: /home/xplore/chienpanze/xre-legged-dog/install/chienpanze_controller_interface/share/ament_index/resource_index/controller_interface__pluginlib__plugin/chienpanze_controller_interface
[1.621s] -- Up-to-date symlink: /home/xplore/chienpanze/xre-legged-dog/install/chienpanze_controller_interface/share/chienpanze_controller_interface/cmake/chienpanze_controller_interfaceConfig.cmake
[1.622s] -- Up-to-date symlink: /home/xplore/chienpanze/xre-legged-dog/install/chienpanze_controller_interface/share/chienpanze_controller_interface/cmake/chienpanze_controller_interfaceConfig-version.cmake
[1.622s] -- Up-to-date symlink: /home/xplore/chienpanze/xre-legged-dog/install/chienpanze_controller_interface/share/chienpanze_controller_interface/package.xml
[1.744s] Invoked command in '/home/xplore/chienpanze/xre-legged-dog/build/chienpanze_controller_interface' returned '0': CMAKE_PREFIX_PATH=${CMAKE_PREFIX_PATH}:/opt/ros/humble /usr/bin/cmake --install /home/xplore/chienpanze/xre-legged-dog/build/chienpanze_controller_interface
