[0.944s] Invoking command in '/home/xplore/chienpanze/xre-legged-dog/build/chienpanze_bringup': CMAKE_PREFIX_PATH=/opt/ros/humble /usr/bin/cmake /home/xplore/chienpanze/xre-legged-dog/xre_chienpanze/src/chienpanze_bringup -DCMAKE_INSTALL_PREFIX=/home/xplore/chienpanze/xre-legged-dog/install/chienpanze_bringup
[4.192s] -- The C compiler identification is GNU 11.4.0
[5.352s] -- The CXX compiler identification is GNU 11.4.0
[6.398s] -- Detecting C compiler ABI info
[8.077s] -- Detecting C compiler ABI info - done
[8.157s] -- Check for working C compiler: /usr/bin/cc - skipped
[8.166s] -- Detecting C compile features
[8.259s] -- Detecting C compile features - done
[8.594s] -- Detecting CXX compiler ABI info
[9.518s] -- Detecting CXX compiler ABI info - done
[9.564s] -- Check for working CXX compiler: /usr/bin/c++ - skipped
[9.567s] -- Detecting CXX compile features
[9.568s] -- Detecting CXX compile features - done
[9.838s] -- Found ament_cmake: 1.3.8 (/opt/ros/humble/share/ament_cmake/cmake)
[13.258s] -- Found Python3: /usr/bin/python3 (found version "3.10.12") found components: Interpreter 
[15.442s] -- Found ament_lint_auto: 0.12.10 (/opt/ros/humble/share/ament_lint_auto/cmake)
[16.677s] -- Added test 'lint_cmake' to check CMake code style
[16.701s] -- Added test 'xmllint' to check XML markup files
[16.726s] -- Configuring done
[16.771s] -- Generating done
[16.798s] -- Build files have been written to: /home/xplore/chienpanze/xre-legged-dog/build/chienpanze_bringup
[16.826s] Invoked command in '/home/xplore/chienpanze/xre-legged-dog/build/chienpanze_bringup' returned '0': CMAKE_PREFIX_PATH=/opt/ros/humble /usr/bin/cmake /home/xplore/chienpanze/xre-legged-dog/xre_chienpanze/src/chienpanze_bringup -DCMAKE_INSTALL_PREFIX=/home/xplore/chienpanze/xre-legged-dog/install/chienpanze_bringup
[16.841s] Invoking command in '/home/xplore/chienpanze/xre-legged-dog/build/chienpanze_bringup': CMAKE_PREFIX_PATH=/opt/ros/humble /usr/bin/cmake --build /home/xplore/chienpanze/xre-legged-dog/build/chienpanze_bringup -- -j4 -l4
[17.155s] Invoked command in '/home/xplore/chienpanze/xre-legged-dog/build/chienpanze_bringup' returned '0': CMAKE_PREFIX_PATH=/opt/ros/humble /usr/bin/cmake --build /home/xplore/chienpanze/xre-legged-dog/build/chienpanze_bringup -- -j4 -l4
[17.853s] Invoking command in '/home/xplore/chienpanze/xre-legged-dog/build/chienpanze_bringup': CMAKE_PREFIX_PATH=/opt/ros/humble /usr/bin/cmake --install /home/xplore/chienpanze/xre-legged-dog/build/chienpanze_bringup
[17.920s] -- Install configuration: ""
[17.929s] -- Installing: /home/xplore/chienpanze/xre-legged-dog/install/chienpanze_bringup/share/ament_index/resource_index/package_run_dependencies/chienpanze_bringup
[17.936s] -- Installing: /home/xplore/chienpanze/xre-legged-dog/install/chienpanze_bringup/share/ament_index/resource_index/parent_prefix_path/chienpanze_bringup
[17.962s] -- Installing: /home/xplore/chienpanze/xre-legged-dog/install/chienpanze_bringup/share/chienpanze_bringup/environment/ament_prefix_path.sh
[17.979s] -- Installing: /home/xplore/chienpanze/xre-legged-dog/install/chienpanze_bringup/share/chienpanze_bringup/environment/ament_prefix_path.dsv
[17.980s] -- Installing: /home/xplore/chienpanze/xre-legged-dog/install/chienpanze_bringup/share/chienpanze_bringup/environment/path.sh
[17.981s] -- Installing: /home/xplore/chienpanze/xre-legged-dog/install/chienpanze_bringup/share/chienpanze_bringup/environment/path.dsv
[17.982s] -- Installing: /home/xplore/chienpanze/xre-legged-dog/install/chienpanze_bringup/share/chienpanze_bringup/local_setup.bash
[17.982s] -- Installing: /home/xplore/chienpanze/xre-legged-dog/install/chienpanze_bringup/share/chienpanze_bringup/local_setup.sh
[17.991s] -- Installing: /home/xplore/chienpanze/xre-legged-dog/install/chienpanze_bringup/share/chienpanze_bringup/local_setup.zsh
[17.993s] -- Installing: /home/xplore/chienpanze/xre-legged-dog/install/chienpanze_bringup/share/chienpanze_bringup/local_setup.dsv
[17.994s] -- Installing: /home/xplore/chienpanze/xre-legged-dog/install/chienpanze_bringup/share/chienpanze_bringup/package.dsv
[18.002s] -- Installing: /home/xplore/chienpanze/xre-legged-dog/install/chienpanze_bringup/share/ament_index/resource_index/packages/chienpanze_bringup
[18.003s] -- Installing: /home/xplore/chienpanze/xre-legged-dog/install/chienpanze_bringup/share/chienpanze_bringup/cmake/chienpanze_bringupConfig.cmake
[18.011s] -- Installing: /home/xplore/chienpanze/xre-legged-dog/install/chienpanze_bringup/share/chienpanze_bringup/cmake/chienpanze_bringupConfig-version.cmake
[18.019s] -- Installing: /home/xplore/chienpanze/xre-legged-dog/install/chienpanze_bringup/share/chienpanze_bringup/package.xml
[18.045s] Invoked command in '/home/xplore/chienpanze/xre-legged-dog/build/chienpanze_bringup' returned '0': CMAKE_PREFIX_PATH=/opt/ros/humble /usr/bin/cmake --install /home/xplore/chienpanze/xre-legged-dog/build/chienpanze_bringup
