[0.193s] Invoking command in '/home/xplore/chienpanze/xre-legged-dog/xre_chienpanze/build/chienpanze_controller_interface': CMAKE_PREFIX_PATH=${CMAKE_PREFIX_PATH}:/opt/ros/humble /usr/bin/cmake --build /home/xplore/chienpanze/xre-legged-dog/xre_chienpanze/build/chienpanze_controller_interface -- -j4 -l4
[0.563s] -- Found ament_cmake: 1.3.8 (/opt/ros/humble/share/ament_cmake/cmake)
[1.754s] -- Found rclcpp: 16.0.8 (/opt/ros/humble/share/rclcpp/cmake)
[2.106s] -- Found rosidl_generator_c: 3.1.5 (/opt/ros/humble/share/rosidl_generator_c/cmake)
[2.127s] -- Found rosidl_adapter: 3.1.5 (/opt/ros/humble/share/rosidl_adapter/cmake)
[2.189s] -- Found rosidl_generator_cpp: 3.1.5 (/opt/ros/humble/share/rosidl_generator_cpp/cmake)
[2.263s] -- Using all available rosidl_typesupport_c: rosidl_typesupport_fastrtps_c;rosidl_typesupport_introspection_c
[2.362s] -- Using all available rosidl_typesupport_cpp: rosidl_typesupport_fastrtps_cpp;rosidl_typesupport_introspection_cpp
[2.727s] -- Found rmw_implementation_cmake: 6.1.1 (/opt/ros/humble/share/rmw_implementation_cmake/cmake)
[2.735s] -- Found rmw_fastrtps_cpp: 6.2.6 (/opt/ros/humble/share/rmw_fastrtps_cpp/cmake)
[4.101s] -- Using RMW implementation 'rmw_fastrtps_cpp' as default
[4.918s] -- Found rclcpp_lifecycle: 16.0.8 (/opt/ros/humble/share/rclcpp_lifecycle/cmake)
[5.127s] -- Found controller_interface: 2.40.0 (/opt/ros/humble/share/controller_interface/cmake)
[10.112s] -- Configuring done
[10.350s] -- Generating done
[10.369s] -- Build files have been written to: /home/xplore/chienpanze/xre-legged-dog/xre_chienpanze/build/chienpanze_controller_interface
[10.574s] [35m[1mConsolidate compiler generated dependencies of target chienpanze_controller_interface[0m
[10.719s] [ 50%] [32mBuilding CXX object CMakeFiles/chienpanze_controller_interface.dir/src/chienpanze_controller_interface.cpp.o[0m
[13.536s] [01m[K/home/xplore/chienpanze/xre-legged-dog/xre_chienpanze/src/chienpanze_controllers/src/chienpanze_controller_interface.cpp:8:10:[m[K [01;31m[Kfatal error: [m[Kchienpanze_controller_interface/chienpanze_controller.hpp: No such file or directory
[13.537s]     8 | #include [01;31m[K"chienpanze_controller_interface/chienpanze_controller.hpp"[m[K
[13.538s]       |          [01;31m[K^~~~~~~~~~~~~~~~~~~~~~~~~~~~~~~~~~~~~~~~~~~~~~~~~~~~~~~~~~~[m[K
[13.539s] compilation terminated.
[13.563s] gmake[2]: *** [CMakeFiles/chienpanze_controller_interface.dir/build.make:76: CMakeFiles/chienpanze_controller_interface.dir/src/chienpanze_controller_interface.cpp.o] Error 1
[13.573s] gmake[1]: *** [CMakeFiles/Makefile2:137: CMakeFiles/chienpanze_controller_interface.dir/all] Error 2
[13.577s] gmake: *** [Makefile:146: all] Error 2
[13.604s] Invoked command in '/home/xplore/chienpanze/xre-legged-dog/xre_chienpanze/build/chienpanze_controller_interface' returned '2': CMAKE_PREFIX_PATH=${CMAKE_PREFIX_PATH}:/opt/ros/humble /usr/bin/cmake --build /home/xplore/chienpanze/xre-legged-dog/xre_chienpanze/build/chienpanze_controller_interface -- -j4 -l4
