[0.017s] Invoking command in '/home/arno/xre/xre_chienpanze/build/chienpanze_controllers': CMAKE_PREFIX_PATH=${CMAKE_PREFIX_PATH}:/opt/ros/humble /usr/bin/cmake /home/arno/xre/xre_chienpanze/src/chienpanze_controllers -DCMAKE_INSTALL_PREFIX=/home/arno/xre/xre_chienpanze/install/chienpanze_controllers
[0.035s] -- Found ament_cmake: 1.3.8 (/opt/ros/humble/share/ament_cmake/cmake)
[0.212s] -- Override CMake install command with custom implementation using symlinks instead of copying resources
[0.222s] -- Found ament_lint_auto: 0.12.10 (/opt/ros/humble/share/ament_lint_auto/cmake)
[0.334s] -- Added test 'lint_cmake' to check CMake code style
[0.335s] -- Added test 'xmllint' to check XML markup files
[0.337s] -- Configuring done
[0.346s] -- Generating done
[0.346s] -- Build files have been written to: /home/arno/xre/xre_chienpanze/build/chienpanze_controllers
[0.347s] Invoked command in '/home/arno/xre/xre_chienpanze/build/chienpanze_controllers' returned '0': CMAKE_PREFIX_PATH=${CMAKE_PREFIX_PATH}:/opt/ros/humble /usr/bin/cmake /home/arno/xre/xre_chienpanze/src/chienpanze_controllers -DCMAKE_INSTALL_PREFIX=/home/arno/xre/xre_chienpanze/install/chienpanze_controllers
[0.350s] Invoking command in '/home/arno/xre/xre_chienpanze/build/chienpanze_controllers': CMAKE_PREFIX_PATH=${CMAKE_PREFIX_PATH}:/opt/ros/humble /usr/bin/cmake --build /home/arno/xre/xre_chienpanze/build/chienpanze_controllers -- -j8 -l8
[0.400s] Invoked command in '/home/arno/xre/xre_chienpanze/build/chienpanze_controllers' returned '0': CMAKE_PREFIX_PATH=${CMAKE_PREFIX_PATH}:/opt/ros/humble /usr/bin/cmake --build /home/arno/xre/xre_chienpanze/build/chienpanze_controllers -- -j8 -l8
[0.441s] Invoking command in '/home/arno/xre/xre_chienpanze/build/chienpanze_controllers': CMAKE_PREFIX_PATH=${CMAKE_PREFIX_PATH}:/opt/ros/humble /usr/bin/cmake --install /home/arno/xre/xre_chienpanze/build/chienpanze_controllers
[0.450s] -- Install configuration: ""
[0.450s] -- Execute custom install script
[0.450s] -- Up-to-date symlink: /home/arno/xre/xre_chienpanze/install/chienpanze_controllers/share/ament_index/resource_index/package_run_dependencies/chienpanze_controllers
[0.451s] -- Up-to-date symlink: /home/arno/xre/xre_chienpanze/install/chienpanze_controllers/share/ament_index/resource_index/parent_prefix_path/chienpanze_controllers
[0.451s] -- Up-to-date symlink: /home/arno/xre/xre_chienpanze/install/chienpanze_controllers/share/chienpanze_controllers/environment/ament_prefix_path.sh
[0.452s] -- Up-to-date symlink: /home/arno/xre/xre_chienpanze/install/chienpanze_controllers/share/chienpanze_controllers/environment/ament_prefix_path.dsv
[0.452s] -- Up-to-date symlink: /home/arno/xre/xre_chienpanze/install/chienpanze_controllers/share/chienpanze_controllers/environment/path.sh
[0.452s] -- Up-to-date symlink: /home/arno/xre/xre_chienpanze/install/chienpanze_controllers/share/chienpanze_controllers/environment/path.dsv
[0.453s] -- Up-to-date symlink: /home/arno/xre/xre_chienpanze/install/chienpanze_controllers/share/chienpanze_controllers/local_setup.bash
[0.453s] -- Up-to-date symlink: /home/arno/xre/xre_chienpanze/install/chienpanze_controllers/share/chienpanze_controllers/local_setup.sh
[0.453s] -- Up-to-date symlink: /home/arno/xre/xre_chienpanze/install/chienpanze_controllers/share/chienpanze_controllers/local_setup.zsh
[0.453s] -- Up-to-date symlink: /home/arno/xre/xre_chienpanze/install/chienpanze_controllers/share/chienpanze_controllers/local_setup.dsv
[0.454s] -- Symlinking: /home/arno/xre/xre_chienpanze/install/chienpanze_controllers/share/chienpanze_controllers/package.dsv
[0.465s] -- Up-to-date symlink: /home/arno/xre/xre_chienpanze/install/chienpanze_controllers/share/ament_index/resource_index/packages/chienpanze_controllers
[0.465s] -- Up-to-date symlink: /home/arno/xre/xre_chienpanze/install/chienpanze_controllers/share/chienpanze_controllers/cmake/chienpanze_controllersConfig.cmake
[0.465s] -- Up-to-date symlink: /home/arno/xre/xre_chienpanze/install/chienpanze_controllers/share/chienpanze_controllers/cmake/chienpanze_controllersConfig-version.cmake
[0.466s] -- Up-to-date symlink: /home/arno/xre/xre_chienpanze/install/chienpanze_controllers/share/chienpanze_controllers/package.xml
[0.484s] Invoked command in '/home/arno/xre/xre_chienpanze/build/chienpanze_controllers' returned '0': CMAKE_PREFIX_PATH=${CMAKE_PREFIX_PATH}:/opt/ros/humble /usr/bin/cmake --install /home/arno/xre/xre_chienpanze/build/chienpanze_controllers
