[0.299s] Invoking command in '/home/xplore/chienpanze/xre-legged-dog/build/chienpanze_hw_interface': CMAKE_PREFIX_PATH=/opt/ros/humble /usr/bin/cmake --build /home/xplore/chienpanze/xre-legged-dog/build/chienpanze_hw_interface -- -j4 -l4
[0.850s] [100%] Built target chienpanze_hw_interface
[1.219s] Invoked command in '/home/xplore/chienpanze/xre-legged-dog/build/chienpanze_hw_interface' returned '0': CMAKE_PREFIX_PATH=/opt/ros/humble /usr/bin/cmake --build /home/xplore/chienpanze/xre-legged-dog/build/chienpanze_hw_interface -- -j4 -l4
[1.546s] Invoking command in '/home/xplore/chienpanze/xre-legged-dog/build/chienpanze_hw_interface': CMAKE_PREFIX_PATH=/opt/ros/humble /usr/bin/cmake --install /home/xplore/chienpanze/xre-legged-dog/build/chienpanze_hw_interface
[1.594s] -- Install configuration: ""
[1.594s] -- Execute custom install script
[1.600s] -- Up-to-date symlink: /home/xplore/chienpanze/xre-legged-dog/install/chienpanze_hw_interface/share/chienpanze_hw_interface//chienpanze_hw_interface.xml
[1.602s] -- Up-to-date symlink: /home/xplore/chienpanze/xre-legged-dog/install/chienpanze_hw_interface/include/chienpanze_hw_interface/chienpanze_hw_interface.hpp
[1.615s] -- Up-to-date symlink: /home/xplore/chienpanze/xre-legged-dog/install/chienpanze_hw_interface/include/pi3hat/pi3hat.cc
[1.623s] -- Up-to-date symlink: /home/xplore/chienpanze/xre-legged-dog/install/chienpanze_hw_interface/include/pi3hat/pi3hat.h
[1.625s] -- Up-to-date symlink: /home/xplore/chienpanze/xre-legged-dog/install/chienpanze_hw_interface/lib/libchienpanze_hw_interface.so
[1.626s] -- Up-to-date symlink: /home/xplore/chienpanze/xre-legged-dog/install/chienpanze_hw_interface/share/ament_index/resource_index/package_run_dependencies/chienpanze_hw_interface
[1.627s] -- Up-to-date symlink: /home/xplore/chienpanze/xre-legged-dog/install/chienpanze_hw_interface/share/ament_index/resource_index/parent_prefix_path/chienpanze_hw_interface
[1.628s] -- Up-to-date symlink: /home/xplore/chienpanze/xre-legged-dog/install/chienpanze_hw_interface/share/chienpanze_hw_interface/environment/ament_prefix_path.sh
[1.629s] -- Up-to-date symlink: /home/xplore/chienpanze/xre-legged-dog/install/chienpanze_hw_interface/share/chienpanze_hw_interface/environment/ament_prefix_path.dsv
[1.630s] -- Up-to-date symlink: /home/xplore/chienpanze/xre-legged-dog/install/chienpanze_hw_interface/share/chienpanze_hw_interface/environment/path.sh
[1.631s] -- Up-to-date symlink: /home/xplore/chienpanze/xre-legged-dog/install/chienpanze_hw_interface/share/chienpanze_hw_interface/environment/path.dsv
[1.632s] -- Up-to-date symlink: /home/xplore/chienpanze/xre-legged-dog/install/chienpanze_hw_interface/share/chienpanze_hw_interface/local_setup.bash
[1.634s] -- Up-to-date symlink: /home/xplore/chienpanze/xre-legged-dog/install/chienpanze_hw_interface/share/chienpanze_hw_interface/local_setup.sh
[1.635s] -- Up-to-date symlink: /home/xplore/chienpanze/xre-legged-dog/install/chienpanze_hw_interface/share/chienpanze_hw_interface/local_setup.zsh
[1.636s] -- Up-to-date symlink: /home/xplore/chienpanze/xre-legged-dog/install/chienpanze_hw_interface/share/chienpanze_hw_interface/local_setup.dsv
[1.637s] -- Symlinking: /home/xplore/chienpanze/xre-legged-dog/install/chienpanze_hw_interface/share/chienpanze_hw_interface/package.dsv
[1.703s] -- Up-to-date symlink: /home/xplore/chienpanze/xre-legged-dog/install/chienpanze_hw_interface/share/ament_index/resource_index/packages/chienpanze_hw_interface
[1.715s] -- Up-to-date symlink: /home/xplore/chienpanze/xre-legged-dog/install/chienpanze_hw_interface/share/ament_index/resource_index/hardware_interface__pluginlib__plugin/chienpanze_hw_interface
[1.717s] -- Up-to-date symlink: /home/xplore/chienpanze/xre-legged-dog/install/chienpanze_hw_interface/share/chienpanze_hw_interface/cmake/chienpanze_hw_interfaceConfig.cmake
[1.730s] -- Up-to-date symlink: /home/xplore/chienpanze/xre-legged-dog/install/chienpanze_hw_interface/share/chienpanze_hw_interface/cmake/chienpanze_hw_interfaceConfig-version.cmake
[1.732s] -- Up-to-date symlink: /home/xplore/chienpanze/xre-legged-dog/install/chienpanze_hw_interface/share/chienpanze_hw_interface/package.xml
[1.782s] Invoked command in '/home/xplore/chienpanze/xre-legged-dog/build/chienpanze_hw_interface' returned '0': CMAKE_PREFIX_PATH=/opt/ros/humble /usr/bin/cmake --install /home/xplore/chienpanze/xre-legged-dog/build/chienpanze_hw_interface
