-- The C compiler identification is GNU 11.4.0
-- The CXX compiler identification is GNU 11.4.0
-- Detecting C compiler ABI info
-- Detecting C compiler ABI info - done
-- Check for working C compiler: /usr/bin/cc - skipped
-- Detecting C compile features
-- Detecting C compile features - done
-- Detecting CXX compiler ABI info
-- Detecting CXX compiler ABI info - done
-- Check for working CXX compiler: /usr/bin/c++ - skipped
-- Detecting CXX compile features
-- Detecting CXX compile features - done
-- Found ament_cmake: 1.3.8 (/opt/ros/humble/share/ament_cmake/cmake)
-- Found Python3: /usr/bin/python3 (found version "3.10.12") found components: Interpreter 
-- Found ament_lint_auto: 0.12.10 (/opt/ros/humble/share/ament_lint_auto/cmake)
-- Added test 'lint_cmake' to check CMake code style
-- Added test 'xmllint' to check XML markup files
-- Configuring done
-- Generating done
-- Build files have been written to: /home/xplore/chienpanze/xre-legged-dog/build/chienpanze_controllers
-- Install configuration: ""
-- Installing: /home/xplore/chienpanze/xre-legged-dog/install/chienpanze_controllers/share/ament_index/resource_index/package_run_dependencies/chienpanze_controllers
-- Installing: /home/xplore/chienpanze/xre-legged-dog/install/chienpanze_controllers/share/ament_index/resource_index/parent_prefix_path/chienpanze_controllers
-- Installing: /home/xplore/chienpanze/xre-legged-dog/install/chienpanze_controllers/share/chienpanze_controllers/environment/ament_prefix_path.sh
-- Installing: /home/xplore/chienpanze/xre-legged-dog/install/chienpanze_controllers/share/chienpanze_controllers/environment/ament_prefix_path.dsv
-- Installing: /home/xplore/chienpanze/xre-legged-dog/install/chienpanze_controllers/share/chienpanze_controllers/environment/path.sh
-- Installing: /home/xplore/chienpanze/xre-legged-dog/install/chienpanze_controllers/share/chienpanze_controllers/environment/path.dsv
-- Installing: /home/xplore/chienpanze/xre-legged-dog/install/chienpanze_controllers/share/chienpanze_controllers/local_setup.bash
-- Installing: /home/xplore/chienpanze/xre-legged-dog/install/chienpanze_controllers/share/chienpanze_controllers/local_setup.sh
-- Installing: /home/xplore/chienpanze/xre-legged-dog/install/chienpanze_controllers/share/chienpanze_controllers/local_setup.zsh
-- Installing: /home/xplore/chienpanze/xre-legged-dog/install/chienpanze_controllers/share/chienpanze_controllers/local_setup.dsv
-- Installing: /home/xplore/chienpanze/xre-legged-dog/install/chienpanze_controllers/share/chienpanze_controllers/package.dsv
-- Installing: /home/xplore/chienpanze/xre-legged-dog/install/chienpanze_controllers/share/ament_index/resource_index/packages/chienpanze_controllers
-- Installing: /home/xplore/chienpanze/xre-legged-dog/install/chienpanze_controllers/share/chienpanze_controllers/cmake/chienpanze_controllersConfig.cmake
-- Installing: /home/xplore/chienpanze/xre-legged-dog/install/chienpanze_controllers/share/chienpanze_controllers/cmake/chienpanze_controllersConfig-version.cmake
-- Installing: /home/xplore/chienpanze/xre-legged-dog/install/chienpanze_controllers/share/chienpanze_controllers/package.xml
