[0.537s] Invoking command in '/home/xplore/chienpanze/xre-legged-dog/build/chienpanze_controllers': CMAKE_PREFIX_PATH=/opt/ros/humble /usr/bin/cmake /home/xplore/chienpanze/xre-legged-dog/xre_chienpanze/src/chienpanze_controllers -DCMAKE_INSTALL_PREFIX=/home/xplore/chienpanze/xre-legged-dog/install/chienpanze_controllers
[3.375s] -- The C compiler identification is GNU 11.4.0
[4.506s] -- The CXX compiler identification is GNU 11.4.0
[5.604s] -- Detecting C compiler ABI info
[7.282s] -- Detecting C compiler ABI info - done
[7.362s] -- Check for working C compiler: /usr/bin/cc - skipped
[7.374s] -- Detecting C compile features
[7.462s] -- Detecting C compile features - done
[7.790s] -- Detecting CXX compiler ABI info
[8.814s] -- Detecting CXX compiler ABI info - done
[8.846s] -- Check for working CXX compiler: /usr/bin/c++ - skipped
[8.848s] -- Detecting CXX compile features
[8.851s] -- Detecting CXX compile features - done
[9.041s] -- Found ament_cmake: 1.3.8 (/opt/ros/humble/share/ament_cmake/cmake)
[12.302s] -- Found Python3: /usr/bin/python3 (found version "3.10.12") found components: Interpreter 
[14.716s] -- Found ament_lint_auto: 0.12.10 (/opt/ros/humble/share/ament_lint_auto/cmake)
[16.490s] -- Added test 'lint_cmake' to check CMake code style
[16.509s] -- Added test 'xmllint' to check XML markup files
[16.536s] -- Configuring done
[16.607s] -- Generating done
[16.627s] -- Build files have been written to: /home/xplore/chienpanze/xre-legged-dog/build/chienpanze_controllers
[16.690s] Invoked command in '/home/xplore/chienpanze/xre-legged-dog/build/chienpanze_controllers' returned '0': CMAKE_PREFIX_PATH=/opt/ros/humble /usr/bin/cmake /home/xplore/chienpanze/xre-legged-dog/xre_chienpanze/src/chienpanze_controllers -DCMAKE_INSTALL_PREFIX=/home/xplore/chienpanze/xre-legged-dog/install/chienpanze_controllers
[16.709s] Invoking command in '/home/xplore/chienpanze/xre-legged-dog/build/chienpanze_controllers': CMAKE_PREFIX_PATH=/opt/ros/humble /usr/bin/cmake --build /home/xplore/chienpanze/xre-legged-dog/build/chienpanze_controllers -- -j4 -l4
[17.159s] Invoked command in '/home/xplore/chienpanze/xre-legged-dog/build/chienpanze_controllers' returned '0': CMAKE_PREFIX_PATH=/opt/ros/humble /usr/bin/cmake --build /home/xplore/chienpanze/xre-legged-dog/build/chienpanze_controllers -- -j4 -l4
[17.895s] Invoking command in '/home/xplore/chienpanze/xre-legged-dog/build/chienpanze_controllers': CMAKE_PREFIX_PATH=/opt/ros/humble /usr/bin/cmake --install /home/xplore/chienpanze/xre-legged-dog/build/chienpanze_controllers
[17.965s] -- Install configuration: ""
[17.973s] -- Installing: /home/xplore/chienpanze/xre-legged-dog/install/chienpanze_controllers/share/ament_index/resource_index/package_run_dependencies/chienpanze_controllers
[17.981s] -- Installing: /home/xplore/chienpanze/xre-legged-dog/install/chienpanze_controllers/share/ament_index/resource_index/parent_prefix_path/chienpanze_controllers
[17.998s] -- Installing: /home/xplore/chienpanze/xre-legged-dog/install/chienpanze_controllers/share/chienpanze_controllers/environment/ament_prefix_path.sh
[18.007s] -- Installing: /home/xplore/chienpanze/xre-legged-dog/install/chienpanze_controllers/share/chienpanze_controllers/environment/ament_prefix_path.dsv
[18.020s] -- Installing: /home/xplore/chienpanze/xre-legged-dog/install/chienpanze_controllers/share/chienpanze_controllers/environment/path.sh
[18.024s] -- Installing: /home/xplore/chienpanze/xre-legged-dog/install/chienpanze_controllers/share/chienpanze_controllers/environment/path.dsv
[18.025s] -- Installing: /home/xplore/chienpanze/xre-legged-dog/install/chienpanze_controllers/share/chienpanze_controllers/local_setup.bash
[18.030s] -- Installing: /home/xplore/chienpanze/xre-legged-dog/install/chienpanze_controllers/share/chienpanze_controllers/local_setup.sh
[18.036s] -- Installing: /home/xplore/chienpanze/xre-legged-dog/install/chienpanze_controllers/share/chienpanze_controllers/local_setup.zsh
[18.036s] -- Installing: /home/xplore/chienpanze/xre-legged-dog/install/chienpanze_controllers/share/chienpanze_controllers/local_setup.dsv
[18.038s] -- Installing: /home/xplore/chienpanze/xre-legged-dog/install/chienpanze_controllers/share/chienpanze_controllers/package.dsv
[18.046s] -- Installing: /home/xplore/chienpanze/xre-legged-dog/install/chienpanze_controllers/share/ament_index/resource_index/packages/chienpanze_controllers
[18.052s] -- Installing: /home/xplore/chienpanze/xre-legged-dog/install/chienpanze_controllers/share/chienpanze_controllers/cmake/chienpanze_controllersConfig.cmake
[18.058s] -- Installing: /home/xplore/chienpanze/xre-legged-dog/install/chienpanze_controllers/share/chienpanze_controllers/cmake/chienpanze_controllersConfig-version.cmake
[18.065s] -- Installing: /home/xplore/chienpanze/xre-legged-dog/install/chienpanze_controllers/share/chienpanze_controllers/package.xml
[18.103s] Invoked command in '/home/xplore/chienpanze/xre-legged-dog/build/chienpanze_controllers' returned '0': CMAKE_PREFIX_PATH=/opt/ros/humble /usr/bin/cmake --install /home/xplore/chienpanze/xre-legged-dog/build/chienpanze_controllers
