[0.177s] Invoking command in '/home/xplore/chienpanze/xre-legged-dog/build/chienpanze_controllers': CMAKE_PREFIX_PATH=${CMAKE_PREFIX_PATH}:/opt/ros/humble /usr/bin/cmake --build /home/xplore/chienpanze/xre-legged-dog/build/chienpanze_controllers -- -j4 -l4
[0.353s] -- Found ament_cmake: 1.3.8 (/opt/ros/humble/share/ament_cmake/cmake)
[1.471s] -- Found rclcpp: 16.0.8 (/opt/ros/humble/share/rclcpp/cmake)
[1.810s] -- Found rosidl_generator_c: 3.1.5 (/opt/ros/humble/share/rosidl_generator_c/cmake)
[1.826s] -- Found rosidl_adapter: 3.1.5 (/opt/ros/humble/share/rosidl_adapter/cmake)
[1.867s] -- Found rosidl_generator_cpp: 3.1.5 (/opt/ros/humble/share/rosidl_generator_cpp/cmake)
[1.929s] -- Using all available rosidl_typesupport_c: rosidl_typesupport_fastrtps_c;rosidl_typesupport_introspection_c
[2.011s] -- Using all available rosidl_typesupport_cpp: rosidl_typesupport_fastrtps_cpp;rosidl_typesupport_introspection_cpp
[2.314s] -- Found rmw_implementation_cmake: 6.1.1 (/opt/ros/humble/share/rmw_implementation_cmake/cmake)
[2.324s] -- Found rmw_fastrtps_cpp: 6.2.6 (/opt/ros/humble/share/rmw_fastrtps_cpp/cmake)
[3.630s] -- Using RMW implementation 'rmw_fastrtps_cpp' as default
[4.409s] -- Found rclcpp_lifecycle: 16.0.8 (/opt/ros/humble/share/rclcpp_lifecycle/cmake)
[4.630s] -- Found controller_interface: 2.40.0 (/opt/ros/humble/share/controller_interface/cmake)
[9.552s] [31mCMake Error at /opt/ros/humble/share/pluginlib/cmake/pluginlib_export_plugin_description_file.cmake:84 (message):
[9.553s]   Given plugin description file
[9.554s]   '/home/xplore/chienpanze/xre-legged-dog/xre_chienpanze/src/chienpanze_controllers/controller_plugin.xml'
[9.554s]   does not exist
[9.555s] Call Stack (most recent call first):
[9.555s]   CMakeLists.txt:63 (pluginlib_export_plugin_description_file)
[9.556s] 
[9.556s] [0m
[9.558s] -- Configuring incomplete, errors occurred!
[9.559s] See also "/home/xplore/chienpanze/xre-legged-dog/build/chienpanze_controllers/CMakeFiles/CMakeOutput.log".
[9.592s] gmake: *** [Makefile:226: cmake_check_build_system] Error 1
[9.603s] Invoked command in '/home/xplore/chienpanze/xre-legged-dog/build/chienpanze_controllers' returned '2': CMAKE_PREFIX_PATH=${CMAKE_PREFIX_PATH}:/opt/ros/humble /usr/bin/cmake --build /home/xplore/chienpanze/xre-legged-dog/build/chienpanze_controllers -- -j4 -l4
