[0.021s] Invoking command in '/home/arno/xre/xre_chienpanze/build/chienpanze_bringup': CMAKE_PREFIX_PATH=/opt/ros/humble /usr/bin/cmake /home/arno/xre/xre_chienpanze/src/chienpanze_bringup -DAMENT_CMAKE_SYMLINK_INSTALL=1 -DCMAKE_INSTALL_PREFIX=/home/arno/xre/xre_chienpanze/install/chienpanze_bringup
[0.096s] -- The C compiler identification is GNU 11.4.0
[0.170s] -- The CXX compiler identification is GNU 11.4.0
[0.180s] -- Detecting C compiler ABI info
[0.265s] -- Detecting C compiler ABI info - done
[0.277s] -- Check for working C compiler: /usr/bin/cc - skipped
[0.277s] -- Detecting C compile features
[0.278s] -- Detecting C compile features - done
[0.285s] -- Detecting CXX compiler ABI info
[0.398s] -- Detecting CXX compiler ABI info - done
[0.412s] -- Check for working CXX compiler: /usr/bin/c++ - skipped
[0.412s] -- Detecting CXX compile features
[0.413s] -- Detecting CXX compile features - done
[0.416s] -- Found ament_cmake: 1.3.8 (/opt/ros/humble/share/ament_cmake/cmake)
[0.632s] -- Found Python3: /usr/bin/python3 (found version "3.10.12") found components: Interpreter 
[0.721s] -- Override CMake install command with custom implementation using symlinks instead of copying resources
[0.763s] -- Found ament_lint_auto: 0.12.10 (/opt/ros/humble/share/ament_lint_auto/cmake)
[0.889s] -- Added test 'lint_cmake' to check CMake code style
[0.891s] -- Added test 'xmllint' to check XML markup files
[0.893s] -- Configuring done
[0.896s] -- Generating done
[0.898s] -- Build files have been written to: /home/arno/xre/xre_chienpanze/build/chienpanze_bringup
[0.904s] Invoked command in '/home/arno/xre/xre_chienpanze/build/chienpanze_bringup' returned '0': CMAKE_PREFIX_PATH=/opt/ros/humble /usr/bin/cmake /home/arno/xre/xre_chienpanze/src/chienpanze_bringup -DAMENT_CMAKE_SYMLINK_INSTALL=1 -DCMAKE_INSTALL_PREFIX=/home/arno/xre/xre_chienpanze/install/chienpanze_bringup
[0.907s] Invoking command in '/home/arno/xre/xre_chienpanze/build/chienpanze_bringup': CMAKE_PREFIX_PATH=/opt/ros/humble /usr/bin/cmake --build /home/arno/xre/xre_chienpanze/build/chienpanze_bringup -- -j8 -l8
[0.958s] Invoked command in '/home/arno/xre/xre_chienpanze/build/chienpanze_bringup' returned '0': CMAKE_PREFIX_PATH=/opt/ros/humble /usr/bin/cmake --build /home/arno/xre/xre_chienpanze/build/chienpanze_bringup -- -j8 -l8
[0.997s] Invoking command in '/home/arno/xre/xre_chienpanze/build/chienpanze_bringup': CMAKE_PREFIX_PATH=/opt/ros/humble /usr/bin/cmake --install /home/arno/xre/xre_chienpanze/build/chienpanze_bringup
[1.007s] -- Install configuration: ""
[1.008s] -- Execute custom install script
[1.009s] -- Symlinking: /home/arno/xre/xre_chienpanze/install/chienpanze_bringup/share/ament_index/resource_index/package_run_dependencies/chienpanze_bringup
[1.020s] -- Symlinking: /home/arno/xre/xre_chienpanze/install/chienpanze_bringup/share/ament_index/resource_index/parent_prefix_path/chienpanze_bringup
[1.032s] -- Symlinking: /home/arno/xre/xre_chienpanze/install/chienpanze_bringup/share/chienpanze_bringup/environment/ament_prefix_path.sh
[1.042s] -- Symlinking: /home/arno/xre/xre_chienpanze/install/chienpanze_bringup/share/chienpanze_bringup/environment/ament_prefix_path.dsv
[1.054s] -- Symlinking: /home/arno/xre/xre_chienpanze/install/chienpanze_bringup/share/chienpanze_bringup/environment/path.sh
[1.067s] -- Symlinking: /home/arno/xre/xre_chienpanze/install/chienpanze_bringup/share/chienpanze_bringup/environment/path.dsv
[1.078s] -- Symlinking: /home/arno/xre/xre_chienpanze/install/chienpanze_bringup/share/chienpanze_bringup/local_setup.bash
[1.090s] -- Symlinking: /home/arno/xre/xre_chienpanze/install/chienpanze_bringup/share/chienpanze_bringup/local_setup.sh
[1.102s] -- Symlinking: /home/arno/xre/xre_chienpanze/install/chienpanze_bringup/share/chienpanze_bringup/local_setup.zsh
[1.114s] -- Symlinking: /home/arno/xre/xre_chienpanze/install/chienpanze_bringup/share/chienpanze_bringup/local_setup.dsv
[1.132s] -- Symlinking: /home/arno/xre/xre_chienpanze/install/chienpanze_bringup/share/chienpanze_bringup/package.dsv
[1.147s] -- Symlinking: /home/arno/xre/xre_chienpanze/install/chienpanze_bringup/share/ament_index/resource_index/packages/chienpanze_bringup
[1.161s] -- Symlinking: /home/arno/xre/xre_chienpanze/install/chienpanze_bringup/share/chienpanze_bringup/cmake/chienpanze_bringupConfig.cmake
[1.175s] -- Symlinking: /home/arno/xre/xre_chienpanze/install/chienpanze_bringup/share/chienpanze_bringup/cmake/chienpanze_bringupConfig-version.cmake
[1.188s] -- Symlinking: /home/arno/xre/xre_chienpanze/install/chienpanze_bringup/share/chienpanze_bringup/package.xml
[1.206s] Invoked command in '/home/arno/xre/xre_chienpanze/build/chienpanze_bringup' returned '0': CMAKE_PREFIX_PATH=/opt/ros/humble /usr/bin/cmake --install /home/arno/xre/xre_chienpanze/build/chienpanze_bringup
