[0.152s] Invoking command in '/home/xplore/chienpanze/xre-legged-dog/build/chienpanze_controller_interface': CMAKE_PREFIX_PATH=/opt/ros/humble /usr/bin/cmake --build /home/xplore/chienpanze/xre-legged-dog/build/chienpanze_controller_interface -- -j4 -l4
[0.627s] -- Found ament_cmake: 1.3.8 (/opt/ros/humble/share/ament_cmake/cmake)
[2.087s] -- Override CMake install command with custom implementation using symlinks instead of copying resources
[2.176s] -- Found rclcpp: 16.0.8 (/opt/ros/humble/share/rclcpp/cmake)
[2.660s] -- Found rosidl_generator_c: 3.1.5 (/opt/ros/humble/share/rosidl_generator_c/cmake)
[2.698s] -- Found rosidl_adapter: 3.1.5 (/opt/ros/humble/share/rosidl_adapter/cmake)
[2.756s] -- Found rosidl_generator_cpp: 3.1.5 (/opt/ros/humble/share/rosidl_generator_cpp/cmake)
[2.927s] -- Using all available rosidl_typesupport_c: rosidl_typesupport_fastrtps_c;rosidl_typesupport_introspection_c
[3.085s] -- Using all available rosidl_typesupport_cpp: rosidl_typesupport_fastrtps_cpp;rosidl_typesupport_introspection_cpp
[3.498s] -- Found rmw_implementation_cmake: 6.1.1 (/opt/ros/humble/share/rmw_implementation_cmake/cmake)
[3.505s] -- Found rmw_fastrtps_cpp: 6.2.6 (/opt/ros/humble/share/rmw_fastrtps_cpp/cmake)
[4.931s] -- Using RMW implementation 'rmw_fastrtps_cpp' as default
[6.110s] -- Found rclcpp_lifecycle: 16.0.8 (/opt/ros/humble/share/rclcpp_lifecycle/cmake)
[6.352s] -- Found controller_interface: 2.40.0 (/opt/ros/humble/share/controller_interface/cmake)
[10.638s] [31mCMake Error at /opt/ros/humble/share/pluginlib/cmake/pluginlib_export_plugin_description_file.cmake:84 (message):
[10.639s]   Given plugin description file
[10.639s]   '/home/xplore/chienpanze/xre-legged-dog/xre_chienpanze/src/chienpanze_controllers/chienpanze_controller_plugin.xml'
[10.640s]   does not exist
[10.640s] Call Stack (most recent call first):
[10.641s]   CMakeLists.txt:59 (pluginlib_export_plugin_description_file)
[10.642s] 
[10.646s] [0m
[10.647s] -- Configuring incomplete, errors occurred!
[10.647s] See also "/home/xplore/chienpanze/xre-legged-dog/build/chienpanze_controller_interface/CMakeFiles/CMakeOutput.log".
[10.678s] gmake: *** [Makefile:267: cmake_check_build_system] Error 1
[10.690s] Invoked command in '/home/xplore/chienpanze/xre-legged-dog/build/chienpanze_controller_interface' returned '2': CMAKE_PREFIX_PATH=/opt/ros/humble /usr/bin/cmake --build /home/xplore/chienpanze/xre-legged-dog/build/chienpanze_controller_interface -- -j4 -l4
