[0.292s] Invoking command in '/home/xplore/chienpanze/xre-legged-dog/xre_chienpanze/build/chienpanze_controller_interface': CMAKE_PREFIX_PATH=${CMAKE_PREFIX_PATH}:/opt/ros/humble /usr/bin/cmake --build /home/xplore/chienpanze/xre-legged-dog/xre_chienpanze/build/chienpanze_controller_interface -- -j4 -l4
[1.056s] [100%] Built target chienpanze_controller_interface
[1.194s] Invoked command in '/home/xplore/chienpanze/xre-legged-dog/xre_chienpanze/build/chienpanze_controller_interface' returned '0': CMAKE_PREFIX_PATH=${CMAKE_PREFIX_PATH}:/opt/ros/humble /usr/bin/cmake --build /home/xplore/chienpanze/xre-legged-dog/xre_chienpanze/build/chienpanze_controller_interface -- -j4 -l4
[1.713s] Invoking command in '/home/xplore/chienpanze/xre-legged-dog/xre_chienpanze/build/chienpanze_controller_interface': CMAKE_PREFIX_PATH=${CMAKE_PREFIX_PATH}:/opt/ros/humble /usr/bin/cmake --install /home/xplore/chienpanze/xre-legged-dog/xre_chienpanze/build/chienpanze_controller_interface
[1.850s] -- Install configuration: ""
[1.852s] -- Up-to-date: /home/xplore/chienpanze/xre-legged-dog/xre_chienpanze/install/chienpanze_controller_interface/lib/libchienpanze_controller_interface.so
[1.865s] -- Up-to-date: /home/xplore/chienpanze/xre-legged-dog/xre_chienpanze/install/chienpanze_controller_interface/include
[1.867s] -- Up-to-date: /home/xplore/chienpanze/xre-legged-dog/xre_chienpanze/install/chienpanze_controller_interface/include/chienpanze_controller_interface
[1.871s] -- Up-to-date: /home/xplore/chienpanze/xre-legged-dog/xre_chienpanze/install/chienpanze_controller_interface/include/chienpanze_controller_interface/chienpanze_controller_interface.hpp
[1.872s] -- Up-to-date: /home/xplore/chienpanze/xre-legged-dog/xre_chienpanze/install/chienpanze_controller_interface/share/chienpanze_controller_interface
[1.873s] -- Up-to-date: /home/xplore/chienpanze/xre-legged-dog/xre_chienpanze/install/chienpanze_controller_interface/share/chienpanze_controller_interface/chienpanze_controllers.xml
[1.873s] -- Up-to-date: /home/xplore/chienpanze/xre-legged-dog/xre_chienpanze/install/chienpanze_controller_interface/share/ament_index/resource_index/package_run_dependencies/chienpanze_controller_interface
[1.876s] -- Up-to-date: /home/xplore/chienpanze/xre-legged-dog/xre_chienpanze/install/chienpanze_controller_interface/share/ament_index/resource_index/parent_prefix_path/chienpanze_controller_interface
[1.878s] -- Up-to-date: /home/xplore/chienpanze/xre-legged-dog/xre_chienpanze/install/chienpanze_controller_interface/share/chienpanze_controller_interface/environment/ament_prefix_path.sh
[1.883s] -- Up-to-date: /home/xplore/chienpanze/xre-legged-dog/xre_chienpanze/install/chienpanze_controller_interface/share/chienpanze_controller_interface/environment/ament_prefix_path.dsv
[1.890s] -- Up-to-date: /home/xplore/chienpanze/xre-legged-dog/xre_chienpanze/install/chienpanze_controller_interface/share/chienpanze_controller_interface/environment/path.sh
[1.891s] -- Up-to-date: /home/xplore/chienpanze/xre-legged-dog/xre_chienpanze/install/chienpanze_controller_interface/share/chienpanze_controller_interface/environment/path.dsv
[1.892s] -- Up-to-date: /home/xplore/chienpanze/xre-legged-dog/xre_chienpanze/install/chienpanze_controller_interface/share/chienpanze_controller_interface/local_setup.bash
[1.893s] -- Up-to-date: /home/xplore/chienpanze/xre-legged-dog/xre_chienpanze/install/chienpanze_controller_interface/share/chienpanze_controller_interface/local_setup.sh
[1.894s] -- Up-to-date: /home/xplore/chienpanze/xre-legged-dog/xre_chienpanze/install/chienpanze_controller_interface/share/chienpanze_controller_interface/local_setup.zsh
[1.895s] -- Up-to-date: /home/xplore/chienpanze/xre-legged-dog/xre_chienpanze/install/chienpanze_controller_interface/share/chienpanze_controller_interface/local_setup.dsv
[1.898s] -- Installing: /home/xplore/chienpanze/xre-legged-dog/xre_chienpanze/install/chienpanze_controller_interface/share/chienpanze_controller_interface/package.dsv
[1.899s] -- Up-to-date: /home/xplore/chienpanze/xre-legged-dog/xre_chienpanze/install/chienpanze_controller_interface/share/ament_index/resource_index/packages/chienpanze_controller_interface
[1.901s] -- Up-to-date: /home/xplore/chienpanze/xre-legged-dog/xre_chienpanze/install/chienpanze_controller_interface/share/ament_index/resource_index/controller_interface__pluginlib__plugin/chienpanze_controller_interface
[1.903s] -- Up-to-date: /home/xplore/chienpanze/xre-legged-dog/xre_chienpanze/install/chienpanze_controller_interface/share/chienpanze_controller_interface/cmake/chienpanze_controller_interfaceConfig.cmake
[1.908s] -- Up-to-date: /home/xplore/chienpanze/xre-legged-dog/xre_chienpanze/install/chienpanze_controller_interface/share/chienpanze_controller_interface/cmake/chienpanze_controller_interfaceConfig-version.cmake
[1.909s] -- Up-to-date: /home/xplore/chienpanze/xre-legged-dog/xre_chienpanze/install/chienpanze_controller_interface/share/chienpanze_controller_interface/package.xml
[1.911s] Invoked command in '/home/xplore/chienpanze/xre-legged-dog/xre_chienpanze/build/chienpanze_controller_interface' returned '0': CMAKE_PREFIX_PATH=${CMAKE_PREFIX_PATH}:/opt/ros/humble /usr/bin/cmake --install /home/xplore/chienpanze/xre-legged-dog/xre_chienpanze/build/chienpanze_controller_interface
