[0.212s] Invoking command in '/home/xplore/chienpanze/xre-legged-dog/xre_chienpanze/build/chienpanze_bringup': CMAKE_PREFIX_PATH=/home/xplore/chienpanze/xre-legged-dog/xre_chienpanze/install/chienpanze_description:/home/xplore/chienpanze/xre-legged-dog/xre_chienpanze/install/chienpanze_hw_interface:/home/xplore/chienpanze/xre-legged-dog/xre_chienpanze/install/chienpanze_bringup:/home/xplore/chienpanze/xre-legged-dog/xre_chienpanze/install/chienpanze_controller_manager:/home/xplore/chienpanze/xre-legged-dog/xre_chienpanze/install/chienpanze_controller_interface:/opt/ros/humble /usr/bin/cmake --build /home/xplore/chienpanze/xre-legged-dog/xre_chienpanze/build/chienpanze_bringup -- -j4 -l4
[0.359s] -- Found ament_cmake: 1.3.8 (/opt/ros/humble/share/ament_cmake/cmake)
[1.233s] -- Found rclcpp: 16.0.8 (/opt/ros/humble/share/rclcpp/cmake)
[1.495s] -- Found rosidl_generator_c: 3.1.5 (/opt/ros/humble/share/rosidl_generator_c/cmake)
[1.508s] -- Found rosidl_adapter: 3.1.5 (/opt/ros/humble/share/rosidl_adapter/cmake)
[1.549s] -- Found rosidl_generator_cpp: 3.1.5 (/opt/ros/humble/share/rosidl_generator_cpp/cmake)
[1.610s] -- Using all available rosidl_typesupport_c: rosidl_typesupport_fastrtps_c;rosidl_typesupport_introspection_c
[1.708s] -- Using all available rosidl_typesupport_cpp: rosidl_typesupport_fastrtps_cpp;rosidl_typesupport_introspection_cpp
[2.025s] -- Found rmw_implementation_cmake: 6.1.1 (/opt/ros/humble/share/rmw_implementation_cmake/cmake)
[2.033s] -- Found rmw_fastrtps_cpp: 6.2.6 (/opt/ros/humble/share/rmw_fastrtps_cpp/cmake)
[3.389s] -- Using RMW implementation 'rmw_fastrtps_cpp' as default
[4.199s] -- Found ament_lint_auto: 0.12.10 (/opt/ros/humble/share/ament_lint_auto/cmake)
[4.630s] -- Added test 'cppcheck' to perform static code analysis on C / C++ code
[4.631s] -- Configured cppcheck include dirs: 
[4.632s] -- Configured cppcheck exclude dirs and/or files: 
[4.633s] -- Added test 'flake8' to check Python code syntax and style conventions
[4.637s] -- Added test 'lint_cmake' to check CMake code style
[4.640s] -- Added test 'pep257' to check Python code against some of the docstring style conventions in PEP 257
[4.651s] -- Added test 'uncrustify' to check C / C++ code style
[4.651s] -- Configured uncrustify additional arguments: 
[4.654s] -- Added test 'xmllint' to check XML markup files
[4.659s] -- Configuring done
[4.730s] -- Generating done
[4.741s] -- Build files have been written to: /home/xplore/chienpanze/xre-legged-dog/xre_chienpanze/build/chienpanze_bringup
[4.944s] [ 50%] [32mBuilding CXX object CMakeFiles/position_publisher.dir/src/chienpanze_pos_cmd_pub.cpp.o[0m
[5.182s] [01m[K/home/xplore/chienpanze/xre-legged-dog/xre_chienpanze/src/chienpanze_bringup/src/chienpanze_pos_cmd_pub.cpp:3:10:[m[K [01;31m[Kfatal error: [m[Krclcpp/rclcpp.hpp: No such file or directory
[5.183s]     3 | #include [01;31m[K<rclcpp/rclcpp.hpp>[m[K
[5.184s]       |          [01;31m[K^~~~~~~~~~~~~~~~~~~[m[K
[5.184s] compilation terminated.
[5.189s] gmake[2]: *** [CMakeFiles/position_publisher.dir/build.make:76: CMakeFiles/position_publisher.dir/src/chienpanze_pos_cmd_pub.cpp.o] Error 1
[5.190s] gmake[1]: *** [CMakeFiles/Makefile2:137: CMakeFiles/position_publisher.dir/all] Error 2
[5.194s] gmake: *** [Makefile:146: all] Error 2
[5.206s] Invoked command in '/home/xplore/chienpanze/xre-legged-dog/xre_chienpanze/build/chienpanze_bringup' returned '2': CMAKE_PREFIX_PATH=/home/xplore/chienpanze/xre-legged-dog/xre_chienpanze/install/chienpanze_description:/home/xplore/chienpanze/xre-legged-dog/xre_chienpanze/install/chienpanze_hw_interface:/home/xplore/chienpanze/xre-legged-dog/xre_chienpanze/install/chienpanze_bringup:/home/xplore/chienpanze/xre-legged-dog/xre_chienpanze/install/chienpanze_controller_manager:/home/xplore/chienpanze/xre-legged-dog/xre_chienpanze/install/chienpanze_controller_interface:/opt/ros/humble /usr/bin/cmake --build /home/xplore/chienpanze/xre-legged-dog/xre_chienpanze/build/chienpanze_bringup -- -j4 -l4
