[0.587s] DEBUG:colcon:Command line arguments: ['/usr/bin/colcon', 'build']
[0.588s] DEBUG:colcon:Parsed command line arguments: Namespace(log_base=None, log_level=None, verb_name='build', build_base='build', install_base='install', merge_install=False, symlink_install=False, test_result_base=None, continue_on_error=False, executor='parallel', parallel_workers=4, event_handlers=None, ignore_user_meta=False, metas=['./colcon.meta'], base_paths=['.'], packages_ignore=None, packages_ignore_regex=None, paths=None, packages_up_to=None, packages_up_to_regex=None, packages_above=None, packages_above_and_dependencies=None, packages_above_depth=None, packages_select_by_dep=None, packages_skip_by_dep=None, packages_skip_up_to=None, packages_select_build_failed=False, packages_skip_build_finished=False, packages_select_test_failures=False, packages_skip_test_passed=False, packages_select=None, packages_skip=None, packages_select_regex=None, packages_skip_regex=None, packages_start=None, packages_end=None, allow_overriding=[], cmake_args=None, cmake_target=None, cmake_target_skip_unavailable=False, cmake_clean_cache=False, cmake_clean_first=False, cmake_force_configure=False, ament_cmake_args=None, catkin_cmake_args=None, catkin_skip_building_tests=False, verb_parser=<colcon_defaults.argument_parser.defaults.DefaultArgumentsDecorator object at 0xffffbd85cd90>, verb_extension=<colcon_core.verb.build.BuildVerb object at 0xffffbd9a1990>, main=<bound method BuildVerb.main of <colcon_core.verb.build.BuildVerb object at 0xffffbd9a1990>>)
[1.903s] Level 1:colcon.colcon_core.package_discovery:discover_packages(colcon_meta) check parameters
[1.904s] Level 1:colcon.colcon_core.package_discovery:discover_packages(recursive) check parameters
[1.904s] Level 1:colcon.colcon_core.package_discovery:discover_packages(ignore) check parameters
[1.905s] Level 1:colcon.colcon_core.package_discovery:discover_packages(path) check parameters
[1.905s] Level 1:colcon.colcon_core.package_discovery:discover_packages(colcon_meta) discover
[1.905s] Level 1:colcon.colcon_core.package_discovery:discover_packages(recursive) discover
[1.905s] INFO:colcon.colcon_core.package_discovery:Crawling recursively for packages in '/home/xplore/chienpanze/xre-legged-dog'
[1.906s] Level 1:colcon.colcon_core.package_identification:_identify(.) by extensions ['ignore', 'ignore_ament_install']
[1.906s] Level 1:colcon.colcon_core.package_identification:_identify(.) by extension 'ignore'
[1.907s] Level 1:colcon.colcon_core.package_identification:_identify(.) by extension 'ignore_ament_install'
[1.907s] Level 1:colcon.colcon_core.package_identification:_identify(.) by extensions ['colcon_pkg']
[1.907s] Level 1:colcon.colcon_core.package_identification:_identify(.) by extension 'colcon_pkg'
[1.908s] Level 1:colcon.colcon_core.package_identification:_identify(.) by extensions ['colcon_meta']
[1.908s] Level 1:colcon.colcon_core.package_identification:_identify(.) by extension 'colcon_meta'
[1.908s] Level 1:colcon.colcon_core.package_identification:_identify(.) by extensions ['ros']
[1.908s] Level 1:colcon.colcon_core.package_identification:_identify(.) by extension 'ros'
[1.959s] Level 1:colcon.colcon_core.package_identification:_identify(.) by extensions ['cmake', 'python']
[1.960s] Level 1:colcon.colcon_core.package_identification:_identify(.) by extension 'cmake'
[1.960s] Level 1:colcon.colcon_core.package_identification:_identify(.) by extension 'python'
[1.960s] Level 1:colcon.colcon_core.package_identification:_identify(.) by extensions ['python_setup_py']
[1.961s] Level 1:colcon.colcon_core.package_identification:_identify(.) by extension 'python_setup_py'
[1.961s] Level 1:colcon.colcon_core.package_identification:_identify(build) by extensions ['ignore', 'ignore_ament_install']
[1.962s] Level 1:colcon.colcon_core.package_identification:_identify(build) by extension 'ignore'
[1.962s] Level 1:colcon.colcon_core.package_identification:_identify(build) ignored
[1.963s] Level 1:colcon.colcon_core.package_identification:_identify(install) by extensions ['ignore', 'ignore_ament_install']
[1.964s] Level 1:colcon.colcon_core.package_identification:_identify(install) by extension 'ignore'
[1.964s] Level 1:colcon.colcon_core.package_identification:_identify(install) ignored
[1.965s] Level 1:colcon.colcon_core.package_identification:_identify(log) by extensions ['ignore', 'ignore_ament_install']
[1.965s] Level 1:colcon.colcon_core.package_identification:_identify(log) by extension 'ignore'
[1.965s] Level 1:colcon.colcon_core.package_identification:_identify(log) ignored
[1.966s] Level 1:colcon.colcon_core.package_identification:_identify(xre_chienpanze) by extensions ['ignore', 'ignore_ament_install']
[1.966s] Level 1:colcon.colcon_core.package_identification:_identify(xre_chienpanze) by extension 'ignore'
[1.966s] Level 1:colcon.colcon_core.package_identification:_identify(xre_chienpanze) by extension 'ignore_ament_install'
[1.967s] Level 1:colcon.colcon_core.package_identification:_identify(xre_chienpanze) by extensions ['colcon_pkg']
[1.967s] Level 1:colcon.colcon_core.package_identification:_identify(xre_chienpanze) by extension 'colcon_pkg'
[1.967s] Level 1:colcon.colcon_core.package_identification:_identify(xre_chienpanze) by extensions ['colcon_meta']
[1.967s] Level 1:colcon.colcon_core.package_identification:_identify(xre_chienpanze) by extension 'colcon_meta'
[1.968s] Level 1:colcon.colcon_core.package_identification:_identify(xre_chienpanze) by extensions ['ros']
[1.968s] Level 1:colcon.colcon_core.package_identification:_identify(xre_chienpanze) by extension 'ros'
[1.968s] Level 1:colcon.colcon_core.package_identification:_identify(xre_chienpanze) by extensions ['cmake', 'python']
[1.969s] Level 1:colcon.colcon_core.package_identification:_identify(xre_chienpanze) by extension 'cmake'
[1.969s] Level 1:colcon.colcon_core.package_identification:_identify(xre_chienpanze) by extension 'python'
[1.969s] Level 1:colcon.colcon_core.package_identification:_identify(xre_chienpanze) by extensions ['python_setup_py']
[1.969s] Level 1:colcon.colcon_core.package_identification:_identify(xre_chienpanze) by extension 'python_setup_py'
[1.970s] Level 1:colcon.colcon_core.package_identification:_identify(xre_chienpanze/build) by extensions ['ignore', 'ignore_ament_install']
[1.970s] Level 1:colcon.colcon_core.package_identification:_identify(xre_chienpanze/build) by extension 'ignore'
[1.971s] Level 1:colcon.colcon_core.package_identification:_identify(xre_chienpanze/build) ignored
[1.971s] Level 1:colcon.colcon_core.package_identification:_identify(xre_chienpanze/install) by extensions ['ignore', 'ignore_ament_install']
[1.972s] Level 1:colcon.colcon_core.package_identification:_identify(xre_chienpanze/install) by extension 'ignore'
[1.972s] Level 1:colcon.colcon_core.package_identification:_identify(xre_chienpanze/install) ignored
[1.973s] Level 1:colcon.colcon_core.package_identification:_identify(xre_chienpanze/log) by extensions ['ignore', 'ignore_ament_install']
[1.974s] Level 1:colcon.colcon_core.package_identification:_identify(xre_chienpanze/log) by extension 'ignore'
[1.974s] Level 1:colcon.colcon_core.package_identification:_identify(xre_chienpanze/log) ignored
[1.974s] Level 1:colcon.colcon_core.package_identification:_identify(xre_chienpanze/src) by extensions ['ignore', 'ignore_ament_install']
[1.975s] Level 1:colcon.colcon_core.package_identification:_identify(xre_chienpanze/src) by extension 'ignore'
[1.975s] Level 1:colcon.colcon_core.package_identification:_identify(xre_chienpanze/src) by extension 'ignore_ament_install'
[1.975s] Level 1:colcon.colcon_core.package_identification:_identify(xre_chienpanze/src) by extensions ['colcon_pkg']
[1.976s] Level 1:colcon.colcon_core.package_identification:_identify(xre_chienpanze/src) by extension 'colcon_pkg'
[1.976s] Level 1:colcon.colcon_core.package_identification:_identify(xre_chienpanze/src) by extensions ['colcon_meta']
[1.976s] Level 1:colcon.colcon_core.package_identification:_identify(xre_chienpanze/src) by extension 'colcon_meta'
[1.976s] Level 1:colcon.colcon_core.package_identification:_identify(xre_chienpanze/src) by extensions ['ros']
[1.976s] Level 1:colcon.colcon_core.package_identification:_identify(xre_chienpanze/src) by extension 'ros'
[1.977s] Level 1:colcon.colcon_core.package_identification:_identify(xre_chienpanze/src) by extensions ['cmake', 'python']
[1.977s] Level 1:colcon.colcon_core.package_identification:_identify(xre_chienpanze/src) by extension 'cmake'
[1.978s] Level 1:colcon.colcon_core.package_identification:_identify(xre_chienpanze/src) by extension 'python'
[1.978s] Level 1:colcon.colcon_core.package_identification:_identify(xre_chienpanze/src) by extensions ['python_setup_py']
[1.978s] Level 1:colcon.colcon_core.package_identification:_identify(xre_chienpanze/src) by extension 'python_setup_py'
[1.979s] Level 1:colcon.colcon_core.package_identification:_identify(xre_chienpanze/src/chienpanze_bringup) by extensions ['ignore', 'ignore_ament_install']
[1.979s] Level 1:colcon.colcon_core.package_identification:_identify(xre_chienpanze/src/chienpanze_bringup) by extension 'ignore'
[1.979s] Level 1:colcon.colcon_core.package_identification:_identify(xre_chienpanze/src/chienpanze_bringup) by extension 'ignore_ament_install'
[1.980s] Level 1:colcon.colcon_core.package_identification:_identify(xre_chienpanze/src/chienpanze_bringup) by extensions ['colcon_pkg']
[1.980s] Level 1:colcon.colcon_core.package_identification:_identify(xre_chienpanze/src/chienpanze_bringup) by extension 'colcon_pkg'
[1.980s] Level 1:colcon.colcon_core.package_identification:_identify(xre_chienpanze/src/chienpanze_bringup) by extensions ['colcon_meta']
[1.980s] Level 1:colcon.colcon_core.package_identification:_identify(xre_chienpanze/src/chienpanze_bringup) by extension 'colcon_meta'
[1.981s] Level 1:colcon.colcon_core.package_identification:_identify(xre_chienpanze/src/chienpanze_bringup) by extensions ['ros']
[1.981s] Level 1:colcon.colcon_core.package_identification:_identify(xre_chienpanze/src/chienpanze_bringup) by extension 'ros'
[1.992s] DEBUG:colcon.colcon_core.package_identification:Package 'xre_chienpanze/src/chienpanze_bringup' with type 'ros.ament_cmake' and name 'chienpanze_bringup'
[1.993s] Level 1:colcon.colcon_core.package_identification:_identify(xre_chienpanze/src/chienpanze_controllers) by extensions ['ignore', 'ignore_ament_install']
[1.994s] Level 1:colcon.colcon_core.package_identification:_identify(xre_chienpanze/src/chienpanze_controllers) by extension 'ignore'
[1.994s] Level 1:colcon.colcon_core.package_identification:_identify(xre_chienpanze/src/chienpanze_controllers) by extension 'ignore_ament_install'
[1.995s] Level 1:colcon.colcon_core.package_identification:_identify(xre_chienpanze/src/chienpanze_controllers) by extensions ['colcon_pkg']
[1.995s] Level 1:colcon.colcon_core.package_identification:_identify(xre_chienpanze/src/chienpanze_controllers) by extension 'colcon_pkg'
[1.995s] Level 1:colcon.colcon_core.package_identification:_identify(xre_chienpanze/src/chienpanze_controllers) by extensions ['colcon_meta']
[1.995s] Level 1:colcon.colcon_core.package_identification:_identify(xre_chienpanze/src/chienpanze_controllers) by extension 'colcon_meta'
[1.996s] Level 1:colcon.colcon_core.package_identification:_identify(xre_chienpanze/src/chienpanze_controllers) by extensions ['ros']
[1.996s] Level 1:colcon.colcon_core.package_identification:_identify(xre_chienpanze/src/chienpanze_controllers) by extension 'ros'
[1.998s] DEBUG:colcon.colcon_core.package_identification:Package 'xre_chienpanze/src/chienpanze_controllers' with type 'ros.ament_cmake' and name 'chienpanze_controllers'
[1.999s] Level 1:colcon.colcon_core.package_identification:_identify(xre_chienpanze/src/chienpanze_description) by extensions ['ignore', 'ignore_ament_install']
[1.999s] Level 1:colcon.colcon_core.package_identification:_identify(xre_chienpanze/src/chienpanze_description) by extension 'ignore'
[2.000s] Level 1:colcon.colcon_core.package_identification:_identify(xre_chienpanze/src/chienpanze_description) by extension 'ignore_ament_install'
[2.000s] Level 1:colcon.colcon_core.package_identification:_identify(xre_chienpanze/src/chienpanze_description) by extensions ['colcon_pkg']
[2.000s] Level 1:colcon.colcon_core.package_identification:_identify(xre_chienpanze/src/chienpanze_description) by extension 'colcon_pkg'
[2.001s] Level 1:colcon.colcon_core.package_identification:_identify(xre_chienpanze/src/chienpanze_description) by extensions ['colcon_meta']
[2.001s] Level 1:colcon.colcon_core.package_identification:_identify(xre_chienpanze/src/chienpanze_description) by extension 'colcon_meta'
[2.001s] Level 1:colcon.colcon_core.package_identification:_identify(xre_chienpanze/src/chienpanze_description) by extensions ['ros']
[2.001s] Level 1:colcon.colcon_core.package_identification:_identify(xre_chienpanze/src/chienpanze_description) by extension 'ros'
[2.004s] DEBUG:colcon.colcon_core.package_identification:Package 'xre_chienpanze/src/chienpanze_description' with type 'ros.ament_cmake' and name 'chienpanze_description'
[2.005s] Level 1:colcon.colcon_core.package_identification:_identify(xre_chienpanze/src/chienpanze_hw_interface) by extensions ['ignore', 'ignore_ament_install']
[2.005s] Level 1:colcon.colcon_core.package_identification:_identify(xre_chienpanze/src/chienpanze_hw_interface) by extension 'ignore'
[2.006s] Level 1:colcon.colcon_core.package_identification:_identify(xre_chienpanze/src/chienpanze_hw_interface) by extension 'ignore_ament_install'
[2.006s] Level 1:colcon.colcon_core.package_identification:_identify(xre_chienpanze/src/chienpanze_hw_interface) by extensions ['colcon_pkg']
[2.006s] Level 1:colcon.colcon_core.package_identification:_identify(xre_chienpanze/src/chienpanze_hw_interface) by extension 'colcon_pkg'
[2.007s] Level 1:colcon.colcon_core.package_identification:_identify(xre_chienpanze/src/chienpanze_hw_interface) by extensions ['colcon_meta']
[2.007s] Level 1:colcon.colcon_core.package_identification:_identify(xre_chienpanze/src/chienpanze_hw_interface) by extension 'colcon_meta'
[2.007s] Level 1:colcon.colcon_core.package_identification:_identify(xre_chienpanze/src/chienpanze_hw_interface) by extensions ['ros']
[2.007s] Level 1:colcon.colcon_core.package_identification:_identify(xre_chienpanze/src/chienpanze_hw_interface) by extension 'ros'
[2.009s] DEBUG:colcon.colcon_core.package_identification:Package 'xre_chienpanze/src/chienpanze_hw_interface' with type 'ros.ament_cmake' and name 'chienpanze_hw_interface'
[2.010s] Level 1:colcon.colcon_core.package_discovery:discover_packages(recursive) using defaults
[2.010s] Level 1:colcon.colcon_core.package_discovery:discover_packages(ignore) discover
[2.010s] Level 1:colcon.colcon_core.package_discovery:discover_packages(ignore) using defaults
[2.010s] Level 1:colcon.colcon_core.package_discovery:discover_packages(path) discover
[2.010s] Level 1:colcon.colcon_core.package_discovery:discover_packages(path) using defaults
[2.149s] Level 1:colcon.colcon_core.package_discovery:discover_packages(prefix_path) check parameters
[2.149s] Level 1:colcon.colcon_core.package_discovery:discover_packages(prefix_path) discover
[2.166s] DEBUG:colcon.colcon_installed_package_information.package_discovery:Found 275 installed packages in /opt/ros/humble
[2.174s] Level 1:colcon.colcon_core.package_discovery:discover_packages(prefix_path) using defaults
[2.378s] Level 5:colcon.colcon_core.verb:set package 'chienpanze_bringup' build argument 'cmake_args' from command line to 'None'
[2.378s] Level 5:colcon.colcon_core.verb:set package 'chienpanze_bringup' build argument 'cmake_target' from command line to 'None'
[2.379s] Level 5:colcon.colcon_core.verb:set package 'chienpanze_bringup' build argument 'cmake_target_skip_unavailable' from command line to 'False'
[2.379s] Level 5:colcon.colcon_core.verb:set package 'chienpanze_bringup' build argument 'cmake_clean_cache' from command line to 'False'
[2.379s] Level 5:colcon.colcon_core.verb:set package 'chienpanze_bringup' build argument 'cmake_clean_first' from command line to 'False'
[2.379s] Level 5:colcon.colcon_core.verb:set package 'chienpanze_bringup' build argument 'cmake_force_configure' from command line to 'False'
[2.379s] Level 5:colcon.colcon_core.verb:set package 'chienpanze_bringup' build argument 'ament_cmake_args' from command line to 'None'
[2.379s] Level 5:colcon.colcon_core.verb:set package 'chienpanze_bringup' build argument 'catkin_cmake_args' from command line to 'None'
[2.379s] Level 5:colcon.colcon_core.verb:set package 'chienpanze_bringup' build argument 'catkin_skip_building_tests' from command line to 'False'
[2.380s] DEBUG:colcon.colcon_core.verb:Building package 'chienpanze_bringup' with the following arguments: {'ament_cmake_args': None, 'build_base': '/home/xplore/chienpanze/xre-legged-dog/build/chienpanze_bringup', 'catkin_cmake_args': None, 'catkin_skip_building_tests': False, 'cmake_args': None, 'cmake_clean_cache': False, 'cmake_clean_first': False, 'cmake_force_configure': False, 'cmake_target': None, 'cmake_target_skip_unavailable': False, 'install_base': '/home/xplore/chienpanze/xre-legged-dog/install/chienpanze_bringup', 'merge_install': False, 'path': '/home/xplore/chienpanze/xre-legged-dog/xre_chienpanze/src/chienpanze_bringup', 'symlink_install': False, 'test_result_base': None}
[2.381s] Level 5:colcon.colcon_core.verb:set package 'chienpanze_controllers' build argument 'cmake_args' from command line to 'None'
[2.382s] Level 5:colcon.colcon_core.verb:set package 'chienpanze_controllers' build argument 'cmake_target' from command line to 'None'
[2.382s] Level 5:colcon.colcon_core.verb:set package 'chienpanze_controllers' build argument 'cmake_target_skip_unavailable' from command line to 'False'
[2.382s] Level 5:colcon.colcon_core.verb:set package 'chienpanze_controllers' build argument 'cmake_clean_cache' from command line to 'False'
[2.382s] Level 5:colcon.colcon_core.verb:set package 'chienpanze_controllers' build argument 'cmake_clean_first' from command line to 'False'
[2.382s] Level 5:colcon.colcon_core.verb:set package 'chienpanze_controllers' build argument 'cmake_force_configure' from command line to 'False'
[2.382s] Level 5:colcon.colcon_core.verb:set package 'chienpanze_controllers' build argument 'ament_cmake_args' from command line to 'None'
[2.382s] Level 5:colcon.colcon_core.verb:set package 'chienpanze_controllers' build argument 'catkin_cmake_args' from command line to 'None'
[2.383s] Level 5:colcon.colcon_core.verb:set package 'chienpanze_controllers' build argument 'catkin_skip_building_tests' from command line to 'False'
[2.383s] DEBUG:colcon.colcon_core.verb:Building package 'chienpanze_controllers' with the following arguments: {'ament_cmake_args': None, 'build_base': '/home/xplore/chienpanze/xre-legged-dog/build/chienpanze_controllers', 'catkin_cmake_args': None, 'catkin_skip_building_tests': False, 'cmake_args': None, 'cmake_clean_cache': False, 'cmake_clean_first': False, 'cmake_force_configure': False, 'cmake_target': None, 'cmake_target_skip_unavailable': False, 'install_base': '/home/xplore/chienpanze/xre-legged-dog/install/chienpanze_controllers', 'merge_install': False, 'path': '/home/xplore/chienpanze/xre-legged-dog/xre_chienpanze/src/chienpanze_controllers', 'symlink_install': False, 'test_result_base': None}
[2.385s] Level 5:colcon.colcon_core.verb:set package 'chienpanze_description' build argument 'cmake_args' from command line to 'None'
[2.385s] Level 5:colcon.colcon_core.verb:set package 'chienpanze_description' build argument 'cmake_target' from command line to 'None'
[2.385s] Level 5:colcon.colcon_core.verb:set package 'chienpanze_description' build argument 'cmake_target_skip_unavailable' from command line to 'False'
[2.385s] Level 5:colcon.colcon_core.verb:set package 'chienpanze_description' build argument 'cmake_clean_cache' from command line to 'False'
[2.385s] Level 5:colcon.colcon_core.verb:set package 'chienpanze_description' build argument 'cmake_clean_first' from command line to 'False'
[2.385s] Level 5:colcon.colcon_core.verb:set package 'chienpanze_description' build argument 'cmake_force_configure' from command line to 'False'
[2.385s] Level 5:colcon.colcon_core.verb:set package 'chienpanze_description' build argument 'ament_cmake_args' from command line to 'None'
[2.386s] Level 5:colcon.colcon_core.verb:set package 'chienpanze_description' build argument 'catkin_cmake_args' from command line to 'None'
[2.386s] Level 5:colcon.colcon_core.verb:set package 'chienpanze_description' build argument 'catkin_skip_building_tests' from command line to 'False'
[2.386s] DEBUG:colcon.colcon_core.verb:Building package 'chienpanze_description' with the following arguments: {'ament_cmake_args': None, 'build_base': '/home/xplore/chienpanze/xre-legged-dog/build/chienpanze_description', 'catkin_cmake_args': None, 'catkin_skip_building_tests': False, 'cmake_args': None, 'cmake_clean_cache': False, 'cmake_clean_first': False, 'cmake_force_configure': False, 'cmake_target': None, 'cmake_target_skip_unavailable': False, 'install_base': '/home/xplore/chienpanze/xre-legged-dog/install/chienpanze_description', 'merge_install': False, 'path': '/home/xplore/chienpanze/xre-legged-dog/xre_chienpanze/src/chienpanze_description', 'symlink_install': False, 'test_result_base': None}
[2.388s] Level 5:colcon.colcon_core.verb:set package 'chienpanze_hw_interface' build argument 'cmake_args' from command line to 'None'
[2.388s] Level 5:colcon.colcon_core.verb:set package 'chienpanze_hw_interface' build argument 'cmake_target' from command line to 'None'
[2.388s] Level 5:colcon.colcon_core.verb:set package 'chienpanze_hw_interface' build argument 'cmake_target_skip_unavailable' from command line to 'False'
[2.388s] Level 5:colcon.colcon_core.verb:set package 'chienpanze_hw_interface' build argument 'cmake_clean_cache' from command line to 'False'
[2.388s] Level 5:colcon.colcon_core.verb:set package 'chienpanze_hw_interface' build argument 'cmake_clean_first' from command line to 'False'
[2.388s] Level 5:colcon.colcon_core.verb:set package 'chienpanze_hw_interface' build argument 'cmake_force_configure' from command line to 'False'
[2.389s] Level 5:colcon.colcon_core.verb:set package 'chienpanze_hw_interface' build argument 'ament_cmake_args' from command line to 'None'
[2.389s] Level 5:colcon.colcon_core.verb:set package 'chienpanze_hw_interface' build argument 'catkin_cmake_args' from command line to 'None'
[2.389s] Level 5:colcon.colcon_core.verb:set package 'chienpanze_hw_interface' build argument 'catkin_skip_building_tests' from command line to 'False'
[2.389s] DEBUG:colcon.colcon_core.verb:Building package 'chienpanze_hw_interface' with the following arguments: {'ament_cmake_args': None, 'build_base': '/home/xplore/chienpanze/xre-legged-dog/build/chienpanze_hw_interface', 'catkin_cmake_args': None, 'catkin_skip_building_tests': False, 'cmake_args': None, 'cmake_clean_cache': False, 'cmake_clean_first': False, 'cmake_force_configure': False, 'cmake_target': None, 'cmake_target_skip_unavailable': False, 'install_base': '/home/xplore/chienpanze/xre-legged-dog/install/chienpanze_hw_interface', 'merge_install': False, 'path': '/home/xplore/chienpanze/xre-legged-dog/xre_chienpanze/src/chienpanze_hw_interface', 'symlink_install': False, 'test_result_base': None}
[2.390s] INFO:colcon.colcon_core.executor:Executing jobs using 'parallel' executor
[2.394s] DEBUG:colcon.colcon_parallel_executor.executor.parallel:run_until_complete
[2.395s] INFO:colcon.colcon_ros.task.ament_cmake.build:Building ROS package in '/home/xplore/chienpanze/xre-legged-dog/xre_chienpanze/src/chienpanze_bringup' with build type 'ament_cmake'
[2.396s] INFO:colcon.colcon_cmake.task.cmake.build:Building CMake package in '/home/xplore/chienpanze/xre-legged-dog/xre_chienpanze/src/chienpanze_bringup'
[2.407s] INFO:colcon.colcon_core.plugin_system:Skipping extension 'colcon_core.shell.bat': Not used on non-Windows systems
[2.408s] INFO:colcon.colcon_core.shell:Skip shell extension 'powershell' for command environment: Not usable outside of PowerShell
[2.408s] DEBUG:colcon.colcon_core.shell:Skip shell extension 'dsv' for command environment
[2.431s] INFO:colcon.colcon_ros.task.ament_cmake.build:Building ROS package in '/home/xplore/chienpanze/xre-legged-dog/xre_chienpanze/src/chienpanze_controllers' with build type 'ament_cmake'
[2.432s] INFO:colcon.colcon_cmake.task.cmake.build:Building CMake package in '/home/xplore/chienpanze/xre-legged-dog/xre_chienpanze/src/chienpanze_controllers'
[2.433s] INFO:colcon.colcon_core.shell:Skip shell extension 'powershell' for command environment: Not usable outside of PowerShell
[2.434s] DEBUG:colcon.colcon_core.shell:Skip shell extension 'dsv' for command environment
[2.470s] INFO:colcon.colcon_ros.task.ament_cmake.build:Building ROS package in '/home/xplore/chienpanze/xre-legged-dog/xre_chienpanze/src/chienpanze_description' with build type 'ament_cmake'
[2.471s] INFO:colcon.colcon_cmake.task.cmake.build:Building CMake package in '/home/xplore/chienpanze/xre-legged-dog/xre_chienpanze/src/chienpanze_description'
[2.472s] INFO:colcon.colcon_core.shell:Skip shell extension 'powershell' for command environment: Not usable outside of PowerShell
[2.473s] DEBUG:colcon.colcon_core.shell:Skip shell extension 'dsv' for command environment
[2.497s] INFO:colcon.colcon_ros.task.ament_cmake.build:Building ROS package in '/home/xplore/chienpanze/xre-legged-dog/xre_chienpanze/src/chienpanze_hw_interface' with build type 'ament_cmake'
[2.498s] INFO:colcon.colcon_cmake.task.cmake.build:Building CMake package in '/home/xplore/chienpanze/xre-legged-dog/xre_chienpanze/src/chienpanze_hw_interface'
[2.499s] INFO:colcon.colcon_core.shell:Skip shell extension 'powershell' for command environment: Not usable outside of PowerShell
[2.501s] DEBUG:colcon.colcon_core.shell:Skip shell extension 'dsv' for command environment
[2.568s] DEBUG:colcon.colcon_core.event_handler.log_command:Invoking command in '/home/xplore/chienpanze/xre-legged-dog/build/chienpanze_bringup': CMAKE_PREFIX_PATH=/opt/ros/humble /usr/bin/cmake --build /home/xplore/chienpanze/xre-legged-dog/build/chienpanze_bringup -- -j4 -l4
[2.627s] DEBUG:colcon.colcon_core.event_handler.log_command:Invoking command in '/home/xplore/chienpanze/xre-legged-dog/build/chienpanze_controllers': CMAKE_PREFIX_PATH=/opt/ros/humble /usr/bin/cmake --build /home/xplore/chienpanze/xre-legged-dog/build/chienpanze_controllers -- -j4 -l4
[2.651s] DEBUG:colcon.colcon_core.event_handler.log_command:Invoking command in '/home/xplore/chienpanze/xre-legged-dog/build/chienpanze_description': CMAKE_PREFIX_PATH=/opt/ros/humble /usr/bin/cmake --build /home/xplore/chienpanze/xre-legged-dog/build/chienpanze_description -- -j4 -l4
[2.748s] DEBUG:colcon.colcon_core.event_handler.log_command:Invoking command in '/home/xplore/chienpanze/xre-legged-dog/build/chienpanze_hw_interface': CMAKE_PREFIX_PATH=/opt/ros/humble /usr/bin/cmake --build /home/xplore/chienpanze/xre-legged-dog/build/chienpanze_hw_interface -- -j4 -l4
[2.948s] DEBUG:colcon.colcon_core.event_handler.log_command:Invoked command in '/home/xplore/chienpanze/xre-legged-dog/build/chienpanze_bringup' returned '0': CMAKE_PREFIX_PATH=/opt/ros/humble /usr/bin/cmake --build /home/xplore/chienpanze/xre-legged-dog/build/chienpanze_bringup -- -j4 -l4
[3.145s] DEBUG:colcon.colcon_core.event_handler.log_command:Invoked command in '/home/xplore/chienpanze/xre-legged-dog/build/chienpanze_controllers' returned '0': CMAKE_PREFIX_PATH=/opt/ros/humble /usr/bin/cmake --build /home/xplore/chienpanze/xre-legged-dog/build/chienpanze_controllers -- -j4 -l4
[3.157s] DEBUG:colcon.colcon_core.event_handler.log_command:Invoked command in '/home/xplore/chienpanze/xre-legged-dog/build/chienpanze_description' returned '0': CMAKE_PREFIX_PATH=/opt/ros/humble /usr/bin/cmake --build /home/xplore/chienpanze/xre-legged-dog/build/chienpanze_description -- -j4 -l4
[3.316s] DEBUG:colcon.colcon_core.event_handler.log_command:Invoking command in '/home/xplore/chienpanze/xre-legged-dog/build/chienpanze_bringup': CMAKE_PREFIX_PATH=/opt/ros/humble /usr/bin/cmake --install /home/xplore/chienpanze/xre-legged-dog/build/chienpanze_bringup
[3.392s] Level 1:colcon.colcon_core.environment:create_environment_scripts_only(chienpanze_bringup)
[3.409s] DEBUG:colcon.colcon_core.event_handler.log_command:Invoked command in '/home/xplore/chienpanze/xre-legged-dog/build/chienpanze_bringup' returned '0': CMAKE_PREFIX_PATH=/opt/ros/humble /usr/bin/cmake --install /home/xplore/chienpanze/xre-legged-dog/build/chienpanze_bringup
[3.444s] Level 1:colcon.colcon_core.environment:checking '/home/xplore/chienpanze/xre-legged-dog/install/chienpanze_bringup' for CMake module files
[3.450s] Level 1:colcon.colcon_core.environment:checking '/home/xplore/chienpanze/xre-legged-dog/install/chienpanze_bringup' for CMake config files
[3.454s] Level 1:colcon.colcon_core.shell:create_environment_hook('chienpanze_bringup', 'cmake_prefix_path')
[3.455s] INFO:colcon.colcon_core.shell:Creating environment hook '/home/xplore/chienpanze/xre-legged-dog/install/chienpanze_bringup/share/chienpanze_bringup/hook/cmake_prefix_path.ps1'
[3.459s] INFO:colcon.colcon_core.shell:Creating environment descriptor '/home/xplore/chienpanze/xre-legged-dog/install/chienpanze_bringup/share/chienpanze_bringup/hook/cmake_prefix_path.dsv'
[3.462s] INFO:colcon.colcon_core.shell:Creating environment hook '/home/xplore/chienpanze/xre-legged-dog/install/chienpanze_bringup/share/chienpanze_bringup/hook/cmake_prefix_path.sh'
[3.468s] Level 1:colcon.colcon_core.environment:checking '/home/xplore/chienpanze/xre-legged-dog/install/chienpanze_bringup/bin'
[3.469s] Level 1:colcon.colcon_core.environment:checking '/home/xplore/chienpanze/xre-legged-dog/install/chienpanze_bringup/lib/pkgconfig/chienpanze_bringup.pc'
[3.470s] Level 1:colcon.colcon_core.environment:checking '/home/xplore/chienpanze/xre-legged-dog/install/chienpanze_bringup/lib/python3.10/site-packages'
[3.472s] Level 1:colcon.colcon_core.environment:checking '/home/xplore/chienpanze/xre-legged-dog/install/chienpanze_bringup/bin'
[3.473s] INFO:colcon.colcon_core.shell:Creating package script '/home/xplore/chienpanze/xre-legged-dog/install/chienpanze_bringup/share/chienpanze_bringup/package.ps1'
[3.478s] INFO:colcon.colcon_core.shell:Creating package descriptor '/home/xplore/chienpanze/xre-legged-dog/install/chienpanze_bringup/share/chienpanze_bringup/package.dsv'
[3.481s] INFO:colcon.colcon_core.shell:Creating package script '/home/xplore/chienpanze/xre-legged-dog/install/chienpanze_bringup/share/chienpanze_bringup/package.sh'
[3.485s] INFO:colcon.colcon_core.shell:Creating package script '/home/xplore/chienpanze/xre-legged-dog/install/chienpanze_bringup/share/chienpanze_bringup/package.bash'
[3.490s] INFO:colcon.colcon_core.shell:Creating package script '/home/xplore/chienpanze/xre-legged-dog/install/chienpanze_bringup/share/chienpanze_bringup/package.zsh'
[3.496s] Level 1:colcon.colcon_core.environment:create_file_with_runtime_dependencies(/home/xplore/chienpanze/xre-legged-dog/install/chienpanze_bringup/share/colcon-core/packages/chienpanze_bringup)
[3.546s] DEBUG:colcon.colcon_core.event_handler.log_command:Invoking command in '/home/xplore/chienpanze/xre-legged-dog/build/chienpanze_description': CMAKE_PREFIX_PATH=/opt/ros/humble /usr/bin/cmake --install /home/xplore/chienpanze/xre-legged-dog/build/chienpanze_description
[3.563s] DEBUG:colcon.colcon_core.event_handler.log_command:Invoking command in '/home/xplore/chienpanze/xre-legged-dog/build/chienpanze_controllers': CMAKE_PREFIX_PATH=/opt/ros/humble /usr/bin/cmake --install /home/xplore/chienpanze/xre-legged-dog/build/chienpanze_controllers
[3.642s] Level 1:colcon.colcon_core.environment:create_environment_scripts_only(chienpanze_controllers)
[3.645s] Level 1:colcon.colcon_core.environment:checking '/home/xplore/chienpanze/xre-legged-dog/install/chienpanze_controllers' for CMake module files
[3.669s] Level 1:colcon.colcon_core.environment:checking '/home/xplore/chienpanze/xre-legged-dog/install/chienpanze_controllers' for CMake config files
[3.679s] Level 1:colcon.colcon_core.shell:create_environment_hook('chienpanze_controllers', 'cmake_prefix_path')
[3.681s] INFO:colcon.colcon_core.shell:Creating environment hook '/home/xplore/chienpanze/xre-legged-dog/install/chienpanze_controllers/share/chienpanze_controllers/hook/cmake_prefix_path.ps1'
[3.693s] DEBUG:colcon.colcon_core.event_handler.log_command:Invoked command in '/home/xplore/chienpanze/xre-legged-dog/build/chienpanze_controllers' returned '0': CMAKE_PREFIX_PATH=/opt/ros/humble /usr/bin/cmake --install /home/xplore/chienpanze/xre-legged-dog/build/chienpanze_controllers
[3.696s] INFO:colcon.colcon_core.shell:Creating environment descriptor '/home/xplore/chienpanze/xre-legged-dog/install/chienpanze_controllers/share/chienpanze_controllers/hook/cmake_prefix_path.dsv'
[3.699s] INFO:colcon.colcon_core.shell:Creating environment hook '/home/xplore/chienpanze/xre-legged-dog/install/chienpanze_controllers/share/chienpanze_controllers/hook/cmake_prefix_path.sh'
[3.709s] Level 1:colcon.colcon_core.environment:checking '/home/xplore/chienpanze/xre-legged-dog/install/chienpanze_controllers/bin'
[3.710s] Level 1:colcon.colcon_core.environment:checking '/home/xplore/chienpanze/xre-legged-dog/install/chienpanze_controllers/lib/pkgconfig/chienpanze_controllers.pc'
[3.712s] Level 1:colcon.colcon_core.environment:checking '/home/xplore/chienpanze/xre-legged-dog/install/chienpanze_controllers/lib/python3.10/site-packages'
[3.715s] Level 1:colcon.colcon_core.environment:checking '/home/xplore/chienpanze/xre-legged-dog/install/chienpanze_controllers/bin'
[3.724s] INFO:colcon.colcon_core.shell:Creating package script '/home/xplore/chienpanze/xre-legged-dog/install/chienpanze_controllers/share/chienpanze_controllers/package.ps1'
[3.740s] INFO:colcon.colcon_core.shell:Creating package descriptor '/home/xplore/chienpanze/xre-legged-dog/install/chienpanze_controllers/share/chienpanze_controllers/package.dsv'
[3.747s] INFO:colcon.colcon_core.shell:Creating package script '/home/xplore/chienpanze/xre-legged-dog/install/chienpanze_controllers/share/chienpanze_controllers/package.sh'
[3.752s] INFO:colcon.colcon_core.shell:Creating package script '/home/xplore/chienpanze/xre-legged-dog/install/chienpanze_controllers/share/chienpanze_controllers/package.bash'
[3.761s] INFO:colcon.colcon_core.shell:Creating package script '/home/xplore/chienpanze/xre-legged-dog/install/chienpanze_controllers/share/chienpanze_controllers/package.zsh'
[3.764s] Level 1:colcon.colcon_core.environment:create_file_with_runtime_dependencies(/home/xplore/chienpanze/xre-legged-dog/install/chienpanze_controllers/share/colcon-core/packages/chienpanze_controllers)
[3.775s] Level 1:colcon.colcon_core.environment:create_environment_scripts_only(chienpanze_description)
[3.778s] Level 1:colcon.colcon_core.environment:checking '/home/xplore/chienpanze/xre-legged-dog/install/chienpanze_description' for CMake module files
[3.782s] DEBUG:colcon.colcon_core.event_handler.log_command:Invoked command in '/home/xplore/chienpanze/xre-legged-dog/build/chienpanze_description' returned '0': CMAKE_PREFIX_PATH=/opt/ros/humble /usr/bin/cmake --install /home/xplore/chienpanze/xre-legged-dog/build/chienpanze_description
[3.791s] Level 1:colcon.colcon_core.environment:checking '/home/xplore/chienpanze/xre-legged-dog/install/chienpanze_description' for CMake config files
[3.797s] Level 1:colcon.colcon_core.shell:create_environment_hook('chienpanze_description', 'cmake_prefix_path')
[3.799s] INFO:colcon.colcon_core.shell:Creating environment hook '/home/xplore/chienpanze/xre-legged-dog/install/chienpanze_description/share/chienpanze_description/hook/cmake_prefix_path.ps1'
[3.804s] INFO:colcon.colcon_core.shell:Creating environment descriptor '/home/xplore/chienpanze/xre-legged-dog/install/chienpanze_description/share/chienpanze_description/hook/cmake_prefix_path.dsv'
[3.808s] INFO:colcon.colcon_core.shell:Creating environment hook '/home/xplore/chienpanze/xre-legged-dog/install/chienpanze_description/share/chienpanze_description/hook/cmake_prefix_path.sh'
[3.814s] Level 1:colcon.colcon_core.environment:checking '/home/xplore/chienpanze/xre-legged-dog/install/chienpanze_description/bin'
[3.815s] Level 1:colcon.colcon_core.environment:checking '/home/xplore/chienpanze/xre-legged-dog/install/chienpanze_description/lib/pkgconfig/chienpanze_description.pc'
[3.819s] Level 1:colcon.colcon_core.environment:checking '/home/xplore/chienpanze/xre-legged-dog/install/chienpanze_description/lib/python3.10/site-packages'
[3.822s] Level 1:colcon.colcon_core.environment:checking '/home/xplore/chienpanze/xre-legged-dog/install/chienpanze_description/bin'
[3.837s] INFO:colcon.colcon_core.shell:Creating package script '/home/xplore/chienpanze/xre-legged-dog/install/chienpanze_description/share/chienpanze_description/package.ps1'
[3.850s] INFO:colcon.colcon_core.shell:Creating package descriptor '/home/xplore/chienpanze/xre-legged-dog/install/chienpanze_description/share/chienpanze_description/package.dsv'
[3.856s] INFO:colcon.colcon_core.shell:Creating package script '/home/xplore/chienpanze/xre-legged-dog/install/chienpanze_description/share/chienpanze_description/package.sh'
[3.859s] INFO:colcon.colcon_core.shell:Creating package script '/home/xplore/chienpanze/xre-legged-dog/install/chienpanze_description/share/chienpanze_description/package.bash'
[3.862s] INFO:colcon.colcon_core.shell:Creating package script '/home/xplore/chienpanze/xre-legged-dog/install/chienpanze_description/share/chienpanze_description/package.zsh'
[3.866s] Level 1:colcon.colcon_core.environment:create_file_with_runtime_dependencies(/home/xplore/chienpanze/xre-legged-dog/install/chienpanze_description/share/colcon-core/packages/chienpanze_description)
[3.885s] Level 1:colcon.colcon_core.environment:create_environment_scripts_only(chienpanze_bringup)
[3.889s] Level 1:colcon.colcon_core.environment:checking '/home/xplore/chienpanze/xre-legged-dog/install/chienpanze_bringup' for CMake module files
[3.893s] Level 1:colcon.colcon_core.environment:checking '/home/xplore/chienpanze/xre-legged-dog/install/chienpanze_bringup' for CMake config files
[3.897s] Level 1:colcon.colcon_core.shell:create_environment_hook('chienpanze_bringup', 'cmake_prefix_path')
[3.899s] INFO:colcon.colcon_core.shell:Creating environment hook '/home/xplore/chienpanze/xre-legged-dog/install/chienpanze_bringup/share/chienpanze_bringup/hook/cmake_prefix_path.ps1'
[3.903s] INFO:colcon.colcon_core.shell:Creating environment descriptor '/home/xplore/chienpanze/xre-legged-dog/install/chienpanze_bringup/share/chienpanze_bringup/hook/cmake_prefix_path.dsv'
[3.908s] INFO:colcon.colcon_core.shell:Creating environment hook '/home/xplore/chienpanze/xre-legged-dog/install/chienpanze_bringup/share/chienpanze_bringup/hook/cmake_prefix_path.sh'
[3.916s] Level 1:colcon.colcon_core.environment:checking '/home/xplore/chienpanze/xre-legged-dog/install/chienpanze_bringup/bin'
[3.917s] Level 1:colcon.colcon_core.environment:checking '/home/xplore/chienpanze/xre-legged-dog/install/chienpanze_bringup/lib/pkgconfig/chienpanze_bringup.pc'
[3.922s] Level 1:colcon.colcon_core.environment:checking '/home/xplore/chienpanze/xre-legged-dog/install/chienpanze_bringup/lib/python3.10/site-packages'
[3.930s] Level 1:colcon.colcon_core.environment:checking '/home/xplore/chienpanze/xre-legged-dog/install/chienpanze_bringup/bin'
[3.938s] INFO:colcon.colcon_core.shell:Creating package script '/home/xplore/chienpanze/xre-legged-dog/install/chienpanze_bringup/share/chienpanze_bringup/package.ps1'
[3.957s] INFO:colcon.colcon_core.shell:Creating package descriptor '/home/xplore/chienpanze/xre-legged-dog/install/chienpanze_bringup/share/chienpanze_bringup/package.dsv'
[3.968s] INFO:colcon.colcon_core.shell:Creating package script '/home/xplore/chienpanze/xre-legged-dog/install/chienpanze_bringup/share/chienpanze_bringup/package.sh'
[3.973s] INFO:colcon.colcon_core.shell:Creating package script '/home/xplore/chienpanze/xre-legged-dog/install/chienpanze_bringup/share/chienpanze_bringup/package.bash'
[3.977s] INFO:colcon.colcon_core.shell:Creating package script '/home/xplore/chienpanze/xre-legged-dog/install/chienpanze_bringup/share/chienpanze_bringup/package.zsh'
[3.981s] Level 1:colcon.colcon_core.environment:create_file_with_runtime_dependencies(/home/xplore/chienpanze/xre-legged-dog/install/chienpanze_bringup/share/colcon-core/packages/chienpanze_bringup)
[3.993s] Level 1:colcon.colcon_core.environment:create_environment_scripts_only(chienpanze_controllers)
[3.995s] Level 1:colcon.colcon_core.environment:checking '/home/xplore/chienpanze/xre-legged-dog/install/chienpanze_controllers' for CMake module files
[4.000s] Level 1:colcon.colcon_core.environment:checking '/home/xplore/chienpanze/xre-legged-dog/install/chienpanze_controllers' for CMake config files
[4.004s] Level 1:colcon.colcon_core.shell:create_environment_hook('chienpanze_controllers', 'cmake_prefix_path')
[4.007s] INFO:colcon.colcon_core.shell:Creating environment hook '/home/xplore/chienpanze/xre-legged-dog/install/chienpanze_controllers/share/chienpanze_controllers/hook/cmake_prefix_path.ps1'
[4.012s] INFO:colcon.colcon_core.shell:Creating environment descriptor '/home/xplore/chienpanze/xre-legged-dog/install/chienpanze_controllers/share/chienpanze_controllers/hook/cmake_prefix_path.dsv'
[4.017s] INFO:colcon.colcon_core.shell:Creating environment hook '/home/xplore/chienpanze/xre-legged-dog/install/chienpanze_controllers/share/chienpanze_controllers/hook/cmake_prefix_path.sh'
[4.024s] Level 1:colcon.colcon_core.environment:checking '/home/xplore/chienpanze/xre-legged-dog/install/chienpanze_controllers/bin'
[4.025s] Level 1:colcon.colcon_core.environment:checking '/home/xplore/chienpanze/xre-legged-dog/install/chienpanze_controllers/lib/pkgconfig/chienpanze_controllers.pc'
[4.029s] Level 1:colcon.colcon_core.environment:checking '/home/xplore/chienpanze/xre-legged-dog/install/chienpanze_controllers/lib/python3.10/site-packages'
[4.033s] Level 1:colcon.colcon_core.environment:checking '/home/xplore/chienpanze/xre-legged-dog/install/chienpanze_controllers/bin'
[4.037s] INFO:colcon.colcon_core.shell:Creating package script '/home/xplore/chienpanze/xre-legged-dog/install/chienpanze_controllers/share/chienpanze_controllers/package.ps1'
[4.047s] INFO:colcon.colcon_core.shell:Creating package descriptor '/home/xplore/chienpanze/xre-legged-dog/install/chienpanze_controllers/share/chienpanze_controllers/package.dsv'
[4.058s] INFO:colcon.colcon_core.shell:Creating package script '/home/xplore/chienpanze/xre-legged-dog/install/chienpanze_controllers/share/chienpanze_controllers/package.sh'
[4.067s] INFO:colcon.colcon_core.shell:Creating package script '/home/xplore/chienpanze/xre-legged-dog/install/chienpanze_controllers/share/chienpanze_controllers/package.bash'
[4.072s] INFO:colcon.colcon_core.shell:Creating package script '/home/xplore/chienpanze/xre-legged-dog/install/chienpanze_controllers/share/chienpanze_controllers/package.zsh'
[4.076s] Level 1:colcon.colcon_core.environment:create_file_with_runtime_dependencies(/home/xplore/chienpanze/xre-legged-dog/install/chienpanze_controllers/share/colcon-core/packages/chienpanze_controllers)
[4.089s] Level 1:colcon.colcon_core.environment:create_environment_scripts_only(chienpanze_description)
[4.095s] Level 1:colcon.colcon_core.environment:checking '/home/xplore/chienpanze/xre-legged-dog/install/chienpanze_description' for CMake module files
[4.103s] Level 1:colcon.colcon_core.environment:checking '/home/xplore/chienpanze/xre-legged-dog/install/chienpanze_description' for CMake config files
[4.107s] Level 1:colcon.colcon_core.shell:create_environment_hook('chienpanze_description', 'cmake_prefix_path')
[4.109s] INFO:colcon.colcon_core.shell:Creating environment hook '/home/xplore/chienpanze/xre-legged-dog/install/chienpanze_description/share/chienpanze_description/hook/cmake_prefix_path.ps1'
[4.113s] INFO:colcon.colcon_core.shell:Creating environment descriptor '/home/xplore/chienpanze/xre-legged-dog/install/chienpanze_description/share/chienpanze_description/hook/cmake_prefix_path.dsv'
[4.116s] INFO:colcon.colcon_core.shell:Creating environment hook '/home/xplore/chienpanze/xre-legged-dog/install/chienpanze_description/share/chienpanze_description/hook/cmake_prefix_path.sh'
[4.121s] Level 1:colcon.colcon_core.environment:checking '/home/xplore/chienpanze/xre-legged-dog/install/chienpanze_description/bin'
[4.121s] Level 1:colcon.colcon_core.environment:checking '/home/xplore/chienpanze/xre-legged-dog/install/chienpanze_description/lib/pkgconfig/chienpanze_description.pc'
[4.123s] Level 1:colcon.colcon_core.environment:checking '/home/xplore/chienpanze/xre-legged-dog/install/chienpanze_description/lib/python3.10/site-packages'
[4.126s] Level 1:colcon.colcon_core.environment:checking '/home/xplore/chienpanze/xre-legged-dog/install/chienpanze_description/bin'
[4.138s] INFO:colcon.colcon_core.shell:Creating package script '/home/xplore/chienpanze/xre-legged-dog/install/chienpanze_description/share/chienpanze_description/package.ps1'
[4.144s] INFO:colcon.colcon_core.shell:Creating package descriptor '/home/xplore/chienpanze/xre-legged-dog/install/chienpanze_description/share/chienpanze_description/package.dsv'
[4.152s] INFO:colcon.colcon_core.shell:Creating package script '/home/xplore/chienpanze/xre-legged-dog/install/chienpanze_description/share/chienpanze_description/package.sh'
[4.160s] INFO:colcon.colcon_core.shell:Creating package script '/home/xplore/chienpanze/xre-legged-dog/install/chienpanze_description/share/chienpanze_description/package.bash'
[4.166s] INFO:colcon.colcon_core.shell:Creating package script '/home/xplore/chienpanze/xre-legged-dog/install/chienpanze_description/share/chienpanze_description/package.zsh'
[4.170s] Level 1:colcon.colcon_core.environment:create_file_with_runtime_dependencies(/home/xplore/chienpanze/xre-legged-dog/install/chienpanze_description/share/colcon-core/packages/chienpanze_description)
[11.150s] DEBUG:colcon.colcon_core.event_handler.log_command:Invoked command in '/home/xplore/chienpanze/xre-legged-dog/build/chienpanze_hw_interface' returned '2': CMAKE_PREFIX_PATH=/opt/ros/humble /usr/bin/cmake --build /home/xplore/chienpanze/xre-legged-dog/build/chienpanze_hw_interface -- -j4 -l4
[11.466s] Level 1:colcon.colcon_core.environment:create_environment_scripts_only(chienpanze_hw_interface)
[11.468s] Level 1:colcon.colcon_core.environment:checking '/home/xplore/chienpanze/xre-legged-dog/install/chienpanze_hw_interface' for CMake module files
[11.479s] Level 1:colcon.colcon_core.environment:checking '/home/xplore/chienpanze/xre-legged-dog/install/chienpanze_hw_interface' for CMake config files
[11.482s] Level 1:colcon.colcon_core.shell:create_environment_hook('chienpanze_hw_interface', 'cmake_prefix_path')
[11.486s] INFO:colcon.colcon_core.shell:Creating environment hook '/home/xplore/chienpanze/xre-legged-dog/install/chienpanze_hw_interface/share/chienpanze_hw_interface/hook/cmake_prefix_path.ps1'
[11.492s] INFO:colcon.colcon_core.shell:Creating environment descriptor '/home/xplore/chienpanze/xre-legged-dog/install/chienpanze_hw_interface/share/chienpanze_hw_interface/hook/cmake_prefix_path.dsv'
[11.505s] INFO:colcon.colcon_core.shell:Creating environment hook '/home/xplore/chienpanze/xre-legged-dog/install/chienpanze_hw_interface/share/chienpanze_hw_interface/hook/cmake_prefix_path.sh'
[11.510s] Level 1:colcon.colcon_core.environment:checking '/home/xplore/chienpanze/xre-legged-dog/install/chienpanze_hw_interface/lib'
[11.511s] Level 1:colcon.colcon_core.shell:create_environment_hook('chienpanze_hw_interface', 'ld_library_path_lib')
[11.513s] INFO:colcon.colcon_core.shell:Creating environment hook '/home/xplore/chienpanze/xre-legged-dog/install/chienpanze_hw_interface/share/chienpanze_hw_interface/hook/ld_library_path_lib.ps1'
[11.519s] INFO:colcon.colcon_core.shell:Creating environment descriptor '/home/xplore/chienpanze/xre-legged-dog/install/chienpanze_hw_interface/share/chienpanze_hw_interface/hook/ld_library_path_lib.dsv'
[11.524s] INFO:colcon.colcon_core.shell:Creating environment hook '/home/xplore/chienpanze/xre-legged-dog/install/chienpanze_hw_interface/share/chienpanze_hw_interface/hook/ld_library_path_lib.sh'
[11.527s] Level 1:colcon.colcon_core.environment:checking '/home/xplore/chienpanze/xre-legged-dog/install/chienpanze_hw_interface/bin'
[11.528s] Level 1:colcon.colcon_core.environment:checking '/home/xplore/chienpanze/xre-legged-dog/install/chienpanze_hw_interface/lib/pkgconfig/chienpanze_hw_interface.pc'
[11.531s] Level 1:colcon.colcon_core.environment:checking '/home/xplore/chienpanze/xre-legged-dog/install/chienpanze_hw_interface/lib/python3.10/site-packages'
[11.534s] Level 1:colcon.colcon_core.environment:checking '/home/xplore/chienpanze/xre-legged-dog/install/chienpanze_hw_interface/bin'
[11.539s] INFO:colcon.colcon_core.shell:Creating package script '/home/xplore/chienpanze/xre-legged-dog/install/chienpanze_hw_interface/share/chienpanze_hw_interface/package.ps1'
[11.547s] INFO:colcon.colcon_core.shell:Creating package descriptor '/home/xplore/chienpanze/xre-legged-dog/install/chienpanze_hw_interface/share/chienpanze_hw_interface/package.dsv'
[11.554s] INFO:colcon.colcon_core.shell:Creating package script '/home/xplore/chienpanze/xre-legged-dog/install/chienpanze_hw_interface/share/chienpanze_hw_interface/package.sh'
[11.559s] INFO:colcon.colcon_core.shell:Creating package script '/home/xplore/chienpanze/xre-legged-dog/install/chienpanze_hw_interface/share/chienpanze_hw_interface/package.bash'
[11.562s] INFO:colcon.colcon_core.shell:Creating package script '/home/xplore/chienpanze/xre-legged-dog/install/chienpanze_hw_interface/share/chienpanze_hw_interface/package.zsh'
[11.566s] Level 1:colcon.colcon_core.environment:create_file_with_runtime_dependencies(/home/xplore/chienpanze/xre-legged-dog/install/chienpanze_hw_interface/share/colcon-core/packages/chienpanze_hw_interface)
[11.578s] DEBUG:colcon.colcon_parallel_executor.executor.parallel:closing loop
[11.579s] DEBUG:colcon.colcon_parallel_executor.executor.parallel:loop closed
[11.579s] DEBUG:colcon.colcon_parallel_executor.executor.parallel:run_until_complete finished with '2'
[11.580s] DEBUG:colcon.colcon_core.event_reactor:joining thread
[11.620s] INFO:colcon.colcon_core.plugin_system:Skipping extension 'colcon_notification.desktop_notification.terminal_notifier': Not used on non-Darwin systems
[11.621s] INFO:colcon.colcon_core.plugin_system:Skipping extension 'colcon_notification.desktop_notification.win32': Not used on non-Windows systems
[11.621s] INFO:colcon.colcon_notification.desktop_notification:Sending desktop notification using 'notify2'
[11.742s] DEBUG:colcon.colcon_core.event_reactor:joined thread
[11.744s] INFO:colcon.colcon_core.shell:Creating prefix script '/home/xplore/chienpanze/xre-legged-dog/install/local_setup.ps1'
[11.749s] INFO:colcon.colcon_core.shell:Creating prefix util module '/home/xplore/chienpanze/xre-legged-dog/install/_local_setup_util_ps1.py'
[11.759s] INFO:colcon.colcon_core.shell:Creating prefix chain script '/home/xplore/chienpanze/xre-legged-dog/install/setup.ps1'
[11.766s] INFO:colcon.colcon_core.shell:Creating prefix script '/home/xplore/chienpanze/xre-legged-dog/install/local_setup.sh'
[11.770s] INFO:colcon.colcon_core.shell:Creating prefix util module '/home/xplore/chienpanze/xre-legged-dog/install/_local_setup_util_sh.py'
[11.777s] INFO:colcon.colcon_core.shell:Creating prefix chain script '/home/xplore/chienpanze/xre-legged-dog/install/setup.sh'
[11.783s] INFO:colcon.colcon_core.shell:Creating prefix script '/home/xplore/chienpanze/xre-legged-dog/install/local_setup.bash'
[11.787s] INFO:colcon.colcon_core.shell:Creating prefix chain script '/home/xplore/chienpanze/xre-legged-dog/install/setup.bash'
[11.794s] INFO:colcon.colcon_core.shell:Creating prefix script '/home/xplore/chienpanze/xre-legged-dog/install/local_setup.zsh'
[11.798s] INFO:colcon.colcon_core.shell:Creating prefix chain script '/home/xplore/chienpanze/xre-legged-dog/install/setup.zsh'
