[0.164s] Invoking command in '/home/xplore/chienpanze/xre-legged-dog/build/chienpanze_controllers': CMAKE_PREFIX_PATH=/opt/ros/humble /usr/bin/cmake --build /home/xplore/chienpanze/xre-legged-dog/build/chienpanze_controllers -- -j4 -l4
[0.335s] -- Found ament_cmake: 1.3.8 (/opt/ros/humble/share/ament_cmake/cmake)
[1.431s] -- Found rclcpp: 16.0.8 (/opt/ros/humble/share/rclcpp/cmake)
[1.716s] -- Found rosidl_generator_c: 3.1.5 (/opt/ros/humble/share/rosidl_generator_c/cmake)
[1.742s] -- Found rosidl_adapter: 3.1.5 (/opt/ros/humble/share/rosidl_adapter/cmake)
[1.767s] -- Found rosidl_generator_cpp: 3.1.5 (/opt/ros/humble/share/rosidl_generator_cpp/cmake)
[1.828s] -- Using all available rosidl_typesupport_c: rosidl_typesupport_fastrtps_c;rosidl_typesupport_introspection_c
[1.922s] -- Using all available rosidl_typesupport_cpp: rosidl_typesupport_fastrtps_cpp;rosidl_typesupport_introspection_cpp
[2.218s] -- Found rmw_implementation_cmake: 6.1.1 (/opt/ros/humble/share/rmw_implementation_cmake/cmake)
[2.227s] -- Found rmw_fastrtps_cpp: 6.2.6 (/opt/ros/humble/share/rmw_fastrtps_cpp/cmake)
[3.507s] -- Using RMW implementation 'rmw_fastrtps_cpp' as default
[4.270s] -- Found rclcpp_lifecycle: 16.0.8 (/opt/ros/humble/share/rclcpp_lifecycle/cmake)
[4.673s] [31mCMake Error at CMakeLists.txt:17 (find_package):
[4.674s]   By not providing "Findcontroller_interface.cmake" in CMAKE_MODULE_PATH this
[4.674s]   project has asked CMake to find a package configuration file provided by
[4.674s]   "controller_interface", but CMake did not find one.
[4.675s] 
[4.675s]   Could not find a package configuration file provided by
[4.676s]   "controller_interface" with any of the following names:
[4.676s] 
[4.677s]     controller_interfaceConfig.cmake
[4.678s]     controller_interface-config.cmake
[4.678s] 
[4.679s]   Add the installation prefix of "controller_interface" to CMAKE_PREFIX_PATH
[4.679s]   or set "controller_interface_DIR" to a directory containing one of the
[4.679s]   above files.  If "controller_interface" provides a separate development
[4.680s]   package or SDK, be sure it has been installed.
[4.680s] 
[4.681s] [0m
[4.681s] -- Configuring incomplete, errors occurred!
[4.682s] See also "/home/xplore/chienpanze/xre-legged-dog/build/chienpanze_controllers/CMakeFiles/CMakeOutput.log".
[4.707s] gmake: *** [Makefile:226: cmake_check_build_system] Error 1
[4.714s] Invoked command in '/home/xplore/chienpanze/xre-legged-dog/build/chienpanze_controllers' returned '2': CMAKE_PREFIX_PATH=/opt/ros/humble /usr/bin/cmake --build /home/xplore/chienpanze/xre-legged-dog/build/chienpanze_controllers -- -j4 -l4
