[0.228s] Invoking command in '/home/xplore/chienpanze/xre-legged-dog/xre_chienpanze/build/chienpanze_controller_interface': CMAKE_PREFIX_PATH=${CMAKE_PREFIX_PATH}:/opt/ros/humble /usr/bin/cmake --build /home/xplore/chienpanze/xre-legged-dog/xre_chienpanze/build/chienpanze_controller_interface -- -j4 -l4
[0.769s] -- Found ament_cmake: 1.3.8 (/opt/ros/humble/share/ament_cmake/cmake)
[2.250s] -- Found rclcpp: 16.0.8 (/opt/ros/humble/share/rclcpp/cmake)
[2.914s] -- Found rosidl_generator_c: 3.1.5 (/opt/ros/humble/share/rosidl_generator_c/cmake)
[2.933s] -- Found rosidl_adapter: 3.1.5 (/opt/ros/humble/share/rosidl_adapter/cmake)
[3.056s] -- Found rosidl_generator_cpp: 3.1.5 (/opt/ros/humble/share/rosidl_generator_cpp/cmake)
[3.207s] -- Using all available rosidl_typesupport_c: rosidl_typesupport_fastrtps_c;rosidl_typesupport_introspection_c
[3.410s] -- Using all available rosidl_typesupport_cpp: rosidl_typesupport_fastrtps_cpp;rosidl_typesupport_introspection_cpp
[4.024s] -- Found rmw_implementation_cmake: 6.1.1 (/opt/ros/humble/share/rmw_implementation_cmake/cmake)
[4.049s] -- Found rmw_fastrtps_cpp: 6.2.6 (/opt/ros/humble/share/rmw_fastrtps_cpp/cmake)
[6.446s] -- Using RMW implementation 'rmw_fastrtps_cpp' as default
[7.871s] -- Found rclcpp_lifecycle: 16.0.8 (/opt/ros/humble/share/rclcpp_lifecycle/cmake)
[8.261s] -- Found controller_interface: 2.40.0 (/opt/ros/humble/share/controller_interface/cmake)
[13.667s] -- Configuring done
[14.375s] -- Generating done
[14.396s] -- Build files have been written to: /home/xplore/chienpanze/xre-legged-dog/xre_chienpanze/build/chienpanze_controller_interface
[14.700s] [35m[1mConsolidate compiler generated dependencies of target chienpanze_controller_interface[0m
[15.869s] [100%] Built target chienpanze_controller_interface
[15.932s] Invoked command in '/home/xplore/chienpanze/xre-legged-dog/xre_chienpanze/build/chienpanze_controller_interface' returned '0': CMAKE_PREFIX_PATH=${CMAKE_PREFIX_PATH}:/opt/ros/humble /usr/bin/cmake --build /home/xplore/chienpanze/xre-legged-dog/xre_chienpanze/build/chienpanze_controller_interface -- -j4 -l4
[16.179s] Invoking command in '/home/xplore/chienpanze/xre-legged-dog/xre_chienpanze/build/chienpanze_controller_interface': CMAKE_PREFIX_PATH=${CMAKE_PREFIX_PATH}:/opt/ros/humble /usr/bin/cmake --install /home/xplore/chienpanze/xre-legged-dog/xre_chienpanze/build/chienpanze_controller_interface
[16.216s] -- Install configuration: ""
[16.244s] -- Up-to-date: /home/xplore/chienpanze/xre-legged-dog/xre_chienpanze/install/chienpanze_controller_interface/lib/libchienpanze_controller_interface.so
[16.245s] -- Up-to-date: /home/xplore/chienpanze/xre-legged-dog/xre_chienpanze/install/chienpanze_controller_interface/include
[16.332s] -- Up-to-date: /home/xplore/chienpanze/xre-legged-dog/xre_chienpanze/install/chienpanze_controller_interface/include/chienpanze_controller_interface
[16.334s] -- Up-to-date: /home/xplore/chienpanze/xre-legged-dog/xre_chienpanze/install/chienpanze_controller_interface/include/chienpanze_controller_interface/chienpanze_controller_interface.hpp
[16.335s] -- Up-to-date: /home/xplore/chienpanze/xre-legged-dog/xre_chienpanze/install/chienpanze_controller_interface/share/chienpanze_controller_interface
[16.336s] -- Installing: /home/xplore/chienpanze/xre-legged-dog/xre_chienpanze/install/chienpanze_controller_interface/share/chienpanze_controller_interface/chienpanze_controllers.xml
[16.417s] -- Up-to-date: /home/xplore/chienpanze/xre-legged-dog/xre_chienpanze/install/chienpanze_controller_interface/share/ament_index/resource_index/package_run_dependencies/chienpanze_controller_interface
[16.497s] -- Installing: /home/xplore/chienpanze/xre-legged-dog/xre_chienpanze/install/chienpanze_controller_interface/share/ament_index/resource_index/parent_prefix_path/chienpanze_controller_interface
[16.500s] -- Up-to-date: /home/xplore/chienpanze/xre-legged-dog/xre_chienpanze/install/chienpanze_controller_interface/share/chienpanze_controller_interface/environment/ament_prefix_path.sh
[16.504s] -- Installing: /home/xplore/chienpanze/xre-legged-dog/xre_chienpanze/install/chienpanze_controller_interface/share/chienpanze_controller_interface/environment/ament_prefix_path.dsv
[16.510s] -- Up-to-date: /home/xplore/chienpanze/xre-legged-dog/xre_chienpanze/install/chienpanze_controller_interface/share/chienpanze_controller_interface/environment/path.sh
[16.511s] -- Installing: /home/xplore/chienpanze/xre-legged-dog/xre_chienpanze/install/chienpanze_controller_interface/share/chienpanze_controller_interface/environment/path.dsv
[16.514s] -- Up-to-date: /home/xplore/chienpanze/xre-legged-dog/xre_chienpanze/install/chienpanze_controller_interface/share/chienpanze_controller_interface/local_setup.bash
[16.519s] -- Up-to-date: /home/xplore/chienpanze/xre-legged-dog/xre_chienpanze/install/chienpanze_controller_interface/share/chienpanze_controller_interface/local_setup.sh
[16.523s] -- Up-to-date: /home/xplore/chienpanze/xre-legged-dog/xre_chienpanze/install/chienpanze_controller_interface/share/chienpanze_controller_interface/local_setup.zsh
[16.523s] -- Installing: /home/xplore/chienpanze/xre-legged-dog/xre_chienpanze/install/chienpanze_controller_interface/share/chienpanze_controller_interface/local_setup.dsv
[16.527s] -- Installing: /home/xplore/chienpanze/xre-legged-dog/xre_chienpanze/install/chienpanze_controller_interface/share/chienpanze_controller_interface/package.dsv
[16.530s] -- Up-to-date: /home/xplore/chienpanze/xre-legged-dog/xre_chienpanze/install/chienpanze_controller_interface/share/ament_index/resource_index/packages/chienpanze_controller_interface
[16.594s] -- Installing: /home/xplore/chienpanze/xre-legged-dog/xre_chienpanze/install/chienpanze_controller_interface/share/ament_index/resource_index/controller_interface__pluginlib__plugin/chienpanze_controller_interface
[16.678s] -- Up-to-date: /home/xplore/chienpanze/xre-legged-dog/xre_chienpanze/install/chienpanze_controller_interface/share/chienpanze_controller_interface/cmake/chienpanze_controller_interfaceConfig.cmake
[16.680s] -- Up-to-date: /home/xplore/chienpanze/xre-legged-dog/xre_chienpanze/install/chienpanze_controller_interface/share/chienpanze_controller_interface/cmake/chienpanze_controller_interfaceConfig-version.cmake
[16.681s] -- Up-to-date: /home/xplore/chienpanze/xre-legged-dog/xre_chienpanze/install/chienpanze_controller_interface/share/chienpanze_controller_interface/package.xml
[16.691s] Invoked command in '/home/xplore/chienpanze/xre-legged-dog/xre_chienpanze/build/chienpanze_controller_interface' returned '0': CMAKE_PREFIX_PATH=${CMAKE_PREFIX_PATH}:/opt/ros/humble /usr/bin/cmake --install /home/xplore/chienpanze/xre-legged-dog/xre_chienpanze/build/chienpanze_controller_interface
