[0.016s] Invoking command in '/home/arno/xre/xre_chienpanze/build/chienpanze_controllers': CMAKE_PREFIX_PATH=/opt/ros/humble /usr/bin/cmake --build /home/arno/xre/xre_chienpanze/build/chienpanze_controllers -- -j8 -l8
[0.062s] Invoked command in '/home/arno/xre/xre_chienpanze/build/chienpanze_controllers' returned '0': CMAKE_PREFIX_PATH=/opt/ros/humble /usr/bin/cmake --build /home/arno/xre/xre_chienpanze/build/chienpanze_controllers -- -j8 -l8
[0.102s] Invoking command in '/home/arno/xre/xre_chienpanze/build/chienpanze_controllers': CMAKE_PREFIX_PATH=/opt/ros/humble /usr/bin/cmake --install /home/arno/xre/xre_chienpanze/build/chienpanze_controllers
[0.112s] -- Install configuration: ""
[0.113s] -- Execute custom install script
[0.114s] -- Up-to-date symlink: /home/arno/xre/xre_chienpanze/install/chienpanze_controllers/share/ament_index/resource_index/package_run_dependencies/chienpanze_controllers
[0.114s] -- Up-to-date symlink: /home/arno/xre/xre_chienpanze/install/chienpanze_controllers/share/ament_index/resource_index/parent_prefix_path/chienpanze_controllers
[0.115s] -- Up-to-date symlink: /home/arno/xre/xre_chienpanze/install/chienpanze_controllers/share/chienpanze_controllers/environment/ament_prefix_path.sh
[0.115s] -- Up-to-date symlink: /home/arno/xre/xre_chienpanze/install/chienpanze_controllers/share/chienpanze_controllers/environment/ament_prefix_path.dsv
[0.115s] -- Up-to-date symlink: /home/arno/xre/xre_chienpanze/install/chienpanze_controllers/share/chienpanze_controllers/environment/path.sh
[0.115s] -- Up-to-date symlink: /home/arno/xre/xre_chienpanze/install/chienpanze_controllers/share/chienpanze_controllers/environment/path.dsv
[0.116s] -- Up-to-date symlink: /home/arno/xre/xre_chienpanze/install/chienpanze_controllers/share/chienpanze_controllers/local_setup.bash
[0.116s] -- Up-to-date symlink: /home/arno/xre/xre_chienpanze/install/chienpanze_controllers/share/chienpanze_controllers/local_setup.sh
[0.116s] -- Up-to-date symlink: /home/arno/xre/xre_chienpanze/install/chienpanze_controllers/share/chienpanze_controllers/local_setup.zsh
[0.116s] -- Up-to-date symlink: /home/arno/xre/xre_chienpanze/install/chienpanze_controllers/share/chienpanze_controllers/local_setup.dsv
[0.117s] -- Symlinking: /home/arno/xre/xre_chienpanze/install/chienpanze_controllers/share/chienpanze_controllers/package.dsv
[0.130s] -- Up-to-date symlink: /home/arno/xre/xre_chienpanze/install/chienpanze_controllers/share/ament_index/resource_index/packages/chienpanze_controllers
[0.130s] -- Up-to-date symlink: /home/arno/xre/xre_chienpanze/install/chienpanze_controllers/share/chienpanze_controllers/cmake/chienpanze_controllersConfig.cmake
[0.131s] -- Up-to-date symlink: /home/arno/xre/xre_chienpanze/install/chienpanze_controllers/share/chienpanze_controllers/cmake/chienpanze_controllersConfig-version.cmake
[0.131s] -- Up-to-date symlink: /home/arno/xre/xre_chienpanze/install/chienpanze_controllers/share/chienpanze_controllers/package.xml
[0.153s] Invoked command in '/home/arno/xre/xre_chienpanze/build/chienpanze_controllers' returned '0': CMAKE_PREFIX_PATH=/opt/ros/humble /usr/bin/cmake --install /home/arno/xre/xre_chienpanze/build/chienpanze_controllers
