[0.276s] Invoking command in '/home/xplore/chienpanze/xre-legged-dog/xre_chienpanze/build/chienpanze_controller_interface': CMAKE_PREFIX_PATH=${CMAKE_PREFIX_PATH}:/opt/ros/humble /usr/bin/cmake --build /home/xplore/chienpanze/xre-legged-dog/xre_chienpanze/build/chienpanze_controller_interface -- -j4 -l4
[1.182s] [100%] Built target chienpanze_controller_interface
[1.390s] Invoked command in '/home/xplore/chienpanze/xre-legged-dog/xre_chienpanze/build/chienpanze_controller_interface' returned '0': CMAKE_PREFIX_PATH=${CMAKE_PREFIX_PATH}:/opt/ros/humble /usr/bin/cmake --build /home/xplore/chienpanze/xre-legged-dog/xre_chienpanze/build/chienpanze_controller_interface -- -j4 -l4
[1.906s] Invoking command in '/home/xplore/chienpanze/xre-legged-dog/xre_chienpanze/build/chienpanze_controller_interface': CMAKE_PREFIX_PATH=${CMAKE_PREFIX_PATH}:/opt/ros/humble /usr/bin/cmake --install /home/xplore/chienpanze/xre-legged-dog/xre_chienpanze/build/chienpanze_controller_interface
[1.978s] -- Install configuration: ""
[1.999s] -- Up-to-date: /home/xplore/chienpanze/xre-legged-dog/xre_chienpanze/install/chienpanze_controller_interface/lib/libchienpanze_controller_interface.so
[2.001s] -- Up-to-date: /home/xplore/chienpanze/xre-legged-dog/xre_chienpanze/install/chienpanze_controller_interface/include
[2.003s] -- Up-to-date: /home/xplore/chienpanze/xre-legged-dog/xre_chienpanze/install/chienpanze_controller_interface/include/chienpanze_controller_interface
[2.004s] -- Up-to-date: /home/xplore/chienpanze/xre-legged-dog/xre_chienpanze/install/chienpanze_controller_interface/include/chienpanze_controller_interface/chienpanze_controller_interface.hpp
[2.005s] -- Up-to-date: /home/xplore/chienpanze/xre-legged-dog/xre_chienpanze/install/chienpanze_controller_interface/share/chienpanze_controller_interface
[2.005s] -- Up-to-date: /home/xplore/chienpanze/xre-legged-dog/xre_chienpanze/install/chienpanze_controller_interface/share/chienpanze_controller_interface/chienpanze_controllers.xml
[2.006s] -- Up-to-date: /home/xplore/chienpanze/xre-legged-dog/xre_chienpanze/install/chienpanze_controller_interface/share/ament_index/resource_index/package_run_dependencies/chienpanze_controller_interface
[2.012s] -- Up-to-date: /home/xplore/chienpanze/xre-legged-dog/xre_chienpanze/install/chienpanze_controller_interface/share/ament_index/resource_index/parent_prefix_path/chienpanze_controller_interface
[2.016s] -- Up-to-date: /home/xplore/chienpanze/xre-legged-dog/xre_chienpanze/install/chienpanze_controller_interface/share/chienpanze_controller_interface/environment/ament_prefix_path.sh
[2.018s] -- Up-to-date: /home/xplore/chienpanze/xre-legged-dog/xre_chienpanze/install/chienpanze_controller_interface/share/chienpanze_controller_interface/environment/ament_prefix_path.dsv
[2.026s] -- Up-to-date: /home/xplore/chienpanze/xre-legged-dog/xre_chienpanze/install/chienpanze_controller_interface/share/chienpanze_controller_interface/environment/path.sh
[2.030s] -- Up-to-date: /home/xplore/chienpanze/xre-legged-dog/xre_chienpanze/install/chienpanze_controller_interface/share/chienpanze_controller_interface/environment/path.dsv
[2.031s] -- Up-to-date: /home/xplore/chienpanze/xre-legged-dog/xre_chienpanze/install/chienpanze_controller_interface/share/chienpanze_controller_interface/local_setup.bash
[2.032s] -- Up-to-date: /home/xplore/chienpanze/xre-legged-dog/xre_chienpanze/install/chienpanze_controller_interface/share/chienpanze_controller_interface/local_setup.sh
[2.033s] -- Up-to-date: /home/xplore/chienpanze/xre-legged-dog/xre_chienpanze/install/chienpanze_controller_interface/share/chienpanze_controller_interface/local_setup.zsh
[2.034s] -- Up-to-date: /home/xplore/chienpanze/xre-legged-dog/xre_chienpanze/install/chienpanze_controller_interface/share/chienpanze_controller_interface/local_setup.dsv
[2.035s] -- Installing: /home/xplore/chienpanze/xre-legged-dog/xre_chienpanze/install/chienpanze_controller_interface/share/chienpanze_controller_interface/package.dsv
[2.036s] -- Up-to-date: /home/xplore/chienpanze/xre-legged-dog/xre_chienpanze/install/chienpanze_controller_interface/share/ament_index/resource_index/packages/chienpanze_controller_interface
[2.036s] -- Up-to-date: /home/xplore/chienpanze/xre-legged-dog/xre_chienpanze/install/chienpanze_controller_interface/share/ament_index/resource_index/controller_interface__pluginlib__plugin/chienpanze_controller_interface
[2.039s] -- Up-to-date: /home/xplore/chienpanze/xre-legged-dog/xre_chienpanze/install/chienpanze_controller_interface/share/chienpanze_controller_interface/cmake/chienpanze_controller_interfaceConfig.cmake
[2.049s] -- Up-to-date: /home/xplore/chienpanze/xre-legged-dog/xre_chienpanze/install/chienpanze_controller_interface/share/chienpanze_controller_interface/cmake/chienpanze_controller_interfaceConfig-version.cmake
[2.053s] -- Up-to-date: /home/xplore/chienpanze/xre-legged-dog/xre_chienpanze/install/chienpanze_controller_interface/share/chienpanze_controller_interface/package.xml
[2.259s] Invoked command in '/home/xplore/chienpanze/xre-legged-dog/xre_chienpanze/build/chienpanze_controller_interface' returned '0': CMAKE_PREFIX_PATH=${CMAKE_PREFIX_PATH}:/opt/ros/humble /usr/bin/cmake --install /home/xplore/chienpanze/xre-legged-dog/xre_chienpanze/build/chienpanze_controller_interface
