[0.192s] Invoking command in '/home/xplore/chienpanze/xre-legged-dog/xre_chienpanze/build/chienpanze_controller_manager': CMAKE_PREFIX_PATH=${CMAKE_PREFIX_PATH}:/opt/ros/humble /usr/bin/cmake --build /home/xplore/chienpanze/xre-legged-dog/xre_chienpanze/build/chienpanze_controller_manager -- -j4 -l4
[0.644s] Invoked command in '/home/xplore/chienpanze/xre-legged-dog/xre_chienpanze/build/chienpanze_controller_manager' returned '0': CMAKE_PREFIX_PATH=${CMAKE_PREFIX_PATH}:/opt/ros/humble /usr/bin/cmake --build /home/xplore/chienpanze/xre-legged-dog/xre_chienpanze/build/chienpanze_controller_manager -- -j4 -l4
[0.879s] Invoking command in '/home/xplore/chienpanze/xre-legged-dog/xre_chienpanze/build/chienpanze_controller_manager': CMAKE_PREFIX_PATH=${CMAKE_PREFIX_PATH}:/opt/ros/humble /usr/bin/cmake --install /home/xplore/chienpanze/xre-legged-dog/xre_chienpanze/build/chienpanze_controller_manager
[1.011s] -- Install configuration: ""
[1.011s] -- Up-to-date: /home/xplore/chienpanze/xre-legged-dog/xre_chienpanze/install/chienpanze_controller_manager/share/ament_index/resource_index/package_run_dependencies/chienpanze_controller_manager
[1.012s] -- Up-to-date: /home/xplore/chienpanze/xre-legged-dog/xre_chienpanze/install/chienpanze_controller_manager/share/ament_index/resource_index/parent_prefix_path/chienpanze_controller_manager
[1.012s] -- Up-to-date: /home/xplore/chienpanze/xre-legged-dog/xre_chienpanze/install/chienpanze_controller_manager/share/chienpanze_controller_manager/environment/ament_prefix_path.sh
[1.013s] -- Up-to-date: /home/xplore/chienpanze/xre-legged-dog/xre_chienpanze/install/chienpanze_controller_manager/share/chienpanze_controller_manager/environment/ament_prefix_path.dsv
[1.014s] -- Up-to-date: /home/xplore/chienpanze/xre-legged-dog/xre_chienpanze/install/chienpanze_controller_manager/share/chienpanze_controller_manager/environment/path.sh
[1.015s] -- Up-to-date: /home/xplore/chienpanze/xre-legged-dog/xre_chienpanze/install/chienpanze_controller_manager/share/chienpanze_controller_manager/environment/path.dsv
[1.018s] -- Up-to-date: /home/xplore/chienpanze/xre-legged-dog/xre_chienpanze/install/chienpanze_controller_manager/share/chienpanze_controller_manager/local_setup.bash
[1.023s] -- Up-to-date: /home/xplore/chienpanze/xre-legged-dog/xre_chienpanze/install/chienpanze_controller_manager/share/chienpanze_controller_manager/local_setup.sh
[1.024s] -- Up-to-date: /home/xplore/chienpanze/xre-legged-dog/xre_chienpanze/install/chienpanze_controller_manager/share/chienpanze_controller_manager/local_setup.zsh
[1.025s] -- Up-to-date: /home/xplore/chienpanze/xre-legged-dog/xre_chienpanze/install/chienpanze_controller_manager/share/chienpanze_controller_manager/local_setup.dsv
[1.026s] -- Installing: /home/xplore/chienpanze/xre-legged-dog/xre_chienpanze/install/chienpanze_controller_manager/share/chienpanze_controller_manager/package.dsv
[1.027s] -- Up-to-date: /home/xplore/chienpanze/xre-legged-dog/xre_chienpanze/install/chienpanze_controller_manager/share/ament_index/resource_index/packages/chienpanze_controller_manager
[1.027s] -- Up-to-date: /home/xplore/chienpanze/xre-legged-dog/xre_chienpanze/install/chienpanze_controller_manager/share/chienpanze_controller_manager/cmake/chienpanze_controller_managerConfig.cmake
[1.029s] -- Up-to-date: /home/xplore/chienpanze/xre-legged-dog/xre_chienpanze/install/chienpanze_controller_manager/share/chienpanze_controller_manager/cmake/chienpanze_controller_managerConfig-version.cmake
[1.031s] -- Up-to-date: /home/xplore/chienpanze/xre-legged-dog/xre_chienpanze/install/chienpanze_controller_manager/share/chienpanze_controller_manager/package.xml
[1.174s] Invoked command in '/home/xplore/chienpanze/xre-legged-dog/xre_chienpanze/build/chienpanze_controller_manager' returned '0': CMAKE_PREFIX_PATH=${CMAKE_PREFIX_PATH}:/opt/ros/humble /usr/bin/cmake --install /home/xplore/chienpanze/xre-legged-dog/xre_chienpanze/build/chienpanze_controller_manager
