[0.018s] Invoking command in '/home/arno/xre/xre_chienpanze/build/chienpanze_description': CMAKE_PREFIX_PATH=${CMAKE_PREFIX_PATH}:/opt/ros/humble /usr/bin/cmake /home/arno/xre/xre_chienpanze/src/chienpanze_description -DCMAKE_INSTALL_PREFIX=/home/arno/xre/xre_chienpanze/install/chienpanze_description
[0.033s] -- Found ament_cmake: 1.3.8 (/opt/ros/humble/share/ament_cmake/cmake)
[0.201s] -- Override CMake install command with custom implementation using symlinks instead of copying resources
[0.211s] -- Found ament_lint_auto: 0.12.10 (/opt/ros/humble/share/ament_lint_auto/cmake)
[0.312s] -- Added test 'flake8' to check Python code syntax and style conventions
[0.312s] -- Added test 'lint_cmake' to check CMake code style
[0.313s] -- Added test 'pep257' to check Python code against some of the docstring style conventions in PEP 257
[0.318s] -- Added test 'xmllint' to check XML markup files
[0.318s] -- Configuring done
[0.319s] -- Generating done
[0.320s] -- Build files have been written to: /home/arno/xre/xre_chienpanze/build/chienpanze_description
[0.328s] Invoked command in '/home/arno/xre/xre_chienpanze/build/chienpanze_description' returned '0': CMAKE_PREFIX_PATH=${CMAKE_PREFIX_PATH}:/opt/ros/humble /usr/bin/cmake /home/arno/xre/xre_chienpanze/src/chienpanze_description -DCMAKE_INSTALL_PREFIX=/home/arno/xre/xre_chienpanze/install/chienpanze_description
[0.330s] Invoking command in '/home/arno/xre/xre_chienpanze/build/chienpanze_description': CMAKE_PREFIX_PATH=${CMAKE_PREFIX_PATH}:/opt/ros/humble /usr/bin/cmake --build /home/arno/xre/xre_chienpanze/build/chienpanze_description -- -j8 -l8
[0.374s] Invoked command in '/home/arno/xre/xre_chienpanze/build/chienpanze_description' returned '0': CMAKE_PREFIX_PATH=${CMAKE_PREFIX_PATH}:/opt/ros/humble /usr/bin/cmake --build /home/arno/xre/xre_chienpanze/build/chienpanze_description -- -j8 -l8
[0.407s] Invoking command in '/home/arno/xre/xre_chienpanze/build/chienpanze_description': CMAKE_PREFIX_PATH=${CMAKE_PREFIX_PATH}:/opt/ros/humble /usr/bin/cmake --install /home/arno/xre/xre_chienpanze/build/chienpanze_description
[0.420s] -- Install configuration: ""
[0.421s] -- Execute custom install script
[0.421s] -- Up-to-date symlink: /home/arno/xre/xre_chienpanze/install/chienpanze_description/share/ament_index/resource_index/package_run_dependencies/chienpanze_description
[0.421s] -- Up-to-date symlink: /home/arno/xre/xre_chienpanze/install/chienpanze_description/share/ament_index/resource_index/parent_prefix_path/chienpanze_description
[0.421s] -- Up-to-date symlink: /home/arno/xre/xre_chienpanze/install/chienpanze_description/share/chienpanze_description/environment/ament_prefix_path.sh
[0.421s] -- Up-to-date symlink: /home/arno/xre/xre_chienpanze/install/chienpanze_description/share/chienpanze_description/environment/ament_prefix_path.dsv
[0.421s] -- Up-to-date symlink: /home/arno/xre/xre_chienpanze/install/chienpanze_description/share/chienpanze_description/environment/path.sh
[0.422s] -- Up-to-date symlink: /home/arno/xre/xre_chienpanze/install/chienpanze_description/share/chienpanze_description/environment/path.dsv
[0.422s] -- Up-to-date symlink: /home/arno/xre/xre_chienpanze/install/chienpanze_description/share/chienpanze_description/local_setup.bash
[0.422s] -- Up-to-date symlink: /home/arno/xre/xre_chienpanze/install/chienpanze_description/share/chienpanze_description/local_setup.sh
[0.423s] -- Up-to-date symlink: /home/arno/xre/xre_chienpanze/install/chienpanze_description/share/chienpanze_description/local_setup.zsh
[0.423s] -- Up-to-date symlink: /home/arno/xre/xre_chienpanze/install/chienpanze_description/share/chienpanze_description/local_setup.dsv
[0.423s] -- Symlinking: /home/arno/xre/xre_chienpanze/install/chienpanze_description/share/chienpanze_description/package.dsv
[0.437s] -- Up-to-date symlink: /home/arno/xre/xre_chienpanze/install/chienpanze_description/share/ament_index/resource_index/packages/chienpanze_description
[0.437s] -- Up-to-date symlink: /home/arno/xre/xre_chienpanze/install/chienpanze_description/share/chienpanze_description/cmake/chienpanze_descriptionConfig.cmake
[0.438s] -- Up-to-date symlink: /home/arno/xre/xre_chienpanze/install/chienpanze_description/share/chienpanze_description/cmake/chienpanze_descriptionConfig-version.cmake
[0.438s] -- Up-to-date symlink: /home/arno/xre/xre_chienpanze/install/chienpanze_description/share/chienpanze_description/package.xml
[0.466s] Invoked command in '/home/arno/xre/xre_chienpanze/build/chienpanze_description' returned '0': CMAKE_PREFIX_PATH=${CMAKE_PREFIX_PATH}:/opt/ros/humble /usr/bin/cmake --install /home/arno/xre/xre_chienpanze/build/chienpanze_description
