[0.165s] Invoking command in '/home/xplore/chienpanze/xre-legged-dog/xre_chienpanze/build/chienpanze_controller_manager': CMAKE_PREFIX_PATH=${CMAKE_PREFIX_PATH}:/opt/ros/humble /usr/bin/cmake /home/xplore/chienpanze/xre-legged-dog/xre_chienpanze/src/chienpanze_controller_manager -DCMAKE_INSTALL_PREFIX=/home/xplore/chienpanze/xre-legged-dog/xre_chienpanze/install/chienpanze_controller_manager
[0.908s] -- The C compiler identification is GNU 11.4.0
[1.412s] -- The CXX compiler identification is GNU 11.4.0
[1.457s] -- Detecting C compiler ABI info
[2.082s] -- Detecting C compiler ABI info - done
[2.120s] -- Check for working C compiler: /usr/bin/cc - skipped
[2.123s] -- Detecting C compile features
[2.129s] -- Detecting C compile features - done
[2.155s] -- Detecting CXX compiler ABI info
[2.763s] -- Detecting CXX compiler ABI info - done
[2.864s] -- Check for working CXX compiler: /usr/bin/c++ - skipped
[2.865s] -- Detecting CXX compile features
[2.866s] -- Detecting CXX compile features - done
[2.914s] -- Found ament_cmake: 1.3.8 (/opt/ros/humble/share/ament_cmake/cmake)
[4.442s] -- Found Python3: /usr/bin/python3 (found version "3.10.12") found components: Interpreter 
[5.348s] [31mCMake Error at /opt/ros/humble/share/ament_cmake_target_dependencies/cmake/ament_target_dependencies.cmake:42 (message):
[5.349s]   ament_target_dependencies() the first argument must be a valid target name
[5.349s] Call Stack (most recent call first):
[5.350s]   CMakeLists.txt:15 (ament_target_dependencies)
[5.350s] 
[5.351s] [0m
[5.351s] -- Configuring incomplete, errors occurred!
[5.352s] See also "/home/xplore/chienpanze/xre-legged-dog/xre_chienpanze/build/chienpanze_controller_manager/CMakeFiles/CMakeOutput.log".
[5.382s] Invoked command in '/home/xplore/chienpanze/xre-legged-dog/xre_chienpanze/build/chienpanze_controller_manager' returned '1': CMAKE_PREFIX_PATH=${CMAKE_PREFIX_PATH}:/opt/ros/humble /usr/bin/cmake /home/xplore/chienpanze/xre-legged-dog/xre_chienpanze/src/chienpanze_controller_manager -DCMAKE_INSTALL_PREFIX=/home/xplore/chienpanze/xre-legged-dog/xre_chienpanze/install/chienpanze_controller_manager
