[0.223s] Invoking command in '/home/xplore/chienpanze/xre-legged-dog/build/chienpanze_bringup': CMAKE_PREFIX_PATH=/home/xplore/chienpanze/xre-legged-dog/install/chienpanze_description:/home/xplore/chienpanze/xre-legged-dog/install/chienpanze_hw_interface:/home/xplore/chienpanze/xre-legged-dog/install/chienpanze_bringup:/home/xplore/chienpanze/xre-legged-dog/install/chienpanze_controllers:/home/xplore/chienpanze/xre-legged-dog/install/chienpanze_controller_manager:/home/xplore/chienpanze/xre-legged-dog/install/chienpanze_controller_interface:/opt/ros/humble /usr/bin/cmake --build /home/xplore/chienpanze/xre-legged-dog/build/chienpanze_bringup -- -j4 -l4
[0.451s] Invoked command in '/home/xplore/chienpanze/xre-legged-dog/build/chienpanze_bringup' returned '0': CMAKE_PREFIX_PATH=/home/xplore/chienpanze/xre-legged-dog/install/chienpanze_description:/home/xplore/chienpanze/xre-legged-dog/install/chienpanze_hw_interface:/home/xplore/chienpanze/xre-legged-dog/install/chienpanze_bringup:/home/xplore/chienpanze/xre-legged-dog/install/chienpanze_controllers:/home/xplore/chienpanze/xre-legged-dog/install/chienpanze_controller_manager:/home/xplore/chienpanze/xre-legged-dog/install/chienpanze_controller_interface:/opt/ros/humble /usr/bin/cmake --build /home/xplore/chienpanze/xre-legged-dog/build/chienpanze_bringup -- -j4 -l4
[0.636s] Invoking command in '/home/xplore/chienpanze/xre-legged-dog/build/chienpanze_bringup': CMAKE_PREFIX_PATH=/home/xplore/chienpanze/xre-legged-dog/install/chienpanze_description:/home/xplore/chienpanze/xre-legged-dog/install/chienpanze_hw_interface:/home/xplore/chienpanze/xre-legged-dog/install/chienpanze_bringup:/home/xplore/chienpanze/xre-legged-dog/install/chienpanze_controllers:/home/xplore/chienpanze/xre-legged-dog/install/chienpanze_controller_manager:/home/xplore/chienpanze/xre-legged-dog/install/chienpanze_controller_interface:/opt/ros/humble /usr/bin/cmake --install /home/xplore/chienpanze/xre-legged-dog/build/chienpanze_bringup
[0.678s] -- Install configuration: ""
[0.680s] -- Execute custom install script
[0.683s] -- Up-to-date symlink: /home/xplore/chienpanze/xre-legged-dog/install/chienpanze_bringup/share/chienpanze_bringup/config/chienpanze_controllers.yaml
[0.684s] -- Up-to-date symlink: /home/xplore/chienpanze/xre-legged-dog/install/chienpanze_bringup/share/chienpanze_bringup/config/test_goal_publishers_config.yaml
[0.686s] -- Up-to-date symlink: /home/xplore/chienpanze/xre-legged-dog/install/chienpanze_bringup/share/chienpanze_bringup/chienpanze.launch.py
[0.687s] -- Up-to-date symlink: /home/xplore/chienpanze/xre-legged-dog/install/chienpanze_bringup/share/chienpanze_bringup/chienpanze_bringup_launch.py
[0.688s] -- Up-to-date symlink: /home/xplore/chienpanze/xre-legged-dog/install/chienpanze_bringup/share/chienpanze_bringup/test_forward_position_controller.launch.py
[0.690s] -- Up-to-date symlink: /home/xplore/chienpanze/xre-legged-dog/install/chienpanze_bringup/share/chienpanze_bringup/test_joint_trajectory_controller.launch.py
[0.692s] -- Up-to-date symlink: /home/xplore/chienpanze/xre-legged-dog/install/chienpanze_bringup/share/ament_index/resource_index/package_run_dependencies/chienpanze_bringup
[0.695s] -- Up-to-date symlink: /home/xplore/chienpanze/xre-legged-dog/install/chienpanze_bringup/share/ament_index/resource_index/parent_prefix_path/chienpanze_bringup
[0.697s] -- Up-to-date symlink: /home/xplore/chienpanze/xre-legged-dog/install/chienpanze_bringup/share/chienpanze_bringup/environment/ament_prefix_path.sh
[0.698s] -- Up-to-date symlink: /home/xplore/chienpanze/xre-legged-dog/install/chienpanze_bringup/share/chienpanze_bringup/environment/ament_prefix_path.dsv
[0.707s] -- Up-to-date symlink: /home/xplore/chienpanze/xre-legged-dog/install/chienpanze_bringup/share/chienpanze_bringup/environment/path.sh
[0.708s] -- Up-to-date symlink: /home/xplore/chienpanze/xre-legged-dog/install/chienpanze_bringup/share/chienpanze_bringup/environment/path.dsv
[0.709s] -- Up-to-date symlink: /home/xplore/chienpanze/xre-legged-dog/install/chienpanze_bringup/share/chienpanze_bringup/local_setup.bash
[0.710s] -- Up-to-date symlink: /home/xplore/chienpanze/xre-legged-dog/install/chienpanze_bringup/share/chienpanze_bringup/local_setup.sh
[0.711s] -- Up-to-date symlink: /home/xplore/chienpanze/xre-legged-dog/install/chienpanze_bringup/share/chienpanze_bringup/local_setup.zsh
[0.715s] -- Up-to-date symlink: /home/xplore/chienpanze/xre-legged-dog/install/chienpanze_bringup/share/chienpanze_bringup/local_setup.dsv
[0.715s] -- Symlinking: /home/xplore/chienpanze/xre-legged-dog/install/chienpanze_bringup/share/chienpanze_bringup/package.dsv
[0.764s] -- Up-to-date symlink: /home/xplore/chienpanze/xre-legged-dog/install/chienpanze_bringup/share/ament_index/resource_index/packages/chienpanze_bringup
[0.765s] -- Up-to-date symlink: /home/xplore/chienpanze/xre-legged-dog/install/chienpanze_bringup/share/chienpanze_bringup/cmake/chienpanze_bringupConfig.cmake
[0.767s] -- Up-to-date symlink: /home/xplore/chienpanze/xre-legged-dog/install/chienpanze_bringup/share/chienpanze_bringup/cmake/chienpanze_bringupConfig-version.cmake
[0.770s] -- Up-to-date symlink: /home/xplore/chienpanze/xre-legged-dog/install/chienpanze_bringup/share/chienpanze_bringup/package.xml
[0.783s] Invoked command in '/home/xplore/chienpanze/xre-legged-dog/build/chienpanze_bringup' returned '0': CMAKE_PREFIX_PATH=/home/xplore/chienpanze/xre-legged-dog/install/chienpanze_description:/home/xplore/chienpanze/xre-legged-dog/install/chienpanze_hw_interface:/home/xplore/chienpanze/xre-legged-dog/install/chienpanze_bringup:/home/xplore/chienpanze/xre-legged-dog/install/chienpanze_controllers:/home/xplore/chienpanze/xre-legged-dog/install/chienpanze_controller_manager:/home/xplore/chienpanze/xre-legged-dog/install/chienpanze_controller_interface:/opt/ros/humble /usr/bin/cmake --install /home/xplore/chienpanze/xre-legged-dog/build/chienpanze_bringup
