-- Found ament_cmake: 1.3.8 (/opt/ros/humble/share/ament_cmake/cmake)
-- Found rclcpp: 16.0.8 (/opt/ros/humble/share/rclcpp/cmake)
-- Found rosidl_generator_c: 3.1.5 (/opt/ros/humble/share/rosidl_generator_c/cmake)
-- Found rosidl_adapter: 3.1.5 (/opt/ros/humble/share/rosidl_adapter/cmake)
-- Found rosidl_generator_cpp: 3.1.5 (/opt/ros/humble/share/rosidl_generator_cpp/cmake)
-- Using all available rosidl_typesupport_c: rosidl_typesupport_fastrtps_c;rosidl_typesupport_introspection_c
-- Using all available rosidl_typesupport_cpp: rosidl_typesupport_fastrtps_cpp;rosidl_typesupport_introspection_cpp
-- Found rmw_implementation_cmake: 6.1.1 (/opt/ros/humble/share/rmw_implementation_cmake/cmake)
-- Found rmw_fastrtps_cpp: 6.2.6 (/opt/ros/humble/share/rmw_fastrtps_cpp/cmake)
-- Using RMW implementation 'rmw_fastrtps_cpp' as default
-- Found hardware_interface: 2.40.0 (/opt/ros/humble/share/hardware_interface/cmake)
-- Configuring done
-- Generating done
-- Build files have been written to: /home/xplore/chienpanze/xre-legged-dog/build/chienpanze_hw_interface
[35m[1mConsolidate compiler generated dependencies of target chienpanze_hw_interface[0m
[ 50%] [32m[1mLinking CXX shared library libchienpanze_hw_interface.so[0m
[100%] Built target chienpanze_hw_interface
-- Install configuration: ""
-- Installing: /home/xplore/chienpanze/xre-legged-dog/install/chienpanze_hw_interface/share/chienpanze_hw_interface/chienpanze_hw_interface.xml
-- Up-to-date: /home/xplore/chienpanze/xre-legged-dog/install/chienpanze_hw_interface/include
-- Up-to-date: /home/xplore/chienpanze/xre-legged-dog/install/chienpanze_hw_interface/include/chienpanze_hw_interface
-- Up-to-date: /home/xplore/chienpanze/xre-legged-dog/install/chienpanze_hw_interface/include/chienpanze_hw_interface/chienpanze_hw_interface.hpp
-- Up-to-date: /home/xplore/chienpanze/xre-legged-dog/install/chienpanze_hw_interface/include/pi3hat
-- Up-to-date: /home/xplore/chienpanze/xre-legged-dog/install/chienpanze_hw_interface/include/pi3hat/pi3hat.cc
-- Up-to-date: /home/xplore/chienpanze/xre-legged-dog/install/chienpanze_hw_interface/include/pi3hat/pi3hat.h
-- Installing: /home/xplore/chienpanze/xre-legged-dog/install/chienpanze_hw_interface/lib/libchienpanze_hw_interface.so
-- Set runtime path of "/home/xplore/chienpanze/xre-legged-dog/install/chienpanze_hw_interface/lib/libchienpanze_hw_interface.so" to ""
-- Up-to-date: /home/xplore/chienpanze/xre-legged-dog/install/chienpanze_hw_interface/share/ament_index/resource_index/package_run_dependencies/chienpanze_hw_interface
-- Up-to-date: /home/xplore/chienpanze/xre-legged-dog/install/chienpanze_hw_interface/share/ament_index/resource_index/parent_prefix_path/chienpanze_hw_interface
-- Up-to-date: /home/xplore/chienpanze/xre-legged-dog/install/chienpanze_hw_interface/share/chienpanze_hw_interface/environment/ament_prefix_path.sh
-- Installing: /home/xplore/chienpanze/xre-legged-dog/install/chienpanze_hw_interface/share/chienpanze_hw_interface/environment/ament_prefix_path.dsv
-- Up-to-date: /home/xplore/chienpanze/xre-legged-dog/install/chienpanze_hw_interface/share/chienpanze_hw_interface/environment/path.sh
-- Installing: /home/xplore/chienpanze/xre-legged-dog/install/chienpanze_hw_interface/share/chienpanze_hw_interface/environment/path.dsv
-- Up-to-date: /home/xplore/chienpanze/xre-legged-dog/install/chienpanze_hw_interface/share/chienpanze_hw_interface/local_setup.bash
-- Up-to-date: /home/xplore/chienpanze/xre-legged-dog/install/chienpanze_hw_interface/share/chienpanze_hw_interface/local_setup.sh
-- Up-to-date: /home/xplore/chienpanze/xre-legged-dog/install/chienpanze_hw_interface/share/chienpanze_hw_interface/local_setup.zsh
-- Installing: /home/xplore/chienpanze/xre-legged-dog/install/chienpanze_hw_interface/share/chienpanze_hw_interface/local_setup.dsv
-- Installing: /home/xplore/chienpanze/xre-legged-dog/install/chienpanze_hw_interface/share/chienpanze_hw_interface/package.dsv
-- Up-to-date: /home/xplore/chienpanze/xre-legged-dog/install/chienpanze_hw_interface/share/ament_index/resource_index/packages/chienpanze_hw_interface
-- Up-to-date: /home/xplore/chienpanze/xre-legged-dog/install/chienpanze_hw_interface/share/ament_index/resource_index/hardware_interface__pluginlib__plugin/chienpanze_hw_interface
-- Up-to-date: /home/xplore/chienpanze/xre-legged-dog/install/chienpanze_hw_interface/share/chienpanze_hw_interface/cmake/chienpanze_hw_interfaceConfig.cmake
-- Up-to-date: /home/xplore/chienpanze/xre-legged-dog/install/chienpanze_hw_interface/share/chienpanze_hw_interface/cmake/chienpanze_hw_interfaceConfig-version.cmake
-- Up-to-date: /home/xplore/chienpanze/xre-legged-dog/install/chienpanze_hw_interface/share/chienpanze_hw_interface/package.xml
