[0.270s] Invoking command in '/home/xplore/chienpanze/xre-legged-dog/build/chienpanze_hw_interface': CMAKE_PREFIX_PATH=/opt/ros/humble /usr/bin/cmake --build /home/xplore/chienpanze/xre-legged-dog/build/chienpanze_hw_interface -- -j4 -l4
[0.550s] -- Found ament_cmake: 1.3.8 (/opt/ros/humble/share/ament_cmake/cmake)
[1.652s] -- Found rclcpp: 16.0.8 (/opt/ros/humble/share/rclcpp/cmake)
[1.912s] -- Found rosidl_generator_c: 3.1.5 (/opt/ros/humble/share/rosidl_generator_c/cmake)
[1.925s] -- Found rosidl_adapter: 3.1.5 (/opt/ros/humble/share/rosidl_adapter/cmake)
[1.954s] -- Found rosidl_generator_cpp: 3.1.5 (/opt/ros/humble/share/rosidl_generator_cpp/cmake)
[2.020s] -- Using all available rosidl_typesupport_c: rosidl_typesupport_fastrtps_c;rosidl_typesupport_introspection_c
[2.110s] -- Using all available rosidl_typesupport_cpp: rosidl_typesupport_fastrtps_cpp;rosidl_typesupport_introspection_cpp
[2.418s] -- Found rmw_implementation_cmake: 6.1.1 (/opt/ros/humble/share/rmw_implementation_cmake/cmake)
[2.427s] -- Found rmw_fastrtps_cpp: 6.2.6 (/opt/ros/humble/share/rmw_fastrtps_cpp/cmake)
[3.708s] -- Using RMW implementation 'rmw_fastrtps_cpp' as default
[4.485s] -- Found hardware_interface: 2.40.0 (/opt/ros/humble/share/hardware_interface/cmake)
[8.061s] -- Configuring done
[8.283s] -- Generating done
[8.297s] -- Build files have been written to: /home/xplore/chienpanze/xre-legged-dog/build/chienpanze_hw_interface
[8.460s] [35m[1mConsolidate compiler generated dependencies of target chienpanze_hw_interface[0m
[8.573s] [ 50%] [32m[1mLinking CXX shared library libchienpanze_hw_interface.so[0m
[10.200s] [100%] Built target chienpanze_hw_interface
[10.247s] Invoked command in '/home/xplore/chienpanze/xre-legged-dog/build/chienpanze_hw_interface' returned '0': CMAKE_PREFIX_PATH=/opt/ros/humble /usr/bin/cmake --build /home/xplore/chienpanze/xre-legged-dog/build/chienpanze_hw_interface -- -j4 -l4
[10.420s] Invoking command in '/home/xplore/chienpanze/xre-legged-dog/build/chienpanze_hw_interface': CMAKE_PREFIX_PATH=/opt/ros/humble /usr/bin/cmake --install /home/xplore/chienpanze/xre-legged-dog/build/chienpanze_hw_interface
[10.451s] -- Install configuration: ""
[10.451s] -- Installing: /home/xplore/chienpanze/xre-legged-dog/install/chienpanze_hw_interface/share/chienpanze_hw_interface/chienpanze_hw_interface.xml
[10.453s] -- Up-to-date: /home/xplore/chienpanze/xre-legged-dog/install/chienpanze_hw_interface/include
[10.453s] -- Up-to-date: /home/xplore/chienpanze/xre-legged-dog/install/chienpanze_hw_interface/include/chienpanze_hw_interface
[10.454s] -- Up-to-date: /home/xplore/chienpanze/xre-legged-dog/install/chienpanze_hw_interface/include/chienpanze_hw_interface/chienpanze_hw_interface.hpp
[10.455s] -- Up-to-date: /home/xplore/chienpanze/xre-legged-dog/install/chienpanze_hw_interface/include/pi3hat
[10.455s] -- Up-to-date: /home/xplore/chienpanze/xre-legged-dog/install/chienpanze_hw_interface/include/pi3hat/pi3hat.cc
[10.456s] -- Up-to-date: /home/xplore/chienpanze/xre-legged-dog/install/chienpanze_hw_interface/include/pi3hat/pi3hat.h
[10.456s] -- Installing: /home/xplore/chienpanze/xre-legged-dog/install/chienpanze_hw_interface/lib/libchienpanze_hw_interface.so
[10.463s] -- Set runtime path of "/home/xplore/chienpanze/xre-legged-dog/install/chienpanze_hw_interface/lib/libchienpanze_hw_interface.so" to ""
[10.463s] -- Up-to-date: /home/xplore/chienpanze/xre-legged-dog/install/chienpanze_hw_interface/share/ament_index/resource_index/package_run_dependencies/chienpanze_hw_interface
[10.464s] -- Up-to-date: /home/xplore/chienpanze/xre-legged-dog/install/chienpanze_hw_interface/share/ament_index/resource_index/parent_prefix_path/chienpanze_hw_interface
[10.465s] -- Up-to-date: /home/xplore/chienpanze/xre-legged-dog/install/chienpanze_hw_interface/share/chienpanze_hw_interface/environment/ament_prefix_path.sh
[10.466s] -- Installing: /home/xplore/chienpanze/xre-legged-dog/install/chienpanze_hw_interface/share/chienpanze_hw_interface/environment/ament_prefix_path.dsv
[10.467s] -- Up-to-date: /home/xplore/chienpanze/xre-legged-dog/install/chienpanze_hw_interface/share/chienpanze_hw_interface/environment/path.sh
[10.468s] -- Installing: /home/xplore/chienpanze/xre-legged-dog/install/chienpanze_hw_interface/share/chienpanze_hw_interface/environment/path.dsv
[10.472s] -- Up-to-date: /home/xplore/chienpanze/xre-legged-dog/install/chienpanze_hw_interface/share/chienpanze_hw_interface/local_setup.bash
[10.485s] -- Up-to-date: /home/xplore/chienpanze/xre-legged-dog/install/chienpanze_hw_interface/share/chienpanze_hw_interface/local_setup.sh
[10.487s] -- Up-to-date: /home/xplore/chienpanze/xre-legged-dog/install/chienpanze_hw_interface/share/chienpanze_hw_interface/local_setup.zsh
[10.492s] -- Installing: /home/xplore/chienpanze/xre-legged-dog/install/chienpanze_hw_interface/share/chienpanze_hw_interface/local_setup.dsv
[10.496s] -- Installing: /home/xplore/chienpanze/xre-legged-dog/install/chienpanze_hw_interface/share/chienpanze_hw_interface/package.dsv
[10.497s] -- Up-to-date: /home/xplore/chienpanze/xre-legged-dog/install/chienpanze_hw_interface/share/ament_index/resource_index/packages/chienpanze_hw_interface
[10.497s] -- Up-to-date: /home/xplore/chienpanze/xre-legged-dog/install/chienpanze_hw_interface/share/ament_index/resource_index/hardware_interface__pluginlib__plugin/chienpanze_hw_interface
[10.498s] -- Up-to-date: /home/xplore/chienpanze/xre-legged-dog/install/chienpanze_hw_interface/share/chienpanze_hw_interface/cmake/chienpanze_hw_interfaceConfig.cmake
[10.498s] -- Up-to-date: /home/xplore/chienpanze/xre-legged-dog/install/chienpanze_hw_interface/share/chienpanze_hw_interface/cmake/chienpanze_hw_interfaceConfig-version.cmake
[10.501s] -- Up-to-date: /home/xplore/chienpanze/xre-legged-dog/install/chienpanze_hw_interface/share/chienpanze_hw_interface/package.xml
[10.502s] Invoked command in '/home/xplore/chienpanze/xre-legged-dog/build/chienpanze_hw_interface' returned '0': CMAKE_PREFIX_PATH=/opt/ros/humble /usr/bin/cmake --install /home/xplore/chienpanze/xre-legged-dog/build/chienpanze_hw_interface
