[0.061s] Invoking command in '/home/xplore/chienpanze/xre-legged-dog/build/chienpanze_bringup': AMENT_PREFIX_PATH=/home/xplore/chienpanze/xre-legged-dog/install/chienpanze_description:${AMENT_PREFIX_PATH} CMAKE_PREFIX_PATH=/home/xplore/chienpanze/xre-legged-dog/install/chienpanze_description:/opt/ros/humble /usr/bin/cmake /home/xplore/chienpanze/xre-legged-dog/xre_chienpanze/src/chienpanze_bringup -DCMAKE_INSTALL_PREFIX=/home/xplore/chienpanze/xre-legged-dog/install/chienpanze_bringup
[0.141s] -- Found ament_cmake: 1.3.8 (/opt/ros/humble/share/ament_cmake/cmake)
[0.953s] -- Override CMake install command with custom implementation using symlinks instead of copying resources
[1.043s] -- Found ament_lint_auto: 0.12.10 (/opt/ros/humble/share/ament_lint_auto/cmake)
[1.681s] -- Added test 'flake8' to check Python code syntax and style conventions
[1.685s] -- Added test 'lint_cmake' to check CMake code style
[1.689s] -- Added test 'pep257' to check Python code against some of the docstring style conventions in PEP 257
[1.703s] -- Added test 'xmllint' to check XML markup files
[1.723s] -- Configuring done
[1.778s] -- Generating done
[1.789s] -- Build files have been written to: /home/xplore/chienpanze/xre-legged-dog/build/chienpanze_bringup
[1.805s] Invoked command in '/home/xplore/chienpanze/xre-legged-dog/build/chienpanze_bringup' returned '0': AMENT_PREFIX_PATH=/home/xplore/chienpanze/xre-legged-dog/install/chienpanze_description:${AMENT_PREFIX_PATH} CMAKE_PREFIX_PATH=/home/xplore/chienpanze/xre-legged-dog/install/chienpanze_description:/opt/ros/humble /usr/bin/cmake /home/xplore/chienpanze/xre-legged-dog/xre_chienpanze/src/chienpanze_bringup -DCMAKE_INSTALL_PREFIX=/home/xplore/chienpanze/xre-legged-dog/install/chienpanze_bringup
[1.812s] Invoking command in '/home/xplore/chienpanze/xre-legged-dog/build/chienpanze_bringup': AMENT_PREFIX_PATH=/home/xplore/chienpanze/xre-legged-dog/install/chienpanze_description:${AMENT_PREFIX_PATH} CMAKE_PREFIX_PATH=/home/xplore/chienpanze/xre-legged-dog/install/chienpanze_description:/opt/ros/humble /usr/bin/cmake --build /home/xplore/chienpanze/xre-legged-dog/build/chienpanze_bringup -- -j4 -l4
[2.025s] Invoked command in '/home/xplore/chienpanze/xre-legged-dog/build/chienpanze_bringup' returned '0': AMENT_PREFIX_PATH=/home/xplore/chienpanze/xre-legged-dog/install/chienpanze_description:${AMENT_PREFIX_PATH} CMAKE_PREFIX_PATH=/home/xplore/chienpanze/xre-legged-dog/install/chienpanze_description:/opt/ros/humble /usr/bin/cmake --build /home/xplore/chienpanze/xre-legged-dog/build/chienpanze_bringup -- -j4 -l4
[2.240s] Invoking command in '/home/xplore/chienpanze/xre-legged-dog/build/chienpanze_bringup': AMENT_PREFIX_PATH=/home/xplore/chienpanze/xre-legged-dog/install/chienpanze_description:${AMENT_PREFIX_PATH} CMAKE_PREFIX_PATH=/home/xplore/chienpanze/xre-legged-dog/install/chienpanze_description:/opt/ros/humble /usr/bin/cmake --install /home/xplore/chienpanze/xre-legged-dog/build/chienpanze_bringup
[2.281s] -- Install configuration: ""
[2.284s] -- Execute custom install script
[2.288s] -- Symlinking: /home/xplore/chienpanze/xre-legged-dog/install/chienpanze_bringup/share/chienpanze_bringup/config/chienpanze_controllers.yaml
[2.363s] -- Symlinking: /home/xplore/chienpanze/xre-legged-dog/install/chienpanze_bringup/share/chienpanze_bringup/config/test_goal_publishers_config.yaml
[2.406s] -- Symlinking: /home/xplore/chienpanze/xre-legged-dog/install/chienpanze_bringup/share/chienpanze_bringup/chienpanze.launch.py
[2.457s] -- Symlinking: /home/xplore/chienpanze/xre-legged-dog/install/chienpanze_bringup/share/chienpanze_bringup/chienpanze_bringup_launch.py
[2.508s] -- Symlinking: /home/xplore/chienpanze/xre-legged-dog/install/chienpanze_bringup/share/chienpanze_bringup/test_forward_position_controller.launch.py
[2.550s] -- Symlinking: /home/xplore/chienpanze/xre-legged-dog/install/chienpanze_bringup/share/chienpanze_bringup/test_joint_trajectory_controller.launch.py
[2.601s] -- Up-to-date symlink: /home/xplore/chienpanze/xre-legged-dog/install/chienpanze_bringup/share/ament_index/resource_index/package_run_dependencies/chienpanze_bringup
[2.604s] -- Up-to-date symlink: /home/xplore/chienpanze/xre-legged-dog/install/chienpanze_bringup/share/ament_index/resource_index/parent_prefix_path/chienpanze_bringup
[2.607s] -- Up-to-date symlink: /home/xplore/chienpanze/xre-legged-dog/install/chienpanze_bringup/share/chienpanze_bringup/environment/ament_prefix_path.sh
[2.612s] -- Up-to-date symlink: /home/xplore/chienpanze/xre-legged-dog/install/chienpanze_bringup/share/chienpanze_bringup/environment/ament_prefix_path.dsv
[2.621s] -- Up-to-date symlink: /home/xplore/chienpanze/xre-legged-dog/install/chienpanze_bringup/share/chienpanze_bringup/environment/path.sh
[2.628s] -- Up-to-date symlink: /home/xplore/chienpanze/xre-legged-dog/install/chienpanze_bringup/share/chienpanze_bringup/environment/path.dsv
[2.632s] -- Up-to-date symlink: /home/xplore/chienpanze/xre-legged-dog/install/chienpanze_bringup/share/chienpanze_bringup/local_setup.bash
[2.635s] -- Up-to-date symlink: /home/xplore/chienpanze/xre-legged-dog/install/chienpanze_bringup/share/chienpanze_bringup/local_setup.sh
[2.640s] -- Up-to-date symlink: /home/xplore/chienpanze/xre-legged-dog/install/chienpanze_bringup/share/chienpanze_bringup/local_setup.zsh
[2.644s] -- Up-to-date symlink: /home/xplore/chienpanze/xre-legged-dog/install/chienpanze_bringup/share/chienpanze_bringup/local_setup.dsv
[2.645s] -- Symlinking: /home/xplore/chienpanze/xre-legged-dog/install/chienpanze_bringup/share/chienpanze_bringup/package.dsv
[2.710s] -- Up-to-date symlink: /home/xplore/chienpanze/xre-legged-dog/install/chienpanze_bringup/share/ament_index/resource_index/packages/chienpanze_bringup
[2.714s] -- Up-to-date symlink: /home/xplore/chienpanze/xre-legged-dog/install/chienpanze_bringup/share/chienpanze_bringup/cmake/chienpanze_bringupConfig.cmake
[2.716s] -- Up-to-date symlink: /home/xplore/chienpanze/xre-legged-dog/install/chienpanze_bringup/share/chienpanze_bringup/cmake/chienpanze_bringupConfig-version.cmake
[2.721s] -- Up-to-date symlink: /home/xplore/chienpanze/xre-legged-dog/install/chienpanze_bringup/share/chienpanze_bringup/package.xml
[2.733s] Invoked command in '/home/xplore/chienpanze/xre-legged-dog/build/chienpanze_bringup' returned '0': AMENT_PREFIX_PATH=/home/xplore/chienpanze/xre-legged-dog/install/chienpanze_description:${AMENT_PREFIX_PATH} CMAKE_PREFIX_PATH=/home/xplore/chienpanze/xre-legged-dog/install/chienpanze_description:/opt/ros/humble /usr/bin/cmake --install /home/xplore/chienpanze/xre-legged-dog/build/chienpanze_bringup
